[ 2014-12-16T11:14:50+08:00 ] ::1 /weibo/index.php
ERR: XML标签语法错误 : condition="isset($_COOKIE['username']")

[ 2014-12-16T11:16:43+08:00 ] ::1 /weibo/index.php/Home/Common/checkVerify/
INFO: [ app_begin ] --START--
INFO: Run Behavior\ReadHtmlCacheBehavior [ RunTime:0.002000s ]
INFO: [ app_begin ] --END-- [ RunTime:0.004000s ]
INFO: [ app_end ] --START--
INFO: Run Behavior\ShowPageTraceBehavior [ RunTime:0.004000s ]
INFO: [ app_end ] --END-- [ RunTime:0.005000s ]

[ 2014-12-16T11:50:06+08:00 ] ::1 /weibo/index.php/Home/Common/checkVerify/
INFO: [ app_begin ] --START--
INFO: Run Behavior\ReadHtmlCacheBehavior [ RunTime:0.002001s ]
INFO: [ app_begin ] --END-- [ RunTime:0.004001s ]
INFO: [ app_end ] --START--
INFO: Run Behavior\ShowPageTraceBehavior [ RunTime:0.002000s ]
INFO: [ app_end ] --END-- [ RunTime:0.002000s ]

[ 2014-12-16T11:50:06+08:00 ] ::1 /weibo/index.php/Home/Common/checkVerify/
INFO: [ app_begin ] --START--
INFO: Run Behavior\ReadHtmlCacheBehavior [ RunTime:0.001000s ]
INFO: [ app_begin ] --END-- [ RunTime:0.003000s ]
INFO: [ app_end ] --START--
INFO: Run Behavior\ShowPageTraceBehavior [ RunTime:0.001000s ]
INFO: [ app_end ] --END-- [ RunTime:0.003000s ]

[ 2014-12-16T11:50:10+08:00 ] ::1 /weibo/index.php/Home/Common/checkVerify/
INFO: [ app_begin ] --START--
INFO: Run Behavior\ReadHtmlCacheBehavior [ RunTime:0.002000s ]
INFO: [ app_begin ] --END-- [ RunTime:0.003000s ]
INFO: [ app_end ] --START--
INFO: Run Behavior\ShowPageTraceBehavior [ RunTime:0.002000s ]
INFO: [ app_end ] --END-- [ RunTime:0.002000s ]

[ 2014-12-16T11:51:43+08:00 ] ::1 /weibo/index.php/Home/Common/checkVerify/
INFO: [ app_begin ] --START--
INFO: Run Behavior\ReadHtmlCacheBehavior [ RunTime:0.002000s ]
INFO: [ app_begin ] --END-- [ RunTime:0.004000s ]
INFO: [ app_end ] --START--
INFO: Run Behavior\ShowPageTraceBehavior [ RunTime:0.003000s ]
INFO: [ app_end ] --END-- [ RunTime:0.003000s ]

[ 2014-12-16T11:54:49+08:00 ] ::1 /weibo/index.php/Home/Common/checkVerify/
INFO: [ app_begin ] --START--
INFO: Run Behavior\ReadHtmlCacheBehavior [ RunTime:0.002000s ]
INFO: [ app_begin ] --END-- [ RunTime:0.003001s ]
INFO: [ app_end ] --START--
INFO: Run Behavior\ShowPageTraceBehavior [ RunTime:0.002000s ]
INFO: [ app_end ] --END-- [ RunTime:0.002000s ]

[ 2014-12-16T11:54:49+08:00 ] ::1 /weibo/index.php/Home/Common/checkVerify/
INFO: [ app_begin ] --START--
INFO: Run Behavior\ReadHtmlCacheBehavior [ RunTime:0.002000s ]
INFO: [ app_begin ] --END-- [ RunTime:0.004000s ]
INFO: [ app_end ] --START--
INFO: Run Behavior\ShowPageTraceBehavior [ RunTime:0.002000s ]
INFO: [ app_end ] --END-- [ RunTime:0.002000s ]

[ 2014-12-16T11:54:51+08:00 ] ::1 /weibo/index.php/Home/Common/checkVerify/
INFO: [ app_begin ] --START--
INFO: Run Behavior\ReadHtmlCacheBehavior [ RunTime:0.002000s ]
INFO: [ app_begin ] --END-- [ RunTime:0.003000s ]
INFO: [ app_end ] --START--
INFO: Run Behavior\ShowPageTraceBehavior [ RunTime:0.002000s ]
INFO: [ app_end ] --END-- [ RunTime:0.002000s ]

[ 2014-12-16T11:54:54+08:00 ] ::1 /weibo/index.php/Home/Common/checkVerify/
INFO: [ app_begin ] --START--
INFO: Run Behavior\ReadHtmlCacheBehavior [ RunTime:0.002000s ]
INFO: [ app_begin ] --END-- [ RunTime:0.003000s ]
INFO: [ app_end ] --START--
INFO: Run Behavior\ShowPageTraceBehavior [ RunTime:0.002000s ]
INFO: [ app_end ] --END-- [ RunTime:0.002000s ]

[ 2014-12-16T11:54:55+08:00 ] ::1 /weibo/index.php/Home/Common/checkVerify/
INFO: [ app_begin ] --START--
INFO: Run Behavior\ReadHtmlCacheBehavior [ RunTime:0.003000s ]
INFO: [ app_begin ] --END-- [ RunTime:0.006000s ]
INFO: [ app_end ] --START--
INFO: Run Behavior\ShowPageTraceBehavior [ RunTime:0.003000s ]
INFO: [ app_end ] --END-- [ RunTime:0.003000s ]

[ 2014-12-16T11:54:56+08:00 ] ::1 /weibo/index.php/Home/Common/checkVerify/
INFO: [ app_begin ] --START--
INFO: Run Behavior\ReadHtmlCacheBehavior [ RunTime:0.002001s ]
INFO: [ app_begin ] --END-- [ RunTime:0.003001s ]
INFO: [ app_end ] --START--
INFO: Run Behavior\ShowPageTraceBehavior [ RunTime:0.002000s ]
INFO: [ app_end ] --END-- [ RunTime:0.002000s ]

[ 2014-12-16T11:55:01+08:00 ] ::1 /weibo/index.php/Home/Common/checkVerify/
INFO: [ app_begin ] --START--
INFO: Run Behavior\ReadHtmlCacheBehavior [ RunTime:0.001000s ]
INFO: [ app_begin ] --END-- [ RunTime:0.003000s ]
INFO: [ app_end ] --START--
INFO: Run Behavior\ShowPageTraceBehavior [ RunTime:0.002000s ]
INFO: [ app_end ] --END-- [ RunTime:0.002000s ]

[ 2014-12-16T11:55:04+08:00 ] ::1 /weibo/index.php/Home/Common/checkVerify/
INFO: [ app_begin ] --START--
INFO: Run Behavior\ReadHtmlCacheBehavior [ RunTime:0.002000s ]
INFO: [ app_begin ] --END-- [ RunTime:0.004001s ]
INFO: [ app_end ] --START--
INFO: Run Behavior\ShowPageTraceBehavior [ RunTime:0.002000s ]
INFO: [ app_end ] --END-- [ RunTime:0.002000s ]

[ 2014-12-16T11:55:05+08:00 ] ::1 /weibo/index.php/Home/Common/checkVerify/
INFO: [ app_begin ] --START--
INFO: Run Behavior\ReadHtmlCacheBehavior [ RunTime:0.002000s ]
INFO: [ app_begin ] --END-- [ RunTime:0.003000s ]
INFO: [ app_end ] --START--
INFO: Run Behavior\ShowPageTraceBehavior [ RunTime:0.002000s ]
INFO: [ app_end ] --END-- [ RunTime:0.002000s ]

[ 2014-12-16T11:55:22+08:00 ] ::1 /weibo/index.php/Home/Common/checkVerify/
INFO: [ app_begin ] --START--
INFO: Run Behavior\ReadHtmlCacheBehavior [ RunTime:0.002000s ]
INFO: [ app_begin ] --END-- [ RunTime:0.004000s ]
INFO: [ app_end ] --START--
INFO: Run Behavior\ShowPageTraceBehavior [ RunTime:0.002000s ]
INFO: [ app_end ] --END-- [ RunTime:0.003000s ]

[ 2014-12-16T11:58:21+08:00 ] ::1 /weibo/index.php/Home/Common/checkVerify/
INFO: [ app_begin ] --START--
INFO: Run Behavior\ReadHtmlCacheBehavior [ RunTime:0.002000s ]
INFO: [ app_begin ] --END-- [ RunTime:0.003000s ]
INFO: [ app_end ] --START--
INFO: Run Behavior\ShowPageTraceBehavior [ RunTime:0.003000s ]
INFO: [ app_end ] --END-- [ RunTime:0.003000s ]

[ 2014-12-16T11:58:21+08:00 ] ::1 /weibo/index.php/Home/Common/checkVerify/
INFO: [ app_begin ] --START--
INFO: Run Behavior\ReadHtmlCacheBehavior [ RunTime:0.001000s ]
INFO: [ app_begin ] --END-- [ RunTime:0.004000s ]
INFO: [ app_end ] --START--
INFO: Run Behavior\ShowPageTraceBehavior [ RunTime:0.002000s ]
INFO: [ app_end ] --END-- [ RunTime:0.003000s ]

[ 2014-12-16T11:58:26+08:00 ] ::1 /weibo/index.php/Home/Common/checkVerify/
INFO: [ app_begin ] --START--
INFO: Run Behavior\ReadHtmlCacheBehavior [ RunTime:0.002000s ]
INFO: [ app_begin ] --END-- [ RunTime:0.003000s ]
INFO: [ app_end ] --START--
INFO: Run Behavior\ShowPageTraceBehavior [ RunTime:0.002000s ]
INFO: [ app_end ] --END-- [ RunTime:0.003000s ]

[ 2014-12-16T12:01:38+08:00 ] ::1 /weibo/index.php/Home/Common/checkVerify/
INFO: [ app_begin ] --START--
INFO: Run Behavior\ReadHtmlCacheBehavior [ RunTime:0.002000s ]
INFO: [ app_begin ] --END-- [ RunTime:0.003000s ]
INFO: [ app_end ] --START--
INFO: Run Behavior\ShowPageTraceBehavior [ RunTime:0.002001s ]
INFO: [ app_end ] --END-- [ RunTime:0.002001s ]

[ 2014-12-16T12:02:20+08:00 ] ::1 /weibo/index.php/Home/Common/checkVerify/
INFO: [ app_begin ] --START--
INFO: Run Behavior\ReadHtmlCacheBehavior [ RunTime:0.006000s ]
INFO: [ app_begin ] --END-- [ RunTime:0.007000s ]

[ 2014-12-16T12:02:20+08:00 ] ::1 /weibo/index.php/Home/Common/checkVerify/
INFO: [ app_begin ] --START--
INFO: Run Behavior\ReadHtmlCacheBehavior [ RunTime:0.002000s ]
INFO: [ app_begin ] --END-- [ RunTime:0.003000s ]

[ 2014-12-16T12:02:22+08:00 ] ::1 /weibo/index.php/Home/Common/checkVerify/
INFO: [ app_begin ] --START--
INFO: Run Behavior\ReadHtmlCacheBehavior [ RunTime:0.002000s ]
INFO: [ app_begin ] --END-- [ RunTime:0.003000s ]

[ 2014-12-16T12:02:24+08:00 ] ::1 /weibo/index.php/Home/Common/checkVerify/
INFO: [ app_begin ] --START--
INFO: Run Behavior\ReadHtmlCacheBehavior [ RunTime:0.002000s ]
INFO: [ app_begin ] --END-- [ RunTime:0.003000s ]

[ 2014-12-16T12:02:25+08:00 ] ::1 /weibo/index.php/Home/Common/checkVerify/
INFO: [ app_begin ] --START--
INFO: Run Behavior\ReadHtmlCacheBehavior [ RunTime:0.002000s ]
INFO: [ app_begin ] --END-- [ RunTime:0.003000s ]

[ 2014-12-16T12:02:29+08:00 ] ::1 /weibo/index.php/Home/Common/checkVerify/
INFO: [ app_begin ] --START--
INFO: Run Behavior\ReadHtmlCacheBehavior [ RunTime:0.002000s ]
INFO: [ app_begin ] --END-- [ RunTime:0.003000s ]

[ 2014-12-16T12:03:22+08:00 ] ::1 /weibo/index.php/Home/Common/checkVerify/
INFO: [ app_begin ] --START--
INFO: Run Behavior\ReadHtmlCacheBehavior [ RunTime:0.002000s ]
INFO: [ app_begin ] --END-- [ RunTime:0.004000s ]
INFO: [ app_end ] --START--
INFO: Run Behavior\ShowPageTraceBehavior [ RunTime:0.002000s ]
INFO: [ app_end ] --END-- [ RunTime:0.002000s ]

[ 2014-12-16T12:04:34+08:00 ] ::1 /weibo/index.php/Home/Common/checkVerify/
INFO: [ app_begin ] --START--
INFO: Run Behavior\ReadHtmlCacheBehavior [ RunTime:0.002000s ]
INFO: [ app_begin ] --END-- [ RunTime:0.003000s ]
INFO: [ app_end ] --START--
INFO: Run Behavior\ShowPageTraceBehavior [ RunTime:0.002000s ]
INFO: [ app_end ] --END-- [ RunTime:0.002000s ]

[ 2014-12-16T12:07:07+08:00 ] ::1 /weibo/index.php/Home/Common/checkVerify/
INFO: [ app_begin ] --START--
INFO: Run Behavior\ReadHtmlCacheBehavior [ RunTime:0.001000s ]
INFO: [ app_begin ] --END-- [ RunTime:0.003000s ]
INFO: [ app_end ] --START--
INFO: Run Behavior\ShowPageTraceBehavior [ RunTime:0.002000s ]
INFO: [ app_end ] --END-- [ RunTime:0.003000s ]

[ 2014-12-16T12:09:55+08:00 ] ::1 /weibo/index.php/Home/Common/checkVerify/
INFO: [ app_begin ] --START--
INFO: Run Behavior\ReadHtmlCacheBehavior [ RunTime:0.002000s ]
INFO: [ app_begin ] --END-- [ RunTime:0.004000s ]
INFO: [ app_end ] --START--
INFO: Run Behavior\ShowPageTraceBehavior [ RunTime:0.005000s ]
INFO: [ app_end ] --END-- [ RunTime:0.005000s ]

[ 2014-12-16T12:09:55+08:00 ] ::1 /weibo/index.php/Home/Common/checkVerify/
INFO: [ app_begin ] --START--
INFO: Run Behavior\ReadHtmlCacheBehavior [ RunTime:0.002000s ]
INFO: [ app_begin ] --END-- [ RunTime:0.003000s ]
INFO: [ app_end ] --START--
INFO: Run Behavior\ShowPageTraceBehavior [ RunTime:0.002000s ]
INFO: [ app_end ] --END-- [ RunTime:0.002000s ]

[ 2014-12-16T12:09:56+08:00 ] ::1 /weibo/index.php/Home/Common/checkVerify/
INFO: [ app_begin ] --START--
INFO: Run Behavior\ReadHtmlCacheBehavior [ RunTime:0.002000s ]
INFO: [ app_begin ] --END-- [ RunTime:0.004000s ]
INFO: [ app_end ] --START--
INFO: Run Behavior\ShowPageTraceBehavior [ RunTime:0.003000s ]
INFO: [ app_end ] --END-- [ RunTime:0.004000s ]

[ 2014-12-16T12:09:58+08:00 ] ::1 /weibo/index.php/Home/Common/checkVerify/
INFO: [ app_begin ] --START--
INFO: Run Behavior\ReadHtmlCacheBehavior [ RunTime:0.002000s ]
INFO: [ app_begin ] --END-- [ RunTime:0.003000s ]
INFO: [ app_end ] --START--
INFO: Run Behavior\ShowPageTraceBehavior [ RunTime:0.002001s ]
INFO: [ app_end ] --END-- [ RunTime:0.003001s ]

[ 2014-12-16T12:48:44+08:00 ] ::1 /weibo/index.php/Home/Common/checkVerify/
INFO: [ app_begin ] --START--
INFO: Run Behavior\ReadHtmlCacheBehavior [ RunTime:0.003000s ]
INFO: [ app_begin ] --END-- [ RunTime:0.005000s ]
INFO: [ app_end ] --START--
INFO: Run Behavior\ShowPageTraceBehavior [ RunTime:0.002000s ]
INFO: [ app_end ] --END-- [ RunTime:0.003000s ]

[ 2014-12-16T19:13:29+08:00 ] ::1 /weibo/index.php/Home/Common/content/
INFO: [ app_begin ] --START--
INFO: Run Behavior\ReadHtmlCacheBehavior [ RunTime:0.003000s ]
INFO: [ app_begin ] --END-- [ RunTime:0.004000s ]
SQL: DESCRIBE think_content [ RunTime:0.016000s ]
SQL: INSERT INTO `think_content` (`content`) VALUES ('') [ RunTime:0.001000s ]
INFO: [ app_end ] --START--
INFO: Run Behavior\ShowPageTraceBehavior [ RunTime:0.002000s ]
INFO: [ app_end ] --END-- [ RunTime:0.002000s ]

[ 2014-12-16T19:13:31+08:00 ] ::1 /weibo/index.php/Home/Common/content/
INFO: [ app_begin ] --START--
INFO: Run Behavior\ReadHtmlCacheBehavior [ RunTime:0.003000s ]
INFO: [ app_begin ] --END-- [ RunTime:0.004000s ]
SQL: DESCRIBE think_content [ RunTime:0.015001s ]
SQL: INSERT INTO `think_content` (`content`) VALUES ('') [ RunTime:0.002000s ]
INFO: [ app_end ] --START--
INFO: Run Behavior\ShowPageTraceBehavior [ RunTime:0.002000s ]
INFO: [ app_end ] --END-- [ RunTime:0.002000s ]

[ 2014-12-16T19:13:37+08:00 ] ::1 /weibo/index.php/Home/Common/content/
INFO: [ app_begin ] --START--
INFO: Run Behavior\ReadHtmlCacheBehavior [ RunTime:0.003000s ]
INFO: [ app_begin ] --END-- [ RunTime:0.004000s ]
SQL: DESCRIBE think_content [ RunTime:0.016000s ]
SQL: INSERT INTO `think_content` (`content`) VALUES ('add得到') [ RunTime:0.001000s ]
INFO: [ app_end ] --START--
INFO: Run Behavior\ShowPageTraceBehavior [ RunTime:0.002000s ]
INFO: [ app_end ] --END-- [ RunTime:0.002000s ]

[ 2014-12-16T19:13:41+08:00 ] ::1 /weibo/index.php/Home/Common/content/
INFO: [ app_begin ] --START--
INFO: Run Behavior\ReadHtmlCacheBehavior [ RunTime:0.003000s ]
INFO: [ app_begin ] --END-- [ RunTime:0.005000s ]
SQL: DESCRIBE think_content [ RunTime:0.015001s ]
SQL: INSERT INTO `think_content` (`content`) VALUES ('add得到') [ RunTime:0.002000s ]
INFO: [ app_end ] --START--
INFO: Run Behavior\ShowPageTraceBehavior [ RunTime:0.003000s ]
INFO: [ app_end ] --END-- [ RunTime:0.003000s ]

[ 2014-12-16T19:14:12+08:00 ] ::1 /weibo/index.php/Home/Common/content/
INFO: [ app_begin ] --START--
INFO: Run Behavior\ReadHtmlCacheBehavior [ RunTime:0.004000s ]
INFO: [ app_begin ] --END-- [ RunTime:0.005000s ]
SQL: DESCRIBE think_content [ RunTime:0.018000s ]
SQL: INSERT INTO `think_content` (`content`) VALUES ('aaa') [ RunTime:0.002000s ]
INFO: [ app_end ] --START--
INFO: Run Behavior\ShowPageTraceBehavior [ RunTime:0.003000s ]
INFO: [ app_end ] --END-- [ RunTime:0.003000s ]

[ 2014-12-16T19:14:30+08:00 ] ::1 /weibo/index.php/Home/Common/content/
INFO: [ app_begin ] --START--
INFO: Run Behavior\ReadHtmlCacheBehavior [ RunTime:0.003000s ]
INFO: [ app_begin ] --END-- [ RunTime:0.004000s ]
SQL: DESCRIBE think_content [ RunTime:0.014000s ]
SQL: INSERT INTO `think_content` (`content`) VALUES ('aaa') [ RunTime:0.001000s ]
INFO: [ app_end ] --START--
INFO: Run Behavior\ShowPageTraceBehavior [ RunTime:0.003000s ]
INFO: [ app_end ] --END-- [ RunTime:0.003000s ]

[ 2014-12-16T19:14:33+08:00 ] ::1 /weibo/index.php/Home/Common/content/
INFO: [ app_begin ] --START--
INFO: Run Behavior\ReadHtmlCacheBehavior [ RunTime:0.003000s ]
INFO: [ app_begin ] --END-- [ RunTime:0.004000s ]
SQL: DESCRIBE think_content [ RunTime:0.018001s ]
SQL: INSERT INTO `think_content` (`content`) VALUES ('aaa') [ RunTime:0.001000s ]
INFO: [ app_end ] --START--
INFO: Run Behavior\ShowPageTraceBehavior [ RunTime:0.003000s ]
INFO: [ app_end ] --END-- [ RunTime:0.004000s ]

[ 2014-12-16T19:17:00+08:00 ] ::1 /weibo/index.php/Home/Common/content/
INFO: [ app_begin ] --START--
INFO: Run Behavior\ReadHtmlCacheBehavior [ RunTime:0.003000s ]
INFO: [ app_begin ] --END-- [ RunTime:0.005000s ]
SQL: DESCRIBE think_content [ RunTime:0.017000s ]
SQL: INSERT INTO `think_content` (`content`) VALUES ('woxiangshishi ') [ RunTime:0.001000s ]
INFO: [ app_end ] --START--
INFO: Run Behavior\ShowPageTraceBehavior [ RunTime:0.002000s ]
INFO: [ app_end ] --END-- [ RunTime:0.002000s ]

[ 2014-12-16T19:18:10+08:00 ] ::1 /weibo/index.php/Home/Common/content/
INFO: [ app_begin ] --START--
INFO: Run Behavior\ReadHtmlCacheBehavior [ RunTime:0.002000s ]
INFO: [ app_begin ] --END-- [ RunTime:0.004000s ]
SQL: DESCRIBE think_content [ RunTime:0.015000s ]
SQL: INSERT INTO `think_content` (`content`) VALUES ('aaa') [ RunTime:0.001000s ]
INFO: [ app_end ] --START--
INFO: Run Behavior\ShowPageTraceBehavior [ RunTime:0.002000s ]
INFO: [ app_end ] --END-- [ RunTime:0.003000s ]

[ 2014-12-16T19:19:38+08:00 ] ::1 /weibo/index.php/Home/Common/content/
INFO: [ app_begin ] --START--
INFO: Run Behavior\ReadHtmlCacheBehavior [ RunTime:0.003000s ]
INFO: [ app_begin ] --END-- [ RunTime:0.005000s ]
SQL: DESCRIBE think_content [ RunTime:0.014001s ]
ERR: 非法数据对象！:[0=>Array]

[ 2014-12-16T19:19:45+08:00 ] ::1 /weibo/index.php/Home/Common/content/
INFO: [ app_begin ] --START--
INFO: Run Behavior\ReadHtmlCacheBehavior [ RunTime:0.002000s ]
INFO: [ app_begin ] --END-- [ RunTime:0.004001s ]
SQL: DESCRIBE think_content [ RunTime:0.015000s ]
ERR: 非法数据对象！:[0=>Array]

[ 2014-12-16T19:20:02+08:00 ] ::1 /weibo/index.php/Home/Common/content/
INFO: [ app_begin ] --START--
INFO: Run Behavior\ReadHtmlCacheBehavior [ RunTime:0.002000s ]
INFO: [ app_begin ] --END-- [ RunTime:0.003000s ]
SQL: DESCRIBE think_content [ RunTime:0.017001s ]
ERR: 非法数据对象！:[0=>Array]

[ 2014-12-16T19:20:53+08:00 ] ::1 /weibo/index.php/Home/Common/content/
INFO: [ app_begin ] --START--
INFO: Run Behavior\ReadHtmlCacheBehavior [ RunTime:0.003000s ]
INFO: [ app_begin ] --END-- [ RunTime:0.005000s ]
SQL: DESCRIBE think_content [ RunTime:0.010001s ]
ERR: 非法数据对象！:[0=>Array]

[ 2014-12-16T19:20:54+08:00 ] ::1 /weibo/index.php/Home/Common/content/
INFO: [ app_begin ] --START--
INFO: Run Behavior\ReadHtmlCacheBehavior [ RunTime:0.003000s ]
INFO: [ app_begin ] --END-- [ RunTime:0.006000s ]
SQL: DESCRIBE think_content [ RunTime:0.016000s ]
ERR: 非法数据对象！:[0=>Array]

[ 2014-12-16T19:20:59+08:00 ] ::1 /weibo/index.php/Home/Common/content/
INFO: [ app_begin ] --START--
INFO: Run Behavior\ReadHtmlCacheBehavior [ RunTime:0.002000s ]
INFO: [ app_begin ] --END-- [ RunTime:0.004000s ]
SQL: DESCRIBE think_content [ RunTime:0.016001s ]
ERR: 非法数据对象！:[0=>Array]

[ 2014-12-16T19:21:02+08:00 ] ::1 /weibo/index.php/Home/Common/content/
INFO: [ app_begin ] --START--
INFO: Run Behavior\ReadHtmlCacheBehavior [ RunTime:0.002000s ]
INFO: [ app_begin ] --END-- [ RunTime:0.003000s ]
SQL: DESCRIBE think_content [ RunTime:0.016000s ]
ERR: 非法数据对象！:[0=>Array]

[ 2014-12-16T19:21:03+08:00 ] ::1 /weibo/index.php/Home/Common/content/
INFO: [ app_begin ] --START--
INFO: Run Behavior\ReadHtmlCacheBehavior [ RunTime:0.002001s ]
INFO: [ app_begin ] --END-- [ RunTime:0.005001s ]
SQL: DESCRIBE think_content [ RunTime:0.009000s ]
ERR: 非法数据对象！:[0=>Array]

[ 2014-12-16T19:21:04+08:00 ] ::1 /weibo/index.php/Home/Common/content/
INFO: [ app_begin ] --START--
INFO: Run Behavior\ReadHtmlCacheBehavior [ RunTime:0.002000s ]
INFO: [ app_begin ] --END-- [ RunTime:0.005000s ]
SQL: DESCRIBE think_content [ RunTime:0.012000s ]
ERR: 非法数据对象！:[0=>Array]

[ 2014-12-16T19:21:08+08:00 ] ::1 /weibo/index.php/Home/Common/content/
INFO: [ app_begin ] --START--
INFO: Run Behavior\ReadHtmlCacheBehavior [ RunTime:0.002000s ]
INFO: [ app_begin ] --END-- [ RunTime:0.004000s ]
SQL: DESCRIBE think_content [ RunTime:0.011000s ]
ERR: 非法数据对象！:[0=>Array]

[ 2014-12-16T19:24:52+08:00 ] ::1 /weibo/index.php/Home/Common/content/
INFO: [ app_begin ] --START--
INFO: Run Behavior\ReadHtmlCacheBehavior [ RunTime:0.002000s ]
INFO: [ app_begin ] --END-- [ RunTime:0.005000s ]
SQL: DESCRIBE think_content [ RunTime:0.008000s ]
ERR: 非法数据对象！:[0=>Array]

[ 2014-12-16T19:26:18+08:00 ] ::1 /weibo/index.php/Home/Common/content/
INFO: [ app_begin ] --START--
INFO: Run Behavior\ReadHtmlCacheBehavior [ RunTime:0.001000s ]
INFO: [ app_begin ] --END-- [ RunTime:0.003000s ]
SQL: DESCRIBE think_content [ RunTime:0.015001s ]
SQL: INSERT INTO `think_content` (`content`) VALUES ('nianqingren') [ RunTime:0.004000s ]
INFO: [ app_end ] --START--
INFO: Run Behavior\ShowPageTraceBehavior [ RunTime:0.003000s ]
INFO: [ app_end ] --END-- [ RunTime:0.003000s ]

[ 2014-12-16T19:29:19+08:00 ] ::1 /weibo/index.php/Home/Common/content/
INFO: [ app_begin ] --START--
INFO: Run Behavior\ReadHtmlCacheBehavior [ RunTime:0.003000s ]
INFO: [ app_begin ] --END-- [ RunTime:0.004000s ]
SQL: DESCRIBE think_content [ RunTime:0.016001s ]
SQL: INSERT INTO `think_content` (`date`,`uid`) VALUES ('2014-12-16 19:29:18',24) [ RunTime:0.001000s ]
INFO: [ app_end ] --START--
INFO: Run Behavior\ShowPageTraceBehavior [ RunTime:0.002000s ]
INFO: [ app_end ] --END-- [ RunTime:0.003000s ]

[ 2014-12-16T19:37:12+08:00 ] ::1 /weibo/index.php/Home/Common/content/
INFO: [ app_begin ] --START--
INFO: Run Behavior\ReadHtmlCacheBehavior [ RunTime:0.002000s ]
INFO: [ app_begin ] --END-- [ RunTime:0.003000s ]
SQL: DESCRIBE think_content [ RunTime:0.017000s ]
SQL: INSERT INTO `think_content` (`date`,`uid`,`content`) VALUES ('2014-12-16 19:37:11',24,'fuxinggaozhoa') [ RunTime:0.002000s ]
INFO: [ app_end ] --START--
INFO: Run Behavior\ShowPageTraceBehavior [ RunTime:0.003000s ]
INFO: [ app_end ] --END-- [ RunTime:0.003000s ]

[ 2014-12-16T20:16:51+08:00 ] ::1 /weibo/index.php/Home/Common/content/
INFO: [ app_begin ] --START--
INFO: Run Behavior\ReadHtmlCacheBehavior [ RunTime:0.002000s ]
INFO: [ app_begin ] --END-- [ RunTime:0.005000s ]
SQL: DESCRIBE think_content [ RunTime:0.015000s ]
SQL: INSERT INTO `think_content` (`date`,`uid`,`content`) VALUES ('2014-12-16 20:16:50',24,'@博物杂志 博物君这两个是啥！！！湖南人来福建第一看到俩从没见过的！！第一个红色的不是花瓣，是叶子！跟旁边的叶子一样的！就是是红色的！第二个是人家院子里养的！！上面好像结的鸡蛋，同事跟我说叫鸡蛋树，叫我别大惊小怪，我羞愧地低下了头。。⁽⁽(ཀ д ཀ)⁾⁾้博物君这俩到底是啥！') [ RunTime:0.002000s ]
INFO: [ app_end ] --START--
INFO: Run Behavior\ShowPageTraceBehavior [ RunTime:0.003000s ]
INFO: [ app_end ] --END-- [ RunTime:0.003000s ]

[ 2014-12-16T20:22:50+08:00 ] ::1 /weibo/index.php/Home/Common/content/
INFO: [ app_begin ] --START--
INFO: Run Behavior\ReadHtmlCacheBehavior [ RunTime:0.003000s ]
INFO: [ app_begin ] --END-- [ RunTime:0.004000s ]
SQL: DESCRIBE think_content [ RunTime:0.016000s ]
SQL: INSERT INTO `think_content` (`date`,`uid`,`content`) VALUES ('2014-12-16 20:22:49',24,'【文章： NoSQL性能测试白皮书】最近，bankmark公司针对目前市面上流行的NoSQ数据库SequoiaDB、Cassandra、MongoDB进行了详细的性能测试，InfoQ经授权发布中文版白皮书。 by 崔康 http://t.cn/RzQr2tR') [ RunTime:0.001000s ]
INFO: [ app_end ] --START--
INFO: Run Behavior\ShowPageTraceBehavior [ RunTime:0.002000s ]
INFO: [ app_end ] --END-- [ RunTime:0.003000s ]

[ 2014-12-16T20:22:52+08:00 ] ::1 /weibo/index.php/Home/Common/content/
INFO: [ app_begin ] --START--
INFO: Run Behavior\ReadHtmlCacheBehavior [ RunTime:0.002000s ]
INFO: [ app_begin ] --END-- [ RunTime:0.002000s ]
SQL: DESCRIBE think_content [ RunTime:0.016000s ]
SQL: INSERT INTO `think_content` (`date`,`uid`,`content`) VALUES ('2014-12-16 20:22:49',24,'【文章： NoSQL性能测试白皮书】最近，bankmark公司针对目前市面上流行的NoSQ数据库SequoiaDB、Cassandra、MongoDB进行了详细的性能测试，InfoQ经授权发布中文版白皮书。 by 崔康 http://t.cn/RzQr2tR') [ RunTime:0.002000s ]
INFO: [ app_end ] --START--
INFO: Run Behavior\ShowPageTraceBehavior [ RunTime:0.002000s ]
INFO: [ app_end ] --END-- [ RunTime:0.003000s ]

[ 2014-12-16T20:22:53+08:00 ] ::1 /weibo/index.php/Home/Common/content/
INFO: [ app_begin ] --START--
INFO: Run Behavior\ReadHtmlCacheBehavior [ RunTime:0.004000s ]
INFO: [ app_begin ] --END-- [ RunTime:0.005000s ]
SQL: DESCRIBE think_content [ RunTime:0.009000s ]
SQL: INSERT INTO `think_content` (`date`,`uid`,`content`) VALUES ('2014-12-16 20:22:49',24,'【文章： NoSQL性能测试白皮书】最近，bankmark公司针对目前市面上流行的NoSQ数据库SequoiaDB、Cassandra、MongoDB进行了详细的性能测试，InfoQ经授权发布中文版白皮书。 by 崔康 http://t.cn/RzQr2tR') [ RunTime:0.001000s ]
INFO: [ app_end ] --START--
INFO: Run Behavior\ShowPageTraceBehavior [ RunTime:0.002000s ]
INFO: [ app_end ] --END-- [ RunTime:0.002000s ]

[ 2014-12-16T20:22:54+08:00 ] ::1 /weibo/index.php/Home/Common/content/
INFO: [ app_begin ] --START--
INFO: Run Behavior\ReadHtmlCacheBehavior [ RunTime:0.006000s ]
INFO: [ app_begin ] --END-- [ RunTime:0.008000s ]
SQL: DESCRIBE think_content [ RunTime:0.016001s ]
SQL: INSERT INTO `think_content` (`date`,`uid`,`content`) VALUES ('2014-12-16 20:22:49',24,'【文章： NoSQL性能测试白皮书】最近，bankmark公司针对目前市面上流行的NoSQ数据库SequoiaDB、Cassandra、MongoDB进行了详细的性能测试，InfoQ经授权发布中文版白皮书。 by 崔康 http://t.cn/RzQr2tR') [ RunTime:0.002000s ]
INFO: [ app_end ] --START--
INFO: Run Behavior\ShowPageTraceBehavior [ RunTime:0.003000s ]
INFO: [ app_end ] --END-- [ RunTime:0.003000s ]

[ 2014-12-16T20:22:55+08:00 ] ::1 /weibo/index.php/Home/Common/content/
INFO: [ app_begin ] --START--
INFO: Run Behavior\ReadHtmlCacheBehavior [ RunTime:0.002000s ]
INFO: [ app_begin ] --END-- [ RunTime:0.003000s ]
SQL: DESCRIBE think_content [ RunTime:0.008001s ]
SQL: INSERT INTO `think_content` (`date`,`uid`,`content`) VALUES ('2014-12-16 20:22:49',24,'【文章： NoSQL性能测试白皮书】最近，bankmark公司针对目前市面上流行的NoSQ数据库SequoiaDB、Cassandra、MongoDB进行了详细的性能测试，InfoQ经授权发布中文版白皮书。 by 崔康 http://t.cn/RzQr2tR') [ RunTime:0.001000s ]
INFO: [ app_end ] --START--
INFO: Run Behavior\ShowPageTraceBehavior [ RunTime:0.001000s ]
INFO: [ app_end ] --END-- [ RunTime:0.001000s ]

[ 2014-12-16T20:22:56+08:00 ] ::1 /weibo/index.php/Home/Common/content/
INFO: [ app_begin ] --START--
INFO: Run Behavior\ReadHtmlCacheBehavior [ RunTime:0.004000s ]
INFO: [ app_begin ] --END-- [ RunTime:0.006000s ]
SQL: DESCRIBE think_content [ RunTime:0.021001s ]
SQL: INSERT INTO `think_content` (`date`,`uid`,`content`) VALUES ('2014-12-16 20:22:49',24,'【文章： NoSQL性能测试白皮书】最近，bankmark公司针对目前市面上流行的NoSQ数据库SequoiaDB、Cassandra、MongoDB进行了详细的性能测试，InfoQ经授权发布中文版白皮书。 by 崔康 http://t.cn/RzQr2tR') [ RunTime:0.004000s ]
INFO: [ app_end ] --START--
INFO: Run Behavior\ShowPageTraceBehavior [ RunTime:0.005000s ]
INFO: [ app_end ] --END-- [ RunTime:0.005000s ]

[ 2014-12-16T20:22:57+08:00 ] ::1 /weibo/index.php/Home/Common/content/
INFO: [ app_begin ] --START--
INFO: Run Behavior\ReadHtmlCacheBehavior [ RunTime:0.004000s ]
INFO: [ app_begin ] --END-- [ RunTime:0.006000s ]
SQL: DESCRIBE think_content [ RunTime:0.009000s ]
SQL: INSERT INTO `think_content` (`date`,`uid`,`content`) VALUES ('2014-12-16 20:22:51',24,'【文章： NoSQL性能测试白皮书】最近，bankmark公司针对目前市面上流行的NoSQ数据库SequoiaDB、Cassandra、MongoDB进行了详细的性能测试，InfoQ经授权发布中文版白皮书。 by 崔康 http://t.cn/RzQr2tR') [ RunTime:0.001001s ]
INFO: [ app_end ] --START--
INFO: Run Behavior\ShowPageTraceBehavior [ RunTime:0.002000s ]
INFO: [ app_end ] --END-- [ RunTime:0.002000s ]

[ 2014-12-16T20:22:58+08:00 ] ::1 /weibo/index.php/Home/Common/content/
INFO: [ app_begin ] --START--
INFO: Run Behavior\ReadHtmlCacheBehavior [ RunTime:0.003000s ]
INFO: [ app_begin ] --END-- [ RunTime:0.005000s ]
SQL: DESCRIBE think_content [ RunTime:0.009000s ]
SQL: INSERT INTO `think_content` (`date`,`uid`,`content`) VALUES ('2014-12-16 20:22:52',24,'【文章： NoSQL性能测试白皮书】最近，bankmark公司针对目前市面上流行的NoSQ数据库SequoiaDB、Cassandra、MongoDB进行了详细的性能测试，InfoQ经授权发布中文版白皮书。 by 崔康 http://t.cn/RzQr2tR') [ RunTime:0.005001s ]
INFO: [ app_end ] --START--
INFO: Run Behavior\ShowPageTraceBehavior [ RunTime:0.002000s ]
INFO: [ app_end ] --END-- [ RunTime:0.002000s ]

[ 2014-12-16T20:51:19+08:00 ] ::1 /weibo/index.php/Home/Common/content/
INFO: [ app_begin ] --START--
INFO: Run Behavior\ReadHtmlCacheBehavior [ RunTime:0.001000s ]
INFO: [ app_begin ] --END-- [ RunTime:0.002000s ]
SQL: DESCRIBE think_content [ RunTime:0.018001s ]
SQL: INSERT INTO `think_content` (`date`,`uid`,`content`) VALUES ('2014-12-16 20:51:18',24,'$(\'.submits\').removeAttr(&quot;href&quot;).attr(&quot;disabled&quot;, &quot;disabled&quot;);$(\'.submits\').removeAttr(&quot;href&quot;).attr(&quot;disabled&quot;, &quot;disabled&quot;);$(\'.submits\').removeAttr(&quot;href&quot;).attr(&quot;disabled&quot;, &quot;disabled&quot;);$(\'.submits\').removeAttr(&quot;href&quot;).attr(&quot;disabled&quot;, &quot;disabled&quot;);$(\'.submits\').removeAttr(&quot;href&quot;).attr(&quot;disabled&quot;, &quot;disabled&quot;);$(\'.submits\').removeAttr(&quot;href&quot;).attr(&quot;disabled&quot;, &quot;disabled&quot;);') [ RunTime:0.002000s ]
INFO: [ app_end ] --START--
INFO: Run Behavior\ShowPageTraceBehavior [ RunTime:0.002000s ]
INFO: [ app_end ] --END-- [ RunTime:0.003000s ]

[ 2014-12-16T20:52:34+08:00 ] ::1 /weibo/index.php/Home/Common/content/
INFO: [ app_begin ] --START--
INFO: Run Behavior\ReadHtmlCacheBehavior [ RunTime:0.003000s ]
INFO: [ app_begin ] --END-- [ RunTime:0.004000s ]
SQL: DESCRIBE think_content [ RunTime:0.015001s ]
SQL: INSERT INTO `think_content` (`date`,`uid`,`content`) VALUES ('2014-12-16 20:52:32',24,'') [ RunTime:0.001000s ]
INFO: [ app_end ] --START--
INFO: Run Behavior\ShowPageTraceBehavior [ RunTime:0.003000s ]
INFO: [ app_end ] --END-- [ RunTime:0.003000s ]

[ 2014-12-16T20:52:40+08:00 ] ::1 /weibo/index.php/Home/Common/content/
INFO: [ app_begin ] --START--
INFO: Run Behavior\ReadHtmlCacheBehavior [ RunTime:0.003000s ]
INFO: [ app_begin ] --END-- [ RunTime:0.005000s ]
SQL: DESCRIBE think_content [ RunTime:0.014000s ]
SQL: INSERT INTO `think_content` (`date`,`uid`,`content`) VALUES ('2014-12-16 20:52:39',24,'') [ RunTime:0.002000s ]
INFO: [ app_end ] --START--
INFO: Run Behavior\ShowPageTraceBehavior [ RunTime:0.002000s ]
INFO: [ app_end ] --END-- [ RunTime:0.003000s ]

[ 2014-12-16T20:53:52+08:00 ] ::1 /weibo/index.php/Home/Common/content/
INFO: [ app_begin ] --START--
INFO: Run Behavior\ReadHtmlCacheBehavior [ RunTime:0.002000s ]
INFO: [ app_begin ] --END-- [ RunTime:0.003000s ]
SQL: DESCRIBE think_content [ RunTime:0.018000s ]
SQL: INSERT INTO `think_content` (`date`,`uid`,`content`) VALUES ('2014-12-16 20:53:51',24,'$(\'.submits\').removeAttr(&quot;href&quot;).attr(&quot;disabled&quot;, &quot;disabled&quot;);$(\'.submits\').removeAttr(&quot;href&quot;).attr(&quot;disabled&quot;, &quot;disabled&quot;);$(\'.submits\').removeAttr(&quot;href&quot;).attr(&quot;disabled&quot;, &quot;disabled&quot;);$(\'.submits\').removeAttr(&quot;href&quot;).attr(&quot;disabled&quot;, &quot;disabled&quot;);$(\'.submits\').removeAttr(&quot;href&quot;).attr(&quot;disabled&quot;, &quot;disabled&quot;);$(\'.submits\').removeAttr(&quot;href&quot;).attr(&quot;disabled&quot;, &quot;disabled&quot;);$(\'.submits\').removeAttr(&quot;href&quot;).attr(&quot;disabled&quot;, &quot;disabled&quot;);$(\'.submits\').removeAttr(&quot;href&quot;).attr(&quot;disabled&quot;, &quot;disabled&quot;);$(\'.submits\').removeAttr(&quot;href&quot;).attr(&quot;disabled&quot;, &quot;disabled&quot;);$(\'.submits\').removeAttr(&quot;href&quot;).attr(&quot;disabled&quot;, &quot;disabled&quot;);$(\'.submits\').removeAttr(&quot;href&quot;).attr(&quot;disabled&quot;, &quot;disabled&quot;);') [ RunTime:0.002000s ]
INFO: [ app_end ] --START--
INFO: Run Behavior\ShowPageTraceBehavior [ RunTime:0.002000s ]
INFO: [ app_end ] --END-- [ RunTime:0.002000s ]

[ 2014-12-16T21:50:26+08:00 ] ::1 /weibo/index.php/Home/Index/Discovery.html
ERR: 非法操作:Discovery

[ 2014-12-16T21:51:10+08:00 ] ::1 /weibo/index.php/Home/Index/Discovery.html
ERR: 非法操作:Discovery

[ 2014-12-16T21:51:16+08:00 ] ::1 /weibo/index.php/Home/Index/Discovery.html
ERR: 非法操作:Discovery

[ 2014-12-16T21:51:31+08:00 ] ::1 /weibo/index.php/Home/Index/Discovery.html
ERR: 非法操作:Discovery

[ 2014-12-16T21:51:59+08:00 ] ::1 /weibo/index.php/Home/Discovery/o.html
ERR: 非法操作:o

[ 2014-12-16T21:53:22+08:00 ] ::1 /weibo/index.php/Home/Discovery/o.html
ERR: 非法操作:o

[ 2014-12-16T21:56:00+08:00 ] ::1 /weibo/index.php/Home/Index/Discovery.html
ERR: 非法操作:Discovery

[ 2014-12-16T21:56:18+08:00 ] ::1 /weibo/index.php/Home/Index/Discovery.html
ERR: 非法操作:Discovery

[ 2014-12-16T21:56:21+08:00 ] ::1 /weibo/index.php/Home/Index/Discovery.html
ERR: 非法操作:Discovery

[ 2014-12-16T21:56:26+08:00 ] ::1 /weibo/index.php/Home/Discovery/c.html
ERR: 非法操作:c

