[ 2014-12-19T09:19:10+08:00 ] ::1 /weibo/index.php/Home/Common/content/
INFO: [ app_begin ] --START--
INFO: Run Behavior\ReadHtmlCacheBehavior [ RunTime:0.002000s ]
INFO: [ app_begin ] --END-- [ RunTime:0.003000s ]
SQL: DESCRIBE think_content [ RunTime:0.077003s ]
SQL: INSERT INTO `think_content` (`date`,`uid`,`content`) VALUES ('2014-12-19 09:19:09',5,'') [ RunTime:0.025000s ]
INFO: [ app_end ] --START--
INFO: Run Behavior\ShowPageTraceBehavior [ RunTime:0.002000s ]
INFO: [ app_end ] --END-- [ RunTime:0.002000s ]

[ 2014-12-19T11:31:24+08:00 ] ::1 /weibo/index.php/Home/Discovery/findpeople
ERR: Think\Model:relation方法不存在！

[ 2014-12-19T11:32:57+08:00 ] ::1 /weibo/index.php/Home/Discovery/findpeople
ERR: Think\Model:relation方法不存在！

[ 2014-12-19T11:33:19+08:00 ] ::1 /weibo/index.php/Home/Discovery/findpeople
ERR: Think\Model:relation方法不存在！

[ 2014-12-19T11:33:31+08:00 ] ::1 /weibo/index.php/Home/Discovery/findpeople
ERR: Think\Model:relation方法不存在！

[ 2014-12-19T11:33:35+08:00 ] ::1 /weibo/index.php/Home/Discovery/findpeople
ERR: Think\Model:relation方法不存在！

[ 2014-12-19T11:34:30+08:00 ] ::1 /weibo/index.php/Home/Discovery/findpeople
ERR: Think\Model:relation方法不存在！

[ 2014-12-19T12:09:16+08:00 ] ::1 /weibo/index.php/Home/Discovery/findfriend
ERR: 非法操作:findfriend

[ 2014-12-19T12:10:01+08:00 ] ::1 /weibo/index.php/Home/Discovery/findfriend
ERR: 非法操作:findfriend

[ 2014-12-19T12:10:02+08:00 ] ::1 /weibo/index.php/Home/Discovery/findfriend
ERR: 非法操作:findfriend

[ 2014-12-19T12:10:02+08:00 ] ::1 /weibo/index.php/Home/Discovery/findfriend
ERR: 非法操作:findfriend

[ 2014-12-19T12:10:32+08:00 ] ::1 /weibo/index.php/Home/Discovery/findpeople
ERR: Think\Model:relation方法不存在！

[ 2014-12-19T12:17:11+08:00 ] ::1 /weibo/index.php/Home/Discovery/findpeople
ERR: Think\Model:relation方法不存在！

[ 2014-12-19T12:17:14+08:00 ] ::1 /weibo/index.php/Home/Discovery/findpeople
ERR: Think\Model:relation方法不存在！

[ 2014-12-19T12:47:32+08:00 ] ::1 /weibo/index.php/Home/Discovery/findpeople
ERR: Think\Model:relation方法不存在！

[ 2014-12-19T12:47:34+08:00 ] ::1 /weibo/index.php/Home/Discovery/findpeople
ERR: Think\Model:relation方法不存在！

[ 2014-12-19T16:18:47+08:00 ] ::1 /weibo/index.php/Home/Discovery/findpeople.html
ERR: Think\Model:getfild方法不存在！

[ 2014-12-19T16:41:06+08:00 ] ::1 /weibo/index.php/Home/Common/addfriend
INFO: [ app_begin ] --START--
INFO: Run Behavior\ReadHtmlCacheBehavior [ RunTime:0.001000s ]
INFO: [ app_begin ] --END-- [ RunTime:0.001000s ]
SQL: DESCRIBE think_friend [ RunTime:0.013001s ]
SQL: INSERT INTO `think_friend` (`fromuser`,`touser`,`date`,`state`) VALUES (5,23,'2014-12-19 16:41:05',1) [ RunTime:0.001000s ]
INFO: [ app_end ] --START--
INFO: Run Behavior\ShowPageTraceBehavior [ RunTime:0.002000s ]
INFO: [ app_end ] --END-- [ RunTime:0.003000s ]

[ 2014-12-19T16:49:49+08:00 ] ::1 /weibo/index.php/Home/Common/addfriend
INFO: [ app_begin ] --START--
INFO: Run Behavior\ReadHtmlCacheBehavior [ RunTime:0.002000s ]
INFO: [ app_begin ] --END-- [ RunTime:0.004000s ]
SQL: DESCRIBE think_friend [ RunTime:0.015001s ]
SQL: INSERT INTO `think_friend` (`fromuser`,`touser`,`date`,`state`) VALUES (5,22,'2014-12-19 16:49:48',1) [ RunTime:0.004000s ]
INFO: [ app_end ] --START--
INFO: Run Behavior\ShowPageTraceBehavior [ RunTime:0.003000s ]
INFO: [ app_end ] --END-- [ RunTime:0.003000s ]

[ 2014-12-19T17:07:40+08:00 ] ::1 /weibo/index.php/Home/set/settings.html
ERR: 无法加载控制器:Set

[ 2014-12-19T17:08:09+08:00 ] ::1 /weibo/index.php/Home/set/settings.html
ERR: 无法加载控制器:Set

[ 2014-12-19T17:08:10+08:00 ] ::1 /weibo/index.php/Home/set/settings.html
ERR: 无法加载控制器:Set

[ 2014-12-19T17:08:56+08:00 ] ::1 /weibo/index.php/Home/set/settings.html
ERR: 无法加载控制器:Set

[ 2014-12-19T17:08:57+08:00 ] ::1 /weibo/index.php/Home/set/settings.html
ERR: 无法加载控制器:Set

[ 2014-12-19T17:09:33+08:00 ] ::1 /weibo/index.php/Home/set/settings.html
ERR: 无法加载控制器:Set

[ 2014-12-19T17:10:29+08:00 ] ::1 /weibo/index.php/Home/set/settings.html
ERR: 模板不存在:./weibo/Home/View/default/Set/settings.tpl

[ 2014-12-19T17:10:52+08:00 ] ::1 /weibo/index.php/Home/set/settings.html
ERR: 模板不存在:./weibo/Home/View/default/Set/settings.tpl

