[ 2014-12-25T09:28:58+08:00 ] ::1 /weibo/index.php/Home/Common/addfriend
INFO: [ app_begin ] --START--
INFO: Run Behavior\ReadHtmlCacheBehavior [ RunTime:0.000000s ]
INFO: [ app_begin ] --END-- [ RunTime:0.000000s ]
SQL: DESCRIBE think_friend [ RunTime:0.022001s ]
SQL: INSERT INTO `think_friend` (`fromuser`,`touser`,`date`,`state`) VALUES (8,5,'2014-12-25 09:28:57',1) [ RunTime:0.029001s ]
INFO: [ app_end ] --START--
INFO: Run Behavior\ShowPageTraceBehavior [ RunTime:0.003000s ]
INFO: [ app_end ] --END-- [ RunTime:0.003000s ]

[ 2014-12-25T09:28:59+08:00 ] ::1 /weibo/index.php/Home/Common/addfriend
INFO: [ app_begin ] --START--
INFO: Run Behavior\ReadHtmlCacheBehavior [ RunTime:0.002000s ]
INFO: [ app_begin ] --END-- [ RunTime:0.003000s ]
SQL: DESCRIBE think_friend [ RunTime:0.017000s ]
SQL: INSERT INTO `think_friend` (`fromuser`,`touser`,`date`,`state`) VALUES (8,2,'2014-12-25 09:28:58',1) [ RunTime:0.001001s ]
INFO: [ app_end ] --START--
INFO: Run Behavior\ShowPageTraceBehavior [ RunTime:0.002000s ]
INFO: [ app_end ] --END-- [ RunTime:0.002000s ]

[ 2014-12-25T09:29:05+08:00 ] ::1 /weibo/index.php/Home/Common/addfriend
INFO: [ app_begin ] --START--
INFO: Run Behavior\ReadHtmlCacheBehavior [ RunTime:0.004000s ]
INFO: [ app_begin ] --END-- [ RunTime:0.006000s ]
SQL: DESCRIBE think_friend [ RunTime:0.025001s ]
SQL: INSERT INTO `think_friend` (`fromuser`,`touser`,`date`,`state`) VALUES (8,19,'2014-12-25 09:29:03',1) [ RunTime:0.004000s ]
INFO: [ app_end ] --START--
INFO: Run Behavior\ShowPageTraceBehavior [ RunTime:0.002000s ]
INFO: [ app_end ] --END-- [ RunTime:0.002000s ]

[ 2014-12-25T09:33:50+08:00 ] ::1 /weibo/index.php/Home/Common/addfriend
INFO: [ app_begin ] --START--
INFO: Run Behavior\ReadHtmlCacheBehavior [ RunTime:0.000000s ]
INFO: [ app_begin ] --END-- [ RunTime:0.000000s ]
SQL: DESCRIBE think_friend [ RunTime:0.069602s ]
SQL: INSERT INTO `think_friend` (`fromuser`,`touser`,`date`,`state`) VALUES (24,25,'2014-12-25 09:33:49',1) [ RunTime:0.002000s ]
INFO: [ app_end ] --START--
INFO: Run Behavior\ShowPageTraceBehavior [ RunTime:0.003000s ]
INFO: [ app_end ] --END-- [ RunTime:0.003000s ]

[ 2014-12-25T09:33:52+08:00 ] ::1 /weibo/index.php/Home/Common/addfriend
INFO: [ app_begin ] --START--
INFO: Run Behavior\ReadHtmlCacheBehavior [ RunTime:0.001000s ]
INFO: [ app_begin ] --END-- [ RunTime:0.002000s ]
SQL: DESCRIBE think_friend [ RunTime:0.008000s ]
SQL: INSERT INTO `think_friend` (`fromuser`,`touser`,`date`,`state`) VALUES (24,21,'2014-12-25 09:33:51',1) [ RunTime:0.001000s ]
INFO: [ app_end ] --START--
INFO: Run Behavior\ShowPageTraceBehavior [ RunTime:0.002000s ]
INFO: [ app_end ] --END-- [ RunTime:0.002000s ]

[ 2014-12-25T11:33:24+08:00 ] ::1 /weibo/index.php/Home/Discovery/%7BU:(News/newsat)%7D
ERR: 非法操作:{U:(News

[ 2014-12-25T11:33:46+08:00 ] ::1 /weibo/index.php/Home/Discovery/%7BU:(News/newsat)%7D
ERR: 非法操作:{U:(News

[ 2014-12-25T11:33:48+08:00 ] ::1 /weibo/index.php/Home/Discovery/%7BU:(News/newsat)%7D
ERR: 非法操作:{U:(News

[ 2014-12-25T11:33:49+08:00 ] ::1 /weibo/index.php/Home/Discovery/%7BU:(News/newsat)%7D
ERR: 非法操作:{U:(News

[ 2014-12-25T11:33:49+08:00 ] ::1 /weibo/index.php/Home/Discovery/%7BU:(News/newsat)%7D
ERR: 非法操作:{U:(News

[ 2014-12-25T11:33:50+08:00 ] ::1 /weibo/index.php/Home/Discovery/%7BU:(News/newsat)%7D
ERR: 非法操作:{U:(News

[ 2014-12-25T11:33:50+08:00 ] ::1 /weibo/index.php/Home/Discovery/%7BU:(News/newsat)%7D
ERR: 非法操作:{U:(News

[ 2014-12-25T11:33:51+08:00 ] ::1 /weibo/index.php/Home/Discovery/%7BU:(News/newsat)%7D
ERR: 非法操作:{U:(News

[ 2014-12-25T11:33:57+08:00 ] ::1 /weibo/index.php/Home/Discovery/%7BU:(News/newsat)%7D
ERR: 非法操作:{U:(News

[ 2014-12-25T11:34:13+08:00 ] ::1 /weibo/index.php/Home/Discovery/%7BU:(News/newsat)%7D
ERR: 非法操作:{U:(News

[ 2014-12-25T19:46:31+08:00 ] ::1 /weibo/index.php/Home/News/newsmsg.html
ERR: XML标签语法错误

[ 2014-12-25T19:47:03+08:00 ] ::1 /weibo/index.php/Home/News/newsmsg.html
ERR: XML标签语法错误

[ 2014-12-25T19:47:15+08:00 ] ::1 /weibo/index.php/Home/News/newsmsg.html
ERR: XML标签语法错误

[ 2014-12-25T19:47:16+08:00 ] ::1 /weibo/index.php/Home/News/newsmsg.html
ERR: XML标签语法错误

[ 2014-12-25T19:47:17+08:00 ] ::1 /weibo/index.php/Home/News/newsmsg.html
ERR: XML标签语法错误

[ 2014-12-25T19:47:19+08:00 ] ::1 /weibo/index.php/Home/News/newsmsg.html
ERR: XML标签语法错误

[ 2014-12-25T19:47:30+08:00 ] ::1 /weibo/index.php/Home/News/newsmsg.html
ERR: XML标签语法错误

[ 2014-12-25T19:48:46+08:00 ] ::1 /weibo/index.php/Home/News/newsat.html
ERR: XML标签语法错误

[ 2014-12-25T19:48:55+08:00 ] ::1 /weibo/index.php/Home/News/newsat.html
ERR: XML标签语法错误

[ 2014-12-25T19:48:56+08:00 ] ::1 /weibo/index.php/Home/News/newsat.html
ERR: XML标签语法错误

[ 2014-12-25T19:48:57+08:00 ] ::1 /weibo/index.php/Home/News/newsat.html
ERR: XML标签语法错误

[ 2014-12-25T19:48:59+08:00 ] ::1 /weibo/index.php/Home/News/newsat.html
ERR: XML标签语法错误

[ 2014-12-25T19:51:05+08:00 ] ::1 /weibo/index.php/Home/News/newsat.html
ERR: XML标签语法错误

[ 2014-12-25T22:20:05+08:00 ] ::1 /weibo/index.php/Home/User/index/id/24.html
ERR: Think\Model:filed方法不存在！

