[ 2014-12-18T15:20:53+08:00 ] ::1 /weibo/index.php/Home/Discovery/findpeople.html
ERR: XML标签语法错误

[ 2014-12-18T17:06:23+08:00 ] ::1 /weibo/index.php/Home/Discovery/findpeople.html
ERR: XML标签语法错误

[ 2014-12-18T17:42:54+08:00 ] ::1 /weibo/index.php/Home/Discovery/findpeople.html
ERR: XML标签语法错误 : name="newfriend" item=i

[ 2014-12-18T17:43:21+08:00 ] ::1 /weibo/index.php/Home/Discovery/findpeople.html
ERR: XML标签语法错误 : name="newfriend" item=i

[ 2014-12-18T18:27:14+08:00 ] ::1 /weibo/index.php/Home/Discovery/findpeople.html
ERR: XML标签语法错误 : name=newfriend item="v"

[ 2014-12-18T19:15:07+08:00 ] ::1 /weibo/index.php/Home/Discovery/findpeople.html
ERR: XML标签语法错误

[ 2014-12-18T19:15:41+08:00 ] ::1 /weibo/index.php/Home/Discovery/findpeople.html
ERR: XML标签语法错误

[ 2014-12-18T19:58:33+08:00 ] ::1 /weibo/index.php/Home/Index/addfriend/
INFO: [ app_begin ] --START--
INFO: Run Behavior\ReadHtmlCacheBehavior [ RunTime:0.004001s ]
INFO: [ app_begin ] --END-- [ RunTime:0.005001s ]
ERR: 非法操作:addfriend

[ 2014-12-18T19:58:42+08:00 ] ::1 /weibo/index.php/Home/Index/addfriend/
INFO: [ app_begin ] --START--
INFO: Run Behavior\ReadHtmlCacheBehavior [ RunTime:0.003000s ]
INFO: [ app_begin ] --END-- [ RunTime:0.005000s ]
ERR: 非法操作:addfriend

[ 2014-12-18T19:59:52+08:00 ] ::1 /weibo/index.php/Home/Index/addfriend/
INFO: [ app_begin ] --START--
INFO: Run Behavior\ReadHtmlCacheBehavior [ RunTime:0.003000s ]
INFO: [ app_begin ] --END-- [ RunTime:0.004000s ]
ERR: 非法操作:addfriend

[ 2014-12-18T20:04:05+08:00 ] ::1 /weibo/index.php/Home/Index/addfriend/
INFO: [ app_begin ] --START--
INFO: Run Behavior\ReadHtmlCacheBehavior [ RunTime:0.002000s ]
INFO: [ app_begin ] --END-- [ RunTime:0.003000s ]
ERR: 非法操作:addfriend

[ 2014-12-18T20:07:16+08:00 ] ::1 /weibo/index.php/Home/Index//addfriend
INFO: [ app_begin ] --START--
INFO: Run Behavior\ReadHtmlCacheBehavior [ RunTime:0.002000s ]
INFO: [ app_begin ] --END-- [ RunTime:0.004000s ]
ERR: 非法操作:addfriend

[ 2014-12-18T20:10:09+08:00 ] ::1 /weibo/index.php/Home/Index/addfriend/
INFO: [ app_begin ] --START--
INFO: Run Behavior\ReadHtmlCacheBehavior [ RunTime:0.001000s ]
INFO: [ app_begin ] --END-- [ RunTime:0.002000s ]
ERR: 非法操作:addfriend

[ 2014-12-18T20:11:33+08:00 ] ::1 /weibo/index.php/Home/Common/addfriend/
INFO: [ app_begin ] --START--
INFO: Run Behavior\ReadHtmlCacheBehavior [ RunTime:0.003000s ]
INFO: [ app_begin ] --END-- [ RunTime:0.005000s ]
SQL: DESCRIBE think_friend [ RunTime:0.016000s ]
SQL: INSERT INTO `think_friend` (`fromuser`,`touser`,`date`,`state`) VALUES (5,24,'2014-12-18 20:11:31',0) [ RunTime:0.001000s ]
INFO: [ app_end ] --START--
INFO: Run Behavior\ShowPageTraceBehavior [ RunTime:0.003001s ]
INFO: [ app_end ] --END-- [ RunTime:0.003001s ]

[ 2014-12-18T20:16:26+08:00 ] ::1 /weibo/index.php/Home/Common/addfriend/
INFO: [ app_begin ] --START--
INFO: Run Behavior\ReadHtmlCacheBehavior [ RunTime:0.003000s ]
INFO: [ app_begin ] --END-- [ RunTime:0.005000s ]
SQL: DESCRIBE think_friend [ RunTime:0.023001s ]
SQL: INSERT INTO `think_friend` (`fromuser`,`touser`,`date`,`state`) VALUES (5,24,'2014-12-18 20:16:25',0) [ RunTime:0.003000s ]
INFO: [ app_end ] --START--
INFO: Run Behavior\ShowPageTraceBehavior [ RunTime:0.003000s ]
INFO: [ app_end ] --END-- [ RunTime:0.003000s ]

[ 2014-12-18T20:17:07+08:00 ] ::1 /weibo/index.php/Home/Common/addfriend/
INFO: [ app_begin ] --START--
INFO: Run Behavior\ReadHtmlCacheBehavior [ RunTime:0.002000s ]
INFO: [ app_begin ] --END-- [ RunTime:0.003000s ]
SQL: DESCRIBE think_friend [ RunTime:0.014001s ]
SQL: INSERT INTO `think_friend` (`fromuser`,`touser`,`date`,`state`) VALUES (5,24,'2014-12-18 20:17:06',0) [ RunTime:0.002000s ]
INFO: [ app_end ] --START--
INFO: Run Behavior\ShowPageTraceBehavior [ RunTime:0.002000s ]
INFO: [ app_end ] --END-- [ RunTime:0.003000s ]

[ 2014-12-18T20:17:36+08:00 ] ::1 /weibo/index.php/Home/Common/addfriend/
INFO: [ app_begin ] --START--
INFO: Run Behavior\ReadHtmlCacheBehavior [ RunTime:0.003000s ]
INFO: [ app_begin ] --END-- [ RunTime:0.005000s ]
SQL: DESCRIBE think_friend [ RunTime:0.016001s ]
SQL: INSERT INTO `think_friend` (`fromuser`,`touser`,`date`,`state`) VALUES (5,24,'2014-12-18 20:17:35',0) [ RunTime:0.002000s ]
INFO: [ app_end ] --START--
INFO: Run Behavior\ShowPageTraceBehavior [ RunTime:0.003000s ]
INFO: [ app_end ] --END-- [ RunTime:0.003000s ]

[ 2014-12-18T20:18:04+08:00 ] ::1 /weibo/index.php/Home/Common/addfriend/
INFO: [ app_begin ] --START--
INFO: Run Behavior\ReadHtmlCacheBehavior [ RunTime:0.001000s ]
INFO: [ app_begin ] --END-- [ RunTime:0.002000s ]
SQL: DESCRIBE think_friend [ RunTime:0.015000s ]
SQL: INSERT INTO `think_friend` (`fromuser`,`touser`,`date`,`state`) VALUES (5,24,'2014-12-18 20:18:03',0) [ RunTime:0.002000s ]
INFO: [ app_end ] --START--
INFO: Run Behavior\ShowPageTraceBehavior [ RunTime:0.003000s ]
INFO: [ app_end ] --END-- [ RunTime:0.003000s ]

[ 2014-12-18T20:18:07+08:00 ] ::1 /weibo/index.php/Home/Common/addfriend/
INFO: [ app_begin ] --START--
INFO: Run Behavior\ReadHtmlCacheBehavior [ RunTime:0.002000s ]
INFO: [ app_begin ] --END-- [ RunTime:0.004000s ]
SQL: DESCRIBE think_friend [ RunTime:0.015000s ]
SQL: INSERT INTO `think_friend` (`fromuser`,`touser`,`date`,`state`) VALUES (5,24,'2014-12-18 20:18:06',0) [ RunTime:0.002000s ]
INFO: [ app_end ] --START--
INFO: Run Behavior\ShowPageTraceBehavior [ RunTime:0.002000s ]
INFO: [ app_end ] --END-- [ RunTime:0.003000s ]

[ 2014-12-18T20:21:57+08:00 ] ::1 /weibo/index.php/Home/Common/addfriend/
INFO: [ app_begin ] --START--
INFO: Run Behavior\ReadHtmlCacheBehavior [ RunTime:0.003000s ]
INFO: [ app_begin ] --END-- [ RunTime:0.005000s ]
SQL: DESCRIBE think_friend [ RunTime:0.017000s ]
SQL: INSERT INTO `think_friend` (`fromuser`,`touser`,`date`,`state`) VALUES (5,24,'2014-12-18 20:21:55',0) [ RunTime:0.002000s ]
INFO: [ app_end ] --START--
INFO: Run Behavior\ShowPageTraceBehavior [ RunTime:0.003000s ]
INFO: [ app_end ] --END-- [ RunTime:0.003000s ]

[ 2014-12-18T20:22:01+08:00 ] ::1 /weibo/index.php/Home/Common/addfriend/
INFO: [ app_begin ] --START--
INFO: Run Behavior\ReadHtmlCacheBehavior [ RunTime:0.003000s ]
INFO: [ app_begin ] --END-- [ RunTime:0.004000s ]
SQL: DESCRIBE think_friend [ RunTime:0.014000s ]
SQL: INSERT INTO `think_friend` (`fromuser`,`touser`,`date`,`state`) VALUES (5,24,'2014-12-18 20:22:00',0) [ RunTime:0.001000s ]
INFO: [ app_end ] --START--
INFO: Run Behavior\ShowPageTraceBehavior [ RunTime:0.003000s ]
INFO: [ app_end ] --END-- [ RunTime:0.003000s ]

[ 2014-12-18T20:26:43+08:00 ] ::1 /weibo/index.php/Home/Common/addfriend/
INFO: [ app_begin ] --START--
INFO: Run Behavior\ReadHtmlCacheBehavior [ RunTime:0.002000s ]
INFO: [ app_begin ] --END-- [ RunTime:0.004000s ]
SQL: DESCRIBE think_friend [ RunTime:0.017001s ]
SQL: INSERT INTO `think_friend` (`fromuser`,`touser`,`date`,`state`) VALUES (5,24,'2014-12-18 20:26:42',0) [ RunTime:0.002000s ]
INFO: [ app_end ] --START--
INFO: Run Behavior\ShowPageTraceBehavior [ RunTime:0.002000s ]
INFO: [ app_end ] --END-- [ RunTime:0.003000s ]

[ 2014-12-18T20:26:46+08:00 ] ::1 /weibo/index.php/Home/Common/addfriend/
INFO: [ app_begin ] --START--
INFO: Run Behavior\ReadHtmlCacheBehavior [ RunTime:0.003000s ]
INFO: [ app_begin ] --END-- [ RunTime:0.004000s ]
SQL: DESCRIBE think_friend [ RunTime:0.016001s ]
SQL: INSERT INTO `think_friend` (`fromuser`,`touser`,`date`,`state`) VALUES (5,24,'2014-12-18 20:26:45',0) [ RunTime:0.002000s ]
INFO: [ app_end ] --START--
INFO: Run Behavior\ShowPageTraceBehavior [ RunTime:0.002000s ]
INFO: [ app_end ] --END-- [ RunTime:0.003000s ]

[ 2014-12-18T20:27:51+08:00 ] ::1 /weibo/index.php/Home/Common/addfriend/
INFO: [ app_begin ] --START--
INFO: Run Behavior\ReadHtmlCacheBehavior [ RunTime:0.002000s ]
INFO: [ app_begin ] --END-- [ RunTime:0.004000s ]
SQL: DESCRIBE think_friend [ RunTime:0.015001s ]
SQL: INSERT INTO `think_friend` (`fromuser`,`touser`,`date`,`state`) VALUES (5,24,'2014-12-18 20:27:50',0) [ RunTime:0.002000s ]
INFO: [ app_end ] --START--
INFO: Run Behavior\ShowPageTraceBehavior [ RunTime:0.003000s ]
INFO: [ app_end ] --END-- [ RunTime:0.003000s ]

[ 2014-12-18T20:27:53+08:00 ] ::1 /weibo/index.php/Home/Common/addfriend/
INFO: [ app_begin ] --START--
INFO: Run Behavior\ReadHtmlCacheBehavior [ RunTime:0.002000s ]
INFO: [ app_begin ] --END-- [ RunTime:0.004000s ]
SQL: DESCRIBE think_friend [ RunTime:0.015000s ]
SQL: INSERT INTO `think_friend` (`fromuser`,`touser`,`date`,`state`) VALUES (5,24,'2014-12-18 20:27:52',0) [ RunTime:0.002000s ]
INFO: [ app_end ] --START--
INFO: Run Behavior\ShowPageTraceBehavior [ RunTime:0.003000s ]
INFO: [ app_end ] --END-- [ RunTime:0.003000s ]

[ 2014-12-18T20:28:11+08:00 ] ::1 /weibo/index.php/Home/Common/addfriend/
INFO: [ app_begin ] --START--
INFO: Run Behavior\ReadHtmlCacheBehavior [ RunTime:0.003000s ]
INFO: [ app_begin ] --END-- [ RunTime:0.004000s ]
SQL: DESCRIBE think_friend [ RunTime:0.020001s ]
SQL: INSERT INTO `think_friend` (`fromuser`,`touser`,`date`,`state`) VALUES (5,24,'2014-12-18 20:28:10',0) [ RunTime:0.002000s ]
INFO: [ app_end ] --START--
INFO: Run Behavior\ShowPageTraceBehavior [ RunTime:0.003000s ]
INFO: [ app_end ] --END-- [ RunTime:0.003000s ]

[ 2014-12-18T20:28:15+08:00 ] ::1 /weibo/index.php/Home/Common/addfriend/
INFO: [ app_begin ] --START--
INFO: Run Behavior\ReadHtmlCacheBehavior [ RunTime:0.002000s ]
INFO: [ app_begin ] --END-- [ RunTime:0.004000s ]
SQL: DESCRIBE think_friend [ RunTime:0.009001s ]
SQL: INSERT INTO `think_friend` (`fromuser`,`touser`,`date`,`state`) VALUES (5,24,'2014-12-18 20:28:14',0) [ RunTime:0.003000s ]
INFO: [ app_end ] --START--
INFO: Run Behavior\ShowPageTraceBehavior [ RunTime:0.001000s ]
INFO: [ app_end ] --END-- [ RunTime:0.001000s ]

[ 2014-12-18T20:28:17+08:00 ] ::1 /weibo/index.php/Home/Common/addfriend/
INFO: [ app_begin ] --START--
INFO: Run Behavior\ReadHtmlCacheBehavior [ RunTime:0.002000s ]
INFO: [ app_begin ] --END-- [ RunTime:0.004000s ]
SQL: DESCRIBE think_friend [ RunTime:0.016001s ]
SQL: INSERT INTO `think_friend` (`fromuser`,`touser`,`date`,`state`) VALUES (5,24,'2014-12-18 20:28:16',0) [ RunTime:0.001000s ]
INFO: [ app_end ] --START--
INFO: Run Behavior\ShowPageTraceBehavior [ RunTime:0.002000s ]
INFO: [ app_end ] --END-- [ RunTime:0.002000s ]

[ 2014-12-18T20:29:29+08:00 ] ::1 /weibo/index.php/Home/Common/addfriend/
INFO: [ app_begin ] --START--
INFO: Run Behavior\ReadHtmlCacheBehavior [ RunTime:0.003000s ]
INFO: [ app_begin ] --END-- [ RunTime:0.004001s ]
SQL: DESCRIBE think_friend [ RunTime:0.016000s ]
SQL: INSERT INTO `think_friend` (`fromuser`,`touser`,`date`,`state`) VALUES (5,24,'2014-12-18 20:29:28',0) [ RunTime:0.001000s ]
INFO: [ app_end ] --START--
INFO: Run Behavior\ShowPageTraceBehavior [ RunTime:0.002000s ]
INFO: [ app_end ] --END-- [ RunTime:0.003000s ]

[ 2014-12-18T20:29:31+08:00 ] ::1 /weibo/index.php/Home/Common/addfriend/
INFO: [ app_begin ] --START--
INFO: Run Behavior\ReadHtmlCacheBehavior [ RunTime:0.003000s ]
INFO: [ app_begin ] --END-- [ RunTime:0.004000s ]
SQL: DESCRIBE think_friend [ RunTime:0.014000s ]
SQL: INSERT INTO `think_friend` (`fromuser`,`touser`,`date`,`state`) VALUES (5,24,'2014-12-18 20:29:30',0) [ RunTime:0.002000s ]
INFO: [ app_end ] --START--
INFO: Run Behavior\ShowPageTraceBehavior [ RunTime:0.003000s ]
INFO: [ app_end ] --END-- [ RunTime:0.003000s ]

[ 2014-12-18T20:32:45+08:00 ] ::1 /weibo/index.php/Home/Index/content/
INFO: [ app_begin ] --START--
INFO: Run Behavior\ReadHtmlCacheBehavior [ RunTime:0.002001s ]
INFO: [ app_begin ] --END-- [ RunTime:0.004001s ]
ERR: 非法操作:content

[ 2014-12-18T20:32:49+08:00 ] ::1 /weibo/index.php/Home/Index/content/
INFO: [ app_begin ] --START--
INFO: Run Behavior\ReadHtmlCacheBehavior [ RunTime:0.002000s ]
INFO: [ app_begin ] --END-- [ RunTime:0.003000s ]
ERR: 非法操作:content

[ 2014-12-18T20:33:10+08:00 ] ::1 /weibo/index.php/Home/Index/content/
INFO: [ app_begin ] --START--
INFO: Run Behavior\ReadHtmlCacheBehavior [ RunTime:0.002000s ]
INFO: [ app_begin ] --END-- [ RunTime:0.005000s ]
ERR: 非法操作:content

[ 2014-12-18T20:34:45+08:00 ] ::1 /weibo/index.php/Home/Index/content/
INFO: [ app_begin ] --START--
INFO: Run Behavior\ReadHtmlCacheBehavior [ RunTime:0.003000s ]
INFO: [ app_begin ] --END-- [ RunTime:0.004000s ]
ERR: 非法操作:content

[ 2014-12-18T20:34:56+08:00 ] ::1 /weibo/index.php/Home/Common/addfriend/
INFO: [ app_begin ] --START--
INFO: Run Behavior\ReadHtmlCacheBehavior [ RunTime:0.002000s ]
INFO: [ app_begin ] --END-- [ RunTime:0.003000s ]
SQL: DESCRIBE think_friend [ RunTime:0.016001s ]
SQL: INSERT INTO `think_friend` (`fromuser`,`touser`,`date`,`state`) VALUES (5,24,'2014-12-18 20:34:55',0) [ RunTime:0.001000s ]
INFO: [ app_end ] --START--
INFO: Run Behavior\ShowPageTraceBehavior [ RunTime:0.002000s ]
INFO: [ app_end ] --END-- [ RunTime:0.002000s ]

[ 2014-12-18T20:35:34+08:00 ] ::1 /weibo/index.php/Home/Index/content/
INFO: [ app_begin ] --START--
INFO: Run Behavior\ReadHtmlCacheBehavior [ RunTime:0.003000s ]
INFO: [ app_begin ] --END-- [ RunTime:0.004000s ]
ERR: 非法操作:content

[ 2014-12-18T20:36:04+08:00 ] ::1 /weibo/index.php/Home/Common/content/
INFO: [ app_begin ] --START--
INFO: Run Behavior\ReadHtmlCacheBehavior [ RunTime:0.003000s ]
INFO: [ app_begin ] --END-- [ RunTime:0.004000s ]
SQL: DESCRIBE think_content [ RunTime:0.018001s ]
SQL: INSERT INTO `think_content` (`date`,`uid`,`content`) VALUES ('2014-12-18 20:36:03',5,'aaaaaaaaaaaaaaaaaaaaa') [ RunTime:0.003000s ]
INFO: [ app_end ] --START--
INFO: Run Behavior\ShowPageTraceBehavior [ RunTime:0.002000s ]
INFO: [ app_end ] --END-- [ RunTime:0.002000s ]

[ 2014-12-18T20:36:13+08:00 ] ::1 /weibo/index.php/Home/Common/content/
INFO: [ app_begin ] --START--
INFO: Run Behavior\ReadHtmlCacheBehavior [ RunTime:0.002000s ]
INFO: [ app_begin ] --END-- [ RunTime:0.004000s ]
SQL: DESCRIBE think_content [ RunTime:0.014000s ]
SQL: INSERT INTO `think_content` (`date`,`uid`,`content`) VALUES ('2014-12-18 20:36:12',5,'【丧心病狂的超级魔方】当地时间2014年12月7日讯，Brando发布了一款Rubik超大魔方，魔方一共有1014个彩色方块，是普通魔方的18倍。之前有人用21.17秒的成绩破解了Rubik的魔方，创造了新的世界纪录。Brando说这有助于提高智商和情商，但这根本就是在考验他们的忍耐力吧。。[阴险]http://t.cn/Rz354Wc') [ RunTime:0.002000s ]
INFO: [ app_end ] --START--
INFO: Run Behavior\ShowPageTraceBehavior [ RunTime:0.003000s ]
INFO: [ app_end ] --END-- [ RunTime:0.003000s ]

[ 2014-12-18T20:36:38+08:00 ] ::1 /weibo/index.php/Home/Common/addfriend/
INFO: [ app_begin ] --START--
INFO: Run Behavior\ReadHtmlCacheBehavior [ RunTime:0.003000s ]
INFO: [ app_begin ] --END-- [ RunTime:0.004000s ]
SQL: DESCRIBE think_friend [ RunTime:0.015000s ]
SQL: INSERT INTO `think_friend` (`fromuser`,`touser`,`date`,`state`) VALUES (5,24,'2014-12-18 20:36:37',0) [ RunTime:0.002000s ]
INFO: [ app_end ] --START--
INFO: Run Behavior\ShowPageTraceBehavior [ RunTime:0.003000s ]
INFO: [ app_end ] --END-- [ RunTime:0.003000s ]

[ 2014-12-18T20:38:46+08:00 ] ::1 /weibo/index.php/Home/Common/addfriend/
INFO: [ app_begin ] --START--
INFO: Run Behavior\ReadHtmlCacheBehavior [ RunTime:0.004000s ]
INFO: [ app_begin ] --END-- [ RunTime:0.005000s ]
SQL: DESCRIBE think_friend [ RunTime:0.016000s ]
SQL: INSERT INTO `think_friend` (`fromuser`,`touser`,`date`,`state`) VALUES (5,24,'2014-12-18 20:38:45',0) [ RunTime:0.002000s ]
INFO: [ app_end ] --START--
INFO: Run Behavior\ShowPageTraceBehavior [ RunTime:0.003000s ]
INFO: [ app_end ] --END-- [ RunTime:0.003000s ]

[ 2014-12-18T20:39:01+08:00 ] ::1 /weibo/index.php/Home/Common/addfriend/
INFO: [ app_begin ] --START--
INFO: Run Behavior\ReadHtmlCacheBehavior [ RunTime:0.002000s ]
INFO: [ app_begin ] --END-- [ RunTime:0.003000s ]
SQL: DESCRIBE think_friend [ RunTime:0.015000s ]
SQL: INSERT INTO `think_friend` (`fromuser`,`touser`,`date`,`state`) VALUES (5,24,'2014-12-18 20:39:00',0) [ RunTime:0.001000s ]
INFO: [ app_end ] --START--
INFO: Run Behavior\ShowPageTraceBehavior [ RunTime:0.003000s ]
INFO: [ app_end ] --END-- [ RunTime:0.003000s ]

[ 2014-12-18T20:39:57+08:00 ] ::1 /weibo/index.php/Home/Common/addfriend/
INFO: [ app_begin ] --START--
INFO: Run Behavior\ReadHtmlCacheBehavior [ RunTime:0.004000s ]
INFO: [ app_begin ] --END-- [ RunTime:0.005000s ]
SQL: DESCRIBE think_friend [ RunTime:0.014000s ]
SQL: INSERT INTO `think_friend` (`fromuser`,`touser`,`date`,`state`) VALUES (5,24,'2014-12-18 20:39:56',0) [ RunTime:0.002000s ]
INFO: [ app_end ] --START--
INFO: Run Behavior\ShowPageTraceBehavior [ RunTime:0.002000s ]
INFO: [ app_end ] --END-- [ RunTime:0.002000s ]

[ 2014-12-18T20:39:59+08:00 ] ::1 /weibo/index.php/Home/Common/addfriend/
INFO: [ app_begin ] --START--
INFO: Run Behavior\ReadHtmlCacheBehavior [ RunTime:0.002000s ]
INFO: [ app_begin ] --END-- [ RunTime:0.004000s ]
SQL: DESCRIBE think_friend [ RunTime:0.020000s ]
SQL: INSERT INTO `think_friend` (`fromuser`,`touser`,`date`,`state`) VALUES (5,24,'2014-12-18 20:39:58',0) [ RunTime:0.002001s ]
INFO: [ app_end ] --START--
INFO: Run Behavior\ShowPageTraceBehavior [ RunTime:0.003000s ]
INFO: [ app_end ] --END-- [ RunTime:0.003000s ]

[ 2014-12-18T20:42:00+08:00 ] ::1 /weibo/index.php/Home/Common/addfriend/
INFO: [ app_begin ] --START--
INFO: Run Behavior\ReadHtmlCacheBehavior [ RunTime:0.003000s ]
INFO: [ app_begin ] --END-- [ RunTime:0.004000s ]
SQL: DESCRIBE think_friend [ RunTime:0.015000s ]
SQL: INSERT INTO `think_friend` (`fromuser`,`touser`,`date`,`state`) VALUES (5,24,'2014-12-18 20:41:59',0) [ RunTime:0.003000s ]
INFO: [ app_end ] --START--
INFO: Run Behavior\ShowPageTraceBehavior [ RunTime:0.003001s ]
INFO: [ app_end ] --END-- [ RunTime:0.003001s ]

[ 2014-12-18T20:43:46+08:00 ] ::1 /weibo/index.php/Home/Common/addfriend/
INFO: [ app_begin ] --START--
INFO: Run Behavior\ReadHtmlCacheBehavior [ RunTime:0.003001s ]
INFO: [ app_begin ] --END-- [ RunTime:0.004001s ]
SQL: DESCRIBE think_friend [ RunTime:0.019001s ]
SQL: INSERT INTO `think_friend` (`fromuser`,`touser`,`date`,`state`) VALUES (5,24,'2014-12-18 20:43:45',0) [ RunTime:0.002000s ]
INFO: [ app_end ] --START--
INFO: Run Behavior\ShowPageTraceBehavior [ RunTime:0.003000s ]
INFO: [ app_end ] --END-- [ RunTime:0.003000s ]

[ 2014-12-18T20:45:22+08:00 ] ::1 /weibo/index.php/Home/Common/addfriend/
INFO: [ app_begin ] --START--
INFO: Run Behavior\ReadHtmlCacheBehavior [ RunTime:0.003000s ]
INFO: [ app_begin ] --END-- [ RunTime:0.004000s ]
SQL: DESCRIBE think_friend [ RunTime:0.019001s ]
SQL: INSERT INTO `think_friend` (`fromuser`,`touser`,`date`,`state`) VALUES (5,24,'2014-12-18 20:45:21',0) [ RunTime:0.001000s ]
INFO: [ app_end ] --START--
INFO: Run Behavior\ShowPageTraceBehavior [ RunTime:0.003000s ]
INFO: [ app_end ] --END-- [ RunTime:0.003000s ]

[ 2014-12-18T20:45:42+08:00 ] ::1 /weibo/index.php/Home/Common/addfriend/
INFO: [ app_begin ] --START--
INFO: Run Behavior\ReadHtmlCacheBehavior [ RunTime:0.002001s ]
INFO: [ app_begin ] --END-- [ RunTime:0.005001s ]
SQL: DESCRIBE think_friend [ RunTime:0.015000s ]
SQL: INSERT INTO `think_friend` (`fromuser`,`touser`,`date`,`state`) VALUES (5,24,'2014-12-18 20:45:41',0) [ RunTime:0.002000s ]
INFO: [ app_end ] --START--
INFO: Run Behavior\ShowPageTraceBehavior [ RunTime:0.003001s ]
INFO: [ app_end ] --END-- [ RunTime:0.003001s ]

[ 2014-12-18T20:48:10+08:00 ] ::1 /weibo/index.php/Home/Discovery/addfriend
INFO: [ app_begin ] --START--
INFO: Run Behavior\ReadHtmlCacheBehavior [ RunTime:0.003000s ]
INFO: [ app_begin ] --END-- [ RunTime:0.005000s ]
ERR: 非法操作:addfriend

[ 2014-12-18T20:48:16+08:00 ] ::1 /weibo/index.php/Home/Discovery/addfriend
INFO: [ app_begin ] --START--
INFO: Run Behavior\ReadHtmlCacheBehavior [ RunTime:0.002000s ]
INFO: [ app_begin ] --END-- [ RunTime:0.004000s ]
ERR: 非法操作:addfriend

[ 2014-12-18T20:48:34+08:00 ] ::1 /weibo/index.php/Home/Common/addfriend
INFO: [ app_begin ] --START--
INFO: Run Behavior\ReadHtmlCacheBehavior [ RunTime:0.002000s ]
INFO: [ app_begin ] --END-- [ RunTime:0.005000s ]
SQL: DESCRIBE think_friend [ RunTime:0.016000s ]
SQL: INSERT INTO `think_friend` (`fromuser`,`touser`,`date`,`state`) VALUES (5,24,'2014-12-18 20:48:33',0) [ RunTime:0.002000s ]
INFO: [ app_end ] --START--
INFO: Run Behavior\ShowPageTraceBehavior [ RunTime:0.003000s ]
INFO: [ app_end ] --END-- [ RunTime:0.003000s ]

[ 2014-12-18T20:49:17+08:00 ] ::1 /weibo/index.php/Home/Common/addfriend
INFO: [ app_begin ] --START--
INFO: Run Behavior\ReadHtmlCacheBehavior [ RunTime:0.003000s ]
INFO: [ app_begin ] --END-- [ RunTime:0.005000s ]
SQL: DESCRIBE think_friend [ RunTime:0.016001s ]
SQL: INSERT INTO `think_friend` (`fromuser`,`touser`,`date`,`state`) VALUES (5,24,'2014-12-18 20:49:16',0) [ RunTime:0.001000s ]
INFO: [ app_end ] --START--
INFO: Run Behavior\ShowPageTraceBehavior [ RunTime:0.003000s ]
INFO: [ app_end ] --END-- [ RunTime:0.003000s ]

[ 2014-12-18T20:50:01+08:00 ] ::1 /weibo/index.php/Home/Common/addfriend
INFO: [ app_begin ] --START--
INFO: Run Behavior\ReadHtmlCacheBehavior [ RunTime:0.002000s ]
INFO: [ app_begin ] --END-- [ RunTime:0.004000s ]
SQL: DESCRIBE think_friend [ RunTime:0.016000s ]
SQL: INSERT INTO `think_friend` (`fromuser`,`touser`,`date`,`state`) VALUES (5,24,'2014-12-18 20:50:00',0) [ RunTime:0.001000s ]
INFO: [ app_end ] --START--
INFO: Run Behavior\ShowPageTraceBehavior [ RunTime:0.002000s ]
INFO: [ app_end ] --END-- [ RunTime:0.002000s ]

[ 2014-12-18T20:50:21+08:00 ] ::1 /weibo/index.php/Home/Common/addfriend
INFO: [ app_begin ] --START--
INFO: Run Behavior\ReadHtmlCacheBehavior [ RunTime:0.001000s ]
INFO: [ app_begin ] --END-- [ RunTime:0.002000s ]
SQL: DESCRIBE think_friend [ RunTime:0.014000s ]
SQL: INSERT INTO `think_friend` (`fromuser`,`touser`,`date`,`state`) VALUES (5,24,'2014-12-18 20:50:20',0) [ RunTime:0.002000s ]
INFO: [ app_end ] --START--
INFO: Run Behavior\ShowPageTraceBehavior [ RunTime:0.002000s ]
INFO: [ app_end ] --END-- [ RunTime:0.003000s ]

[ 2014-12-18T20:50:42+08:00 ] ::1 /weibo/index.php/Home/Common/addfriend
INFO: [ app_begin ] --START--
INFO: Run Behavior\ReadHtmlCacheBehavior [ RunTime:0.004000s ]
INFO: [ app_begin ] --END-- [ RunTime:0.006000s ]
SQL: DESCRIBE think_friend [ RunTime:0.015001s ]
SQL: INSERT INTO `think_friend` (`fromuser`,`touser`,`date`,`state`) VALUES (5,24,'2014-12-18 20:50:41',0) [ RunTime:0.001000s ]
INFO: [ app_end ] --START--
INFO: Run Behavior\ShowPageTraceBehavior [ RunTime:0.003000s ]
INFO: [ app_end ] --END-- [ RunTime:0.004000s ]

[ 2014-12-18T20:58:07+08:00 ] ::1 /weibo/index.php/Home/Common/addfriend
INFO: [ app_begin ] --START--
INFO: Run Behavior\ReadHtmlCacheBehavior [ RunTime:0.003000s ]
INFO: [ app_begin ] --END-- [ RunTime:0.005001s ]
SQL: DESCRIBE think_friend [ RunTime:0.014001s ]
SQL: INSERT INTO `think_friend` (`fromuser`,`touser`,`date`,`state`) VALUES (5,24,'2014-12-18 20:58:06',0) [ RunTime:0.001000s ]
INFO: [ app_end ] --START--
INFO: Run Behavior\ShowPageTraceBehavior [ RunTime:0.006000s ]
INFO: [ app_end ] --END-- [ RunTime:0.007000s ]

[ 2014-12-18T20:59:00+08:00 ] ::1 /weibo/index.php/Home/Common/addfriend
INFO: [ app_begin ] --START--
INFO: Run Behavior\ReadHtmlCacheBehavior [ RunTime:0.002000s ]
INFO: [ app_begin ] --END-- [ RunTime:0.004000s ]
SQL: DESCRIBE think_friend [ RunTime:0.016001s ]
SQL: INSERT INTO `think_friend` (`fromuser`,`touser`,`date`,`state`) VALUES (5,24,'2014-12-18 20:58:59',0) [ RunTime:0.002000s ]
INFO: [ app_end ] --START--
INFO: Run Behavior\ShowPageTraceBehavior [ RunTime:0.003000s ]
INFO: [ app_end ] --END-- [ RunTime:0.004000s ]

[ 2014-12-18T20:59:39+08:00 ] ::1 /weibo/index.php/Home/Common/addfriend
INFO: [ app_begin ] --START--
INFO: Run Behavior\ReadHtmlCacheBehavior [ RunTime:0.003000s ]
INFO: [ app_begin ] --END-- [ RunTime:0.004000s ]
SQL: DESCRIBE think_friend [ RunTime:0.015001s ]
SQL: INSERT INTO `think_friend` (`fromuser`,`touser`,`date`,`state`) VALUES (5,24,'2014-12-18 20:59:38',0) [ RunTime:0.001000s ]
INFO: [ app_end ] --START--
INFO: Run Behavior\ShowPageTraceBehavior [ RunTime:0.002000s ]
INFO: [ app_end ] --END-- [ RunTime:0.003000s ]

[ 2014-12-18T21:08:43+08:00 ] ::1 /weibo/index.php/Home/Common/addfriend
INFO: [ app_begin ] --START--
INFO: Run Behavior\ReadHtmlCacheBehavior [ RunTime:0.003000s ]
INFO: [ app_begin ] --END-- [ RunTime:0.004000s ]
SQL: DESCRIBE think_friend [ RunTime:0.020000s ]
SQL: INSERT INTO `think_friend` (`fromuser`,`touser`,`date`,`state`) VALUES (5,24,'2014-12-18 21:08:42',0) [ RunTime:0.003001s ]
INFO: [ app_end ] --START--
INFO: Run Behavior\ShowPageTraceBehavior [ RunTime:0.003000s ]
INFO: [ app_end ] --END-- [ RunTime:0.003000s ]

[ 2014-12-18T21:09:11+08:00 ] ::1 /weibo/index.php/Home/Common/addfriend
INFO: [ app_begin ] --START--
INFO: Run Behavior\ReadHtmlCacheBehavior [ RunTime:0.002000s ]
INFO: [ app_begin ] --END-- [ RunTime:0.003000s ]
SQL: DESCRIBE think_friend [ RunTime:0.009000s ]
SQL: INSERT INTO `think_friend` (`fromuser`,`touser`,`date`,`state`) VALUES (5,24,'2014-12-18 21:09:10',0) [ RunTime:0.004000s ]
INFO: [ app_end ] --START--
INFO: Run Behavior\ShowPageTraceBehavior [ RunTime:0.002001s ]
INFO: [ app_end ] --END-- [ RunTime:0.002001s ]

[ 2014-12-18T21:09:22+08:00 ] ::1 /weibo/index.php/Home/Common/addfriend
INFO: [ app_begin ] --START--
INFO: Run Behavior\ReadHtmlCacheBehavior [ RunTime:0.003000s ]
INFO: [ app_begin ] --END-- [ RunTime:0.005000s ]
SQL: DESCRIBE think_friend [ RunTime:0.017000s ]
SQL: INSERT INTO `think_friend` (`fromuser`,`touser`,`date`,`state`) VALUES (5,24,'2014-12-18 21:09:21',0) [ RunTime:0.002000s ]
INFO: [ app_end ] --START--
INFO: Run Behavior\ShowPageTraceBehavior [ RunTime:0.003001s ]
INFO: [ app_end ] --END-- [ RunTime:0.003001s ]

[ 2014-12-18T21:10:24+08:00 ] ::1 /weibo/index.php/Home/Common/addfriend
INFO: [ app_begin ] --START--
INFO: Run Behavior\ReadHtmlCacheBehavior [ RunTime:0.002000s ]
INFO: [ app_begin ] --END-- [ RunTime:0.005000s ]
SQL: DESCRIBE think_friend [ RunTime:0.014000s ]
SQL: INSERT INTO `think_friend` (`fromuser`,`touser`,`date`,`state`) VALUES (5,24,'2014-12-18 21:10:22',0) [ RunTime:0.002000s ]
INFO: [ app_end ] --START--
INFO: Run Behavior\ShowPageTraceBehavior [ RunTime:0.002000s ]
INFO: [ app_end ] --END-- [ RunTime:0.003000s ]

[ 2014-12-18T21:20:47+08:00 ] ::1 /weibo/index.php/Home/Common/addfriend
INFO: [ app_begin ] --START--
INFO: Run Behavior\ReadHtmlCacheBehavior [ RunTime:0.002000s ]
INFO: [ app_begin ] --END-- [ RunTime:0.005000s ]
SQL: DESCRIBE think_friend [ RunTime:0.015001s ]
SQL: INSERT INTO `think_friend` (`fromuser`,`touser`,`date`,`state`) VALUES (5,0,'2014-12-18 21:20:46',0) [ RunTime:0.001000s ]
INFO: [ app_end ] --START--
INFO: Run Behavior\ShowPageTraceBehavior [ RunTime:0.002000s ]
INFO: [ app_end ] --END-- [ RunTime:0.003000s ]

[ 2014-12-18T21:22:50+08:00 ] ::1 /weibo/index.php/Home/Common/addfriend
INFO: [ app_begin ] --START--
INFO: Run Behavior\ReadHtmlCacheBehavior [ RunTime:0.002000s ]
INFO: [ app_begin ] --END-- [ RunTime:0.003000s ]
SQL: DESCRIBE think_friend [ RunTime:0.019001s ]
SQL: INSERT INTO `think_friend` (`fromuser`,`touser`,`date`,`state`) VALUES (5,23,'2014-12-18 21:22:49',0) [ RunTime:0.002000s ]
INFO: [ app_end ] --START--
INFO: Run Behavior\ShowPageTraceBehavior [ RunTime:0.003000s ]
INFO: [ app_end ] --END-- [ RunTime:0.003000s ]

[ 2014-12-18T21:22:52+08:00 ] ::1 /weibo/index.php/Home/Common/addfriend
INFO: [ app_begin ] --START--
INFO: Run Behavior\ReadHtmlCacheBehavior [ RunTime:0.002000s ]
INFO: [ app_begin ] --END-- [ RunTime:0.004000s ]
SQL: DESCRIBE think_friend [ RunTime:0.015000s ]
SQL: INSERT INTO `think_friend` (`fromuser`,`touser`,`date`,`state`) VALUES (5,21,'2014-12-18 21:22:51',0) [ RunTime:0.001000s ]
INFO: [ app_end ] --START--
INFO: Run Behavior\ShowPageTraceBehavior [ RunTime:0.002000s ]
INFO: [ app_end ] --END-- [ RunTime:0.003000s ]

[ 2014-12-18T21:23:22+08:00 ] ::1 /weibo/index.php/Home/Common/addfriend
INFO: [ app_begin ] --START--
INFO: Run Behavior\ReadHtmlCacheBehavior [ RunTime:0.002000s ]
INFO: [ app_begin ] --END-- [ RunTime:0.003000s ]
SQL: DESCRIBE think_friend [ RunTime:0.025001s ]
SQL: INSERT INTO `think_friend` (`fromuser`,`touser`,`date`,`state`) VALUES (5,21,'2014-12-18 21:23:21',0) [ RunTime:0.002000s ]
INFO: [ app_end ] --START--
INFO: Run Behavior\ShowPageTraceBehavior [ RunTime:0.002000s ]
INFO: [ app_end ] --END-- [ RunTime:0.003000s ]

[ 2014-12-18T21:24:21+08:00 ] ::1 /weibo/index.php/Home/Common/addfriend
INFO: [ app_begin ] --START--
INFO: Run Behavior\ReadHtmlCacheBehavior [ RunTime:0.002000s ]
INFO: [ app_begin ] --END-- [ RunTime:0.004000s ]
SQL: DESCRIBE think_friend [ RunTime:0.017001s ]
SQL: INSERT INTO `think_friend` (`fromuser`,`touser`,`date`,`state`) VALUES (5,19,'2014-12-18 21:24:20',0) [ RunTime:0.001000s ]
INFO: [ app_end ] --START--
INFO: Run Behavior\ShowPageTraceBehavior [ RunTime:0.003000s ]
INFO: [ app_end ] --END-- [ RunTime:0.003000s ]

[ 2014-12-18T21:25:40+08:00 ] ::1 /weibo/index.php/Home/Common/addfriend
INFO: [ app_begin ] --START--
INFO: Run Behavior\ReadHtmlCacheBehavior [ RunTime:0.003000s ]
INFO: [ app_begin ] --END-- [ RunTime:0.005000s ]
SQL: DESCRIBE think_friend [ RunTime:0.015001s ]
SQL: INSERT INTO `think_friend` (`fromuser`,`touser`,`date`,`state`) VALUES (5,22,'2014-12-18 21:25:39',0) [ RunTime:0.001000s ]
INFO: [ app_end ] --START--
INFO: Run Behavior\ShowPageTraceBehavior [ RunTime:0.002000s ]
INFO: [ app_end ] --END-- [ RunTime:0.003000s ]

[ 2014-12-18T21:26:32+08:00 ] ::1 /weibo/index.php/Home/Common/addfriend
INFO: [ app_begin ] --START--
INFO: Run Behavior\ReadHtmlCacheBehavior [ RunTime:0.003000s ]
INFO: [ app_begin ] --END-- [ RunTime:0.004000s ]
SQL: DESCRIBE think_friend [ RunTime:0.015000s ]
SQL: INSERT INTO `think_friend` (`fromuser`,`touser`,`date`,`state`) VALUES (5,22,'2014-12-18 21:26:31',0) [ RunTime:0.001000s ]
INFO: [ app_end ] --START--
INFO: Run Behavior\ShowPageTraceBehavior [ RunTime:0.003000s ]
INFO: [ app_end ] --END-- [ RunTime:0.003000s ]

[ 2014-12-18T21:33:49+08:00 ] ::1 /weibo/index.php/Home/Common/addfriend
INFO: [ app_begin ] --START--
INFO: Run Behavior\ReadHtmlCacheBehavior [ RunTime:0.002000s ]
INFO: [ app_begin ] --END-- [ RunTime:0.003000s ]
SQL: DESCRIBE think_friend [ RunTime:0.016001s ]
SQL: INSERT INTO `think_friend` (`fromuser`,`touser`,`date`,`state`) VALUES (5,21,'2014-12-18 21:33:48',0) [ RunTime:0.002000s ]
INFO: [ app_end ] --START--
INFO: Run Behavior\ShowPageTraceBehavior [ RunTime:0.002000s ]
INFO: [ app_end ] --END-- [ RunTime:0.003000s ]

[ 2014-12-18T21:35:15+08:00 ] ::1 /weibo/index.php/Home/Common/addfriend
INFO: [ app_begin ] --START--
INFO: Run Behavior\ReadHtmlCacheBehavior [ RunTime:0.003000s ]
INFO: [ app_begin ] --END-- [ RunTime:0.004000s ]
SQL: DESCRIBE think_friend [ RunTime:0.015000s ]
SQL: INSERT INTO `think_friend` (`fromuser`,`touser`,`date`,`state`) VALUES (5,19,'2014-12-18 21:35:14',0) [ RunTime:0.002001s ]
INFO: [ app_end ] --START--
INFO: Run Behavior\ShowPageTraceBehavior [ RunTime:0.003000s ]
INFO: [ app_end ] --END-- [ RunTime:0.003000s ]

[ 2014-12-18T21:35:52+08:00 ] ::1 /weibo/index.php/Home/Common/addfriend
INFO: [ app_begin ] --START--
INFO: Run Behavior\ReadHtmlCacheBehavior [ RunTime:0.001000s ]
INFO: [ app_begin ] --END-- [ RunTime:0.002000s ]
SQL: DESCRIBE think_friend [ RunTime:0.014001s ]
SQL: INSERT INTO `think_friend` (`fromuser`,`touser`,`date`,`state`) VALUES (5,21,'2014-12-18 21:35:51',0) [ RunTime:0.001000s ]
INFO: [ app_end ] --START--
INFO: Run Behavior\ShowPageTraceBehavior [ RunTime:0.003000s ]
INFO: [ app_end ] --END-- [ RunTime:0.003000s ]

[ 2014-12-18T21:35:57+08:00 ] ::1 /weibo/index.php/Home/Common/addfriend
INFO: [ app_begin ] --START--
INFO: Run Behavior\ReadHtmlCacheBehavior [ RunTime:0.002001s ]
INFO: [ app_begin ] --END-- [ RunTime:0.003001s ]
SQL: DESCRIBE think_friend [ RunTime:0.015000s ]
SQL: INSERT INTO `think_friend` (`fromuser`,`touser`,`date`,`state`) VALUES (5,19,'2014-12-18 21:35:56',0) [ RunTime:0.001001s ]
INFO: [ app_end ] --START--
INFO: Run Behavior\ShowPageTraceBehavior [ RunTime:0.002000s ]
INFO: [ app_end ] --END-- [ RunTime:0.002000s ]

[ 2014-12-18T21:36:01+08:00 ] ::1 /weibo/index.php/Home/Common/addfriend
INFO: [ app_begin ] --START--
INFO: Run Behavior\ReadHtmlCacheBehavior [ RunTime:0.002000s ]
INFO: [ app_begin ] --END-- [ RunTime:0.005000s ]
SQL: DESCRIBE think_friend [ RunTime:0.015001s ]
SQL: INSERT INTO `think_friend` (`fromuser`,`touser`,`date`,`state`) VALUES (5,20,'2014-12-18 21:35:59',0) [ RunTime:0.001000s ]
INFO: [ app_end ] --START--
INFO: Run Behavior\ShowPageTraceBehavior [ RunTime:0.003000s ]
INFO: [ app_end ] --END-- [ RunTime:0.003000s ]

[ 2014-12-18T21:37:11+08:00 ] ::1 /weibo/index.php/Home/Common/addfriend
INFO: [ app_begin ] --START--
INFO: Run Behavior\ReadHtmlCacheBehavior [ RunTime:0.006000s ]
INFO: [ app_begin ] --END-- [ RunTime:0.008000s ]
SQL: DESCRIBE think_friend [ RunTime:0.016000s ]
SQL: INSERT INTO `think_friend` (`fromuser`,`touser`,`date`,`state`) VALUES (5,22,'2014-12-18 21:37:10',0) [ RunTime:0.001000s ]
INFO: [ app_end ] --START--
INFO: Run Behavior\ShowPageTraceBehavior [ RunTime:0.002000s ]
INFO: [ app_end ] --END-- [ RunTime:0.002000s ]

[ 2014-12-18T21:42:36+08:00 ] ::1 /weibo/index.php/Home/Common/addfriend
INFO: [ app_begin ] --START--
INFO: Run Behavior\ReadHtmlCacheBehavior [ RunTime:0.002000s ]
INFO: [ app_begin ] --END-- [ RunTime:0.005000s ]
SQL: DESCRIBE think_friend [ RunTime:0.015001s ]
SQL: INSERT INTO `think_friend` (`fromuser`,`touser`,`date`,`state`) VALUES (5,23,'2014-12-18 21:42:35',1) [ RunTime:0.002000s ]
INFO: [ app_end ] --START--
INFO: Run Behavior\ShowPageTraceBehavior [ RunTime:0.003000s ]
INFO: [ app_end ] --END-- [ RunTime:0.003000s ]

[ 2014-12-18T21:50:37+08:00 ] ::1 /weibo/index.php/Home/Common/addfriend
INFO: [ app_begin ] --START--
INFO: Run Behavior\ReadHtmlCacheBehavior [ RunTime:0.003000s ]
INFO: [ app_begin ] --END-- [ RunTime:0.004000s ]
SQL: DESCRIBE think_friend [ RunTime:0.018001s ]
SQL: INSERT INTO `think_friend` (`fromuser`,`touser`,`date`,`state`) VALUES (5,24,'2014-12-18 21:50:35',1) [ RunTime:0.009000s ]
INFO: [ app_end ] --START--
INFO: Run Behavior\ShowPageTraceBehavior [ RunTime:0.003000s ]
INFO: [ app_end ] --END-- [ RunTime:0.003000s ]

[ 2014-12-18T21:56:01+08:00 ] ::1 /weibo/index.php/Home/Common/addfriend
INFO: [ app_begin ] --START--
INFO: Run Behavior\ReadHtmlCacheBehavior [ RunTime:0.003000s ]
INFO: [ app_begin ] --END-- [ RunTime:0.004000s ]
SQL: DESCRIBE think_friend [ RunTime:0.022001s ]
SQL: INSERT INTO `think_friend` (`fromuser`,`touser`,`date`,`state`) VALUES (5,22,'2014-12-18 21:56:00',1) [ RunTime:0.002000s ]
INFO: [ app_end ] --START--
INFO: Run Behavior\ShowPageTraceBehavior [ RunTime:0.002000s ]
INFO: [ app_end ] --END-- [ RunTime:0.003000s ]

[ 2014-12-18T21:57:29+08:00 ] ::1 /weibo/index.php/Home/Common/addfriend
INFO: [ app_begin ] --START--
INFO: Run Behavior\ReadHtmlCacheBehavior [ RunTime:0.004000s ]
INFO: [ app_begin ] --END-- [ RunTime:0.005000s ]
SQL: DESCRIBE think_friend [ RunTime:0.019001s ]
SQL: INSERT INTO `think_friend` (`fromuser`,`touser`,`date`,`state`) VALUES (5,21,'2014-12-18 21:57:28',1) [ RunTime:0.002000s ]
INFO: [ app_end ] --START--
INFO: Run Behavior\ShowPageTraceBehavior [ RunTime:0.002000s ]
INFO: [ app_end ] --END-- [ RunTime:0.002000s ]

[ 2014-12-18T21:58:24+08:00 ] ::1 /weibo/index.php/Home/Common/addfriend
INFO: [ app_begin ] --START--
INFO: Run Behavior\ReadHtmlCacheBehavior [ RunTime:0.003000s ]
INFO: [ app_begin ] --END-- [ RunTime:0.004000s ]
SQL: DESCRIBE think_friend [ RunTime:0.016000s ]
SQL: INSERT INTO `think_friend` (`fromuser`,`touser`,`date`,`state`) VALUES (5,21,'2014-12-18 21:58:23',1) [ RunTime:0.002000s ]
INFO: [ app_end ] --START--
INFO: Run Behavior\ShowPageTraceBehavior [ RunTime:0.003000s ]
INFO: [ app_end ] --END-- [ RunTime:0.003000s ]

[ 2014-12-18T22:00:37+08:00 ] ::1 /weibo/index.php/Home/Common/addfriend
INFO: [ app_begin ] --START--
INFO: Run Behavior\ReadHtmlCacheBehavior [ RunTime:0.001000s ]
INFO: [ app_begin ] --END-- [ RunTime:0.002000s ]
SQL: DESCRIBE think_friend [ RunTime:0.015001s ]
SQL: INSERT INTO `think_friend` (`fromuser`,`touser`,`date`,`state`) VALUES (5,21,'2014-12-18 22:00:36',1) [ RunTime:0.002000s ]
INFO: [ app_end ] --START--
INFO: Run Behavior\ShowPageTraceBehavior [ RunTime:0.001000s ]
INFO: [ app_end ] --END-- [ RunTime:0.001000s ]

[ 2014-12-18T22:00:51+08:00 ] ::1 /weibo/index.php/Home/Common/addfriend
INFO: [ app_begin ] --START--
INFO: Run Behavior\ReadHtmlCacheBehavior [ RunTime:0.003000s ]
INFO: [ app_begin ] --END-- [ RunTime:0.005000s ]
SQL: DESCRIBE think_friend [ RunTime:0.019000s ]
SQL: INSERT INTO `think_friend` (`fromuser`,`touser`,`date`,`state`) VALUES (5,19,'2014-12-18 22:00:50',1) [ RunTime:0.001000s ]
INFO: [ app_end ] --START--
INFO: Run Behavior\ShowPageTraceBehavior [ RunTime:0.003000s ]
INFO: [ app_end ] --END-- [ RunTime:0.003000s ]

[ 2014-12-18T22:01:09+08:00 ] ::1 /weibo/index.php/Home/Common/addfriend
INFO: [ app_begin ] --START--
INFO: Run Behavior\ReadHtmlCacheBehavior [ RunTime:0.003000s ]
INFO: [ app_begin ] --END-- [ RunTime:0.004000s ]
SQL: DESCRIBE think_friend [ RunTime:0.014001s ]
SQL: INSERT INTO `think_friend` (`fromuser`,`touser`,`date`,`state`) VALUES (5,21,'2014-12-18 22:01:08',1) [ RunTime:0.002000s ]
INFO: [ app_end ] --START--
INFO: Run Behavior\ShowPageTraceBehavior [ RunTime:0.003000s ]
INFO: [ app_end ] --END-- [ RunTime:0.003000s ]

[ 2014-12-18T22:02:03+08:00 ] ::1 /weibo/index.php/Home/Common/addfriend
INFO: [ app_begin ] --START--
INFO: Run Behavior\ReadHtmlCacheBehavior [ RunTime:0.001000s ]
INFO: [ app_begin ] --END-- [ RunTime:0.002000s ]
SQL: DESCRIBE think_friend [ RunTime:0.015001s ]
SQL: INSERT INTO `think_friend` (`fromuser`,`touser`,`date`,`state`) VALUES (5,19,'2014-12-18 22:02:02',1) [ RunTime:0.003000s ]
INFO: [ app_end ] --START--
INFO: Run Behavior\ShowPageTraceBehavior [ RunTime:0.002000s ]
INFO: [ app_end ] --END-- [ RunTime:0.003000s ]

