[ 2015-01-24T10:18:05+08:00 ] ::1 /weibo/index.php/Home/Index/focus
INFO: [ app_begin ] --START--
INFO: Run Behavior\ReadHtmlCacheBehavior [ RunTime:0.001000s ]
INFO: [ app_begin ] --END-- [ RunTime:0.002000s ]
SQL: DESCRIBE think_user [ RunTime:0.037001s ]
SQL: DESCRIBE think_friend [ RunTime:0.014000s ]
SQL: SELECT `touser` FROM `think_friend` WHERE ( fromuser=5 )  [ RunTime:0.002001s ]
NOTIC: [8] Undefined variable: json D:\WWW\weibo\weibo\Home\Controller\IndexController.class.php 第 106 行.
INFO: [ app_end ] --START--
INFO: Run Behavior\ShowPageTraceBehavior [ RunTime:0.002000s ]
INFO: [ app_end ] --END-- [ RunTime:0.002000s ]

[ 2015-01-24T10:18:06+08:00 ] ::1 /weibo/index.php/Home/Common/askat
INFO: [ app_begin ] --START--
INFO: Run Behavior\ReadHtmlCacheBehavior [ RunTime:0.001000s ]
INFO: [ app_begin ] --END-- [ RunTime:0.002000s ]
SQL: DESCRIBE think_user [ RunTime:0.010000s ]
SQL: SELECT atnewcon,atnewcom,comment FROM `think_user` WHERE ( id=5 ) LIMIT 1   [ RunTime:0.002000s ]
NOTIC: [8] Undefined index: commment D:\WWW\weibo\weibo\Home\Controller\CommonController.class.php 第 429 行.

[ 2015-01-24T10:18:07+08:00 ] ::1 /weibo/index.php/Home/Index/fans
INFO: [ app_begin ] --START--
INFO: Run Behavior\ReadHtmlCacheBehavior [ RunTime:0.001000s ]
INFO: [ app_begin ] --END-- [ RunTime:0.002000s ]
SQL: DESCRIBE think_user [ RunTime:0.017001s ]
SQL: DESCRIBE think_friend [ RunTime:0.016000s ]
SQL: SELECT `fromuser` FROM `think_friend` WHERE ( touser=5 )  [ RunTime:0.002000s ]
SQL: SELECT `touser` FROM `think_friend` WHERE ( fromuser=5 )  [ RunTime:0.001000s ]
NOTIC: [8] Undefined variable: json D:\WWW\weibo\weibo\Home\Controller\IndexController.class.php 第 95 行.
INFO: [ app_end ] --START--
INFO: Run Behavior\ShowPageTraceBehavior [ RunTime:0.002000s ]
INFO: [ app_end ] --END-- [ RunTime:0.003000s ]

[ 2015-01-24T10:18:08+08:00 ] ::1 /weibo/index.php/Home/Index/atuser
INFO: [ app_begin ] --START--
INFO: Run Behavior\ReadHtmlCacheBehavior [ RunTime:0.001000s ]
INFO: [ app_begin ] --END-- [ RunTime:0.002000s ]
SQL: DESCRIBE think_user [ RunTime:0.017000s ]
SQL: DESCRIBE think_friend [ RunTime:0.015001s ]
SQL: SELECT `touser` FROM `think_friend` WHERE ( fromuser=5 )  [ RunTime:0.001000s ]
SQL: SELECT `username` FROM `think_user` WHERE `id` IN ('21','19','23','22','8','9','7','10','13')  [ RunTime:0.002000s ]
NOTIC: [8] Undefined variable: json D:\WWW\weibo\weibo\Home\Controller\IndexController.class.php 第 83 行.
INFO: [ app_end ] --START--
INFO: Run Behavior\ShowPageTraceBehavior [ RunTime:0.001000s ]
INFO: [ app_end ] --END-- [ RunTime:0.003000s ]

[ 2015-01-24T10:18:17+08:00 ] ::1 /weibo/index.php/Home/Common/showusercard
INFO: [ app_begin ] --START--
INFO: Run Behavior\ReadHtmlCacheBehavior [ RunTime:0.001000s ]
INFO: [ app_begin ] --END-- [ RunTime:0.002000s ]
SQL: DESCRIBE think_user [ RunTime:0.019000s ]
SQL: SELECT `id`,`production`,`photo`,`username`,`focus`,`fans`,`contentcount` FROM `think_user` WHERE ( id=13 ) LIMIT 1   [ RunTime:0.002000s ]
NOTIC: [8] Undefined variable: json D:\WWW\weibo\weibo\Home\Controller\CommonController.class.php 第 175 行.
INFO: [ app_end ] --START--
INFO: Run Behavior\ShowPageTraceBehavior [ RunTime:0.002000s ]
INFO: [ app_end ] --END-- [ RunTime:0.002000s ]

[ 2015-01-24T10:18:25+08:00 ] ::1 /weibo/index.php/Home/Common/showusercard
INFO: [ app_begin ] --START--
INFO: Run Behavior\ReadHtmlCacheBehavior [ RunTime:0.001000s ]
INFO: [ app_begin ] --END-- [ RunTime:0.004000s ]
SQL: DESCRIBE think_user [ RunTime:0.017001s ]
SQL: SELECT `id`,`production`,`photo`,`username`,`focus`,`fans`,`contentcount` FROM `think_user` WHERE ( id=13 ) LIMIT 1   [ RunTime:0.002000s ]
NOTIC: [8] Undefined variable: json D:\WWW\weibo\weibo\Home\Controller\CommonController.class.php 第 175 行.
INFO: [ app_end ] --START--
INFO: Run Behavior\ShowPageTraceBehavior [ RunTime:0.002000s ]
INFO: [ app_end ] --END-- [ RunTime:0.002000s ]

[ 2015-01-24T10:18:34+08:00 ] ::1 /weibo/index.php/Home/Common/showusercard
INFO: [ app_begin ] --START--
INFO: Run Behavior\ReadHtmlCacheBehavior [ RunTime:0.002000s ]
INFO: [ app_begin ] --END-- [ RunTime:0.003000s ]
SQL: DESCRIBE think_user [ RunTime:0.017000s ]
SQL: SELECT `id`,`production`,`photo`,`username`,`focus`,`fans`,`contentcount` FROM `think_user` WHERE ( id=13 ) LIMIT 1   [ RunTime:0.003000s ]
NOTIC: [8] Undefined variable: json D:\WWW\weibo\weibo\Home\Controller\CommonController.class.php 第 175 行.
INFO: [ app_end ] --START--
INFO: Run Behavior\ShowPageTraceBehavior [ RunTime:0.001000s ]
INFO: [ app_end ] --END-- [ RunTime:0.001000s ]

[ 2015-01-24T10:18:35+08:00 ] ::1 /weibo/index.php/Home/Common/showusercard
INFO: [ app_begin ] --START--
INFO: Run Behavior\ReadHtmlCacheBehavior [ RunTime:0.001000s ]
INFO: [ app_begin ] --END-- [ RunTime:0.004000s ]
SQL: DESCRIBE think_user [ RunTime:0.017001s ]
SQL: SELECT `id`,`production`,`photo`,`username`,`focus`,`fans`,`contentcount` FROM `think_user` WHERE ( id=13 ) LIMIT 1   [ RunTime:0.003000s ]
NOTIC: [8] Undefined variable: json D:\WWW\weibo\weibo\Home\Controller\CommonController.class.php 第 175 行.
INFO: [ app_end ] --START--
INFO: Run Behavior\ShowPageTraceBehavior [ RunTime:0.002000s ]
INFO: [ app_end ] --END-- [ RunTime:0.002000s ]

[ 2015-01-24T10:18:36+08:00 ] ::1 /weibo/index.php/Home/Common/showusercard
INFO: [ app_begin ] --START--
INFO: Run Behavior\ReadHtmlCacheBehavior [ RunTime:0.002000s ]
INFO: [ app_begin ] --END-- [ RunTime:0.003000s ]
SQL: DESCRIBE think_user [ RunTime:0.018001s ]
SQL: SELECT `id`,`production`,`photo`,`username`,`focus`,`fans`,`contentcount` FROM `think_user` WHERE ( id=13 ) LIMIT 1   [ RunTime:0.003000s ]
NOTIC: [8] Undefined variable: json D:\WWW\weibo\weibo\Home\Controller\CommonController.class.php 第 175 行.
INFO: [ app_end ] --START--
INFO: Run Behavior\ShowPageTraceBehavior [ RunTime:0.001000s ]
INFO: [ app_end ] --END-- [ RunTime:0.002000s ]

[ 2015-01-24T10:19:30+08:00 ] ::1 /weibo/index.php/Home/Common/up
INFO: [ app_begin ] --START--
INFO: Run Behavior\ReadHtmlCacheBehavior [ RunTime:0.020000s ]
INFO: [ app_begin ] --END-- [ RunTime:0.021000s ]
NOTIC: [8] Undefined variable: file D:\WWW\weibo\weibo\Home\Controller\CommonController.class.php 第 200 行.
NOTIC: [2] call_user_func() expects parameter 1 to be a valid callback, no array or string given D:\WWW\weibo\ThinkPHP\Library\Think\Upload.class.php 第 170 行.
NOTIC: [8] Undefined index: exts D:\WWW\weibo\weibo\Home\Controller\CommonController.class.php 第 210 行.
NOTIC: [8] Undefined index: exts D:\WWW\weibo\weibo\Home\Controller\CommonController.class.php 第 211 行.
NOTIC: [8] Undefined index: exts D:\WWW\weibo\weibo\Home\Controller\CommonController.class.php 第 212 行.
INFO: [ app_end ] --START--
INFO: Run Behavior\ShowPageTraceBehavior [ RunTime:0.001000s ]
INFO: [ app_end ] --END-- [ RunTime:0.001000s ]

[ 2015-01-24T10:19:30+08:00 ] ::1 /weibo/index.php/Home/Common/up
INFO: [ app_begin ] --START--
INFO: Run Behavior\ReadHtmlCacheBehavior [ RunTime:0.001000s ]
INFO: [ app_begin ] --END-- [ RunTime:0.004000s ]
NOTIC: [8] Undefined variable: file D:\WWW\weibo\weibo\Home\Controller\CommonController.class.php 第 200 行.
NOTIC: [2] call_user_func() expects parameter 1 to be a valid callback, no array or string given D:\WWW\weibo\ThinkPHP\Library\Think\Upload.class.php 第 170 行.
NOTIC: [8] Undefined index: exts D:\WWW\weibo\weibo\Home\Controller\CommonController.class.php 第 210 行.
NOTIC: [8] Undefined index: exts D:\WWW\weibo\weibo\Home\Controller\CommonController.class.php 第 211 行.
NOTIC: [8] Undefined index: exts D:\WWW\weibo\weibo\Home\Controller\CommonController.class.php 第 212 行.
INFO: [ app_end ] --START--
INFO: Run Behavior\ShowPageTraceBehavior [ RunTime:0.001000s ]
INFO: [ app_end ] --END-- [ RunTime:0.001000s ]

[ 2015-01-24T10:19:31+08:00 ] ::1 /weibo/index.php/Home/Common/up
INFO: [ app_begin ] --START--
INFO: Run Behavior\ReadHtmlCacheBehavior [ RunTime:0.001000s ]
INFO: [ app_begin ] --END-- [ RunTime:0.002000s ]
NOTIC: [8] Undefined variable: file D:\WWW\weibo\weibo\Home\Controller\CommonController.class.php 第 200 行.
NOTIC: [2] call_user_func() expects parameter 1 to be a valid callback, no array or string given D:\WWW\weibo\ThinkPHP\Library\Think\Upload.class.php 第 170 行.
NOTIC: [8] Undefined index: exts D:\WWW\weibo\weibo\Home\Controller\CommonController.class.php 第 210 行.
NOTIC: [8] Undefined index: exts D:\WWW\weibo\weibo\Home\Controller\CommonController.class.php 第 211 行.
NOTIC: [8] Undefined index: exts D:\WWW\weibo\weibo\Home\Controller\CommonController.class.php 第 212 行.
INFO: [ app_end ] --START--
INFO: Run Behavior\ShowPageTraceBehavior [ RunTime:0.002000s ]
INFO: [ app_end ] --END-- [ RunTime:0.002000s ]

[ 2015-01-24T10:19:31+08:00 ] ::1 /weibo/index.php/Home/Common/up
INFO: [ app_begin ] --START--
INFO: Run Behavior\ReadHtmlCacheBehavior [ RunTime:0.001000s ]
INFO: [ app_begin ] --END-- [ RunTime:0.002000s ]
NOTIC: [8] Undefined variable: file D:\WWW\weibo\weibo\Home\Controller\CommonController.class.php 第 200 行.
NOTIC: [2] call_user_func() expects parameter 1 to be a valid callback, no array or string given D:\WWW\weibo\ThinkPHP\Library\Think\Upload.class.php 第 170 行.
NOTIC: [8] Undefined index: exts D:\WWW\weibo\weibo\Home\Controller\CommonController.class.php 第 210 行.
NOTIC: [8] Undefined index: exts D:\WWW\weibo\weibo\Home\Controller\CommonController.class.php 第 211 行.
NOTIC: [8] Undefined index: exts D:\WWW\weibo\weibo\Home\Controller\CommonController.class.php 第 212 行.
INFO: [ app_end ] --START--
INFO: Run Behavior\ShowPageTraceBehavior [ RunTime:0.001000s ]
INFO: [ app_end ] --END-- [ RunTime:0.002000s ]

[ 2015-01-24T10:19:31+08:00 ] ::1 /weibo/index.php/Home/Common/up
INFO: [ app_begin ] --START--
INFO: Run Behavior\ReadHtmlCacheBehavior [ RunTime:0.001000s ]
INFO: [ app_begin ] --END-- [ RunTime:0.002000s ]
NOTIC: [8] Undefined variable: file D:\WWW\weibo\weibo\Home\Controller\CommonController.class.php 第 200 行.
NOTIC: [2] call_user_func() expects parameter 1 to be a valid callback, no array or string given D:\WWW\weibo\ThinkPHP\Library\Think\Upload.class.php 第 170 行.
NOTIC: [8] Undefined index: exts D:\WWW\weibo\weibo\Home\Controller\CommonController.class.php 第 210 行.
NOTIC: [8] Undefined index: exts D:\WWW\weibo\weibo\Home\Controller\CommonController.class.php 第 211 行.
NOTIC: [8] Undefined index: exts D:\WWW\weibo\weibo\Home\Controller\CommonController.class.php 第 212 行.
INFO: [ app_end ] --START--
INFO: Run Behavior\ShowPageTraceBehavior [ RunTime:0.001000s ]
INFO: [ app_end ] --END-- [ RunTime:0.001000s ]

[ 2015-01-24T10:19:31+08:00 ] ::1 /weibo/index.php/Home/Common/up
INFO: [ app_begin ] --START--
INFO: Run Behavior\ReadHtmlCacheBehavior [ RunTime:0.001000s ]
INFO: [ app_begin ] --END-- [ RunTime:0.002000s ]
NOTIC: [8] Undefined variable: file D:\WWW\weibo\weibo\Home\Controller\CommonController.class.php 第 200 行.
NOTIC: [2] call_user_func() expects parameter 1 to be a valid callback, no array or string given D:\WWW\weibo\ThinkPHP\Library\Think\Upload.class.php 第 170 行.
NOTIC: [8] Undefined index: exts D:\WWW\weibo\weibo\Home\Controller\CommonController.class.php 第 210 行.
NOTIC: [8] Undefined index: exts D:\WWW\weibo\weibo\Home\Controller\CommonController.class.php 第 211 行.
NOTIC: [8] Undefined index: exts D:\WWW\weibo\weibo\Home\Controller\CommonController.class.php 第 212 行.
INFO: [ app_end ] --START--
INFO: Run Behavior\ShowPageTraceBehavior [ RunTime:0.002000s ]
INFO: [ app_end ] --END-- [ RunTime:0.002000s ]

[ 2015-01-24T10:20:45+08:00 ] ::1 /weibo/index.php/Home/Index/focus
INFO: [ app_begin ] --START--
INFO: Run Behavior\ReadHtmlCacheBehavior [ RunTime:0.002000s ]
INFO: [ app_begin ] --END-- [ RunTime:0.002000s ]
SQL: DESCRIBE think_user [ RunTime:0.011001s ]
SQL: DESCRIBE think_friend [ RunTime:0.009000s ]
SQL: SELECT `touser` FROM `think_friend` WHERE ( fromuser=5 )  [ RunTime:0.001000s ]
NOTIC: [8] Undefined variable: json D:\WWW\weibo\weibo\Home\Controller\IndexController.class.php 第 106 行.
INFO: [ app_end ] --START--
INFO: Run Behavior\ShowPageTraceBehavior [ RunTime:0.002000s ]
INFO: [ app_end ] --END-- [ RunTime:0.002000s ]

[ 2015-01-24T10:20:47+08:00 ] ::1 /weibo/index.php/Home/Index/fans
INFO: [ app_begin ] --START--
INFO: Run Behavior\ReadHtmlCacheBehavior [ RunTime:0.002000s ]
INFO: [ app_begin ] --END-- [ RunTime:0.002000s ]
SQL: DESCRIBE think_user [ RunTime:0.018001s ]
SQL: DESCRIBE think_friend [ RunTime:0.014000s ]
SQL: SELECT `fromuser` FROM `think_friend` WHERE ( touser=5 )  [ RunTime:0.002000s ]
SQL: SELECT `touser` FROM `think_friend` WHERE ( fromuser=5 )  [ RunTime:0.002000s ]
NOTIC: [8] Undefined variable: json D:\WWW\weibo\weibo\Home\Controller\IndexController.class.php 第 95 行.
INFO: [ app_end ] --START--
INFO: Run Behavior\ShowPageTraceBehavior [ RunTime:0.001000s ]
INFO: [ app_end ] --END-- [ RunTime:0.001000s ]

[ 2015-01-24T10:20:48+08:00 ] ::1 /weibo/index.php/Home/Common/askat
INFO: [ app_begin ] --START--
INFO: Run Behavior\ReadHtmlCacheBehavior [ RunTime:0.001000s ]
INFO: [ app_begin ] --END-- [ RunTime:0.002000s ]
SQL: DESCRIBE think_user [ RunTime:0.018001s ]
SQL: SELECT atnewcon,atnewcom,comment FROM `think_user` WHERE ( id=5 ) LIMIT 1   [ RunTime:0.002000s ]
NOTIC: [8] Undefined index: commment D:\WWW\weibo\weibo\Home\Controller\CommonController.class.php 第 429 行.

[ 2015-01-24T10:20:49+08:00 ] ::1 /weibo/index.php/Home/Index/atuser
INFO: [ app_begin ] --START--
INFO: Run Behavior\ReadHtmlCacheBehavior [ RunTime:0.001000s ]
INFO: [ app_begin ] --END-- [ RunTime:0.003000s ]
SQL: DESCRIBE think_user [ RunTime:0.017001s ]
SQL: DESCRIBE think_friend [ RunTime:0.015000s ]
SQL: SELECT `touser` FROM `think_friend` WHERE ( fromuser=5 )  [ RunTime:0.003000s ]
SQL: SELECT `username` FROM `think_user` WHERE `id` IN ('21','19','23','22','8','9','7','10','13')  [ RunTime:0.002000s ]
NOTIC: [8] Undefined variable: json D:\WWW\weibo\weibo\Home\Controller\IndexController.class.php 第 83 行.
INFO: [ app_end ] --START--
INFO: Run Behavior\ShowPageTraceBehavior [ RunTime:0.002000s ]
INFO: [ app_end ] --END-- [ RunTime:0.002000s ]

[ 2015-01-24T10:20:56+08:00 ] ::1 /weibo/index.php/Home/Common/up
INFO: [ app_begin ] --START--
INFO: Run Behavior\ReadHtmlCacheBehavior [ RunTime:0.001000s ]
INFO: [ app_begin ] --END-- [ RunTime:0.003000s ]
NOTIC: [8] Undefined variable: file D:\WWW\weibo\weibo\Home\Controller\CommonController.class.php 第 200 行.
NOTIC: [2] call_user_func() expects parameter 1 to be a valid callback, no array or string given D:\WWW\weibo\ThinkPHP\Library\Think\Upload.class.php 第 170 行.
NOTIC: [8] Undefined index: exts D:\WWW\weibo\weibo\Home\Controller\CommonController.class.php 第 210 行.
NOTIC: [8] Undefined index: exts D:\WWW\weibo\weibo\Home\Controller\CommonController.class.php 第 211 行.
NOTIC: [8] Undefined index: exts D:\WWW\weibo\weibo\Home\Controller\CommonController.class.php 第 212 行.
INFO: [ app_end ] --START--
INFO: Run Behavior\ShowPageTraceBehavior [ RunTime:0.002000s ]
INFO: [ app_end ] --END-- [ RunTime:0.002000s ]

[ 2015-01-24T10:20:57+08:00 ] ::1 /weibo/index.php/Home/Common/up
INFO: [ app_begin ] --START--
INFO: Run Behavior\ReadHtmlCacheBehavior [ RunTime:0.001000s ]
INFO: [ app_begin ] --END-- [ RunTime:0.002000s ]
NOTIC: [8] Undefined variable: file D:\WWW\weibo\weibo\Home\Controller\CommonController.class.php 第 200 行.
NOTIC: [2] call_user_func() expects parameter 1 to be a valid callback, no array or string given D:\WWW\weibo\ThinkPHP\Library\Think\Upload.class.php 第 170 行.
NOTIC: [8] Undefined index: exts D:\WWW\weibo\weibo\Home\Controller\CommonController.class.php 第 210 行.
NOTIC: [8] Undefined index: exts D:\WWW\weibo\weibo\Home\Controller\CommonController.class.php 第 211 行.
NOTIC: [8] Undefined index: exts D:\WWW\weibo\weibo\Home\Controller\CommonController.class.php 第 212 行.
INFO: [ app_end ] --START--
INFO: Run Behavior\ShowPageTraceBehavior [ RunTime:0.002000s ]
INFO: [ app_end ] --END-- [ RunTime:0.002000s ]

[ 2015-01-24T10:20:57+08:00 ] ::1 /weibo/index.php/Home/Common/up
INFO: [ app_begin ] --START--
INFO: Run Behavior\ReadHtmlCacheBehavior [ RunTime:0.002000s ]
INFO: [ app_begin ] --END-- [ RunTime:0.003000s ]
NOTIC: [8] Undefined variable: file D:\WWW\weibo\weibo\Home\Controller\CommonController.class.php 第 200 行.
NOTIC: [2] call_user_func() expects parameter 1 to be a valid callback, no array or string given D:\WWW\weibo\ThinkPHP\Library\Think\Upload.class.php 第 170 行.
NOTIC: [8] Undefined index: exts D:\WWW\weibo\weibo\Home\Controller\CommonController.class.php 第 210 行.
NOTIC: [8] Undefined index: exts D:\WWW\weibo\weibo\Home\Controller\CommonController.class.php 第 211 行.
NOTIC: [8] Undefined index: exts D:\WWW\weibo\weibo\Home\Controller\CommonController.class.php 第 212 行.
INFO: [ app_end ] --START--
INFO: Run Behavior\ShowPageTraceBehavior [ RunTime:0.001000s ]
INFO: [ app_end ] --END-- [ RunTime:0.001000s ]

[ 2015-01-24T10:20:57+08:00 ] ::1 /weibo/index.php/Home/Common/up
INFO: [ app_begin ] --START--
INFO: Run Behavior\ReadHtmlCacheBehavior [ RunTime:0.001000s ]
INFO: [ app_begin ] --END-- [ RunTime:0.002000s ]
NOTIC: [8] Undefined variable: file D:\WWW\weibo\weibo\Home\Controller\CommonController.class.php 第 200 行.
NOTIC: [2] call_user_func() expects parameter 1 to be a valid callback, no array or string given D:\WWW\weibo\ThinkPHP\Library\Think\Upload.class.php 第 170 行.
NOTIC: [8] Undefined index: exts D:\WWW\weibo\weibo\Home\Controller\CommonController.class.php 第 210 行.
NOTIC: [8] Undefined index: exts D:\WWW\weibo\weibo\Home\Controller\CommonController.class.php 第 211 行.
NOTIC: [8] Undefined index: exts D:\WWW\weibo\weibo\Home\Controller\CommonController.class.php 第 212 行.
INFO: [ app_end ] --START--
INFO: Run Behavior\ShowPageTraceBehavior [ RunTime:0.003000s ]
INFO: [ app_end ] --END-- [ RunTime:0.003000s ]

[ 2015-01-24T10:22:10+08:00 ] ::1 /weibo/index.php/Home/Index/focus
INFO: [ app_begin ] --START--
INFO: Run Behavior\ReadHtmlCacheBehavior [ RunTime:0.001000s ]
INFO: [ app_begin ] --END-- [ RunTime:0.002000s ]
SQL: DESCRIBE think_user [ RunTime:0.010000s ]
SQL: DESCRIBE think_friend [ RunTime:0.010000s ]
SQL: SELECT `touser` FROM `think_friend` WHERE ( fromuser=5 )  [ RunTime:0.001000s ]
NOTIC: [8] Undefined variable: json D:\WWW\weibo\weibo\Home\Controller\IndexController.class.php 第 106 行.
INFO: [ app_end ] --START--
INFO: Run Behavior\ShowPageTraceBehavior [ RunTime:0.001001s ]
INFO: [ app_end ] --END-- [ RunTime:0.002001s ]

[ 2015-01-24T10:22:12+08:00 ] ::1 /weibo/index.php/Home/Common/askat
INFO: [ app_begin ] --START--
INFO: Run Behavior\ReadHtmlCacheBehavior [ RunTime:0.001000s ]
INFO: [ app_begin ] --END-- [ RunTime:0.002000s ]
SQL: DESCRIBE think_user [ RunTime:0.019000s ]
SQL: SELECT atnewcon,atnewcom,comment FROM `think_user` WHERE ( id=5 ) LIMIT 1   [ RunTime:0.002000s ]
NOTIC: [8] Undefined index: commment D:\WWW\weibo\weibo\Home\Controller\CommonController.class.php 第 429 行.

[ 2015-01-24T10:22:13+08:00 ] ::1 /weibo/index.php/Home/Index/fans
INFO: [ app_begin ] --START--
INFO: Run Behavior\ReadHtmlCacheBehavior [ RunTime:0.001000s ]
INFO: [ app_begin ] --END-- [ RunTime:0.002000s ]
SQL: DESCRIBE think_user [ RunTime:0.017000s ]
SQL: DESCRIBE think_friend [ RunTime:0.015000s ]
SQL: SELECT `fromuser` FROM `think_friend` WHERE ( touser=5 )  [ RunTime:0.002000s ]
SQL: SELECT `touser` FROM `think_friend` WHERE ( fromuser=5 )  [ RunTime:0.002000s ]
NOTIC: [8] Undefined variable: json D:\WWW\weibo\weibo\Home\Controller\IndexController.class.php 第 95 行.
INFO: [ app_end ] --START--
INFO: Run Behavior\ShowPageTraceBehavior [ RunTime:0.003000s ]
INFO: [ app_end ] --END-- [ RunTime:0.003000s ]

[ 2015-01-24T10:22:14+08:00 ] ::1 /weibo/index.php/Home/Index/atuser
INFO: [ app_begin ] --START--
INFO: Run Behavior\ReadHtmlCacheBehavior [ RunTime:0.002000s ]
INFO: [ app_begin ] --END-- [ RunTime:0.003000s ]
SQL: DESCRIBE think_user [ RunTime:0.018001s ]
SQL: DESCRIBE think_friend [ RunTime:0.016000s ]
SQL: SELECT `touser` FROM `think_friend` WHERE ( fromuser=5 )  [ RunTime:0.002000s ]
SQL: SELECT `username` FROM `think_user` WHERE `id` IN ('21','19','23','22','8','9','7','10','13')  [ RunTime:0.002000s ]
NOTIC: [8] Undefined variable: json D:\WWW\weibo\weibo\Home\Controller\IndexController.class.php 第 83 行.
INFO: [ app_end ] --START--
INFO: Run Behavior\ShowPageTraceBehavior [ RunTime:0.001000s ]
INFO: [ app_end ] --END-- [ RunTime:0.003000s ]

[ 2015-01-24T10:22:33+08:00 ] ::1 /weibo/index.php/Home/Common/up
INFO: [ app_begin ] --START--
INFO: Run Behavior\ReadHtmlCacheBehavior [ RunTime:0.002000s ]
INFO: [ app_begin ] --END-- [ RunTime:0.003000s ]
NOTIC: [8] Undefined variable: file D:\WWW\weibo\weibo\Home\Controller\CommonController.class.php 第 200 行.
NOTIC: [2] call_user_func() expects parameter 1 to be a valid callback, no array or string given D:\WWW\weibo\ThinkPHP\Library\Think\Upload.class.php 第 170 行.
NOTIC: [8] Undefined index: exts D:\WWW\weibo\weibo\Home\Controller\CommonController.class.php 第 210 行.
NOTIC: [8] Undefined index: exts D:\WWW\weibo\weibo\Home\Controller\CommonController.class.php 第 211 行.
NOTIC: [8] Undefined index: exts D:\WWW\weibo\weibo\Home\Controller\CommonController.class.php 第 212 行.
INFO: [ app_end ] --START--
INFO: Run Behavior\ShowPageTraceBehavior [ RunTime:0.001000s ]
INFO: [ app_end ] --END-- [ RunTime:0.002000s ]

[ 2015-01-24T10:22:34+08:00 ] ::1 /weibo/index.php/Home/Common/up
INFO: [ app_begin ] --START--
INFO: Run Behavior\ReadHtmlCacheBehavior [ RunTime:0.001000s ]
INFO: [ app_begin ] --END-- [ RunTime:0.002000s ]
NOTIC: [8] Undefined variable: file D:\WWW\weibo\weibo\Home\Controller\CommonController.class.php 第 200 行.
NOTIC: [2] call_user_func() expects parameter 1 to be a valid callback, no array or string given D:\WWW\weibo\ThinkPHP\Library\Think\Upload.class.php 第 170 行.
NOTIC: [8] Undefined index: exts D:\WWW\weibo\weibo\Home\Controller\CommonController.class.php 第 210 行.
NOTIC: [8] Undefined index: exts D:\WWW\weibo\weibo\Home\Controller\CommonController.class.php 第 211 行.
NOTIC: [8] Undefined index: exts D:\WWW\weibo\weibo\Home\Controller\CommonController.class.php 第 212 行.
INFO: [ app_end ] --START--
INFO: Run Behavior\ShowPageTraceBehavior [ RunTime:0.001000s ]
INFO: [ app_end ] --END-- [ RunTime:0.002000s ]

[ 2015-01-24T10:22:34+08:00 ] ::1 /weibo/index.php/Home/Common/up
INFO: [ app_begin ] --START--
INFO: Run Behavior\ReadHtmlCacheBehavior [ RunTime:0.001000s ]
INFO: [ app_begin ] --END-- [ RunTime:0.002000s ]
NOTIC: [8] Undefined variable: file D:\WWW\weibo\weibo\Home\Controller\CommonController.class.php 第 200 行.
NOTIC: [2] call_user_func() expects parameter 1 to be a valid callback, no array or string given D:\WWW\weibo\ThinkPHP\Library\Think\Upload.class.php 第 170 行.
NOTIC: [8] Undefined index: exts D:\WWW\weibo\weibo\Home\Controller\CommonController.class.php 第 210 行.
NOTIC: [8] Undefined index: exts D:\WWW\weibo\weibo\Home\Controller\CommonController.class.php 第 211 行.
NOTIC: [8] Undefined index: exts D:\WWW\weibo\weibo\Home\Controller\CommonController.class.php 第 212 行.
INFO: [ app_end ] --START--
INFO: Run Behavior\ShowPageTraceBehavior [ RunTime:0.002000s ]
INFO: [ app_end ] --END-- [ RunTime:0.002000s ]

[ 2015-01-24T10:22:34+08:00 ] ::1 /weibo/index.php/Home/Common/up
INFO: [ app_begin ] --START--
INFO: Run Behavior\ReadHtmlCacheBehavior [ RunTime:0.001000s ]
INFO: [ app_begin ] --END-- [ RunTime:0.002000s ]
NOTIC: [8] Undefined variable: file D:\WWW\weibo\weibo\Home\Controller\CommonController.class.php 第 200 行.
NOTIC: [2] call_user_func() expects parameter 1 to be a valid callback, no array or string given D:\WWW\weibo\ThinkPHP\Library\Think\Upload.class.php 第 170 行.
NOTIC: [8] Undefined index: exts D:\WWW\weibo\weibo\Home\Controller\CommonController.class.php 第 210 行.
NOTIC: [8] Undefined index: exts D:\WWW\weibo\weibo\Home\Controller\CommonController.class.php 第 211 行.
NOTIC: [8] Undefined index: exts D:\WWW\weibo\weibo\Home\Controller\CommonController.class.php 第 212 行.
INFO: [ app_end ] --START--
INFO: Run Behavior\ShowPageTraceBehavior [ RunTime:0.001000s ]
INFO: [ app_end ] --END-- [ RunTime:0.001000s ]

[ 2015-01-24T10:22:35+08:00 ] ::1 /weibo/index.php/Home/Common/content/
INFO: [ app_begin ] --START--
INFO: Run Behavior\ReadHtmlCacheBehavior [ RunTime:0.001000s ]
INFO: [ app_begin ] --END-- [ RunTime:0.001000s ]
SQL: DESCRIBE think_content [ RunTime:0.017001s ]
SQL: DESCRIBE think_user [ RunTime:0.017000s ]
SQL: DESCRIBE think_news [ RunTime:0.071002s ]
SQL: INSERT INTO `think_content` (`date`,`uid`,`content`,`position`) VALUES ('2015-01-24 10:22:34',5,'喂','142206612960830') [ RunTime:0.031001s ]
SQL: UPDATE `think_user` SET `contentcount`=contentcount+1 WHERE ( id=5 ) [ RunTime:0.003000s ]
INFO: [ app_end ] --START--
INFO: Run Behavior\ShowPageTraceBehavior [ RunTime:0.002000s ]
INFO: [ app_end ] --END-- [ RunTime:0.002000s ]

[ 2015-01-24T10:22:50+08:00 ] ::1 /weibo/index.php/Home/Index/focus
INFO: [ app_begin ] --START--
INFO: Run Behavior\ReadHtmlCacheBehavior [ RunTime:0.001000s ]
INFO: [ app_begin ] --END-- [ RunTime:0.002000s ]
SQL: DESCRIBE think_user [ RunTime:0.010000s ]
SQL: DESCRIBE think_friend [ RunTime:0.009001s ]
SQL: SELECT `touser` FROM `think_friend` WHERE ( fromuser=5 )  [ RunTime:0.001000s ]
NOTIC: [8] Undefined variable: json D:\WWW\weibo\weibo\Home\Controller\IndexController.class.php 第 106 行.
INFO: [ app_end ] --START--
INFO: Run Behavior\ShowPageTraceBehavior [ RunTime:0.001000s ]
INFO: [ app_end ] --END-- [ RunTime:0.001000s ]

[ 2015-01-24T10:22:51+08:00 ] ::1 /weibo/index.php/Home/Index/fans
INFO: [ app_begin ] --START--
INFO: Run Behavior\ReadHtmlCacheBehavior [ RunTime:0.001000s ]
INFO: [ app_begin ] --END-- [ RunTime:0.003000s ]
SQL: DESCRIBE think_user [ RunTime:0.018000s ]
SQL: DESCRIBE think_friend [ RunTime:0.018001s ]
SQL: SELECT `fromuser` FROM `think_friend` WHERE ( touser=5 )  [ RunTime:0.002000s ]
SQL: SELECT `touser` FROM `think_friend` WHERE ( fromuser=5 )  [ RunTime:0.002000s ]
NOTIC: [8] Undefined variable: json D:\WWW\weibo\weibo\Home\Controller\IndexController.class.php 第 95 行.
INFO: [ app_end ] --START--
INFO: Run Behavior\ShowPageTraceBehavior [ RunTime:0.002000s ]
INFO: [ app_end ] --END-- [ RunTime:0.002000s ]

[ 2015-01-24T10:22:52+08:00 ] ::1 /weibo/index.php/Home/Common/askat
INFO: [ app_begin ] --START--
INFO: Run Behavior\ReadHtmlCacheBehavior [ RunTime:0.001000s ]
INFO: [ app_begin ] --END-- [ RunTime:0.002000s ]
SQL: DESCRIBE think_user [ RunTime:0.019000s ]
SQL: SELECT atnewcon,atnewcom,comment FROM `think_user` WHERE ( id=5 ) LIMIT 1   [ RunTime:0.002000s ]
NOTIC: [8] Undefined index: commment D:\WWW\weibo\weibo\Home\Controller\CommonController.class.php 第 429 行.

[ 2015-01-24T10:22:53+08:00 ] ::1 /weibo/index.php/Home/Index/atuser
INFO: [ app_begin ] --START--
INFO: Run Behavior\ReadHtmlCacheBehavior [ RunTime:0.002000s ]
INFO: [ app_begin ] --END-- [ RunTime:0.002000s ]
SQL: DESCRIBE think_user [ RunTime:0.022001s ]
SQL: DESCRIBE think_friend [ RunTime:0.017000s ]
SQL: SELECT `touser` FROM `think_friend` WHERE ( fromuser=5 )  [ RunTime:0.002000s ]
SQL: SELECT `username` FROM `think_user` WHERE `id` IN ('21','19','23','22','8','9','7','10','13')  [ RunTime:0.004000s ]
NOTIC: [8] Undefined variable: json D:\WWW\weibo\weibo\Home\Controller\IndexController.class.php 第 83 行.
INFO: [ app_end ] --START--
INFO: Run Behavior\ShowPageTraceBehavior [ RunTime:0.002001s ]
INFO: [ app_end ] --END-- [ RunTime:0.002001s ]

[ 2015-01-24T11:18:48+08:00 ] ::1 /weibo/index.php/Home/Index/focus
INFO: [ app_begin ] --START--
INFO: Run Behavior\ReadHtmlCacheBehavior [ RunTime:0.001000s ]
INFO: [ app_begin ] --END-- [ RunTime:0.002000s ]
SQL: DESCRIBE think_user [ RunTime:0.010000s ]
SQL: DESCRIBE think_friend [ RunTime:0.010000s ]
SQL: SELECT `touser` FROM `think_friend` WHERE ( fromuser= )  [ RunTime:0.002001s ]
ERR: 1064:You have an error in your SQL syntax; check the manual that corresponds to your MySQL server version for the right syntax to use near ')' at line 1
 [ SQL语句 ] : SELECT `touser` FROM `think_friend` WHERE ( fromuser= ) 
NOTIC: [2] Invalid argument supplied for foreach() D:\WWW\weibo\weibo\Home\Controller\IndexController.class.php 第 103 行.
NOTIC: [8] Undefined variable: json D:\WWW\weibo\weibo\Home\Controller\IndexController.class.php 第 106 行.
INFO: [ app_end ] --START--
INFO: Run Behavior\ShowPageTraceBehavior [ RunTime:0.001000s ]
INFO: [ app_end ] --END-- [ RunTime:0.001000s ]

[ 2015-01-24T11:18:49+08:00 ] ::1 /weibo/index.php/Home/Index/fans
INFO: [ app_begin ] --START--
INFO: Run Behavior\ReadHtmlCacheBehavior [ RunTime:0.001000s ]
INFO: [ app_begin ] --END-- [ RunTime:0.002000s ]
SQL: DESCRIBE think_user [ RunTime:0.030001s ]
SQL: DESCRIBE think_friend [ RunTime:0.018000s ]
SQL: SELECT `fromuser` FROM `think_friend` WHERE ( touser= )  [ RunTime:0.002000s ]
ERR: 1064:You have an error in your SQL syntax; check the manual that corresponds to your MySQL server version for the right syntax to use near ')' at line 1
 [ SQL语句 ] : SELECT `fromuser` FROM `think_friend` WHERE ( touser= ) 
SQL: SELECT `touser` FROM `think_friend` WHERE ( fromuser= )  [ RunTime:0.001000s ]
ERR: 1064:You have an error in your SQL syntax; check the manual that corresponds to your MySQL server version for the right syntax to use near ')' at line 1
 [ SQL语句 ] : SELECT `touser` FROM `think_friend` WHERE ( fromuser= ) 
NOTIC: [2] Invalid argument supplied for foreach() D:\WWW\weibo\weibo\Home\Controller\IndexController.class.php 第 92 行.
NOTIC: [8] Undefined variable: json D:\WWW\weibo\weibo\Home\Controller\IndexController.class.php 第 95 行.
INFO: [ app_end ] --START--
INFO: Run Behavior\ShowPageTraceBehavior [ RunTime:0.002001s ]
INFO: [ app_end ] --END-- [ RunTime:0.003001s ]

[ 2015-01-24T11:18:50+08:00 ] ::1 /weibo/index.php/Home/Common/askat
INFO: [ app_begin ] --START--
INFO: Run Behavior\ReadHtmlCacheBehavior [ RunTime:0.001000s ]
INFO: [ app_begin ] --END-- [ RunTime:0.002000s ]
SQL: DESCRIBE think_user [ RunTime:0.019001s ]
SQL: SELECT atnewcon,atnewcom,comment FROM `think_user` WHERE ( id=%d ) LIMIT 1   [ RunTime:0.001000s ]
ERR: 1064:You have an error in your SQL syntax; check the manual that corresponds to your MySQL server version for the right syntax to use near '%d ) LIMIT 1' at line 1
 [ SQL语句 ] : SELECT atnewcon,atnewcom,comment FROM `think_user` WHERE ( id=%d ) LIMIT 1  

[ 2015-01-24T11:18:51+08:00 ] ::1 /weibo/index.php/Home/Index/atuser
INFO: [ app_begin ] --START--
INFO: Run Behavior\ReadHtmlCacheBehavior [ RunTime:0.001000s ]
INFO: [ app_begin ] --END-- [ RunTime:0.003000s ]
SQL: DESCRIBE think_user [ RunTime:0.012000s ]
SQL: DESCRIBE think_friend [ RunTime:0.009001s ]
SQL: SELECT `touser` FROM `think_friend` WHERE ( fromuser= )  [ RunTime:0.001000s ]
ERR: 1064:You have an error in your SQL syntax; check the manual that corresponds to your MySQL server version for the right syntax to use near ')' at line 1
 [ SQL语句 ] : SELECT `touser` FROM `think_friend` WHERE ( fromuser= ) 
NOTIC: [2] implode() [<a href='function.implode'>function.implode</a>]: Invalid arguments passed D:\WWW\weibo\ThinkPHP\Library\Think\Db.class.php 第 497 行.
SQL: SELECT `username` FROM `think_user` WHERE `id` IN ()  [ RunTime:0.004000s ]
ERR: 1064:You have an error in your SQL syntax; check the manual that corresponds to your MySQL server version for the right syntax to use near ')' at line 1
 [ SQL语句 ] : SELECT `username` FROM `think_user` WHERE `id` IN () 
NOTIC: [2] Invalid argument supplied for foreach() D:\WWW\weibo\weibo\Home\Controller\IndexController.class.php 第 79 行.
NOTIC: [8] Undefined variable: json D:\WWW\weibo\weibo\Home\Controller\IndexController.class.php 第 83 行.
INFO: [ app_end ] --START--
INFO: Run Behavior\ShowPageTraceBehavior [ RunTime:0.001000s ]
INFO: [ app_end ] --END-- [ RunTime:0.001000s ]

[ 2015-01-24T11:19:12+08:00 ] ::1 /weibo/index.php/Home/Index/focus
INFO: [ app_begin ] --START--
INFO: Run Behavior\ReadHtmlCacheBehavior [ RunTime:0.001000s ]
INFO: [ app_begin ] --END-- [ RunTime:0.002000s ]
SQL: DESCRIBE think_user [ RunTime:0.011000s ]
SQL: DESCRIBE think_friend [ RunTime:0.009000s ]
SQL: SELECT `touser` FROM `think_friend` WHERE ( fromuser=7 )  [ RunTime:0.001000s ]
NOTIC: [8] Undefined variable: json D:\WWW\weibo\weibo\Home\Controller\IndexController.class.php 第 106 行.
INFO: [ app_end ] --START--
INFO: Run Behavior\ShowPageTraceBehavior [ RunTime:0.002000s ]
INFO: [ app_end ] --END-- [ RunTime:0.002000s ]

[ 2015-01-24T11:19:13+08:00 ] ::1 /weibo/index.php/Home/Common/askat
INFO: [ app_begin ] --START--
INFO: Run Behavior\ReadHtmlCacheBehavior [ RunTime:0.001000s ]
INFO: [ app_begin ] --END-- [ RunTime:0.002000s ]
SQL: DESCRIBE think_user [ RunTime:0.020001s ]
SQL: SELECT atnewcon,atnewcom,comment FROM `think_user` WHERE ( id=7 ) LIMIT 1   [ RunTime:0.002000s ]
NOTIC: [8] Undefined index: commment D:\WWW\weibo\weibo\Home\Controller\CommonController.class.php 第 429 行.

[ 2015-01-24T11:19:14+08:00 ] ::1 /weibo/index.php/Home/Index/fans
INFO: [ app_begin ] --START--
INFO: Run Behavior\ReadHtmlCacheBehavior [ RunTime:0.001000s ]
INFO: [ app_begin ] --END-- [ RunTime:0.002000s ]
SQL: DESCRIBE think_user [ RunTime:0.021000s ]
SQL: DESCRIBE think_friend [ RunTime:0.018001s ]
SQL: SELECT `fromuser` FROM `think_friend` WHERE ( touser=7 )  [ RunTime:0.002000s ]
SQL: SELECT `touser` FROM `think_friend` WHERE ( fromuser=7 )  [ RunTime:0.002000s ]
NOTIC: [8] Undefined variable: json D:\WWW\weibo\weibo\Home\Controller\IndexController.class.php 第 95 行.
INFO: [ app_end ] --START--
INFO: Run Behavior\ShowPageTraceBehavior [ RunTime:0.002000s ]
INFO: [ app_end ] --END-- [ RunTime:0.003000s ]

[ 2015-01-24T11:19:15+08:00 ] ::1 /weibo/index.php/Home/Index/atuser
INFO: [ app_begin ] --START--
INFO: Run Behavior\ReadHtmlCacheBehavior [ RunTime:0.001000s ]
INFO: [ app_begin ] --END-- [ RunTime:0.003000s ]
SQL: DESCRIBE think_user [ RunTime:0.017000s ]
SQL: DESCRIBE think_friend [ RunTime:0.016000s ]
SQL: SELECT `touser` FROM `think_friend` WHERE ( fromuser=7 )  [ RunTime:0.002000s ]
SQL: SELECT `username` FROM `think_user` WHERE `id` IN ('24','5','8','31','28','29','30','13','10','9','26','25','12','15','16')  [ RunTime:0.002000s ]
NOTIC: [8] Undefined variable: json D:\WWW\weibo\weibo\Home\Controller\IndexController.class.php 第 83 行.
INFO: [ app_end ] --START--
INFO: Run Behavior\ShowPageTraceBehavior [ RunTime:0.002000s ]
INFO: [ app_end ] --END-- [ RunTime:0.002000s ]

[ 2015-01-24T11:19:21+08:00 ] ::1 /weibo/index.php/Home/Common/showusercard
INFO: [ app_begin ] --START--
INFO: Run Behavior\ReadHtmlCacheBehavior [ RunTime:0.001000s ]
INFO: [ app_begin ] --END-- [ RunTime:0.004000s ]
SQL: DESCRIBE think_user [ RunTime:0.017001s ]
SQL: SELECT `id`,`production`,`photo`,`username`,`focus`,`fans`,`contentcount` FROM `think_user` WHERE ( id=5 ) LIMIT 1   [ RunTime:0.003000s ]
NOTIC: [8] Undefined variable: json D:\WWW\weibo\weibo\Home\Controller\CommonController.class.php 第 175 行.
INFO: [ app_end ] --START--
INFO: Run Behavior\ShowPageTraceBehavior [ RunTime:0.002000s ]
INFO: [ app_end ] --END-- [ RunTime:0.003000s ]

[ 2015-01-24T13:50:17+08:00 ] ::1 /weibo/index.php/Home/Common/showusercard
INFO: [ app_begin ] --START--
INFO: Run Behavior\ReadHtmlCacheBehavior [ RunTime:0.005000s ]
INFO: [ app_begin ] --END-- [ RunTime:0.007000s ]
SQL: DESCRIBE think_user [ RunTime:0.017000s ]
SQL: SELECT `id`,`production`,`photo`,`username`,`focus`,`fans`,`contentcount` FROM `think_user` WHERE ( id=5 ) LIMIT 1   [ RunTime:0.002001s ]
NOTIC: [8] Undefined variable: json D:\WWW\weibo\weibo\Home\Controller\CommonController.class.php 第 175 行.
INFO: [ app_end ] --START--
INFO: Run Behavior\ShowPageTraceBehavior [ RunTime:0.002000s ]
INFO: [ app_end ] --END-- [ RunTime:0.002000s ]

[ 2015-01-24T13:50:18+08:00 ] ::1 /weibo/index.php/Home/Common/showusercard
INFO: [ app_begin ] --START--
INFO: Run Behavior\ReadHtmlCacheBehavior [ RunTime:0.001000s ]
INFO: [ app_begin ] --END-- [ RunTime:0.002000s ]
SQL: DESCRIBE think_user [ RunTime:0.016001s ]
SQL: SELECT `id`,`production`,`photo`,`username`,`focus`,`fans`,`contentcount` FROM `think_user` WHERE ( id=5 ) LIMIT 1   [ RunTime:0.004000s ]
NOTIC: [8] Undefined variable: json D:\WWW\weibo\weibo\Home\Controller\CommonController.class.php 第 175 行.
INFO: [ app_end ] --START--
INFO: Run Behavior\ShowPageTraceBehavior [ RunTime:0.002000s ]
INFO: [ app_end ] --END-- [ RunTime:0.003000s ]

[ 2015-01-24T13:50:19+08:00 ] ::1 /weibo/index.php/Home/Common/showusercard
INFO: [ app_begin ] --START--
INFO: Run Behavior\ReadHtmlCacheBehavior [ RunTime:0.003000s ]
INFO: [ app_begin ] --END-- [ RunTime:0.004000s ]
SQL: DESCRIBE think_user [ RunTime:0.020001s ]
SQL: SELECT `id`,`production`,`photo`,`username`,`focus`,`fans`,`contentcount` FROM `think_user` WHERE ( id=5 ) LIMIT 1   [ RunTime:0.003000s ]
NOTIC: [8] Undefined variable: json D:\WWW\weibo\weibo\Home\Controller\CommonController.class.php 第 175 行.
INFO: [ app_end ] --START--
INFO: Run Behavior\ShowPageTraceBehavior [ RunTime:0.002000s ]
INFO: [ app_end ] --END-- [ RunTime:0.002000s ]

[ 2015-01-24T13:50:22+08:00 ] ::1 /weibo/index.php/Home/Common/showusercard
INFO: [ app_begin ] --START--
INFO: Run Behavior\ReadHtmlCacheBehavior [ RunTime:0.002001s ]
INFO: [ app_begin ] --END-- [ RunTime:0.005001s ]
SQL: DESCRIBE think_user [ RunTime:0.018000s ]
SQL: SELECT `id`,`production`,`photo`,`username`,`focus`,`fans`,`contentcount` FROM `think_user` WHERE ( id=5 ) LIMIT 1   [ RunTime:0.003000s ]
NOTIC: [8] Undefined variable: json D:\WWW\weibo\weibo\Home\Controller\CommonController.class.php 第 175 行.
INFO: [ app_end ] --START--
INFO: Run Behavior\ShowPageTraceBehavior [ RunTime:0.002000s ]
INFO: [ app_end ] --END-- [ RunTime:0.002000s ]

[ 2015-01-24T13:50:24+08:00 ] ::1 /weibo/index.php/Home/Common/showusercard
INFO: [ app_begin ] --START--
INFO: Run Behavior\ReadHtmlCacheBehavior [ RunTime:0.002000s ]
INFO: [ app_begin ] --END-- [ RunTime:0.004000s ]
SQL: DESCRIBE think_user [ RunTime:0.024001s ]
SQL: SELECT `id`,`production`,`photo`,`username`,`focus`,`fans`,`contentcount` FROM `think_user` WHERE ( id=5 ) LIMIT 1   [ RunTime:0.003000s ]
NOTIC: [8] Undefined variable: json D:\WWW\weibo\weibo\Home\Controller\CommonController.class.php 第 175 行.
INFO: [ app_end ] --START--
INFO: Run Behavior\ShowPageTraceBehavior [ RunTime:0.002000s ]
INFO: [ app_end ] --END-- [ RunTime:0.002000s ]

[ 2015-01-24T13:50:28+08:00 ] ::1 /weibo/index.php/Home/Index/focus
INFO: [ app_begin ] --START--
INFO: Run Behavior\ReadHtmlCacheBehavior [ RunTime:0.001000s ]
INFO: [ app_begin ] --END-- [ RunTime:0.002000s ]
SQL: DESCRIBE think_user [ RunTime:0.011000s ]
SQL: DESCRIBE think_friend [ RunTime:0.014001s ]
SQL: SELECT `touser` FROM `think_friend` WHERE ( fromuser=7 )  [ RunTime:0.001000s ]
NOTIC: [8] Undefined variable: json D:\WWW\weibo\weibo\Home\Controller\IndexController.class.php 第 106 行.
INFO: [ app_end ] --START--
INFO: Run Behavior\ShowPageTraceBehavior [ RunTime:0.001000s ]
INFO: [ app_end ] --END-- [ RunTime:0.001000s ]

[ 2015-01-24T13:50:29+08:00 ] ::1 /weibo/index.php/Home/Index/fans
INFO: [ app_begin ] --START--
INFO: Run Behavior\ReadHtmlCacheBehavior [ RunTime:0.001000s ]
INFO: [ app_begin ] --END-- [ RunTime:0.002000s ]
SQL: DESCRIBE think_user [ RunTime:0.009000s ]
SQL: DESCRIBE think_friend [ RunTime:0.008001s ]
SQL: SELECT `fromuser` FROM `think_friend` WHERE ( touser=7 )  [ RunTime:0.001000s ]
SQL: SELECT `touser` FROM `think_friend` WHERE ( fromuser=7 )  [ RunTime:0.001000s ]
NOTIC: [8] Undefined variable: json D:\WWW\weibo\weibo\Home\Controller\IndexController.class.php 第 95 行.
INFO: [ app_end ] --START--
INFO: Run Behavior\ShowPageTraceBehavior [ RunTime:0.001000s ]
INFO: [ app_end ] --END-- [ RunTime:0.001000s ]

[ 2015-01-24T13:50:30+08:00 ] ::1 /weibo/index.php/Home/Common/askat
INFO: [ app_begin ] --START--
INFO: Run Behavior\ReadHtmlCacheBehavior [ RunTime:0.001000s ]
INFO: [ app_begin ] --END-- [ RunTime:0.003000s ]
SQL: DESCRIBE think_user [ RunTime:0.020001s ]
SQL: SELECT atnewcon,atnewcom,comment FROM `think_user` WHERE ( id=7 ) LIMIT 1   [ RunTime:0.002000s ]
NOTIC: [8] Undefined index: commment D:\WWW\weibo\weibo\Home\Controller\CommonController.class.php 第 429 行.

[ 2015-01-24T14:04:16+08:00 ] ::1 /weibo/index.php/Home/Index/fans
INFO: [ app_begin ] --START--
INFO: Run Behavior\ReadHtmlCacheBehavior [ RunTime:0.001000s ]
INFO: [ app_begin ] --END-- [ RunTime:0.002000s ]
SQL: DESCRIBE think_user [ RunTime:0.010000s ]
SQL: DESCRIBE think_friend [ RunTime:0.012000s ]
SQL: SELECT `fromuser` FROM `think_friend` WHERE ( touser=7 )  [ RunTime:0.001000s ]
SQL: SELECT `touser` FROM `think_friend` WHERE ( fromuser=7 )  [ RunTime:0.001001s ]
NOTIC: [8] Undefined variable: json D:\WWW\weibo\weibo\Home\Controller\IndexController.class.php 第 99 行.
INFO: [ app_end ] --START--
INFO: Run Behavior\ShowPageTraceBehavior [ RunTime:0.001000s ]
INFO: [ app_end ] --END-- [ RunTime:0.001000s ]

[ 2015-01-24T14:04:18+08:00 ] ::1 /weibo/index.php/Home/Index/focus
INFO: [ app_begin ] --START--
INFO: Run Behavior\ReadHtmlCacheBehavior [ RunTime:0.002000s ]
INFO: [ app_begin ] --END-- [ RunTime:0.002000s ]
SQL: DESCRIBE think_user [ RunTime:0.018000s ]
SQL: DESCRIBE think_friend [ RunTime:0.015001s ]
SQL: SELECT `touser` FROM `think_friend` WHERE ( fromuser=7 )  [ RunTime:0.002000s ]
NOTIC: [8] Undefined variable: json D:\WWW\weibo\weibo\Home\Controller\IndexController.class.php 第 110 行.
INFO: [ app_end ] --START--
INFO: Run Behavior\ShowPageTraceBehavior [ RunTime:0.003000s ]
INFO: [ app_end ] --END-- [ RunTime:0.004000s ]

[ 2015-01-24T14:04:19+08:00 ] ::1 /weibo/index.php/Home/Index/atuser
INFO: [ app_begin ] --START--
INFO: Run Behavior\ReadHtmlCacheBehavior [ RunTime:0.001000s ]
INFO: [ app_begin ] --END-- [ RunTime:0.002000s ]
SQL: DESCRIBE think_user [ RunTime:0.019001s ]
SQL: DESCRIBE think_friend [ RunTime:0.016000s ]
SQL: SELECT `touser` FROM `think_friend` WHERE ( fromuser=7 )  [ RunTime:0.001000s ]
SQL: SELECT `username` FROM `think_user` WHERE `id` IN ('24','5','8','31','28','29','30','13','10','9','26','25','12','15','16')  [ RunTime:0.003001s ]
NOTIC: [8] Undefined variable: json D:\WWW\weibo\weibo\Home\Controller\IndexController.class.php 第 87 行.
INFO: [ app_end ] --START--
INFO: Run Behavior\ShowPageTraceBehavior [ RunTime:0.002000s ]
INFO: [ app_end ] --END-- [ RunTime:0.002000s ]

[ 2015-01-24T14:04:20+08:00 ] ::1 /weibo/index.php/Home/Common/askat
INFO: [ app_begin ] --START--
INFO: Run Behavior\ReadHtmlCacheBehavior [ RunTime:0.001000s ]
INFO: [ app_begin ] --END-- [ RunTime:0.003000s ]
SQL: DESCRIBE think_user [ RunTime:0.026000s ]
SQL: SELECT atnewcon,atnewcom,comment FROM `think_user` WHERE ( id=7 ) LIMIT 1   [ RunTime:0.004001s ]
NOTIC: [8] Undefined index: commment D:\WWW\weibo\weibo\Home\Controller\CommonController.class.php 第 429 行.

[ 2015-01-24T14:04:27+08:00 ] ::1 /weibo/index.php/Home/Common//addrepost
INFO: [ app_begin ] --START--
INFO: Run Behavior\ReadHtmlCacheBehavior [ RunTime:0.001000s ]
INFO: [ app_begin ] --END-- [ RunTime:0.002000s ]
SQL: DESCRIBE think_content [ RunTime:0.010000s ]
SQL: INSERT INTO `think_content` (`cid`,`uid`,`date`,`content`) VALUES (454,7,'2015-01-24 14:04:26','[bye_org]') [ RunTime:0.002000s ]
INFO: [ app_end ] --START--
INFO: Run Behavior\ShowPageTraceBehavior [ RunTime:0.001000s ]
INFO: [ app_end ] --END-- [ RunTime:0.001000s ]

[ 2015-01-24T14:04:34+08:00 ] ::1 /weibo/index.php/Home/Index/focus
INFO: [ app_begin ] --START--
INFO: Run Behavior\ReadHtmlCacheBehavior [ RunTime:0.001001s ]
INFO: [ app_begin ] --END-- [ RunTime:0.001001s ]
SQL: DESCRIBE think_user [ RunTime:0.018000s ]
SQL: DESCRIBE think_friend [ RunTime:0.023001s ]
SQL: SELECT `touser` FROM `think_friend` WHERE ( fromuser=7 )  [ RunTime:0.001000s ]
NOTIC: [8] Undefined variable: json D:\WWW\weibo\weibo\Home\Controller\IndexController.class.php 第 110 行.
INFO: [ app_end ] --START--
INFO: Run Behavior\ShowPageTraceBehavior [ RunTime:0.001000s ]
INFO: [ app_end ] --END-- [ RunTime:0.001000s ]

[ 2015-01-24T14:04:36+08:00 ] ::1 /weibo/index.php/Home/Index/fans
INFO: [ app_begin ] --START--
INFO: Run Behavior\ReadHtmlCacheBehavior [ RunTime:0.001000s ]
INFO: [ app_begin ] --END-- [ RunTime:0.002000s ]
SQL: DESCRIBE think_user [ RunTime:0.017001s ]
SQL: DESCRIBE think_friend [ RunTime:0.015000s ]
SQL: SELECT `fromuser` FROM `think_friend` WHERE ( touser=7 )  [ RunTime:0.004000s ]
SQL: SELECT `touser` FROM `think_friend` WHERE ( fromuser=7 )  [ RunTime:0.002000s ]
NOTIC: [8] Undefined variable: json D:\WWW\weibo\weibo\Home\Controller\IndexController.class.php 第 99 行.
INFO: [ app_end ] --START--
INFO: Run Behavior\ShowPageTraceBehavior [ RunTime:0.003000s ]
INFO: [ app_end ] --END-- [ RunTime:0.003000s ]

[ 2015-01-24T14:04:37+08:00 ] ::1 /weibo/index.php/Home/Common/askat
INFO: [ app_begin ] --START--
INFO: Run Behavior\ReadHtmlCacheBehavior [ RunTime:0.001000s ]
INFO: [ app_begin ] --END-- [ RunTime:0.002000s ]
SQL: DESCRIBE think_user [ RunTime:0.018001s ]
SQL: SELECT atnewcon,atnewcom,comment FROM `think_user` WHERE ( id=7 ) LIMIT 1   [ RunTime:0.002000s ]
NOTIC: [8] Undefined index: commment D:\WWW\weibo\weibo\Home\Controller\CommonController.class.php 第 429 行.

[ 2015-01-24T14:04:38+08:00 ] ::1 /weibo/index.php/Home/Index/atuser
INFO: [ app_begin ] --START--
INFO: Run Behavior\ReadHtmlCacheBehavior [ RunTime:0.001000s ]
INFO: [ app_begin ] --END-- [ RunTime:0.002000s ]
SQL: DESCRIBE think_user [ RunTime:0.018000s ]
SQL: DESCRIBE think_friend [ RunTime:0.017001s ]
SQL: SELECT `touser` FROM `think_friend` WHERE ( fromuser=7 )  [ RunTime:0.002000s ]
SQL: SELECT `username` FROM `think_user` WHERE `id` IN ('24','5','8','31','28','29','30','13','10','9','26','25','12','15','16')  [ RunTime:0.002000s ]
NOTIC: [8] Undefined variable: json D:\WWW\weibo\weibo\Home\Controller\IndexController.class.php 第 87 行.
INFO: [ app_end ] --START--
INFO: Run Behavior\ShowPageTraceBehavior [ RunTime:0.002000s ]
INFO: [ app_end ] --END-- [ RunTime:0.002000s ]

[ 2015-01-24T14:06:27+08:00 ] ::1 /weibo/index.php/Home/Common/showusercard
INFO: [ app_begin ] --START--
INFO: Run Behavior\ReadHtmlCacheBehavior [ RunTime:0.001000s ]
INFO: [ app_begin ] --END-- [ RunTime:0.002000s ]
SQL: DESCRIBE think_user [ RunTime:0.020001s ]
SQL: SELECT `id`,`production`,`photo`,`username`,`focus`,`fans`,`contentcount` FROM `think_user` WHERE ( id=5 ) LIMIT 1   [ RunTime:0.003000s ]
NOTIC: [8] Undefined variable: json D:\WWW\weibo\weibo\Home\Controller\CommonController.class.php 第 175 行.
INFO: [ app_end ] --START--
INFO: Run Behavior\ShowPageTraceBehavior [ RunTime:0.002000s ]
INFO: [ app_end ] --END-- [ RunTime:0.002000s ]

[ 2015-01-24T14:09:09+08:00 ] ::1 /weibo/index.php/Home/Index/focus
INFO: [ app_begin ] --START--
INFO: Run Behavior\ReadHtmlCacheBehavior [ RunTime:0.001000s ]
INFO: [ app_begin ] --END-- [ RunTime:0.001000s ]
SQL: DESCRIBE think_user [ RunTime:0.010000s ]
SQL: DESCRIBE think_friend [ RunTime:0.009001s ]
SQL: SELECT `touser` FROM `think_friend` WHERE ( fromuser=7 )  [ RunTime:0.001000s ]
NOTIC: [8] Undefined variable: json D:\WWW\weibo\weibo\Home\Controller\IndexController.class.php 第 110 行.
INFO: [ app_end ] --START--
INFO: Run Behavior\ShowPageTraceBehavior [ RunTime:0.001000s ]
INFO: [ app_end ] --END-- [ RunTime:0.001000s ]

[ 2015-01-24T14:09:10+08:00 ] ::1 /weibo/index.php/Home/Index/fans
INFO: [ app_begin ] --START--
INFO: Run Behavior\ReadHtmlCacheBehavior [ RunTime:0.001000s ]
INFO: [ app_begin ] --END-- [ RunTime:0.002000s ]
SQL: DESCRIBE think_user [ RunTime:0.017000s ]
SQL: DESCRIBE think_friend [ RunTime:0.016001s ]
SQL: SELECT `fromuser` FROM `think_friend` WHERE ( touser=7 )  [ RunTime:0.001000s ]
SQL: SELECT `touser` FROM `think_friend` WHERE ( fromuser=7 )  [ RunTime:0.002000s ]
NOTIC: [8] Undefined variable: json D:\WWW\weibo\weibo\Home\Controller\IndexController.class.php 第 99 行.
INFO: [ app_end ] --START--
INFO: Run Behavior\ShowPageTraceBehavior [ RunTime:0.002000s ]
INFO: [ app_end ] --END-- [ RunTime:0.002000s ]

[ 2015-01-24T14:09:11+08:00 ] ::1 /weibo/index.php/Home/Common/askat
INFO: [ app_begin ] --START--
INFO: Run Behavior\ReadHtmlCacheBehavior [ RunTime:0.001000s ]
INFO: [ app_begin ] --END-- [ RunTime:0.003000s ]
SQL: DESCRIBE think_user [ RunTime:0.016000s ]
SQL: SELECT atnewcon,atnewcom,comment FROM `think_user` WHERE ( id=7 ) LIMIT 1   [ RunTime:0.002000s ]
NOTIC: [8] Undefined index: commment D:\WWW\weibo\weibo\Home\Controller\CommonController.class.php 第 429 行.

[ 2015-01-24T14:09:12+08:00 ] ::1 /weibo/index.php/Home/Index/atuser
INFO: [ app_begin ] --START--
INFO: Run Behavior\ReadHtmlCacheBehavior [ RunTime:0.001000s ]
INFO: [ app_begin ] --END-- [ RunTime:0.002000s ]
SQL: DESCRIBE think_user [ RunTime:0.017001s ]
SQL: DESCRIBE think_friend [ RunTime:0.016000s ]
SQL: SELECT `touser` FROM `think_friend` WHERE ( fromuser=7 )  [ RunTime:0.001000s ]
SQL: SELECT `username` FROM `think_user` WHERE `id` IN ('24','5','8','31','28','29','30','13','10','9','26','25','12','15','16')  [ RunTime:0.002000s ]
NOTIC: [8] Undefined variable: json D:\WWW\weibo\weibo\Home\Controller\IndexController.class.php 第 87 行.
INFO: [ app_end ] --START--
INFO: Run Behavior\ShowPageTraceBehavior [ RunTime:0.002000s ]
INFO: [ app_end ] --END-- [ RunTime:0.002000s ]

[ 2015-01-24T14:09:20+08:00 ] ::1 /weibo/index.php/Home/Index/focus
INFO: [ app_begin ] --START--
INFO: Run Behavior\ReadHtmlCacheBehavior [ RunTime:0.001000s ]
INFO: [ app_begin ] --END-- [ RunTime:0.002000s ]
SQL: DESCRIBE think_user [ RunTime:0.011000s ]
SQL: DESCRIBE think_friend [ RunTime:0.009000s ]
SQL: SELECT `touser` FROM `think_friend` WHERE ( fromuser=7 )  [ RunTime:0.002000s ]
NOTIC: [8] Undefined variable: json D:\WWW\weibo\weibo\Home\Controller\IndexController.class.php 第 110 行.
INFO: [ app_end ] --START--
INFO: Run Behavior\ShowPageTraceBehavior [ RunTime:0.001000s ]
INFO: [ app_end ] --END-- [ RunTime:0.001000s ]

[ 2015-01-24T14:09:21+08:00 ] ::1 /weibo/index.php/Home/Index/fans
INFO: [ app_begin ] --START--
INFO: Run Behavior\ReadHtmlCacheBehavior [ RunTime:0.001000s ]
INFO: [ app_begin ] --END-- [ RunTime:0.001000s ]
SQL: DESCRIBE think_user [ RunTime:0.017000s ]
SQL: DESCRIBE think_friend [ RunTime:0.016000s ]
SQL: SELECT `fromuser` FROM `think_friend` WHERE ( touser=7 )  [ RunTime:0.002000s ]
SQL: SELECT `touser` FROM `think_friend` WHERE ( fromuser=7 )  [ RunTime:0.004000s ]
NOTIC: [8] Undefined variable: json D:\WWW\weibo\weibo\Home\Controller\IndexController.class.php 第 99 行.
INFO: [ app_end ] --START--
INFO: Run Behavior\ShowPageTraceBehavior [ RunTime:0.004000s ]
INFO: [ app_end ] --END-- [ RunTime:0.004000s ]

[ 2015-01-24T14:09:22+08:00 ] ::1 /weibo/index.php/Home/Common/askat
INFO: [ app_begin ] --START--
INFO: Run Behavior\ReadHtmlCacheBehavior [ RunTime:0.001000s ]
INFO: [ app_begin ] --END-- [ RunTime:0.001000s ]
SQL: DESCRIBE think_user [ RunTime:0.017001s ]
SQL: SELECT atnewcon,atnewcom,comment FROM `think_user` WHERE ( id=7 ) LIMIT 1   [ RunTime:0.002000s ]
NOTIC: [8] Undefined index: commment D:\WWW\weibo\weibo\Home\Controller\CommonController.class.php 第 429 行.

[ 2015-01-24T14:09:23+08:00 ] ::1 /weibo/index.php/Home/Index/atuser
INFO: [ app_begin ] --START--
INFO: Run Behavior\ReadHtmlCacheBehavior [ RunTime:0.001000s ]
INFO: [ app_begin ] --END-- [ RunTime:0.002000s ]
SQL: DESCRIBE think_user [ RunTime:0.017001s ]
SQL: DESCRIBE think_friend [ RunTime:0.014000s ]
SQL: SELECT `touser` FROM `think_friend` WHERE ( fromuser=7 )  [ RunTime:0.002000s ]
SQL: SELECT `username` FROM `think_user` WHERE `id` IN ('24','5','8','31','28','29','30','13','10','9','26','25','12','15','16')  [ RunTime:0.002000s ]
NOTIC: [8] Undefined variable: json D:\WWW\weibo\weibo\Home\Controller\IndexController.class.php 第 87 行.
INFO: [ app_end ] --START--
INFO: Run Behavior\ShowPageTraceBehavior [ RunTime:0.002000s ]
INFO: [ app_end ] --END-- [ RunTime:0.002000s ]

[ 2015-01-24T14:14:31+08:00 ] ::1 /weibo/index.php/Home/Index/focus
INFO: [ app_begin ] --START--
INFO: Run Behavior\ReadHtmlCacheBehavior [ RunTime:0.001000s ]
INFO: [ app_begin ] --END-- [ RunTime:0.001000s ]
SQL: DESCRIBE think_user [ RunTime:0.010000s ]
SQL: DESCRIBE think_friend [ RunTime:0.011000s ]
SQL: SELECT `touser` FROM `think_friend` WHERE ( fromuser=7 )  [ RunTime:0.001000s ]
NOTIC: [8] Undefined variable: json D:\WWW\weibo\weibo\Home\Controller\IndexController.class.php 第 110 行.
INFO: [ app_end ] --START--
INFO: Run Behavior\ShowPageTraceBehavior [ RunTime:0.001000s ]
INFO: [ app_end ] --END-- [ RunTime:0.001000s ]

[ 2015-01-24T14:14:33+08:00 ] ::1 /weibo/index.php/Home/Common/askat
INFO: [ app_begin ] --START--
INFO: Run Behavior\ReadHtmlCacheBehavior [ RunTime:0.019001s ]
INFO: [ app_begin ] --END-- [ RunTime:0.020001s ]
SQL: DESCRIBE think_user [ RunTime:0.016000s ]
SQL: SELECT atnewcon,atnewcom,comment FROM `think_user` WHERE ( id=7 ) LIMIT 1   [ RunTime:0.002000s ]
NOTIC: [8] Undefined index: commment D:\WWW\weibo\weibo\Home\Controller\CommonController.class.php 第 429 行.

[ 2015-01-24T14:14:34+08:00 ] ::1 /weibo/index.php/Home/Index/fans
INFO: [ app_begin ] --START--
INFO: Run Behavior\ReadHtmlCacheBehavior [ RunTime:0.002000s ]
INFO: [ app_begin ] --END-- [ RunTime:0.002000s ]
SQL: DESCRIBE think_user [ RunTime:0.024000s ]
SQL: DESCRIBE think_friend [ RunTime:0.021001s ]
SQL: SELECT `fromuser` FROM `think_friend` WHERE ( touser=7 )  [ RunTime:0.002000s ]
SQL: SELECT `touser` FROM `think_friend` WHERE ( fromuser=7 )  [ RunTime:0.002000s ]
NOTIC: [8] Undefined variable: json D:\WWW\weibo\weibo\Home\Controller\IndexController.class.php 第 99 行.
INFO: [ app_end ] --START--
INFO: Run Behavior\ShowPageTraceBehavior [ RunTime:0.002000s ]
INFO: [ app_end ] --END-- [ RunTime:0.002000s ]

[ 2015-01-24T14:14:35+08:00 ] ::1 /weibo/index.php/Home/Index/atuser
INFO: [ app_begin ] --START--
INFO: Run Behavior\ReadHtmlCacheBehavior [ RunTime:0.002000s ]
INFO: [ app_begin ] --END-- [ RunTime:0.003000s ]
SQL: DESCRIBE think_user [ RunTime:0.018000s ]
SQL: DESCRIBE think_friend [ RunTime:0.016001s ]
SQL: SELECT `touser` FROM `think_friend` WHERE ( fromuser=7 )  [ RunTime:0.002000s ]
SQL: SELECT `username` FROM `think_user` WHERE `id` IN ('24','5','8','31','28','29','30','13','10','9','26','25','12','15','16')  [ RunTime:0.002000s ]
NOTIC: [8] Undefined variable: json D:\WWW\weibo\weibo\Home\Controller\IndexController.class.php 第 87 行.
INFO: [ app_end ] --START--
INFO: Run Behavior\ShowPageTraceBehavior [ RunTime:0.002000s ]
INFO: [ app_end ] --END-- [ RunTime:0.002000s ]

[ 2015-01-24T14:15:07+08:00 ] ::1 /weibo/index.php/Home/Index/focus
INFO: [ app_begin ] --START--
INFO: Run Behavior\ReadHtmlCacheBehavior [ RunTime:0.001000s ]
INFO: [ app_begin ] --END-- [ RunTime:0.002000s ]
SQL: DESCRIBE think_user [ RunTime:0.009001s ]
SQL: DESCRIBE think_friend [ RunTime:0.010000s ]
SQL: SELECT `touser` FROM `think_friend` WHERE ( fromuser=7 )  [ RunTime:0.002000s ]
NOTIC: [8] Undefined variable: json D:\WWW\weibo\weibo\Home\Controller\IndexController.class.php 第 110 行.
INFO: [ app_end ] --START--
INFO: Run Behavior\ShowPageTraceBehavior [ RunTime:0.001000s ]
INFO: [ app_end ] --END-- [ RunTime:0.001000s ]

[ 2015-01-24T14:15:08+08:00 ] ::1 /weibo/index.php/Home/Index/fans
INFO: [ app_begin ] --START--
INFO: Run Behavior\ReadHtmlCacheBehavior [ RunTime:0.001000s ]
INFO: [ app_begin ] --END-- [ RunTime:0.002000s ]
SQL: DESCRIBE think_user [ RunTime:0.021001s ]
SQL: DESCRIBE think_friend [ RunTime:0.015000s ]
SQL: SELECT `fromuser` FROM `think_friend` WHERE ( touser=7 )  [ RunTime:0.002000s ]
SQL: SELECT `touser` FROM `think_friend` WHERE ( fromuser=7 )  [ RunTime:0.002000s ]
NOTIC: [8] Undefined variable: json D:\WWW\weibo\weibo\Home\Controller\IndexController.class.php 第 99 行.
INFO: [ app_end ] --START--
INFO: Run Behavior\ShowPageTraceBehavior [ RunTime:0.002000s ]
INFO: [ app_end ] --END-- [ RunTime:0.002000s ]

[ 2015-01-24T14:15:09+08:00 ] ::1 /weibo/index.php/Home/Index/atuser
INFO: [ app_begin ] --START--
INFO: Run Behavior\ReadHtmlCacheBehavior [ RunTime:0.001000s ]
INFO: [ app_begin ] --END-- [ RunTime:0.002000s ]
SQL: DESCRIBE think_user [ RunTime:0.016001s ]
SQL: DESCRIBE think_friend [ RunTime:0.015000s ]
SQL: SELECT `touser` FROM `think_friend` WHERE ( fromuser=7 )  [ RunTime:0.002000s ]
SQL: SELECT `username` FROM `think_user` WHERE `id` IN ('24','5','8','31','28','29','30','13','10','9','26','25','12','15','16')  [ RunTime:0.002000s ]
NOTIC: [8] Undefined variable: json D:\WWW\weibo\weibo\Home\Controller\IndexController.class.php 第 87 行.
INFO: [ app_end ] --START--
INFO: Run Behavior\ShowPageTraceBehavior [ RunTime:0.002000s ]
INFO: [ app_end ] --END-- [ RunTime:0.002000s ]

[ 2015-01-24T14:15:10+08:00 ] ::1 /weibo/index.php/Home/Common/askat
INFO: [ app_begin ] --START--
INFO: Run Behavior\ReadHtmlCacheBehavior [ RunTime:0.001000s ]
INFO: [ app_begin ] --END-- [ RunTime:0.001000s ]
SQL: DESCRIBE think_user [ RunTime:0.020001s ]
SQL: SELECT atnewcon,atnewcom,comment FROM `think_user` WHERE ( id=7 ) LIMIT 1   [ RunTime:0.002000s ]
NOTIC: [8] Undefined index: commment D:\WWW\weibo\weibo\Home\Controller\CommonController.class.php 第 429 行.

[ 2015-01-24T14:22:16+08:00 ] ::1 /weibo/index.php/Home/Index/focus
INFO: [ app_begin ] --START--
INFO: Run Behavior\ReadHtmlCacheBehavior [ RunTime:0.002000s ]
INFO: [ app_begin ] --END-- [ RunTime:0.010000s ]
SQL: DESCRIBE think_user [ RunTime:0.010000s ]
SQL: DESCRIBE think_friend [ RunTime:0.008001s ]
SQL: SELECT `touser` FROM `think_friend` WHERE ( fromuser=7 )  [ RunTime:0.001000s ]
NOTIC: [8] Undefined variable: json D:\WWW\weibo\weibo\Home\Controller\IndexController.class.php 第 111 行.
INFO: [ app_end ] --START--
INFO: Run Behavior\ShowPageTraceBehavior [ RunTime:0.002000s ]
INFO: [ app_end ] --END-- [ RunTime:0.002000s ]

[ 2015-01-24T14:22:17+08:00 ] ::1 /weibo/index.php/Home/Index/fans
INFO: [ app_begin ] --START--
INFO: Run Behavior\ReadHtmlCacheBehavior [ RunTime:0.051002s ]
INFO: [ app_begin ] --END-- [ RunTime:0.053002s ]
SQL: DESCRIBE think_user [ RunTime:0.010000s ]
SQL: DESCRIBE think_friend [ RunTime:0.009000s ]
SQL: SELECT `fromuser` FROM `think_friend` WHERE ( touser=7 )  [ RunTime:0.002000s ]
SQL: SELECT `touser` FROM `think_friend` WHERE ( fromuser=7 )  [ RunTime:0.002000s ]
NOTIC: [8] Undefined variable: json D:\WWW\weibo\weibo\Home\Controller\IndexController.class.php 第 100 行.
INFO: [ app_end ] --START--
INFO: Run Behavior\ShowPageTraceBehavior [ RunTime:0.001001s ]
INFO: [ app_end ] --END-- [ RunTime:0.001001s ]

[ 2015-01-24T14:22:19+08:00 ] ::1 /weibo/index.php/Home/Common/askat
INFO: [ app_begin ] --START--
INFO: Run Behavior\ReadHtmlCacheBehavior [ RunTime:0.002000s ]
INFO: [ app_begin ] --END-- [ RunTime:0.003000s ]
SQL: DESCRIBE think_user [ RunTime:0.013000s ]
SQL: SELECT atnewcon,atnewcom,comment FROM `think_user` WHERE ( id=7 ) LIMIT 1   [ RunTime:0.002000s ]
NOTIC: [8] Undefined index: commment D:\WWW\weibo\weibo\Home\Controller\CommonController.class.php 第 429 行.

[ 2015-01-24T14:22:20+08:00 ] ::1 /weibo/index.php/Home/Index/atuser
INFO: [ app_begin ] --START--
INFO: Run Behavior\ReadHtmlCacheBehavior [ RunTime:0.002000s ]
INFO: [ app_begin ] --END-- [ RunTime:0.003000s ]
SQL: DESCRIBE think_user [ RunTime:0.021001s ]
SQL: DESCRIBE think_friend [ RunTime:0.016000s ]
SQL: SELECT `touser` FROM `think_friend` WHERE ( fromuser=7 )  [ RunTime:0.002000s ]
SQL: SELECT `username` FROM `think_user` WHERE `id` IN ('24','5','8','31','28','29','30','13','10','9','26','25','12','15','16')  [ RunTime:0.006001s ]
NOTIC: [8] Undefined variable: json D:\WWW\weibo\weibo\Home\Controller\IndexController.class.php 第 88 行.
INFO: [ app_end ] --START--
INFO: Run Behavior\ShowPageTraceBehavior [ RunTime:0.002000s ]
INFO: [ app_end ] --END-- [ RunTime:0.002000s ]

[ 2015-01-24T14:30:46+08:00 ] ::1 /weibo/index.php/Home/Index/focus
INFO: [ app_begin ] --START--
INFO: Run Behavior\ReadHtmlCacheBehavior [ RunTime:0.001000s ]
INFO: [ app_begin ] --END-- [ RunTime:0.002000s ]
SQL: DESCRIBE think_user [ RunTime:0.010001s ]
SQL: DESCRIBE think_friend [ RunTime:0.010000s ]
SQL: SELECT `touser` FROM `think_friend` WHERE ( fromuser=7 )  [ RunTime:0.001000s ]
NOTIC: [8] Undefined variable: json D:\WWW\weibo\weibo\Home\Controller\IndexController.class.php 第 111 行.
INFO: [ app_end ] --START--
INFO: Run Behavior\ShowPageTraceBehavior [ RunTime:0.001000s ]
INFO: [ app_end ] --END-- [ RunTime:0.001000s ]

[ 2015-01-24T14:30:48+08:00 ] ::1 /weibo/index.php/Home/Index/fans
INFO: [ app_begin ] --START--
INFO: Run Behavior\ReadHtmlCacheBehavior [ RunTime:0.002000s ]
INFO: [ app_begin ] --END-- [ RunTime:0.003000s ]
SQL: DESCRIBE think_user [ RunTime:0.014001s ]
SQL: DESCRIBE think_friend [ RunTime:0.010000s ]
SQL: SELECT `fromuser` FROM `think_friend` WHERE ( touser=7 )  [ RunTime:0.003000s ]
SQL: SELECT `touser` FROM `think_friend` WHERE ( fromuser=7 )  [ RunTime:0.001000s ]
NOTIC: [8] Undefined variable: json D:\WWW\weibo\weibo\Home\Controller\IndexController.class.php 第 100 行.
INFO: [ app_end ] --START--
INFO: Run Behavior\ShowPageTraceBehavior [ RunTime:0.001000s ]
INFO: [ app_end ] --END-- [ RunTime:0.001000s ]

[ 2015-01-24T14:30:49+08:00 ] ::1 /weibo/index.php/Home/Common/askat
INFO: [ app_begin ] --START--
INFO: Run Behavior\ReadHtmlCacheBehavior [ RunTime:0.002000s ]
INFO: [ app_begin ] --END-- [ RunTime:0.005000s ]
SQL: DESCRIBE think_user [ RunTime:0.011001s ]
SQL: SELECT atnewcon,atnewcom,comment FROM `think_user` WHERE ( id=7 ) LIMIT 1   [ RunTime:0.001000s ]
NOTIC: [8] Undefined index: commment D:\WWW\weibo\weibo\Home\Controller\CommonController.class.php 第 429 行.

[ 2015-01-24T14:30:50+08:00 ] ::1 /weibo/index.php/Home/Index/atuser
INFO: [ app_begin ] --START--
INFO: Run Behavior\ReadHtmlCacheBehavior [ RunTime:0.015000s ]
INFO: [ app_begin ] --END-- [ RunTime:0.016000s ]
SQL: DESCRIBE think_user [ RunTime:0.013001s ]
SQL: DESCRIBE think_friend [ RunTime:0.013000s ]
SQL: SELECT `touser` FROM `think_friend` WHERE ( fromuser=7 )  [ RunTime:0.001000s ]
SQL: SELECT `username` FROM `think_user` WHERE `id` IN ('24','5','8','31','28','29','30','13','10','9','26','25','12','15','16')  [ RunTime:0.002000s ]
NOTIC: [8] Undefined variable: json D:\WWW\weibo\weibo\Home\Controller\IndexController.class.php 第 88 行.
INFO: [ app_end ] --START--
INFO: Run Behavior\ShowPageTraceBehavior [ RunTime:0.002000s ]
INFO: [ app_end ] --END-- [ RunTime:0.002000s ]

[ 2015-01-24T14:30:55+08:00 ] ::1 /weibo/index.php/Home/Index/focus
INFO: [ app_begin ] --START--
INFO: Run Behavior\ReadHtmlCacheBehavior [ RunTime:0.001000s ]
INFO: [ app_begin ] --END-- [ RunTime:0.002000s ]
SQL: DESCRIBE think_user [ RunTime:0.112003s ]
SQL: DESCRIBE think_friend [ RunTime:0.011001s ]
SQL: SELECT `touser` FROM `think_friend` WHERE ( fromuser=7 )  [ RunTime:0.001000s ]
NOTIC: [8] Undefined variable: json D:\WWW\weibo\weibo\Home\Controller\IndexController.class.php 第 111 行.
INFO: [ app_end ] --START--
INFO: Run Behavior\ShowPageTraceBehavior [ RunTime:0.001000s ]
INFO: [ app_end ] --END-- [ RunTime:0.001000s ]

[ 2015-01-24T14:30:56+08:00 ] ::1 /weibo/index.php/Home/Index/fans
INFO: [ app_begin ] --START--
INFO: Run Behavior\ReadHtmlCacheBehavior [ RunTime:0.002000s ]
INFO: [ app_begin ] --END-- [ RunTime:0.002000s ]
SQL: DESCRIBE think_user [ RunTime:0.016001s ]
SQL: DESCRIBE think_friend [ RunTime:0.011000s ]
SQL: SELECT `fromuser` FROM `think_friend` WHERE ( touser=7 )  [ RunTime:0.003000s ]
SQL: SELECT `touser` FROM `think_friend` WHERE ( fromuser=7 )  [ RunTime:0.001000s ]
NOTIC: [8] Undefined variable: json D:\WWW\weibo\weibo\Home\Controller\IndexController.class.php 第 100 行.
INFO: [ app_end ] --START--
INFO: Run Behavior\ShowPageTraceBehavior [ RunTime:0.001000s ]
INFO: [ app_end ] --END-- [ RunTime:0.002000s ]

[ 2015-01-24T14:30:57+08:00 ] ::1 /weibo/index.php/Home/Common/askat
INFO: [ app_begin ] --START--
INFO: Run Behavior\ReadHtmlCacheBehavior [ RunTime:0.001000s ]
INFO: [ app_begin ] --END-- [ RunTime:0.001000s ]
SQL: DESCRIBE think_user [ RunTime:0.020000s ]
SQL: SELECT atnewcon,atnewcom,comment FROM `think_user` WHERE ( id=7 ) LIMIT 1   [ RunTime:0.002000s ]
NOTIC: [8] Undefined index: commment D:\WWW\weibo\weibo\Home\Controller\CommonController.class.php 第 429 行.

[ 2015-01-24T14:32:36+08:00 ] ::1 /weibo/index.php/Home/Index/focus
INFO: [ app_begin ] --START--
INFO: Run Behavior\ReadHtmlCacheBehavior [ RunTime:0.001000s ]
INFO: [ app_begin ] --END-- [ RunTime:0.001000s ]
SQL: DESCRIBE think_user [ RunTime:0.011000s ]
SQL: DESCRIBE think_friend [ RunTime:0.011001s ]
SQL: SELECT `touser` FROM `think_friend` WHERE ( fromuser=7 )  [ RunTime:0.001000s ]
NOTIC: [8] Undefined variable: json D:\WWW\weibo\weibo\Home\Controller\IndexController.class.php 第 111 行.
INFO: [ app_end ] --START--
INFO: Run Behavior\ShowPageTraceBehavior [ RunTime:0.001000s ]
INFO: [ app_end ] --END-- [ RunTime:0.001000s ]

[ 2015-01-24T14:32:38+08:00 ] ::1 /weibo/index.php/Home/Index/fans
INFO: [ app_begin ] --START--
INFO: Run Behavior\ReadHtmlCacheBehavior [ RunTime:0.001000s ]
INFO: [ app_begin ] --END-- [ RunTime:0.002000s ]
SQL: DESCRIBE think_user [ RunTime:0.011000s ]
SQL: DESCRIBE think_friend [ RunTime:0.011001s ]
SQL: SELECT `fromuser` FROM `think_friend` WHERE ( touser=7 )  [ RunTime:0.001000s ]
SQL: SELECT `touser` FROM `think_friend` WHERE ( fromuser=7 )  [ RunTime:0.002000s ]
NOTIC: [8] Undefined variable: json D:\WWW\weibo\weibo\Home\Controller\IndexController.class.php 第 100 行.
INFO: [ app_end ] --START--
INFO: Run Behavior\ShowPageTraceBehavior [ RunTime:0.001000s ]
INFO: [ app_end ] --END-- [ RunTime:0.002000s ]

[ 2015-01-24T14:32:39+08:00 ] ::1 /weibo/index.php/Home/Common/askat
INFO: [ app_begin ] --START--
INFO: Run Behavior\ReadHtmlCacheBehavior [ RunTime:0.001000s ]
INFO: [ app_begin ] --END-- [ RunTime:0.002000s ]
SQL: DESCRIBE think_user [ RunTime:0.010000s ]
SQL: SELECT atnewcon,atnewcom,comment FROM `think_user` WHERE ( id=7 ) LIMIT 1   [ RunTime:0.001000s ]
NOTIC: [8] Undefined index: commment D:\WWW\weibo\weibo\Home\Controller\CommonController.class.php 第 429 行.

[ 2015-01-24T14:33:53+08:00 ] ::1 /weibo/index.php/Home/Index/focus
INFO: [ app_begin ] --START--
INFO: Run Behavior\ReadHtmlCacheBehavior [ RunTime:0.001000s ]
INFO: [ app_begin ] --END-- [ RunTime:0.002000s ]
SQL: DESCRIBE think_user [ RunTime:0.010000s ]
SQL: DESCRIBE think_friend [ RunTime:0.009001s ]
SQL: SELECT `touser` FROM `think_friend` WHERE ( fromuser=7 )  [ RunTime:0.001000s ]
NOTIC: [8] Undefined variable: json D:\WWW\weibo\weibo\Home\Controller\IndexController.class.php 第 111 行.
INFO: [ app_end ] --START--
INFO: Run Behavior\ShowPageTraceBehavior [ RunTime:0.001000s ]
INFO: [ app_end ] --END-- [ RunTime:0.001000s ]

[ 2015-01-24T14:33:54+08:00 ] ::1 /weibo/index.php/Home/Index/fans
INFO: [ app_begin ] --START--
INFO: Run Behavior\ReadHtmlCacheBehavior [ RunTime:0.001000s ]
INFO: [ app_begin ] --END-- [ RunTime:0.002000s ]
SQL: DESCRIBE think_user [ RunTime:0.010000s ]
SQL: DESCRIBE think_friend [ RunTime:0.012001s ]
SQL: SELECT `fromuser` FROM `think_friend` WHERE ( touser=7 )  [ RunTime:0.001000s ]
SQL: SELECT `touser` FROM `think_friend` WHERE ( fromuser=7 )  [ RunTime:0.001000s ]
NOTIC: [8] Undefined variable: json D:\WWW\weibo\weibo\Home\Controller\IndexController.class.php 第 100 行.
INFO: [ app_end ] --START--
INFO: Run Behavior\ShowPageTraceBehavior [ RunTime:0.001000s ]
INFO: [ app_end ] --END-- [ RunTime:0.001000s ]

[ 2015-01-24T14:33:56+08:00 ] ::1 /weibo/index.php/Home/Common/askat
INFO: [ app_begin ] --START--
INFO: Run Behavior\ReadHtmlCacheBehavior [ RunTime:0.002000s ]
INFO: [ app_begin ] --END-- [ RunTime:0.002000s ]
SQL: DESCRIBE think_user [ RunTime:0.012000s ]
SQL: SELECT atnewcon,atnewcom,comment FROM `think_user` WHERE ( id=7 ) LIMIT 1   [ RunTime:0.001000s ]
NOTIC: [8] Undefined index: commment D:\WWW\weibo\weibo\Home\Controller\CommonController.class.php 第 429 行.

[ 2015-01-24T14:34:18+08:00 ] ::1 /weibo/index.php/Home/Index/focus
INFO: [ app_begin ] --START--
INFO: Run Behavior\ReadHtmlCacheBehavior [ RunTime:0.001000s ]
INFO: [ app_begin ] --END-- [ RunTime:0.001000s ]
SQL: DESCRIBE think_user [ RunTime:0.011000s ]
SQL: DESCRIBE think_friend [ RunTime:0.008000s ]
SQL: SELECT `touser` FROM `think_friend` WHERE ( fromuser=7 )  [ RunTime:0.001001s ]
NOTIC: [8] Undefined variable: json D:\WWW\weibo\weibo\Home\Controller\IndexController.class.php 第 111 行.
INFO: [ app_end ] --START--
INFO: Run Behavior\ShowPageTraceBehavior [ RunTime:0.001000s ]
INFO: [ app_end ] --END-- [ RunTime:0.001000s ]

[ 2015-01-24T14:34:19+08:00 ] ::1 /weibo/index.php/Home/Index/fans
INFO: [ app_begin ] --START--
INFO: Run Behavior\ReadHtmlCacheBehavior [ RunTime:0.001000s ]
INFO: [ app_begin ] --END-- [ RunTime:0.002000s ]
SQL: DESCRIBE think_user [ RunTime:0.012001s ]
SQL: DESCRIBE think_friend [ RunTime:0.013000s ]
SQL: SELECT `fromuser` FROM `think_friend` WHERE ( touser=7 )  [ RunTime:0.002000s ]
SQL: SELECT `touser` FROM `think_friend` WHERE ( fromuser=7 )  [ RunTime:0.003000s ]
NOTIC: [8] Undefined variable: json D:\WWW\weibo\weibo\Home\Controller\IndexController.class.php 第 100 行.
INFO: [ app_end ] --START--
INFO: Run Behavior\ShowPageTraceBehavior [ RunTime:0.002000s ]
INFO: [ app_end ] --END-- [ RunTime:0.002000s ]

[ 2015-01-24T14:34:21+08:00 ] ::1 /weibo/index.php/Home/Common/askat
INFO: [ app_begin ] --START--
INFO: Run Behavior\ReadHtmlCacheBehavior [ RunTime:0.001000s ]
INFO: [ app_begin ] --END-- [ RunTime:0.001000s ]
SQL: DESCRIBE think_user [ RunTime:0.011000s ]
SQL: SELECT atnewcon,atnewcom,comment FROM `think_user` WHERE ( id=7 ) LIMIT 1   [ RunTime:0.001000s ]
NOTIC: [8] Undefined index: commment D:\WWW\weibo\weibo\Home\Controller\CommonController.class.php 第 429 行.

[ 2015-01-24T14:34:22+08:00 ] ::1 /weibo/index.php/Home/Index/atuser
INFO: [ app_begin ] --START--
INFO: Run Behavior\ReadHtmlCacheBehavior [ RunTime:0.001000s ]
INFO: [ app_begin ] --END-- [ RunTime:0.002000s ]
SQL: DESCRIBE think_user [ RunTime:0.011001s ]
SQL: DESCRIBE think_friend [ RunTime:0.010000s ]
SQL: SELECT `touser` FROM `think_friend` WHERE ( fromuser=7 )  [ RunTime:0.001000s ]
SQL: SELECT `username` FROM `think_user` WHERE `id` IN ('24','5','8','31','28','29','30','13','10','9','26','25','12','15','16')  [ RunTime:0.002000s ]
NOTIC: [8] Undefined variable: json D:\WWW\weibo\weibo\Home\Controller\IndexController.class.php 第 88 行.
INFO: [ app_end ] --START--
INFO: Run Behavior\ShowPageTraceBehavior [ RunTime:0.001000s ]
INFO: [ app_end ] --END-- [ RunTime:0.001000s ]

[ 2015-01-24T14:35:29+08:00 ] ::1 /weibo/index.php/Home/Index/focus
INFO: [ app_begin ] --START--
INFO: Run Behavior\ReadHtmlCacheBehavior [ RunTime:0.001000s ]
INFO: [ app_begin ] --END-- [ RunTime:0.003000s ]
SQL: DESCRIBE think_user [ RunTime:0.012000s ]
SQL: DESCRIBE think_friend [ RunTime:0.009000s ]
SQL: SELECT `touser` FROM `think_friend` WHERE ( fromuser=7 )  [ RunTime:0.001000s ]
NOTIC: [8] Undefined variable: json D:\WWW\weibo\weibo\Home\Controller\IndexController.class.php 第 111 行.
INFO: [ app_end ] --START--
INFO: Run Behavior\ShowPageTraceBehavior [ RunTime:0.002001s ]
INFO: [ app_end ] --END-- [ RunTime:0.002001s ]

[ 2015-01-24T14:35:31+08:00 ] ::1 /weibo/index.php/Home/Common/askat
INFO: [ app_begin ] --START--
INFO: Run Behavior\ReadHtmlCacheBehavior [ RunTime:0.001000s ]
INFO: [ app_begin ] --END-- [ RunTime:0.002000s ]
SQL: DESCRIBE think_user [ RunTime:0.010000s ]
SQL: SELECT atnewcon,atnewcom,comment FROM `think_user` WHERE ( id=7 ) LIMIT 1   [ RunTime:0.002000s ]
NOTIC: [8] Undefined index: commment D:\WWW\weibo\weibo\Home\Controller\CommonController.class.php 第 429 行.

[ 2015-01-24T14:35:32+08:00 ] ::1 /weibo/index.php/Home/Index/fans
INFO: [ app_begin ] --START--
INFO: Run Behavior\ReadHtmlCacheBehavior [ RunTime:0.001000s ]
INFO: [ app_begin ] --END-- [ RunTime:0.003000s ]
SQL: DESCRIBE think_user [ RunTime:0.011000s ]
SQL: DESCRIBE think_friend [ RunTime:0.013000s ]
SQL: SELECT `fromuser` FROM `think_friend` WHERE ( touser=7 )  [ RunTime:0.001000s ]
SQL: SELECT `touser` FROM `think_friend` WHERE ( fromuser=7 )  [ RunTime:0.002001s ]
NOTIC: [8] Undefined variable: json D:\WWW\weibo\weibo\Home\Controller\IndexController.class.php 第 100 行.
INFO: [ app_end ] --START--
INFO: Run Behavior\ShowPageTraceBehavior [ RunTime:0.002000s ]
INFO: [ app_end ] --END-- [ RunTime:0.002000s ]

