[ 2015-01-03T12:23:12+08:00 ] ::1 /weibo/index.php
ERR: XML标签语法错误

[ 2015-01-03T12:23:39+08:00 ] ::1 /weibo/index.php
ERR: XML标签语法错误

[ 2015-01-03T12:24:53+08:00 ] ::1 /weibo/index.php
ERR: XML标签语法错误

[ 2015-01-03T12:25:05+08:00 ] ::1 /weibo/index.php
ERR: XML标签语法错误

[ 2015-01-03T14:49:00+08:00 ] ::1 /weibo/index.php/Home/Common//addcomment
INFO: [ app_begin ] --START--
INFO: Run Behavior\ReadHtmlCacheBehavior [ RunTime:0.002000s ]
INFO: [ app_begin ] --END-- [ RunTime:0.004000s ]
SQL: DESCRIBE think_comment [ RunTime:0.015000s ]
SQL: INSERT INTO `think_comment` (`comment`,`cid`,`uid`) VALUES ('',285,19) [ RunTime:0.034001s ]
INFO: [ app_end ] --START--
INFO: Run Behavior\ShowPageTraceBehavior [ RunTime:0.002000s ]
INFO: [ app_end ] --END-- [ RunTime:0.002000s ]

[ 2015-01-03T14:54:49+08:00 ] ::1 /weibo/index.php/Home/Common//addcomment
INFO: [ app_begin ] --START--
INFO: Run Behavior\ReadHtmlCacheBehavior [ RunTime:0.001000s ]
INFO: [ app_begin ] --END-- [ RunTime:0.002000s ]
SQL: DESCRIBE think_comment [ RunTime:0.017000s ]
SQL: INSERT INTO `think_comment` (`comment`,`cid`,`uid`) VALUES ('哈哈哈哈哈',284,19) [ RunTime:0.002000s ]
INFO: [ app_end ] --START--
INFO: Run Behavior\ShowPageTraceBehavior [ RunTime:0.002000s ]
INFO: [ app_end ] --END-- [ RunTime:0.002000s ]

[ 2015-01-03T15:16:24+08:00 ] ::1 /weibo/index.php/Home/Common//addcomment
INFO: [ app_begin ] --START--
INFO: Run Behavior\ReadHtmlCacheBehavior [ RunTime:0.001000s ]
INFO: [ app_begin ] --END-- [ RunTime:0.002000s ]
SQL: DESCRIBE think_comment [ RunTime:0.010000s ]
SQL: INSERT INTO `think_comment` (`comment`,`cid`,`uid`) VALUES ('差不多冬至',282,19) [ RunTime:0.002000s ]
INFO: [ app_end ] --START--
INFO: Run Behavior\ShowPageTraceBehavior [ RunTime:0.002000s ]
INFO: [ app_end ] --END-- [ RunTime:0.002000s ]

[ 2015-01-03T15:16:41+08:00 ] ::1 /weibo/index.php/Home/Common//addcomment
INFO: [ app_begin ] --START--
INFO: Run Behavior\ReadHtmlCacheBehavior [ RunTime:0.001000s ]
INFO: [ app_begin ] --END-- [ RunTime:0.002000s ]
SQL: DESCRIBE think_comment [ RunTime:0.015001s ]
SQL: INSERT INTO `think_comment` (`comment`,`cid`,`uid`) VALUES ('差不多冬至',282,19) [ RunTime:0.002000s ]
INFO: [ app_end ] --START--
INFO: Run Behavior\ShowPageTraceBehavior [ RunTime:0.002000s ]
INFO: [ app_end ] --END-- [ RunTime:0.002000s ]

[ 2015-01-03T16:10:09+08:00 ] ::1 /weibo/index.php/Home/Common//addcomment
INFO: [ app_begin ] --START--
INFO: Run Behavior\ReadHtmlCacheBehavior [ RunTime:0.001000s ]
INFO: [ app_begin ] --END-- [ RunTime:0.002000s ]
SQL: DESCRIBE think_comment [ RunTime:0.011000s ]
SQL: INSERT INTO `think_comment` (`comment`,`cid`,`uid`) VALUES ('哈哈 好奇怪耶',253,19) [ RunTime:0.001000s ]
INFO: [ app_end ] --START--
INFO: Run Behavior\ShowPageTraceBehavior [ RunTime:0.001000s ]
INFO: [ app_end ] --END-- [ RunTime:0.001000s ]

[ 2015-01-03T16:11:42+08:00 ] ::1 /weibo/index.php/Home/Common//addcomment
INFO: [ app_begin ] --START--
INFO: Run Behavior\ReadHtmlCacheBehavior [ RunTime:0.001000s ]
INFO: [ app_begin ] --END-- [ RunTime:0.002000s ]
SQL: DESCRIBE think_comment [ RunTime:0.009001s ]
SQL: INSERT INTO `think_comment` (`comment`,`cid`,`uid`) VALUES ('马个',245,19) [ RunTime:0.001000s ]
INFO: [ app_end ] --START--
INFO: Run Behavior\ShowPageTraceBehavior [ RunTime:0.001000s ]
INFO: [ app_end ] --END-- [ RunTime:0.001000s ]

[ 2015-01-03T16:17:03+08:00 ] ::1 /weibo/index.php/Home/Common//addcomment
INFO: [ app_begin ] --START--
INFO: Run Behavior\ReadHtmlCacheBehavior [ RunTime:0.001000s ]
INFO: [ app_begin ] --END-- [ RunTime:0.001000s ]
SQL: DESCRIBE think_comment [ RunTime:0.010000s ]
SQL: INSERT INTO `think_comment` (`comment`,`cid`,`uid`) VALUES ('十分同意',244,19) [ RunTime:0.000000s ]
INFO: [ app_end ] --START--
INFO: Run Behavior\ShowPageTraceBehavior [ RunTime:0.001000s ]
INFO: [ app_end ] --END-- [ RunTime:0.001000s ]

[ 2015-01-03T16:17:44+08:00 ] ::1 /weibo/index.php/Home/Common//addcomment
INFO: [ app_begin ] --START--
INFO: Run Behavior\ReadHtmlCacheBehavior [ RunTime:0.001001s ]
INFO: [ app_begin ] --END-- [ RunTime:0.002001s ]
SQL: DESCRIBE think_comment [ RunTime:0.014001s ]
SQL: INSERT INTO `think_comment` (`comment`,`cid`,`uid`) VALUES ('十分同意',244,19) [ RunTime:0.001000s ]
INFO: [ app_end ] --START--
INFO: Run Behavior\ShowPageTraceBehavior [ RunTime:0.003000s ]
INFO: [ app_end ] --END-- [ RunTime:0.003000s ]

[ 2015-01-03T16:26:01+08:00 ] ::1 /weibo/index.php/Home/Common//addcomment
INFO: [ app_begin ] --START--
INFO: Run Behavior\ReadHtmlCacheBehavior [ RunTime:0.001000s ]
INFO: [ app_begin ] --END-- [ RunTime:0.002000s ]
SQL: DESCRIBE think_comment [ RunTime:0.011000s ]
SQL: INSERT INTO `think_comment` (`comment`,`cid`,`uid`) VALUES ('么么哒',286,19) [ RunTime:0.001000s ]
INFO: [ app_end ] --START--
INFO: Run Behavior\ShowPageTraceBehavior [ RunTime:0.001000s ]
INFO: [ app_end ] --END-- [ RunTime:0.002000s ]

[ 2015-01-03T16:26:38+08:00 ] ::1 /weibo/index.php/Home/Common//addcomment
INFO: [ app_begin ] --START--
INFO: Run Behavior\ReadHtmlCacheBehavior [ RunTime:0.001000s ]
INFO: [ app_begin ] --END-- [ RunTime:0.002000s ]
SQL: DESCRIBE think_comment [ RunTime:0.014000s ]
SQL: INSERT INTO `think_comment` (`comment`,`cid`,`uid`) VALUES ('时候',285,19) [ RunTime:0.001000s ]
INFO: [ app_end ] --START--
INFO: Run Behavior\ShowPageTraceBehavior [ RunTime:0.002000s ]
INFO: [ app_end ] --END-- [ RunTime:0.002000s ]

[ 2015-01-03T19:45:40+08:00 ] ::1 /weibo/index.php/Home/Common//showcomment
INFO: [ app_begin ] --START--
INFO: Run Behavior\ReadHtmlCacheBehavior [ RunTime:0.001000s ]
INFO: [ app_begin ] --END-- [ RunTime:0.002000s ]
SQL: DESCRIBE think_comment [ RunTime:0.011000s ]
SQL: DESCRIBE think_user [ RunTime:0.011000s ]
SQL: SELECT comment.id AS commentid,comment.comment AS comment,comment.date AS date,comment.uid AS uid,comment.cid AS cid,user.photo AS photo,user.username AS username FROM think_comment comment LEFT JOIN think_user user ON user.id=comment.uid WHERE ( cid=284 ) ORDER BY comment.id desc LIMIT 10   [ RunTime:0.002000s ]
INFO: [ app_end ] --START--
INFO: Run Behavior\ShowPageTraceBehavior [ RunTime:0.001000s ]
INFO: [ app_end ] --END-- [ RunTime:0.001000s ]

[ 2015-01-03T19:46:53+08:00 ] ::1 /weibo/index.php/Home/Common//showcomment
INFO: [ app_begin ] --START--
INFO: Run Behavior\ReadHtmlCacheBehavior [ RunTime:0.001000s ]
INFO: [ app_begin ] --END-- [ RunTime:0.002000s ]
SQL: DESCRIBE think_comment [ RunTime:0.014001s ]
SQL: DESCRIBE think_user [ RunTime:0.015000s ]
SQL: SELECT comment.id AS commentid,comment.comment AS comment,comment.date AS date,comment.uid AS uid,comment.cid AS cid,user.photo AS photo,user.username AS username FROM think_comment comment LEFT JOIN think_user user ON user.id=comment.uid WHERE ( cid=286 ) ORDER BY comment.id desc LIMIT 10   [ RunTime:0.001000s ]
INFO: [ app_end ] --START--
INFO: Run Behavior\ShowPageTraceBehavior [ RunTime:0.001000s ]
INFO: [ app_end ] --END-- [ RunTime:0.001000s ]

[ 2015-01-03T19:46:56+08:00 ] ::1 /weibo/index.php/Home/Common//showcomment
INFO: [ app_begin ] --START--
INFO: Run Behavior\ReadHtmlCacheBehavior [ RunTime:0.001000s ]
INFO: [ app_begin ] --END-- [ RunTime:0.002000s ]
SQL: DESCRIBE think_comment [ RunTime:0.013001s ]
SQL: DESCRIBE think_user [ RunTime:0.010000s ]
SQL: SELECT comment.id AS commentid,comment.comment AS comment,comment.date AS date,comment.uid AS uid,comment.cid AS cid,user.photo AS photo,user.username AS username FROM think_comment comment LEFT JOIN think_user user ON user.id=comment.uid WHERE ( cid=286 ) ORDER BY comment.id desc LIMIT 10   [ RunTime:0.001000s ]
INFO: [ app_end ] --START--
INFO: Run Behavior\ShowPageTraceBehavior [ RunTime:0.001000s ]
INFO: [ app_end ] --END-- [ RunTime:0.002000s ]

[ 2015-01-03T19:47:00+08:00 ] ::1 /weibo/index.php/Home/Common//showcomment
INFO: [ app_begin ] --START--
INFO: Run Behavior\ReadHtmlCacheBehavior [ RunTime:0.001000s ]
INFO: [ app_begin ] --END-- [ RunTime:0.002000s ]
SQL: DESCRIBE think_comment [ RunTime:0.011001s ]
SQL: DESCRIBE think_user [ RunTime:0.010000s ]
SQL: SELECT comment.id AS commentid,comment.comment AS comment,comment.date AS date,comment.uid AS uid,comment.cid AS cid,user.photo AS photo,user.username AS username FROM think_comment comment LEFT JOIN think_user user ON user.id=comment.uid WHERE ( cid=284 ) ORDER BY comment.id desc LIMIT 10   [ RunTime:0.001000s ]
INFO: [ app_end ] --START--
INFO: Run Behavior\ShowPageTraceBehavior [ RunTime:0.001000s ]
INFO: [ app_end ] --END-- [ RunTime:0.001000s ]

[ 2015-01-03T19:47:20+08:00 ] ::1 /weibo/index.php/Home/Common//addcomment
INFO: [ app_begin ] --START--
INFO: Run Behavior\ReadHtmlCacheBehavior [ RunTime:0.001000s ]
INFO: [ app_begin ] --END-- [ RunTime:0.002000s ]
SQL: DESCRIBE think_comment [ RunTime:0.014001s ]
SQL: INSERT INTO `think_comment` (`comment`,`cid`,`uid`) VALUES ('hello',286,19) [ RunTime:0.002000s ]
INFO: [ app_end ] --START--
INFO: Run Behavior\ShowPageTraceBehavior [ RunTime:0.002000s ]
INFO: [ app_end ] --END-- [ RunTime:0.002000s ]

[ 2015-01-03T19:48:02+08:00 ] ::1 /weibo/index.php/Home/Common//showcomment
INFO: [ app_begin ] --START--
INFO: Run Behavior\ReadHtmlCacheBehavior [ RunTime:0.001000s ]
INFO: [ app_begin ] --END-- [ RunTime:0.002000s ]
SQL: DESCRIBE think_comment [ RunTime:0.014001s ]
SQL: DESCRIBE think_user [ RunTime:0.016000s ]
SQL: SELECT comment.id AS commentid,comment.comment AS comment,comment.date AS date,comment.uid AS uid,comment.cid AS cid,user.photo AS photo,user.username AS username FROM think_comment comment LEFT JOIN think_user user ON user.id=comment.uid WHERE ( cid=285 ) ORDER BY comment.id desc LIMIT 10   [ RunTime:0.002000s ]
INFO: [ app_end ] --START--
INFO: Run Behavior\ShowPageTraceBehavior [ RunTime:0.002000s ]
INFO: [ app_end ] --END-- [ RunTime:0.002000s ]

[ 2015-01-03T19:48:11+08:00 ] ::1 /weibo/index.php/Home/Common//addcomment
INFO: [ app_begin ] --START--
INFO: Run Behavior\ReadHtmlCacheBehavior [ RunTime:0.001000s ]
INFO: [ app_begin ] --END-- [ RunTime:0.002000s ]
SQL: DESCRIBE think_comment [ RunTime:0.015000s ]
SQL: INSERT INTO `think_comment` (`comment`,`cid`,`uid`) VALUES ('HELLO',285,19) [ RunTime:0.002000s ]
INFO: [ app_end ] --START--
INFO: Run Behavior\ShowPageTraceBehavior [ RunTime:0.002000s ]
INFO: [ app_end ] --END-- [ RunTime:0.002000s ]

[ 2015-01-03T19:48:17+08:00 ] ::1 /weibo/index.php/Home/Common//showcomment
INFO: [ app_begin ] --START--
INFO: Run Behavior\ReadHtmlCacheBehavior [ RunTime:0.001000s ]
INFO: [ app_begin ] --END-- [ RunTime:0.001000s ]
SQL: DESCRIBE think_comment [ RunTime:0.016001s ]
SQL: DESCRIBE think_user [ RunTime:0.009000s ]
SQL: SELECT comment.id AS commentid,comment.comment AS comment,comment.date AS date,comment.uid AS uid,comment.cid AS cid,user.photo AS photo,user.username AS username FROM think_comment comment LEFT JOIN think_user user ON user.id=comment.uid WHERE ( cid=285 ) ORDER BY comment.id desc LIMIT 10   [ RunTime:0.001000s ]
INFO: [ app_end ] --START--
INFO: Run Behavior\ShowPageTraceBehavior [ RunTime:0.001000s ]
INFO: [ app_end ] --END-- [ RunTime:0.001000s ]

[ 2015-01-03T19:48:20+08:00 ] ::1 /weibo/index.php/Home/Common//showcomment
INFO: [ app_begin ] --START--
INFO: Run Behavior\ReadHtmlCacheBehavior [ RunTime:0.001000s ]
INFO: [ app_begin ] --END-- [ RunTime:0.002000s ]
SQL: DESCRIBE think_comment [ RunTime:0.013000s ]
SQL: DESCRIBE think_user [ RunTime:0.009001s ]
SQL: SELECT comment.id AS commentid,comment.comment AS comment,comment.date AS date,comment.uid AS uid,comment.cid AS cid,user.photo AS photo,user.username AS username FROM think_comment comment LEFT JOIN think_user user ON user.id=comment.uid WHERE ( cid=285 ) ORDER BY comment.id desc LIMIT 10   [ RunTime:0.002000s ]
INFO: [ app_end ] --START--
INFO: Run Behavior\ShowPageTraceBehavior [ RunTime:0.001000s ]
INFO: [ app_end ] --END-- [ RunTime:0.001000s ]

[ 2015-01-03T19:48:35+08:00 ] ::1 /weibo/index.php/Home/Common//showcomment
INFO: [ app_begin ] --START--
INFO: Run Behavior\ReadHtmlCacheBehavior [ RunTime:0.001000s ]
INFO: [ app_begin ] --END-- [ RunTime:0.002000s ]
SQL: DESCRIBE think_comment [ RunTime:0.015001s ]
SQL: DESCRIBE think_user [ RunTime:0.016000s ]
SQL: SELECT comment.id AS commentid,comment.comment AS comment,comment.date AS date,comment.uid AS uid,comment.cid AS cid,user.photo AS photo,user.username AS username FROM think_comment comment LEFT JOIN think_user user ON user.id=comment.uid WHERE ( cid=285 ) ORDER BY comment.id desc LIMIT 10   [ RunTime:0.001000s ]
INFO: [ app_end ] --START--
INFO: Run Behavior\ShowPageTraceBehavior [ RunTime:0.002000s ]
INFO: [ app_end ] --END-- [ RunTime:0.002000s ]

[ 2015-01-03T19:48:46+08:00 ] ::1 /weibo/index.php/Home/Common//showcomment
INFO: [ app_begin ] --START--
INFO: Run Behavior\ReadHtmlCacheBehavior [ RunTime:0.001000s ]
INFO: [ app_begin ] --END-- [ RunTime:0.002000s ]
SQL: DESCRIBE think_comment [ RunTime:0.017000s ]
SQL: DESCRIBE think_user [ RunTime:0.010001s ]
SQL: SELECT comment.id AS commentid,comment.comment AS comment,comment.date AS date,comment.uid AS uid,comment.cid AS cid,user.photo AS photo,user.username AS username FROM think_comment comment LEFT JOIN think_user user ON user.id=comment.uid WHERE ( cid=286 ) ORDER BY comment.id desc LIMIT 10   [ RunTime:0.001000s ]
INFO: [ app_end ] --START--
INFO: Run Behavior\ShowPageTraceBehavior [ RunTime:0.002000s ]
INFO: [ app_end ] --END-- [ RunTime:0.002000s ]

[ 2015-01-03T19:48:54+08:00 ] ::1 /weibo/index.php/Home/Common//showcomment
INFO: [ app_begin ] --START--
INFO: Run Behavior\ReadHtmlCacheBehavior [ RunTime:0.001000s ]
INFO: [ app_begin ] --END-- [ RunTime:0.002000s ]
SQL: DESCRIBE think_comment [ RunTime:0.012000s ]
SQL: DESCRIBE think_user [ RunTime:0.009000s ]
SQL: SELECT comment.id AS commentid,comment.comment AS comment,comment.date AS date,comment.uid AS uid,comment.cid AS cid,user.photo AS photo,user.username AS username FROM think_comment comment LEFT JOIN think_user user ON user.id=comment.uid WHERE ( cid=286 ) ORDER BY comment.id desc LIMIT 10   [ RunTime:0.001000s ]
INFO: [ app_end ] --START--
INFO: Run Behavior\ShowPageTraceBehavior [ RunTime:0.001000s ]
INFO: [ app_end ] --END-- [ RunTime:0.001000s ]

[ 2015-01-03T19:51:02+08:00 ] ::1 /weibo/index.php/Home/Common//showcomment
INFO: [ app_begin ] --START--
INFO: Run Behavior\ReadHtmlCacheBehavior [ RunTime:0.001000s ]
INFO: [ app_begin ] --END-- [ RunTime:0.002000s ]
SQL: DESCRIBE think_comment [ RunTime:0.008000s ]
SQL: DESCRIBE think_user [ RunTime:0.011000s ]
SQL: SELECT comment.id AS commentid,comment.comment AS comment,comment.date AS date,comment.uid AS uid,comment.cid AS cid,user.photo AS photo,user.username AS username FROM think_comment comment LEFT JOIN think_user user ON user.id=comment.uid WHERE ( cid=285 ) ORDER BY comment.id desc LIMIT 10   [ RunTime:0.001000s ]
INFO: [ app_end ] --START--
INFO: Run Behavior\ShowPageTraceBehavior [ RunTime:0.002001s ]
INFO: [ app_end ] --END-- [ RunTime:0.002001s ]

[ 2015-01-03T20:01:59+08:00 ] ::1 /weibo/index.php
ERR: XML标签语法错误 :  name="<?php echo ($commentlist); ?

[ 2015-01-03T20:02:14+08:00 ] ::1 /weibo/index.php/Home/Common//showcomment
INFO: [ app_begin ] --START--
INFO: Run Behavior\ReadHtmlCacheBehavior [ RunTime:0.001000s ]
INFO: [ app_begin ] --END-- [ RunTime:0.002000s ]
SQL: DESCRIBE think_comment [ RunTime:0.015001s ]
SQL: DESCRIBE think_user [ RunTime:0.011000s ]
SQL: SELECT comment.id AS commentid,comment.comment AS comment,comment.date AS date,comment.uid AS uid,comment.cid AS cid,user.photo AS photo,user.username AS username FROM think_comment comment LEFT JOIN think_user user ON user.id=comment.uid WHERE ( cid=286 ) ORDER BY comment.id desc LIMIT 10   [ RunTime:0.002000s ]
INFO: [ app_end ] --START--
INFO: Run Behavior\ShowPageTraceBehavior [ RunTime:0.001000s ]
INFO: [ app_end ] --END-- [ RunTime:0.001000s ]

[ 2015-01-03T20:02:18+08:00 ] ::1 /weibo/index.php/Home/Common//showcomment
INFO: [ app_begin ] --START--
INFO: Run Behavior\ReadHtmlCacheBehavior [ RunTime:0.001000s ]
INFO: [ app_begin ] --END-- [ RunTime:0.001000s ]
SQL: DESCRIBE think_comment [ RunTime:0.008000s ]
SQL: DESCRIBE think_user [ RunTime:0.010000s ]
SQL: SELECT comment.id AS commentid,comment.comment AS comment,comment.date AS date,comment.uid AS uid,comment.cid AS cid,user.photo AS photo,user.username AS username FROM think_comment comment LEFT JOIN think_user user ON user.id=comment.uid WHERE ( cid=285 ) ORDER BY comment.id desc LIMIT 10   [ RunTime:0.001000s ]
INFO: [ app_end ] --START--
INFO: Run Behavior\ShowPageTraceBehavior [ RunTime:0.002000s ]
INFO: [ app_end ] --END-- [ RunTime:0.002000s ]

[ 2015-01-03T20:02:22+08:00 ] ::1 /weibo/index.php/Home/Common//showcomment
INFO: [ app_begin ] --START--
INFO: Run Behavior\ReadHtmlCacheBehavior [ RunTime:0.001000s ]
INFO: [ app_begin ] --END-- [ RunTime:0.002000s ]
SQL: DESCRIBE think_comment [ RunTime:0.015001s ]
SQL: DESCRIBE think_user [ RunTime:0.017000s ]
SQL: SELECT comment.id AS commentid,comment.comment AS comment,comment.date AS date,comment.uid AS uid,comment.cid AS cid,user.photo AS photo,user.username AS username FROM think_comment comment LEFT JOIN think_user user ON user.id=comment.uid WHERE ( cid=285 ) ORDER BY comment.id desc LIMIT 10   [ RunTime:0.003001s ]
INFO: [ app_end ] --START--
INFO: Run Behavior\ShowPageTraceBehavior [ RunTime:0.002000s ]
INFO: [ app_end ] --END-- [ RunTime:0.002000s ]

[ 2015-01-03T20:02:26+08:00 ] ::1 /weibo/index.php/Home/Common//showcomment
INFO: [ app_begin ] --START--
INFO: Run Behavior\ReadHtmlCacheBehavior [ RunTime:0.001000s ]
INFO: [ app_begin ] --END-- [ RunTime:0.002000s ]
SQL: DESCRIBE think_comment [ RunTime:0.008000s ]
SQL: DESCRIBE think_user [ RunTime:0.009000s ]
SQL: SELECT comment.id AS commentid,comment.comment AS comment,comment.date AS date,comment.uid AS uid,comment.cid AS cid,user.photo AS photo,user.username AS username FROM think_comment comment LEFT JOIN think_user user ON user.id=comment.uid WHERE ( cid=284 ) ORDER BY comment.id desc LIMIT 10   [ RunTime:0.002000s ]
INFO: [ app_end ] --START--
INFO: Run Behavior\ShowPageTraceBehavior [ RunTime:0.001000s ]
INFO: [ app_end ] --END-- [ RunTime:0.001000s ]

[ 2015-01-03T20:02:28+08:00 ] ::1 /weibo/index.php/Home/Common//showcomment
INFO: [ app_begin ] --START--
INFO: Run Behavior\ReadHtmlCacheBehavior [ RunTime:0.001000s ]
INFO: [ app_begin ] --END-- [ RunTime:0.003000s ]
SQL: DESCRIBE think_comment [ RunTime:0.008000s ]
SQL: DESCRIBE think_user [ RunTime:0.010000s ]
SQL: SELECT comment.id AS commentid,comment.comment AS comment,comment.date AS date,comment.uid AS uid,comment.cid AS cid,user.photo AS photo,user.username AS username FROM think_comment comment LEFT JOIN think_user user ON user.id=comment.uid WHERE ( cid=284 ) ORDER BY comment.id desc LIMIT 10   [ RunTime:0.002001s ]
INFO: [ app_end ] --START--
INFO: Run Behavior\ShowPageTraceBehavior [ RunTime:0.001000s ]
INFO: [ app_end ] --END-- [ RunTime:0.001000s ]

[ 2015-01-03T20:02:31+08:00 ] ::1 /weibo/index.php/Home/Common//showcomment
INFO: [ app_begin ] --START--
INFO: Run Behavior\ReadHtmlCacheBehavior [ RunTime:0.002000s ]
INFO: [ app_begin ] --END-- [ RunTime:0.002000s ]
SQL: DESCRIBE think_comment [ RunTime:0.014000s ]
SQL: DESCRIBE think_user [ RunTime:0.014001s ]
SQL: SELECT comment.id AS commentid,comment.comment AS comment,comment.date AS date,comment.uid AS uid,comment.cid AS cid,user.photo AS photo,user.username AS username FROM think_comment comment LEFT JOIN think_user user ON user.id=comment.uid WHERE ( cid=283 ) ORDER BY comment.id desc LIMIT 10   [ RunTime:0.002000s ]
INFO: [ app_end ] --START--
INFO: Run Behavior\ShowPageTraceBehavior [ RunTime:0.001000s ]
INFO: [ app_end ] --END-- [ RunTime:0.001000s ]

[ 2015-01-03T20:02:32+08:00 ] ::1 /weibo/index.php/Home/Common//showcomment
INFO: [ app_begin ] --START--
INFO: Run Behavior\ReadHtmlCacheBehavior [ RunTime:0.001000s ]
INFO: [ app_begin ] --END-- [ RunTime:0.002000s ]
SQL: DESCRIBE think_comment [ RunTime:0.014000s ]
SQL: DESCRIBE think_user [ RunTime:0.014001s ]
SQL: SELECT comment.id AS commentid,comment.comment AS comment,comment.date AS date,comment.uid AS uid,comment.cid AS cid,user.photo AS photo,user.username AS username FROM think_comment comment LEFT JOIN think_user user ON user.id=comment.uid WHERE ( cid=283 ) ORDER BY comment.id desc LIMIT 10   [ RunTime:0.001000s ]
INFO: [ app_end ] --START--
INFO: Run Behavior\ShowPageTraceBehavior [ RunTime:0.001000s ]
INFO: [ app_end ] --END-- [ RunTime:0.002000s ]

[ 2015-01-03T20:02:34+08:00 ] ::1 /weibo/index.php/Home/Common//showcomment
INFO: [ app_begin ] --START--
INFO: Run Behavior\ReadHtmlCacheBehavior [ RunTime:0.001000s ]
INFO: [ app_begin ] --END-- [ RunTime:0.002000s ]
SQL: DESCRIBE think_comment [ RunTime:0.018001s ]
SQL: DESCRIBE think_user [ RunTime:0.010000s ]
SQL: SELECT comment.id AS commentid,comment.comment AS comment,comment.date AS date,comment.uid AS uid,comment.cid AS cid,user.photo AS photo,user.username AS username FROM think_comment comment LEFT JOIN think_user user ON user.id=comment.uid WHERE ( cid=283 ) ORDER BY comment.id desc LIMIT 10   [ RunTime:0.002000s ]
INFO: [ app_end ] --START--
INFO: Run Behavior\ShowPageTraceBehavior [ RunTime:0.001000s ]
INFO: [ app_end ] --END-- [ RunTime:0.001000s ]

[ 2015-01-03T20:02:37+08:00 ] ::1 /weibo/index.php/Home/Common//showcomment
INFO: [ app_begin ] --START--
INFO: Run Behavior\ReadHtmlCacheBehavior [ RunTime:0.001000s ]
INFO: [ app_begin ] --END-- [ RunTime:0.001000s ]
SQL: DESCRIBE think_comment [ RunTime:0.012001s ]
SQL: DESCRIBE think_user [ RunTime:0.010000s ]
SQL: SELECT comment.id AS commentid,comment.comment AS comment,comment.date AS date,comment.uid AS uid,comment.cid AS cid,user.photo AS photo,user.username AS username FROM think_comment comment LEFT JOIN think_user user ON user.id=comment.uid WHERE ( cid=283 ) ORDER BY comment.id desc LIMIT 10   [ RunTime:0.002000s ]
INFO: [ app_end ] --START--
INFO: Run Behavior\ShowPageTraceBehavior [ RunTime:0.002000s ]
INFO: [ app_end ] --END-- [ RunTime:0.002000s ]

[ 2015-01-03T20:02:40+08:00 ] ::1 /weibo/index.php/Home/Common//showcomment
INFO: [ app_begin ] --START--
INFO: Run Behavior\ReadHtmlCacheBehavior [ RunTime:0.001000s ]
INFO: [ app_begin ] --END-- [ RunTime:0.002000s ]
SQL: DESCRIBE think_comment [ RunTime:0.015001s ]
SQL: DESCRIBE think_user [ RunTime:0.015000s ]
SQL: SELECT comment.id AS commentid,comment.comment AS comment,comment.date AS date,comment.uid AS uid,comment.cid AS cid,user.photo AS photo,user.username AS username FROM think_comment comment LEFT JOIN think_user user ON user.id=comment.uid WHERE ( cid=282 ) ORDER BY comment.id desc LIMIT 10   [ RunTime:0.001000s ]
INFO: [ app_end ] --START--
INFO: Run Behavior\ShowPageTraceBehavior [ RunTime:0.001000s ]
INFO: [ app_end ] --END-- [ RunTime:0.001000s ]

[ 2015-01-03T20:02:46+08:00 ] ::1 /weibo/index.php/Home/Common//showcomment
INFO: [ app_begin ] --START--
INFO: Run Behavior\ReadHtmlCacheBehavior [ RunTime:0.001000s ]
INFO: [ app_begin ] --END-- [ RunTime:0.002000s ]
SQL: DESCRIBE think_comment [ RunTime:0.010000s ]
SQL: DESCRIBE think_user [ RunTime:0.010001s ]
SQL: SELECT comment.id AS commentid,comment.comment AS comment,comment.date AS date,comment.uid AS uid,comment.cid AS cid,user.photo AS photo,user.username AS username FROM think_comment comment LEFT JOIN think_user user ON user.id=comment.uid WHERE ( cid=282 ) ORDER BY comment.id desc LIMIT 10   [ RunTime:0.002000s ]
INFO: [ app_end ] --START--
INFO: Run Behavior\ShowPageTraceBehavior [ RunTime:0.001000s ]
INFO: [ app_end ] --END-- [ RunTime:0.001000s ]

[ 2015-01-03T20:02:49+08:00 ] ::1 /weibo/index.php/Home/Common//showcomment
INFO: [ app_begin ] --START--
INFO: Run Behavior\ReadHtmlCacheBehavior [ RunTime:0.001000s ]
INFO: [ app_begin ] --END-- [ RunTime:0.001000s ]
SQL: DESCRIBE think_comment [ RunTime:0.015001s ]
SQL: DESCRIBE think_user [ RunTime:0.015000s ]
SQL: SELECT comment.id AS commentid,comment.comment AS comment,comment.date AS date,comment.uid AS uid,comment.cid AS cid,user.photo AS photo,user.username AS username FROM think_comment comment LEFT JOIN think_user user ON user.id=comment.uid WHERE ( cid=281 ) ORDER BY comment.id desc LIMIT 10   [ RunTime:0.002000s ]
INFO: [ app_end ] --START--
INFO: Run Behavior\ShowPageTraceBehavior [ RunTime:0.001001s ]
INFO: [ app_end ] --END-- [ RunTime:0.002001s ]

[ 2015-01-03T20:02:51+08:00 ] ::1 /weibo/index.php/Home/Common//showcomment
INFO: [ app_begin ] --START--
INFO: Run Behavior\ReadHtmlCacheBehavior [ RunTime:0.001000s ]
INFO: [ app_begin ] --END-- [ RunTime:0.002000s ]
SQL: DESCRIBE think_comment [ RunTime:0.015000s ]
SQL: DESCRIBE think_user [ RunTime:0.013001s ]
SQL: SELECT comment.id AS commentid,comment.comment AS comment,comment.date AS date,comment.uid AS uid,comment.cid AS cid,user.photo AS photo,user.username AS username FROM think_comment comment LEFT JOIN think_user user ON user.id=comment.uid WHERE ( cid=281 ) ORDER BY comment.id desc LIMIT 10   [ RunTime:0.002000s ]
INFO: [ app_end ] --START--
INFO: Run Behavior\ShowPageTraceBehavior [ RunTime:0.001000s ]
INFO: [ app_end ] --END-- [ RunTime:0.001000s ]

[ 2015-01-03T20:02:55+08:00 ] ::1 /weibo/index.php/Home/Common//showcomment
INFO: [ app_begin ] --START--
INFO: Run Behavior\ReadHtmlCacheBehavior [ RunTime:0.001000s ]
INFO: [ app_begin ] --END-- [ RunTime:0.001000s ]
SQL: DESCRIBE think_comment [ RunTime:0.015000s ]
SQL: DESCRIBE think_user [ RunTime:0.017001s ]
SQL: SELECT comment.id AS commentid,comment.comment AS comment,comment.date AS date,comment.uid AS uid,comment.cid AS cid,user.photo AS photo,user.username AS username FROM think_comment comment LEFT JOIN think_user user ON user.id=comment.uid WHERE ( cid=254 ) ORDER BY comment.id desc LIMIT 10   [ RunTime:0.001000s ]
INFO: [ app_end ] --START--
INFO: Run Behavior\ShowPageTraceBehavior [ RunTime:0.001000s ]
INFO: [ app_end ] --END-- [ RunTime:0.001000s ]

[ 2015-01-03T20:03:00+08:00 ] ::1 /weibo/index.php/Home/Common//showcomment
INFO: [ app_begin ] --START--
INFO: Run Behavior\ReadHtmlCacheBehavior [ RunTime:0.001000s ]
INFO: [ app_begin ] --END-- [ RunTime:0.001000s ]
SQL: DESCRIBE think_comment [ RunTime:0.015001s ]
SQL: DESCRIBE think_user [ RunTime:0.015000s ]
SQL: SELECT comment.id AS commentid,comment.comment AS comment,comment.date AS date,comment.uid AS uid,comment.cid AS cid,user.photo AS photo,user.username AS username FROM think_comment comment LEFT JOIN think_user user ON user.id=comment.uid WHERE ( cid=253 ) ORDER BY comment.id desc LIMIT 10   [ RunTime:0.001000s ]
INFO: [ app_end ] --START--
INFO: Run Behavior\ShowPageTraceBehavior [ RunTime:0.001000s ]
INFO: [ app_end ] --END-- [ RunTime:0.001000s ]

[ 2015-01-03T20:04:41+08:00 ] ::1 /weibo/index.php/Home/Common//showcomment
INFO: [ app_begin ] --START--
INFO: Run Behavior\ReadHtmlCacheBehavior [ RunTime:0.001000s ]
INFO: [ app_begin ] --END-- [ RunTime:0.002000s ]
SQL: DESCRIBE think_comment [ RunTime:0.015000s ]
SQL: DESCRIBE think_user [ RunTime:0.017001s ]
SQL: SELECT comment.id AS commentid,comment.comment AS comment,comment.date AS date,comment.uid AS uid,comment.cid AS cid,user.photo AS photo,user.username AS username FROM think_comment comment LEFT JOIN think_user user ON user.id=comment.uid WHERE ( cid=244 ) ORDER BY comment.id desc LIMIT 10   [ RunTime:0.002000s ]
INFO: [ app_end ] --START--
INFO: Run Behavior\ShowPageTraceBehavior [ RunTime:0.001000s ]
INFO: [ app_end ] --END-- [ RunTime:0.001000s ]

[ 2015-01-03T20:05:53+08:00 ] ::1 /weibo/index.php
ERR: XML标签语法错误 :  name=COMMENT item="a"

[ 2015-01-03T20:06:08+08:00 ] ::1 /weibo/index.php/Home/Common//showcomment
INFO: [ app_begin ] --START--
INFO: Run Behavior\ReadHtmlCacheBehavior [ RunTime:0.001000s ]
INFO: [ app_begin ] --END-- [ RunTime:0.002001s ]
SQL: DESCRIBE think_comment [ RunTime:0.016001s ]
SQL: DESCRIBE think_user [ RunTime:0.018000s ]
SQL: SELECT comment.id AS commentid,comment.comment AS comment,comment.date AS date,comment.uid AS uid,comment.cid AS cid,user.photo AS photo,user.username AS username FROM think_comment comment LEFT JOIN think_user user ON user.id=comment.uid WHERE ( cid=286 ) ORDER BY comment.id desc LIMIT 10   [ RunTime:0.001000s ]
INFO: [ app_end ] --START--
INFO: Run Behavior\ShowPageTraceBehavior [ RunTime:0.001000s ]
INFO: [ app_end ] --END-- [ RunTime:0.001000s ]

[ 2015-01-03T20:06:11+08:00 ] ::1 /weibo/index.php/Home/Common//showcomment
INFO: [ app_begin ] --START--
INFO: Run Behavior\ReadHtmlCacheBehavior [ RunTime:0.001000s ]
INFO: [ app_begin ] --END-- [ RunTime:0.002000s ]
SQL: DESCRIBE think_comment [ RunTime:0.010000s ]
SQL: DESCRIBE think_user [ RunTime:0.009000s ]
SQL: SELECT comment.id AS commentid,comment.comment AS comment,comment.date AS date,comment.uid AS uid,comment.cid AS cid,user.photo AS photo,user.username AS username FROM think_comment comment LEFT JOIN think_user user ON user.id=comment.uid WHERE ( cid=285 ) ORDER BY comment.id desc LIMIT 10   [ RunTime:0.001000s ]
INFO: [ app_end ] --START--
INFO: Run Behavior\ShowPageTraceBehavior [ RunTime:0.002000s ]
INFO: [ app_end ] --END-- [ RunTime:0.002000s ]

[ 2015-01-03T20:06:14+08:00 ] ::1 /weibo/index.php/Home/Common//showcomment
INFO: [ app_begin ] --START--
INFO: Run Behavior\ReadHtmlCacheBehavior [ RunTime:0.002000s ]
INFO: [ app_begin ] --END-- [ RunTime:0.003000s ]
SQL: DESCRIBE think_comment [ RunTime:0.015000s ]
SQL: DESCRIBE think_user [ RunTime:0.017001s ]
SQL: SELECT comment.id AS commentid,comment.comment AS comment,comment.date AS date,comment.uid AS uid,comment.cid AS cid,user.photo AS photo,user.username AS username FROM think_comment comment LEFT JOIN think_user user ON user.id=comment.uid WHERE ( cid=285 ) ORDER BY comment.id desc LIMIT 10   [ RunTime:0.002000s ]
INFO: [ app_end ] --START--
INFO: Run Behavior\ShowPageTraceBehavior [ RunTime:0.001000s ]
INFO: [ app_end ] --END-- [ RunTime:0.002000s ]

[ 2015-01-03T20:06:18+08:00 ] ::1 /weibo/index.php/Home/Common//showcomment
INFO: [ app_begin ] --START--
INFO: Run Behavior\ReadHtmlCacheBehavior [ RunTime:0.001000s ]
INFO: [ app_begin ] --END-- [ RunTime:0.002000s ]
SQL: DESCRIBE think_comment [ RunTime:0.017000s ]
SQL: DESCRIBE think_user [ RunTime:0.012001s ]
SQL: SELECT comment.id AS commentid,comment.comment AS comment,comment.date AS date,comment.uid AS uid,comment.cid AS cid,user.photo AS photo,user.username AS username FROM think_comment comment LEFT JOIN think_user user ON user.id=comment.uid WHERE ( cid=284 ) ORDER BY comment.id desc LIMIT 10   [ RunTime:0.002000s ]
INFO: [ app_end ] --START--
INFO: Run Behavior\ShowPageTraceBehavior [ RunTime:0.001000s ]
INFO: [ app_end ] --END-- [ RunTime:0.001000s ]

[ 2015-01-03T20:06:21+08:00 ] ::1 /weibo/index.php/Home/Common//showcomment
INFO: [ app_begin ] --START--
INFO: Run Behavior\ReadHtmlCacheBehavior [ RunTime:0.001000s ]
INFO: [ app_begin ] --END-- [ RunTime:0.002000s ]
SQL: DESCRIBE think_comment [ RunTime:0.015000s ]
SQL: DESCRIBE think_user [ RunTime:0.016001s ]
SQL: SELECT comment.id AS commentid,comment.comment AS comment,comment.date AS date,comment.uid AS uid,comment.cid AS cid,user.photo AS photo,user.username AS username FROM think_comment comment LEFT JOIN think_user user ON user.id=comment.uid WHERE ( cid=284 ) ORDER BY comment.id desc LIMIT 10   [ RunTime:0.002000s ]
INFO: [ app_end ] --START--
INFO: Run Behavior\ShowPageTraceBehavior [ RunTime:0.001000s ]
INFO: [ app_end ] --END-- [ RunTime:0.002000s ]

[ 2015-01-03T20:06:41+08:00 ] ::1 /weibo/index.php/Home/Common//showcomment
INFO: [ app_begin ] --START--
INFO: Run Behavior\ReadHtmlCacheBehavior [ RunTime:0.001000s ]
INFO: [ app_begin ] --END-- [ RunTime:0.002000s ]
SQL: DESCRIBE think_comment [ RunTime:0.009000s ]
SQL: DESCRIBE think_user [ RunTime:0.011000s ]
SQL: SELECT comment.id AS commentid,comment.comment AS comment,comment.date AS date,comment.uid AS uid,comment.cid AS cid,user.photo AS photo,user.username AS username FROM think_comment comment LEFT JOIN think_user user ON user.id=comment.uid WHERE ( cid=281 ) ORDER BY comment.id desc LIMIT 10   [ RunTime:0.002001s ]
INFO: [ app_end ] --START--
INFO: Run Behavior\ShowPageTraceBehavior [ RunTime:0.002000s ]
INFO: [ app_end ] --END-- [ RunTime:0.002000s ]

[ 2015-01-03T20:06:45+08:00 ] ::1 /weibo/index.php/Home/Common//showcomment
INFO: [ app_begin ] --START--
INFO: Run Behavior\ReadHtmlCacheBehavior [ RunTime:0.001000s ]
INFO: [ app_begin ] --END-- [ RunTime:0.002000s ]
SQL: DESCRIBE think_comment [ RunTime:0.015001s ]
SQL: DESCRIBE think_user [ RunTime:0.010000s ]
SQL: SELECT comment.id AS commentid,comment.comment AS comment,comment.date AS date,comment.uid AS uid,comment.cid AS cid,user.photo AS photo,user.username AS username FROM think_comment comment LEFT JOIN think_user user ON user.id=comment.uid WHERE ( cid=281 ) ORDER BY comment.id desc LIMIT 10   [ RunTime:0.001000s ]
INFO: [ app_end ] --START--
INFO: Run Behavior\ShowPageTraceBehavior [ RunTime:0.002000s ]
INFO: [ app_end ] --END-- [ RunTime:0.002000s ]

[ 2015-01-03T20:07:48+08:00 ] ::1 /weibo/index.php/Home/Common//showcomment
INFO: [ app_begin ] --START--
INFO: Run Behavior\ReadHtmlCacheBehavior [ RunTime:0.001000s ]
INFO: [ app_begin ] --END-- [ RunTime:0.002000s ]
SQL: DESCRIBE think_comment [ RunTime:0.014001s ]
SQL: DESCRIBE think_user [ RunTime:0.014000s ]
SQL: SELECT comment.id AS commentid,comment.comment AS comment,comment.date AS date,comment.uid AS uid,comment.cid AS cid,user.photo AS photo,user.username AS username FROM think_comment comment LEFT JOIN think_user user ON user.id=comment.uid WHERE ( cid=244 ) ORDER BY comment.id desc LIMIT 10   [ RunTime:0.002000s ]
INFO: [ app_end ] --START--
INFO: Run Behavior\ShowPageTraceBehavior [ RunTime:0.002000s ]
INFO: [ app_end ] --END-- [ RunTime:0.002000s ]

[ 2015-01-03T20:08:26+08:00 ] ::1 /weibo/index.php/Home/Common//showcomment
INFO: [ app_begin ] --START--
INFO: Run Behavior\ReadHtmlCacheBehavior [ RunTime:0.001000s ]
INFO: [ app_begin ] --END-- [ RunTime:0.002000s ]
SQL: DESCRIBE think_comment [ RunTime:0.015000s ]
SQL: DESCRIBE think_user [ RunTime:0.016001s ]
SQL: SELECT comment.id AS commentid,comment.comment AS comment,comment.date AS date,comment.uid AS uid,comment.cid AS cid,user.photo AS photo,user.username AS username FROM think_comment comment LEFT JOIN think_user user ON user.id=comment.uid WHERE ( cid=244 ) ORDER BY comment.id desc LIMIT 10   [ RunTime:0.001000s ]
INFO: [ app_end ] --START--
INFO: Run Behavior\ShowPageTraceBehavior [ RunTime:0.001000s ]
INFO: [ app_end ] --END-- [ RunTime:0.001000s ]

[ 2015-01-03T20:08:30+08:00 ] ::1 /weibo/index.php/Home/Common//showcomment
INFO: [ app_begin ] --START--
INFO: Run Behavior\ReadHtmlCacheBehavior [ RunTime:0.001000s ]
INFO: [ app_begin ] --END-- [ RunTime:0.002000s ]
SQL: DESCRIBE think_comment [ RunTime:0.009000s ]
SQL: DESCRIBE think_user [ RunTime:0.010000s ]
SQL: SELECT comment.id AS commentid,comment.comment AS comment,comment.date AS date,comment.uid AS uid,comment.cid AS cid,user.photo AS photo,user.username AS username FROM think_comment comment LEFT JOIN think_user user ON user.id=comment.uid WHERE ( cid=282 ) ORDER BY comment.id desc LIMIT 10   [ RunTime:0.002000s ]
INFO: [ app_end ] --START--
INFO: Run Behavior\ShowPageTraceBehavior [ RunTime:0.000000s ]
INFO: [ app_end ] --END-- [ RunTime:0.000000s ]

[ 2015-01-03T20:08:34+08:00 ] ::1 /weibo/index.php/Home/Common//showcomment
INFO: [ app_begin ] --START--
INFO: Run Behavior\ReadHtmlCacheBehavior [ RunTime:0.001000s ]
INFO: [ app_begin ] --END-- [ RunTime:0.002000s ]
SQL: DESCRIBE think_comment [ RunTime:0.014000s ]
SQL: DESCRIBE think_user [ RunTime:0.016001s ]
SQL: SELECT comment.id AS commentid,comment.comment AS comment,comment.date AS date,comment.uid AS uid,comment.cid AS cid,user.photo AS photo,user.username AS username FROM think_comment comment LEFT JOIN think_user user ON user.id=comment.uid WHERE ( cid=282 ) ORDER BY comment.id desc LIMIT 10   [ RunTime:0.002000s ]
INFO: [ app_end ] --START--
INFO: Run Behavior\ShowPageTraceBehavior [ RunTime:0.001000s ]
INFO: [ app_end ] --END-- [ RunTime:0.002000s ]

[ 2015-01-03T20:09:43+08:00 ] ::1 /weibo/index.php/Home/Common//showcomment
INFO: [ app_begin ] --START--
INFO: Run Behavior\ReadHtmlCacheBehavior [ RunTime:0.001000s ]
INFO: [ app_begin ] --END-- [ RunTime:0.002001s ]
SQL: DESCRIBE think_comment [ RunTime:0.015000s ]
SQL: DESCRIBE think_user [ RunTime:0.010000s ]
SQL: SELECT comment.id AS commentid,comment.comment AS comment,comment.date AS date,comment.uid AS uid,comment.cid AS cid,user.photo AS photo,user.username AS username FROM think_comment comment LEFT JOIN think_user user ON user.id=comment.uid WHERE ( cid=281 ) ORDER BY comment.id desc LIMIT 10   [ RunTime:0.001000s ]
INFO: [ app_end ] --START--
INFO: Run Behavior\ShowPageTraceBehavior [ RunTime:0.001000s ]
INFO: [ app_end ] --END-- [ RunTime:0.001000s ]

[ 2015-01-03T20:09:50+08:00 ] ::1 /weibo/index.php/Home/Common//showcomment
INFO: [ app_begin ] --START--
INFO: Run Behavior\ReadHtmlCacheBehavior [ RunTime:0.001000s ]
INFO: [ app_begin ] --END-- [ RunTime:0.002000s ]
SQL: DESCRIBE think_comment [ RunTime:0.008000s ]
SQL: DESCRIBE think_user [ RunTime:0.010000s ]
SQL: SELECT comment.id AS commentid,comment.comment AS comment,comment.date AS date,comment.uid AS uid,comment.cid AS cid,user.photo AS photo,user.username AS username FROM think_comment comment LEFT JOIN think_user user ON user.id=comment.uid WHERE ( cid=286 ) ORDER BY comment.id desc LIMIT 10   [ RunTime:0.001000s ]
INFO: [ app_end ] --START--
INFO: Run Behavior\ShowPageTraceBehavior [ RunTime:0.001000s ]
INFO: [ app_end ] --END-- [ RunTime:0.002000s ]

[ 2015-01-03T20:09:52+08:00 ] ::1 /weibo/index.php/Home/Common//showcomment
INFO: [ app_begin ] --START--
INFO: Run Behavior\ReadHtmlCacheBehavior [ RunTime:0.001000s ]
INFO: [ app_begin ] --END-- [ RunTime:0.002000s ]
SQL: DESCRIBE think_comment [ RunTime:0.009001s ]
SQL: DESCRIBE think_user [ RunTime:0.011000s ]
SQL: SELECT comment.id AS commentid,comment.comment AS comment,comment.date AS date,comment.uid AS uid,comment.cid AS cid,user.photo AS photo,user.username AS username FROM think_comment comment LEFT JOIN think_user user ON user.id=comment.uid WHERE ( cid=286 ) ORDER BY comment.id desc LIMIT 10   [ RunTime:0.002000s ]
INFO: [ app_end ] --START--
INFO: Run Behavior\ShowPageTraceBehavior [ RunTime:0.001000s ]
INFO: [ app_end ] --END-- [ RunTime:0.002000s ]

[ 2015-01-03T20:09:58+08:00 ] ::1 /weibo/index.php/Home/Common//addcomment
INFO: [ app_begin ] --START--
INFO: Run Behavior\ReadHtmlCacheBehavior [ RunTime:0.001000s ]
INFO: [ app_begin ] --END-- [ RunTime:0.002000s ]
SQL: DESCRIBE think_comment [ RunTime:0.008000s ]
SQL: INSERT INTO `think_comment` (`comment`,`cid`,`uid`) VALUES ('晚安',286,19) [ RunTime:0.001000s ]
INFO: [ app_end ] --START--
INFO: Run Behavior\ShowPageTraceBehavior [ RunTime:0.001000s ]
INFO: [ app_end ] --END-- [ RunTime:0.001000s ]

[ 2015-01-03T20:10:47+08:00 ] ::1 /weibo/index.php/Home/Common//showcomment
INFO: [ app_begin ] --START--
INFO: Run Behavior\ReadHtmlCacheBehavior [ RunTime:0.002000s ]
INFO: [ app_begin ] --END-- [ RunTime:0.002000s ]
SQL: DESCRIBE think_comment [ RunTime:0.009001s ]
SQL: DESCRIBE think_user [ RunTime:0.011000s ]
SQL: SELECT comment.id AS commentid,comment.comment AS comment,comment.date AS date,comment.uid AS uid,comment.cid AS cid,user.photo AS photo,user.username AS username FROM think_comment comment LEFT JOIN think_user user ON user.id=comment.uid WHERE ( cid=286 ) ORDER BY comment.id desc LIMIT 10   [ RunTime:0.001000s ]
INFO: [ app_end ] --START--
INFO: Run Behavior\ShowPageTraceBehavior [ RunTime:0.001000s ]
INFO: [ app_end ] --END-- [ RunTime:0.001000s ]

[ 2015-01-03T20:15:56+08:00 ] ::1 /weibo/index.php/Home/Common//showcomment
INFO: [ app_begin ] --START--
INFO: Run Behavior\ReadHtmlCacheBehavior [ RunTime:0.001001s ]
INFO: [ app_begin ] --END-- [ RunTime:0.002001s ]
SQL: DESCRIBE think_comment [ RunTime:0.015000s ]
SQL: DESCRIBE think_user [ RunTime:0.016001s ]
SQL: SELECT comment.id AS commentid,comment.comment AS comment,comment.date AS date,comment.uid AS uid,comment.cid AS cid,user.photo AS photo,user.username AS username FROM think_comment comment LEFT JOIN think_user user ON user.id=comment.uid WHERE ( cid=285 ) ORDER BY comment.id desc LIMIT 10   [ RunTime:0.002000s ]
INFO: [ app_end ] --START--
INFO: Run Behavior\ShowPageTraceBehavior [ RunTime:0.001000s ]
INFO: [ app_end ] --END-- [ RunTime:0.002000s ]

[ 2015-01-03T20:16:19+08:00 ] ::1 /weibo/index.php/Home/Common//showcomment
INFO: [ app_begin ] --START--
INFO: Run Behavior\ReadHtmlCacheBehavior [ RunTime:0.001000s ]
INFO: [ app_begin ] --END-- [ RunTime:0.002000s ]
SQL: DESCRIBE think_comment [ RunTime:0.015000s ]
SQL: DESCRIBE think_user [ RunTime:0.014001s ]
SQL: SELECT comment.id AS commentid,comment.comment AS comment,comment.date AS date,comment.uid AS uid,comment.cid AS cid,user.photo AS photo,user.username AS username FROM think_comment comment LEFT JOIN think_user user ON user.id=comment.uid WHERE ( cid=284 ) ORDER BY comment.id desc LIMIT 10   [ RunTime:0.002000s ]
INFO: [ app_end ] --START--
INFO: Run Behavior\ShowPageTraceBehavior [ RunTime:0.001000s ]
INFO: [ app_end ] --END-- [ RunTime:0.001000s ]

[ 2015-01-03T20:19:33+08:00 ] ::1 /weibo/index.php/Home/Common//showcomment
INFO: [ app_begin ] --START--
INFO: Run Behavior\ReadHtmlCacheBehavior [ RunTime:0.001000s ]
INFO: [ app_begin ] --END-- [ RunTime:0.002000s ]
SQL: DESCRIBE think_comment [ RunTime:0.014000s ]
SQL: DESCRIBE think_user [ RunTime:0.014001s ]
SQL: SELECT comment.id AS commentid,comment.comment AS comment,comment.date AS date,comment.uid AS uid,comment.cid AS cid,user.photo AS photo,user.username AS username FROM think_comment comment LEFT JOIN think_user user ON user.id=comment.uid WHERE ( cid=283 ) ORDER BY comment.id desc LIMIT 10   [ RunTime:0.002000s ]
INFO: [ app_end ] --START--
INFO: Run Behavior\ShowPageTraceBehavior [ RunTime:0.001000s ]
INFO: [ app_end ] --END-- [ RunTime:0.001000s ]

[ 2015-01-03T20:19:46+08:00 ] ::1 /weibo/index.php/Home/Common//showcomment
INFO: [ app_begin ] --START--
INFO: Run Behavior\ReadHtmlCacheBehavior [ RunTime:0.001000s ]
INFO: [ app_begin ] --END-- [ RunTime:0.002000s ]
SQL: DESCRIBE think_comment [ RunTime:0.008001s ]
SQL: DESCRIBE think_user [ RunTime:0.010000s ]
SQL: SELECT comment.id AS commentid,comment.comment AS comment,comment.date AS date,comment.uid AS uid,comment.cid AS cid,user.photo AS photo,user.username AS username FROM think_comment comment LEFT JOIN think_user user ON user.id=comment.uid WHERE ( cid=282 ) ORDER BY comment.id desc LIMIT 10   [ RunTime:0.002000s ]
INFO: [ app_end ] --START--
INFO: Run Behavior\ShowPageTraceBehavior [ RunTime:0.001000s ]
INFO: [ app_end ] --END-- [ RunTime:0.001000s ]

[ 2015-01-03T20:21:18+08:00 ] ::1 /weibo/index.php/Home/Common//showcomment
INFO: [ app_begin ] --START--
INFO: Run Behavior\ReadHtmlCacheBehavior [ RunTime:0.001000s ]
INFO: [ app_begin ] --END-- [ RunTime:0.002000s ]
SQL: DESCRIBE think_comment [ RunTime:0.016001s ]
SQL: DESCRIBE think_user [ RunTime:0.015000s ]
SQL: SELECT comment.id AS commentid,comment.comment AS comment,comment.date AS date,comment.uid AS uid,comment.cid AS cid,user.photo AS photo,user.username AS username FROM think_comment comment LEFT JOIN think_user user ON user.id=comment.uid WHERE ( cid=281 ) ORDER BY comment.id desc LIMIT 10   [ RunTime:0.002000s ]
INFO: [ app_end ] --START--
INFO: Run Behavior\ShowPageTraceBehavior [ RunTime:0.001000s ]
INFO: [ app_end ] --END-- [ RunTime:0.001000s ]

[ 2015-01-03T20:21:33+08:00 ] ::1 /weibo/index.php/Home/Common//showcomment
INFO: [ app_begin ] --START--
INFO: Run Behavior\ReadHtmlCacheBehavior [ RunTime:0.001000s ]
INFO: [ app_begin ] --END-- [ RunTime:0.002000s ]
SQL: DESCRIBE think_comment [ RunTime:0.014001s ]
SQL: DESCRIBE think_user [ RunTime:0.016000s ]
SQL: SELECT comment.id AS commentid,comment.comment AS comment,comment.date AS date,comment.uid AS uid,comment.cid AS cid,user.photo AS photo,user.username AS username FROM think_comment comment LEFT JOIN think_user user ON user.id=comment.uid WHERE ( cid=254 ) ORDER BY comment.id desc LIMIT 10   [ RunTime:0.001000s ]
INFO: [ app_end ] --START--
INFO: Run Behavior\ShowPageTraceBehavior [ RunTime:0.002000s ]
INFO: [ app_end ] --END-- [ RunTime:0.002000s ]

[ 2015-01-03T20:21:59+08:00 ] ::1 /weibo/index.php/Home/Common//showcomment
INFO: [ app_begin ] --START--
INFO: Run Behavior\ReadHtmlCacheBehavior [ RunTime:0.001000s ]
INFO: [ app_begin ] --END-- [ RunTime:0.002000s ]
SQL: DESCRIBE think_comment [ RunTime:0.015000s ]
SQL: DESCRIBE think_user [ RunTime:0.011000s ]
SQL: SELECT comment.id AS commentid,comment.comment AS comment,comment.date AS date,comment.uid AS uid,comment.cid AS cid,user.photo AS photo,user.username AS username FROM think_comment comment LEFT JOIN think_user user ON user.id=comment.uid WHERE ( cid=253 ) ORDER BY comment.id desc LIMIT 10   [ RunTime:0.002000s ]
INFO: [ app_end ] --START--
INFO: Run Behavior\ShowPageTraceBehavior [ RunTime:0.001000s ]
INFO: [ app_end ] --END-- [ RunTime:0.001000s ]

