[ 2015-01-31T21:02:12+08:00 ] ::1 /weibo/index.php/Home/Index/focus
INFO: [ app_begin ] --START--
INFO: Run Behavior\ReadHtmlCacheBehavior [ RunTime:0.002000s ]
INFO: [ app_begin ] --END-- [ RunTime:0.003000s ]
SQL: DESCRIBE think_user [ RunTime:0.011001s ]
SQL: DESCRIBE think_friend [ RunTime:0.010000s ]
SQL: SELECT `touser` FROM `think_friend` WHERE ( fromuser=5 )  [ RunTime:0.002000s ]
NOTIC: [8] Undefined variable: json D:\WWW\weibo\weibo\Home\Controller\IndexController.class.php 第 110 行.
INFO: [ app_end ] --START--
INFO: Run Behavior\ShowPageTraceBehavior [ RunTime:0.002000s ]
INFO: [ app_end ] --END-- [ RunTime:0.002000s ]

[ 2015-01-31T21:02:13+08:00 ] ::1 /weibo/index.php/Home/Common/askat
INFO: [ app_begin ] --START--
INFO: Run Behavior\ReadHtmlCacheBehavior [ RunTime:0.001000s ]
INFO: [ app_begin ] --END-- [ RunTime:0.002000s ]
SQL: DESCRIBE think_user [ RunTime:0.033001s ]
SQL: SELECT atnewcon,atnewcom,comment FROM `think_user` WHERE ( id=5 ) LIMIT 1   [ RunTime:0.004000s ]
NOTIC: [8] Undefined index: commment D:\WWW\weibo\weibo\Home\Controller\CommonController.class.php 第 437 行.

[ 2015-01-31T21:02:14+08:00 ] ::1 /weibo/index.php/Home/Index/fans
INFO: [ app_begin ] --START--
INFO: Run Behavior\ReadHtmlCacheBehavior [ RunTime:0.002000s ]
INFO: [ app_begin ] --END-- [ RunTime:0.002000s ]
SQL: DESCRIBE think_user [ RunTime:0.010000s ]
SQL: DESCRIBE think_friend [ RunTime:0.010001s ]
SQL: SELECT `fromuser` FROM `think_friend` WHERE ( touser=5 )  [ RunTime:0.002000s ]
SQL: SELECT `touser` FROM `think_friend` WHERE ( fromuser=5 )  [ RunTime:0.002000s ]
NOTIC: [8] Undefined variable: json D:\WWW\weibo\weibo\Home\Controller\IndexController.class.php 第 99 行.
INFO: [ app_end ] --START--
INFO: Run Behavior\ShowPageTraceBehavior [ RunTime:0.001000s ]
INFO: [ app_end ] --END-- [ RunTime:0.002000s ]

[ 2015-01-31T21:02:15+08:00 ] ::1 /weibo/index.php/Home/Index/atuser
INFO: [ app_begin ] --START--
INFO: Run Behavior\ReadHtmlCacheBehavior [ RunTime:0.002000s ]
INFO: [ app_begin ] --END-- [ RunTime:0.003000s ]
SQL: DESCRIBE think_user [ RunTime:0.012000s ]
SQL: DESCRIBE think_friend [ RunTime:0.010001s ]
SQL: SELECT `touser` FROM `think_friend` WHERE ( fromuser=5 )  [ RunTime:0.002000s ]
SQL: SELECT `username` FROM `think_user` WHERE `id` IN ('19','8','9','7','10','13','31','28','25','24','29','17','16','15','26','14','18')  [ RunTime:0.002000s ]
NOTIC: [8] Undefined variable: json D:\WWW\weibo\weibo\Home\Controller\IndexController.class.php 第 87 行.
INFO: [ app_end ] --START--
INFO: Run Behavior\ShowPageTraceBehavior [ RunTime:0.001000s ]
INFO: [ app_end ] --END-- [ RunTime:0.001000s ]

[ 2015-01-31T21:03:18+08:00 ] ::1 /weibo/index.php/Home/Common/showusercard
INFO: [ app_begin ] --START--
INFO: Run Behavior\ReadHtmlCacheBehavior [ RunTime:0.001000s ]
INFO: [ app_begin ] --END-- [ RunTime:0.002000s ]
SQL: DESCRIBE think_user [ RunTime:0.012000s ]
SQL: SELECT `id`,`production`,`photo`,`username`,`focus`,`fans`,`contentcount` FROM `think_user` WHERE ( id=7 ) LIMIT 1   [ RunTime:0.002000s ]
NOTIC: [8] Undefined variable: json D:\WWW\weibo\weibo\Home\Controller\CommonController.class.php 第 188 行.
INFO: [ app_end ] --START--
INFO: Run Behavior\ShowPageTraceBehavior [ RunTime:0.001000s ]
INFO: [ app_end ] --END-- [ RunTime:0.002001s ]

[ 2015-01-31T21:03:28+08:00 ] ::1 /weibo/index.php/Home/Common/showusercard
INFO: [ app_begin ] --START--
INFO: Run Behavior\ReadHtmlCacheBehavior [ RunTime:0.001001s ]
INFO: [ app_begin ] --END-- [ RunTime:0.002001s ]
SQL: DESCRIBE think_user [ RunTime:0.010001s ]
SQL: SELECT `id`,`production`,`photo`,`username`,`focus`,`fans`,`contentcount` FROM `think_user` WHERE ( id=28 ) LIMIT 1   [ RunTime:0.002000s ]
NOTIC: [8] Undefined variable: json D:\WWW\weibo\weibo\Home\Controller\CommonController.class.php 第 188 行.
INFO: [ app_end ] --START--
INFO: Run Behavior\ShowPageTraceBehavior [ RunTime:0.001000s ]
INFO: [ app_end ] --END-- [ RunTime:0.001000s ]

[ 2015-01-31T21:03:29+08:00 ] ::1 /weibo/index.php/Home/Common/showusercard
INFO: [ app_begin ] --START--
INFO: Run Behavior\ReadHtmlCacheBehavior [ RunTime:0.001000s ]
INFO: [ app_begin ] --END-- [ RunTime:0.003000s ]
SQL: DESCRIBE think_user [ RunTime:0.010001s ]
SQL: SELECT `id`,`production`,`photo`,`username`,`focus`,`fans`,`contentcount` FROM `think_user` WHERE ( id=28 ) LIMIT 1   [ RunTime:0.002000s ]
NOTIC: [8] Undefined variable: json D:\WWW\weibo\weibo\Home\Controller\CommonController.class.php 第 188 行.
INFO: [ app_end ] --START--
INFO: Run Behavior\ShowPageTraceBehavior [ RunTime:0.001000s ]
INFO: [ app_end ] --END-- [ RunTime:0.001000s ]

[ 2015-01-31T21:03:30+08:00 ] ::1 /weibo/index.php/Home/Common/showusercard
INFO: [ app_begin ] --START--
INFO: Run Behavior\ReadHtmlCacheBehavior [ RunTime:0.001000s ]
INFO: [ app_begin ] --END-- [ RunTime:0.002000s ]
SQL: DESCRIBE think_user [ RunTime:0.010000s ]
SQL: SELECT `id`,`production`,`photo`,`username`,`focus`,`fans`,`contentcount` FROM `think_user` WHERE ( id=28 ) LIMIT 1   [ RunTime:0.002000s ]
NOTIC: [8] Undefined variable: json D:\WWW\weibo\weibo\Home\Controller\CommonController.class.php 第 188 行.
INFO: [ app_end ] --START--
INFO: Run Behavior\ShowPageTraceBehavior [ RunTime:0.001000s ]
INFO: [ app_end ] --END-- [ RunTime:0.001000s ]

[ 2015-01-31T21:03:31+08:00 ] ::1 /weibo/index.php/Home/Common/showusercard
INFO: [ app_begin ] --START--
INFO: Run Behavior\ReadHtmlCacheBehavior [ RunTime:0.002000s ]
INFO: [ app_begin ] --END-- [ RunTime:0.003001s ]
SQL: DESCRIBE think_user [ RunTime:0.011000s ]
SQL: SELECT `id`,`production`,`photo`,`username`,`focus`,`fans`,`contentcount` FROM `think_user` WHERE ( id=28 ) LIMIT 1   [ RunTime:0.002000s ]
NOTIC: [8] Undefined variable: json D:\WWW\weibo\weibo\Home\Controller\CommonController.class.php 第 188 行.
INFO: [ app_end ] --START--
INFO: Run Behavior\ShowPageTraceBehavior [ RunTime:0.003000s ]
INFO: [ app_end ] --END-- [ RunTime:0.003000s ]

[ 2015-01-31T21:03:32+08:00 ] ::1 /weibo/index.php/Home/Common/showusercard
INFO: [ app_begin ] --START--
INFO: Run Behavior\ReadHtmlCacheBehavior [ RunTime:0.002000s ]
INFO: [ app_begin ] --END-- [ RunTime:0.003000s ]
SQL: DESCRIBE think_user [ RunTime:0.010000s ]
SQL: SELECT `id`,`production`,`photo`,`username`,`focus`,`fans`,`contentcount` FROM `think_user` WHERE ( id=28 ) LIMIT 1   [ RunTime:0.001000s ]
NOTIC: [8] Undefined variable: json D:\WWW\weibo\weibo\Home\Controller\CommonController.class.php 第 188 行.
INFO: [ app_end ] --START--
INFO: Run Behavior\ShowPageTraceBehavior [ RunTime:0.001000s ]
INFO: [ app_end ] --END-- [ RunTime:0.001000s ]

[ 2015-01-31T21:03:33+08:00 ] ::1 /weibo/index.php/Home/Common/showusercard
INFO: [ app_begin ] --START--
INFO: Run Behavior\ReadHtmlCacheBehavior [ RunTime:0.001000s ]
INFO: [ app_begin ] --END-- [ RunTime:0.002000s ]
SQL: DESCRIBE think_user [ RunTime:0.011000s ]
SQL: SELECT `id`,`production`,`photo`,`username`,`focus`,`fans`,`contentcount` FROM `think_user` WHERE ( id=28 ) LIMIT 1   [ RunTime:0.001000s ]
NOTIC: [8] Undefined variable: json D:\WWW\weibo\weibo\Home\Controller\CommonController.class.php 第 188 行.
INFO: [ app_end ] --START--
INFO: Run Behavior\ShowPageTraceBehavior [ RunTime:0.001000s ]
INFO: [ app_end ] --END-- [ RunTime:0.001000s ]

[ 2015-01-31T21:03:38+08:00 ] ::1 /weibo/index.php/Home/Common/showusercard
INFO: [ app_begin ] --START--
INFO: Run Behavior\ReadHtmlCacheBehavior [ RunTime:0.002000s ]
INFO: [ app_begin ] --END-- [ RunTime:0.003000s ]
SQL: DESCRIBE think_user [ RunTime:0.011001s ]
SQL: SELECT `id`,`production`,`photo`,`username`,`focus`,`fans`,`contentcount` FROM `think_user` WHERE ( id=28 ) LIMIT 1   [ RunTime:0.001000s ]
NOTIC: [8] Undefined variable: json D:\WWW\weibo\weibo\Home\Controller\CommonController.class.php 第 188 行.
INFO: [ app_end ] --START--
INFO: Run Behavior\ShowPageTraceBehavior [ RunTime:0.001000s ]
INFO: [ app_end ] --END-- [ RunTime:0.001000s ]

[ 2015-01-31T21:03:44+08:00 ] ::1 /weibo/index.php/Home/Index/focus
INFO: [ app_begin ] --START--
INFO: Run Behavior\ReadHtmlCacheBehavior [ RunTime:0.001000s ]
INFO: [ app_begin ] --END-- [ RunTime:0.002000s ]
SQL: DESCRIBE think_user [ RunTime:0.010000s ]
SQL: DESCRIBE think_friend [ RunTime:0.009000s ]
SQL: SELECT `touser` FROM `think_friend` WHERE ( fromuser=5 )  [ RunTime:0.001000s ]
NOTIC: [8] Undefined variable: json D:\WWW\weibo\weibo\Home\Controller\IndexController.class.php 第 110 行.
INFO: [ app_end ] --START--
INFO: Run Behavior\ShowPageTraceBehavior [ RunTime:0.001000s ]
INFO: [ app_end ] --END-- [ RunTime:0.001000s ]

[ 2015-01-31T21:03:45+08:00 ] ::1 /weibo/index.php/Home/Index/fans
INFO: [ app_begin ] --START--
INFO: Run Behavior\ReadHtmlCacheBehavior [ RunTime:0.002000s ]
INFO: [ app_begin ] --END-- [ RunTime:0.002000s ]
SQL: DESCRIBE think_user [ RunTime:0.010000s ]
SQL: DESCRIBE think_friend [ RunTime:0.010001s ]
SQL: SELECT `fromuser` FROM `think_friend` WHERE ( touser=5 )  [ RunTime:0.002000s ]
SQL: SELECT `touser` FROM `think_friend` WHERE ( fromuser=5 )  [ RunTime:0.002000s ]
NOTIC: [8] Undefined variable: json D:\WWW\weibo\weibo\Home\Controller\IndexController.class.php 第 99 行.
INFO: [ app_end ] --START--
INFO: Run Behavior\ShowPageTraceBehavior [ RunTime:0.001000s ]
INFO: [ app_end ] --END-- [ RunTime:0.002000s ]

[ 2015-01-31T21:03:46+08:00 ] ::1 /weibo/index.php/Home/Common/askat
INFO: [ app_begin ] --START--
INFO: Run Behavior\ReadHtmlCacheBehavior [ RunTime:0.001000s ]
INFO: [ app_begin ] --END-- [ RunTime:0.002000s ]
SQL: DESCRIBE think_user [ RunTime:0.010000s ]
SQL: SELECT atnewcon,atnewcom,comment FROM `think_user` WHERE ( id=5 ) LIMIT 1   [ RunTime:0.002000s ]
NOTIC: [8] Undefined index: commment D:\WWW\weibo\weibo\Home\Controller\CommonController.class.php 第 437 行.

[ 2015-01-31T21:03:54+08:00 ] ::1 /weibo/index.php/Home/Common//showcomment
INFO: [ app_begin ] --START--
INFO: Run Behavior\ReadHtmlCacheBehavior [ RunTime:0.001000s ]
INFO: [ app_begin ] --END-- [ RunTime:0.002000s ]
SQL: DESCRIBE think_comment [ RunTime:0.009001s ]
SQL: DESCRIBE think_user [ RunTime:0.011000s ]
SQL: SELECT comment.id AS commentid,comment.comment AS comment,comment.date AS date,comment.uid AS uid,comment.cid AS cid,user.photo AS photo,user.username AS username FROM think_comment comment LEFT JOIN think_user user ON user.id=comment.uid WHERE ( cid=446 ) ORDER BY comment.id desc LIMIT 10   [ RunTime:0.001000s ]
NOTIC: [2] Invalid argument supplied for foreach() D:\WWW\weibo\weibo\Home\Controller\CommonController.class.php 第 392 行.
NOTIC: [2] Invalid argument supplied for foreach() D:\WWW\weibo\weibo\Home\Controller\CommonController.class.php 第 396 行.
NOTIC: [8] Undefined variable: json D:\WWW\weibo\weibo\Home\Controller\CommonController.class.php 第 403 行.
INFO: [ app_end ] --START--
INFO: Run Behavior\ShowPageTraceBehavior [ RunTime:0.001000s ]
INFO: [ app_end ] --END-- [ RunTime:0.001000s ]

[ 2015-01-31T21:04:06+08:00 ] ::1 /weibo/index.php/Home/Index/focus
INFO: [ app_begin ] --START--
INFO: Run Behavior\ReadHtmlCacheBehavior [ RunTime:0.001000s ]
INFO: [ app_begin ] --END-- [ RunTime:0.002000s ]
SQL: DESCRIBE think_user [ RunTime:0.011000s ]
SQL: DESCRIBE think_friend [ RunTime:0.011000s ]
SQL: SELECT `touser` FROM `think_friend` WHERE ( fromuser=5 )  [ RunTime:0.001000s ]
NOTIC: [8] Undefined variable: json D:\WWW\weibo\weibo\Home\Controller\IndexController.class.php 第 110 行.
INFO: [ app_end ] --START--
INFO: Run Behavior\ShowPageTraceBehavior [ RunTime:0.001000s ]
INFO: [ app_end ] --END-- [ RunTime:0.002000s ]

[ 2015-01-31T21:04:07+08:00 ] ::1 /weibo/index.php/Home/Index/fans
INFO: [ app_begin ] --START--
INFO: Run Behavior\ReadHtmlCacheBehavior [ RunTime:0.001000s ]
INFO: [ app_begin ] --END-- [ RunTime:0.002000s ]
SQL: DESCRIBE think_user [ RunTime:0.012000s ]
SQL: DESCRIBE think_friend [ RunTime:0.009001s ]
SQL: SELECT `fromuser` FROM `think_friend` WHERE ( touser=5 )  [ RunTime:0.002000s ]
SQL: SELECT `touser` FROM `think_friend` WHERE ( fromuser=5 )  [ RunTime:0.001000s ]
NOTIC: [8] Undefined variable: json D:\WWW\weibo\weibo\Home\Controller\IndexController.class.php 第 99 行.
INFO: [ app_end ] --START--
INFO: Run Behavior\ShowPageTraceBehavior [ RunTime:0.001000s ]
INFO: [ app_end ] --END-- [ RunTime:0.001000s ]

[ 2015-01-31T21:04:08+08:00 ] ::1 /weibo/index.php/Home/Common/askat
INFO: [ app_begin ] --START--
INFO: Run Behavior\ReadHtmlCacheBehavior [ RunTime:0.001000s ]
INFO: [ app_begin ] --END-- [ RunTime:0.001000s ]
SQL: DESCRIBE think_user [ RunTime:0.013000s ]
SQL: SELECT atnewcon,atnewcom,comment FROM `think_user` WHERE ( id=5 ) LIMIT 1   [ RunTime:0.002000s ]
NOTIC: [8] Undefined index: commment D:\WWW\weibo\weibo\Home\Controller\CommonController.class.php 第 437 行.

[ 2015-01-31T21:04:18+08:00 ] ::1 /weibo/index.php/Home/Index/focus
INFO: [ app_begin ] --START--
INFO: Run Behavior\ReadHtmlCacheBehavior [ RunTime:0.001000s ]
INFO: [ app_begin ] --END-- [ RunTime:0.002000s ]
SQL: DESCRIBE think_user [ RunTime:0.009000s ]
SQL: DESCRIBE think_friend [ RunTime:0.010000s ]
SQL: SELECT `touser` FROM `think_friend` WHERE ( fromuser=5 )  [ RunTime:0.001000s ]
NOTIC: [8] Undefined variable: json D:\WWW\weibo\weibo\Home\Controller\IndexController.class.php 第 110 行.
INFO: [ app_end ] --START--
INFO: Run Behavior\ShowPageTraceBehavior [ RunTime:0.001000s ]
INFO: [ app_end ] --END-- [ RunTime:0.001000s ]

[ 2015-01-31T21:04:19+08:00 ] ::1 /weibo/index.php/Home/Index/fans
INFO: [ app_begin ] --START--
INFO: Run Behavior\ReadHtmlCacheBehavior [ RunTime:0.001000s ]
INFO: [ app_begin ] --END-- [ RunTime:0.003000s ]
SQL: DESCRIBE think_user [ RunTime:0.012000s ]
SQL: DESCRIBE think_friend [ RunTime:0.009000s ]
SQL: SELECT `fromuser` FROM `think_friend` WHERE ( touser=5 )  [ RunTime:0.002001s ]
SQL: SELECT `touser` FROM `think_friend` WHERE ( fromuser=5 )  [ RunTime:0.002000s ]
NOTIC: [8] Undefined variable: json D:\WWW\weibo\weibo\Home\Controller\IndexController.class.php 第 99 行.
INFO: [ app_end ] --START--
INFO: Run Behavior\ShowPageTraceBehavior [ RunTime:0.002000s ]
INFO: [ app_end ] --END-- [ RunTime:0.002000s ]

[ 2015-01-31T21:04:20+08:00 ] ::1 /weibo/index.php/Home/Common/askat
INFO: [ app_begin ] --START--
INFO: Run Behavior\ReadHtmlCacheBehavior [ RunTime:0.007000s ]
INFO: [ app_begin ] --END-- [ RunTime:0.007000s ]
SQL: DESCRIBE think_user [ RunTime:0.012000s ]
SQL: SELECT atnewcon,atnewcom,comment FROM `think_user` WHERE ( id=5 ) LIMIT 1   [ RunTime:0.001000s ]
NOTIC: [8] Undefined index: commment D:\WWW\weibo\weibo\Home\Controller\CommonController.class.php 第 437 行.

[ 2015-01-31T21:04:32+08:00 ] ::1 /weibo/index.php/Home/Index/focus
INFO: [ app_begin ] --START--
INFO: Run Behavior\ReadHtmlCacheBehavior [ RunTime:0.001000s ]
INFO: [ app_begin ] --END-- [ RunTime:0.002000s ]
SQL: DESCRIBE think_user [ RunTime:0.010000s ]
SQL: DESCRIBE think_friend [ RunTime:0.010000s ]
SQL: SELECT `touser` FROM `think_friend` WHERE ( fromuser=5 )  [ RunTime:0.001000s ]
NOTIC: [8] Undefined variable: json D:\WWW\weibo\weibo\Home\Controller\IndexController.class.php 第 110 行.
INFO: [ app_end ] --START--
INFO: Run Behavior\ShowPageTraceBehavior [ RunTime:0.001000s ]
INFO: [ app_end ] --END-- [ RunTime:0.001000s ]

[ 2015-01-31T21:04:33+08:00 ] ::1 /weibo/index.php/Home/Index/fans
INFO: [ app_begin ] --START--
INFO: Run Behavior\ReadHtmlCacheBehavior [ RunTime:0.001000s ]
INFO: [ app_begin ] --END-- [ RunTime:0.002000s ]
SQL: DESCRIBE think_user [ RunTime:0.018000s ]
SQL: DESCRIBE think_friend [ RunTime:0.016001s ]
SQL: SELECT `fromuser` FROM `think_friend` WHERE ( touser=5 )  [ RunTime:0.001000s ]
SQL: SELECT `touser` FROM `think_friend` WHERE ( fromuser=5 )  [ RunTime:0.002000s ]
NOTIC: [8] Undefined variable: json D:\WWW\weibo\weibo\Home\Controller\IndexController.class.php 第 99 行.
INFO: [ app_end ] --START--
INFO: Run Behavior\ShowPageTraceBehavior [ RunTime:0.001000s ]
INFO: [ app_end ] --END-- [ RunTime:0.002000s ]

[ 2015-01-31T21:04:34+08:00 ] ::1 /weibo/index.php/Home/Common/askat
INFO: [ app_begin ] --START--
INFO: Run Behavior\ReadHtmlCacheBehavior [ RunTime:0.001000s ]
INFO: [ app_begin ] --END-- [ RunTime:0.002000s ]
SQL: DESCRIBE think_user [ RunTime:0.014001s ]
SQL: SELECT atnewcon,atnewcom,comment FROM `think_user` WHERE ( id=5 ) LIMIT 1   [ RunTime:0.002000s ]
NOTIC: [8] Undefined index: commment D:\WWW\weibo\weibo\Home\Controller\CommonController.class.php 第 437 行.

[ 2015-01-31T21:04:37+08:00 ] ::1 /weibo/index.php/Home/Index/focus
INFO: [ app_begin ] --START--
INFO: Run Behavior\ReadHtmlCacheBehavior [ RunTime:0.001000s ]
INFO: [ app_begin ] --END-- [ RunTime:0.002000s ]
SQL: DESCRIBE think_user [ RunTime:0.011000s ]
SQL: DESCRIBE think_friend [ RunTime:0.009000s ]
SQL: SELECT `touser` FROM `think_friend` WHERE ( fromuser=5 )  [ RunTime:0.001000s ]
NOTIC: [8] Undefined variable: json D:\WWW\weibo\weibo\Home\Controller\IndexController.class.php 第 110 行.
INFO: [ app_end ] --START--
INFO: Run Behavior\ShowPageTraceBehavior [ RunTime:0.001000s ]
INFO: [ app_end ] --END-- [ RunTime:0.001000s ]

[ 2015-01-31T21:04:38+08:00 ] ::1 /weibo/index.php/Home/Index/fans
INFO: [ app_begin ] --START--
INFO: Run Behavior\ReadHtmlCacheBehavior [ RunTime:0.001000s ]
INFO: [ app_begin ] --END-- [ RunTime:0.003000s ]
SQL: DESCRIBE think_user [ RunTime:0.017000s ]
SQL: DESCRIBE think_friend [ RunTime:0.014001s ]
SQL: SELECT `fromuser` FROM `think_friend` WHERE ( touser=5 )  [ RunTime:0.003000s ]
SQL: SELECT `touser` FROM `think_friend` WHERE ( fromuser=5 )  [ RunTime:0.001000s ]
NOTIC: [8] Undefined variable: json D:\WWW\weibo\weibo\Home\Controller\IndexController.class.php 第 99 行.
INFO: [ app_end ] --START--
INFO: Run Behavior\ShowPageTraceBehavior [ RunTime:0.001000s ]
INFO: [ app_end ] --END-- [ RunTime:0.001000s ]

[ 2015-01-31T21:04:39+08:00 ] ::1 /weibo/index.php/Home/Common/askat
INFO: [ app_begin ] --START--
INFO: Run Behavior\ReadHtmlCacheBehavior [ RunTime:0.001000s ]
INFO: [ app_begin ] --END-- [ RunTime:0.002000s ]
SQL: DESCRIBE think_user [ RunTime:0.011000s ]
SQL: SELECT atnewcon,atnewcom,comment FROM `think_user` WHERE ( id=5 ) LIMIT 1   [ RunTime:0.001000s ]
NOTIC: [8] Undefined index: commment D:\WWW\weibo\weibo\Home\Controller\CommonController.class.php 第 437 行.

[ 2015-01-31T21:04:44+08:00 ] ::1 /weibo/index.php/Home/Index/focus
INFO: [ app_begin ] --START--
INFO: Run Behavior\ReadHtmlCacheBehavior [ RunTime:0.001000s ]
INFO: [ app_begin ] --END-- [ RunTime:0.002000s ]
SQL: DESCRIBE think_user [ RunTime:0.010001s ]
SQL: DESCRIBE think_friend [ RunTime:0.008000s ]
SQL: SELECT `touser` FROM `think_friend` WHERE ( fromuser=5 )  [ RunTime:0.003000s ]
NOTIC: [8] Undefined variable: json D:\WWW\weibo\weibo\Home\Controller\IndexController.class.php 第 110 行.
INFO: [ app_end ] --START--
INFO: Run Behavior\ShowPageTraceBehavior [ RunTime:0.001000s ]
INFO: [ app_end ] --END-- [ RunTime:0.001000s ]

[ 2015-01-31T21:04:45+08:00 ] ::1 /weibo/index.php/Home/Index/fans
INFO: [ app_begin ] --START--
INFO: Run Behavior\ReadHtmlCacheBehavior [ RunTime:0.001001s ]
INFO: [ app_begin ] --END-- [ RunTime:0.002001s ]
SQL: DESCRIBE think_user [ RunTime:0.010000s ]
SQL: DESCRIBE think_friend [ RunTime:0.010001s ]
SQL: SELECT `fromuser` FROM `think_friend` WHERE ( touser=5 )  [ RunTime:0.001000s ]
SQL: SELECT `touser` FROM `think_friend` WHERE ( fromuser=5 )  [ RunTime:0.001000s ]
NOTIC: [8] Undefined variable: json D:\WWW\weibo\weibo\Home\Controller\IndexController.class.php 第 99 行.
INFO: [ app_end ] --START--
INFO: Run Behavior\ShowPageTraceBehavior [ RunTime:0.002000s ]
INFO: [ app_end ] --END-- [ RunTime:0.002000s ]

[ 2015-01-31T21:04:46+08:00 ] ::1 /weibo/index.php/Home/Common/askat
INFO: [ app_begin ] --START--
INFO: Run Behavior\ReadHtmlCacheBehavior [ RunTime:0.002000s ]
INFO: [ app_begin ] --END-- [ RunTime:0.002000s ]
SQL: DESCRIBE think_user [ RunTime:0.010001s ]
SQL: SELECT atnewcon,atnewcom,comment FROM `think_user` WHERE ( id=5 ) LIMIT 1   [ RunTime:0.001000s ]
NOTIC: [8] Undefined index: commment D:\WWW\weibo\weibo\Home\Controller\CommonController.class.php 第 437 行.

[ 2015-01-31T21:04:47+08:00 ] ::1 /weibo/index.php/Home/Common/showusercard
INFO: [ app_begin ] --START--
INFO: Run Behavior\ReadHtmlCacheBehavior [ RunTime:0.001000s ]
INFO: [ app_begin ] --END-- [ RunTime:0.003000s ]
SQL: DESCRIBE think_user [ RunTime:0.013001s ]
SQL: SELECT `id`,`production`,`photo`,`username`,`focus`,`fans`,`contentcount` FROM `think_user` WHERE ( id=28 ) LIMIT 1   [ RunTime:0.002000s ]
NOTIC: [8] Undefined variable: json D:\WWW\weibo\weibo\Home\Controller\CommonController.class.php 第 188 行.
INFO: [ app_end ] --START--
INFO: Run Behavior\ShowPageTraceBehavior [ RunTime:0.002000s ]
INFO: [ app_end ] --END-- [ RunTime:0.002000s ]

[ 2015-01-31T21:04:49+08:00 ] ::1 /weibo/index.php/Home/Common/showusercard
INFO: [ app_begin ] --START--
INFO: Run Behavior\ReadHtmlCacheBehavior [ RunTime:0.002000s ]
INFO: [ app_begin ] --END-- [ RunTime:0.003000s ]
SQL: DESCRIBE think_user [ RunTime:0.015000s ]
SQL: SELECT `id`,`production`,`photo`,`username`,`focus`,`fans`,`contentcount` FROM `think_user` WHERE ( id=28 ) LIMIT 1   [ RunTime:0.002000s ]
NOTIC: [8] Undefined variable: json D:\WWW\weibo\weibo\Home\Controller\CommonController.class.php 第 188 行.
INFO: [ app_end ] --START--
INFO: Run Behavior\ShowPageTraceBehavior [ RunTime:0.001000s ]
INFO: [ app_end ] --END-- [ RunTime:0.001000s ]

[ 2015-01-31T21:04:50+08:00 ] ::1 /weibo/index.php/Home/Common/showusercard
INFO: [ app_begin ] --START--
INFO: Run Behavior\ReadHtmlCacheBehavior [ RunTime:0.001000s ]
INFO: [ app_begin ] --END-- [ RunTime:0.002000s ]
SQL: DESCRIBE think_user [ RunTime:0.012000s ]
SQL: SELECT `id`,`production`,`photo`,`username`,`focus`,`fans`,`contentcount` FROM `think_user` WHERE ( id=28 ) LIMIT 1   [ RunTime:0.001000s ]
NOTIC: [8] Undefined variable: json D:\WWW\weibo\weibo\Home\Controller\CommonController.class.php 第 188 行.
INFO: [ app_end ] --START--
INFO: Run Behavior\ShowPageTraceBehavior [ RunTime:0.001000s ]
INFO: [ app_end ] --END-- [ RunTime:0.001000s ]

[ 2015-01-31T21:04:52+08:00 ] ::1 /weibo/index.php/Home/Index/focus
INFO: [ app_begin ] --START--
INFO: Run Behavior\ReadHtmlCacheBehavior [ RunTime:0.001000s ]
INFO: [ app_begin ] --END-- [ RunTime:0.002000s ]
SQL: DESCRIBE think_user [ RunTime:0.010000s ]
SQL: DESCRIBE think_friend [ RunTime:0.010000s ]
SQL: SELECT `touser` FROM `think_friend` WHERE ( fromuser=5 )  [ RunTime:0.002001s ]
NOTIC: [8] Undefined variable: json D:\WWW\weibo\weibo\Home\Controller\IndexController.class.php 第 110 行.
INFO: [ app_end ] --START--
INFO: Run Behavior\ShowPageTraceBehavior [ RunTime:0.001000s ]
INFO: [ app_end ] --END-- [ RunTime:0.001000s ]

[ 2015-01-31T21:04:53+08:00 ] ::1 /weibo/index.php/Home/Index/fans
INFO: [ app_begin ] --START--
INFO: Run Behavior\ReadHtmlCacheBehavior [ RunTime:0.001000s ]
INFO: [ app_begin ] --END-- [ RunTime:0.002000s ]
SQL: DESCRIBE think_user [ RunTime:0.012000s ]
SQL: DESCRIBE think_friend [ RunTime:0.009000s ]
SQL: SELECT `fromuser` FROM `think_friend` WHERE ( touser=5 )  [ RunTime:0.002000s ]
SQL: SELECT `touser` FROM `think_friend` WHERE ( fromuser=5 )  [ RunTime:0.002000s ]
NOTIC: [8] Undefined variable: json D:\WWW\weibo\weibo\Home\Controller\IndexController.class.php 第 99 行.
INFO: [ app_end ] --START--
INFO: Run Behavior\ShowPageTraceBehavior [ RunTime:0.003000s ]
INFO: [ app_end ] --END-- [ RunTime:0.003000s ]

[ 2015-01-31T21:04:54+08:00 ] ::1 /weibo/index.php/Home/Common/askat
INFO: [ app_begin ] --START--
INFO: Run Behavior\ReadHtmlCacheBehavior [ RunTime:0.001000s ]
INFO: [ app_begin ] --END-- [ RunTime:0.002000s ]
SQL: DESCRIBE think_user [ RunTime:0.011001s ]
SQL: SELECT atnewcon,atnewcom,comment FROM `think_user` WHERE ( id=5 ) LIMIT 1   [ RunTime:0.001000s ]
NOTIC: [8] Undefined index: commment D:\WWW\weibo\weibo\Home\Controller\CommonController.class.php 第 437 行.

[ 2015-01-31T21:04:57+08:00 ] ::1 /weibo/index.php/Home/Index/focus
INFO: [ app_begin ] --START--
INFO: Run Behavior\ReadHtmlCacheBehavior [ RunTime:0.001000s ]
INFO: [ app_begin ] --END-- [ RunTime:0.002001s ]
SQL: DESCRIBE think_user [ RunTime:0.010001s ]
SQL: DESCRIBE think_friend [ RunTime:0.009000s ]
SQL: SELECT `touser` FROM `think_friend` WHERE ( fromuser=5 )  [ RunTime:0.001000s ]
NOTIC: [8] Undefined variable: json D:\WWW\weibo\weibo\Home\Controller\IndexController.class.php 第 110 行.
INFO: [ app_end ] --START--
INFO: Run Behavior\ShowPageTraceBehavior [ RunTime:0.001000s ]
INFO: [ app_end ] --END-- [ RunTime:0.001000s ]

[ 2015-01-31T21:04:58+08:00 ] ::1 /weibo/index.php/Home/Index/fans
INFO: [ app_begin ] --START--
INFO: Run Behavior\ReadHtmlCacheBehavior [ RunTime:0.001000s ]
INFO: [ app_begin ] --END-- [ RunTime:0.001000s ]
SQL: DESCRIBE think_user [ RunTime:0.019000s ]
SQL: DESCRIBE think_friend [ RunTime:0.011001s ]
SQL: SELECT `fromuser` FROM `think_friend` WHERE ( touser=5 )  [ RunTime:0.001000s ]
SQL: SELECT `touser` FROM `think_friend` WHERE ( fromuser=5 )  [ RunTime:0.001000s ]
NOTIC: [8] Undefined variable: json D:\WWW\weibo\weibo\Home\Controller\IndexController.class.php 第 99 行.
INFO: [ app_end ] --START--
INFO: Run Behavior\ShowPageTraceBehavior [ RunTime:0.001000s ]
INFO: [ app_end ] --END-- [ RunTime:0.001000s ]

[ 2015-01-31T21:04:59+08:00 ] ::1 /weibo/index.php/Home/Common/askat
INFO: [ app_begin ] --START--
INFO: Run Behavior\ReadHtmlCacheBehavior [ RunTime:0.001000s ]
INFO: [ app_begin ] --END-- [ RunTime:0.002000s ]
SQL: DESCRIBE think_user [ RunTime:0.010000s ]
SQL: SELECT atnewcon,atnewcom,comment FROM `think_user` WHERE ( id=5 ) LIMIT 1   [ RunTime:0.001000s ]
NOTIC: [8] Undefined index: commment D:\WWW\weibo\weibo\Home\Controller\CommonController.class.php 第 437 行.

[ 2015-01-31T21:05:03+08:00 ] ::1 /weibo/index.php/Home/Index/focus
INFO: [ app_begin ] --START--
INFO: Run Behavior\ReadHtmlCacheBehavior [ RunTime:0.002000s ]
INFO: [ app_begin ] --END-- [ RunTime:0.002000s ]
SQL: DESCRIBE think_user [ RunTime:0.011000s ]
SQL: DESCRIBE think_friend [ RunTime:0.009001s ]
SQL: SELECT `touser` FROM `think_friend` WHERE ( fromuser=5 )  [ RunTime:0.002000s ]
NOTIC: [8] Undefined variable: json D:\WWW\weibo\weibo\Home\Controller\IndexController.class.php 第 110 行.
INFO: [ app_end ] --START--
INFO: Run Behavior\ShowPageTraceBehavior [ RunTime:0.001000s ]
INFO: [ app_end ] --END-- [ RunTime:0.001000s ]

[ 2015-01-31T21:05:04+08:00 ] ::1 /weibo/index.php/Home/Index/fans
INFO: [ app_begin ] --START--
INFO: Run Behavior\ReadHtmlCacheBehavior [ RunTime:0.001000s ]
INFO: [ app_begin ] --END-- [ RunTime:0.002000s ]
SQL: DESCRIBE think_user [ RunTime:0.015001s ]
SQL: DESCRIBE think_friend [ RunTime:0.009000s ]
SQL: SELECT `fromuser` FROM `think_friend` WHERE ( touser=5 )  [ RunTime:0.001000s ]
SQL: SELECT `touser` FROM `think_friend` WHERE ( fromuser=5 )  [ RunTime:0.001000s ]
NOTIC: [8] Undefined variable: json D:\WWW\weibo\weibo\Home\Controller\IndexController.class.php 第 99 行.
INFO: [ app_end ] --START--
INFO: Run Behavior\ShowPageTraceBehavior [ RunTime:0.001000s ]
INFO: [ app_end ] --END-- [ RunTime:0.001000s ]

[ 2015-01-31T21:05:05+08:00 ] ::1 /weibo/index.php/Home/Common/askat
INFO: [ app_begin ] --START--
INFO: Run Behavior\ReadHtmlCacheBehavior [ RunTime:0.002000s ]
INFO: [ app_begin ] --END-- [ RunTime:0.003000s ]
SQL: DESCRIBE think_user [ RunTime:0.010001s ]
SQL: SELECT atnewcon,atnewcom,comment FROM `think_user` WHERE ( id=5 ) LIMIT 1   [ RunTime:0.001000s ]
NOTIC: [8] Undefined index: commment D:\WWW\weibo\weibo\Home\Controller\CommonController.class.php 第 437 行.

[ 2015-01-31T21:05:09+08:00 ] ::1 /weibo/index.php/Home/Index/focus
INFO: [ app_begin ] --START--
INFO: Run Behavior\ReadHtmlCacheBehavior [ RunTime:0.001000s ]
INFO: [ app_begin ] --END-- [ RunTime:0.002000s ]
SQL: DESCRIBE think_user [ RunTime:0.012000s ]
SQL: DESCRIBE think_friend [ RunTime:0.009000s ]
SQL: SELECT `touser` FROM `think_friend` WHERE ( fromuser=5 )  [ RunTime:0.001000s ]
NOTIC: [8] Undefined variable: json D:\WWW\weibo\weibo\Home\Controller\IndexController.class.php 第 110 行.
INFO: [ app_end ] --START--
INFO: Run Behavior\ShowPageTraceBehavior [ RunTime:0.001000s ]
INFO: [ app_end ] --END-- [ RunTime:0.001000s ]

[ 2015-01-31T21:05:10+08:00 ] ::1 /weibo/index.php/Home/Index/fans
INFO: [ app_begin ] --START--
INFO: Run Behavior\ReadHtmlCacheBehavior [ RunTime:0.002000s ]
INFO: [ app_begin ] --END-- [ RunTime:0.002000s ]
SQL: DESCRIBE think_user [ RunTime:0.011000s ]
SQL: DESCRIBE think_friend [ RunTime:0.015000s ]
SQL: SELECT `fromuser` FROM `think_friend` WHERE ( touser=5 )  [ RunTime:0.002000s ]
SQL: SELECT `touser` FROM `think_friend` WHERE ( fromuser=5 )  [ RunTime:0.002000s ]
NOTIC: [8] Undefined variable: json D:\WWW\weibo\weibo\Home\Controller\IndexController.class.php 第 99 行.
INFO: [ app_end ] --START--
INFO: Run Behavior\ShowPageTraceBehavior [ RunTime:0.001000s ]
INFO: [ app_end ] --END-- [ RunTime:0.002000s ]

[ 2015-01-31T21:05:11+08:00 ] ::1 /weibo/index.php/Home/Common/askat
INFO: [ app_begin ] --START--
INFO: Run Behavior\ReadHtmlCacheBehavior [ RunTime:0.001000s ]
INFO: [ app_begin ] --END-- [ RunTime:0.003000s ]
SQL: DESCRIBE think_user [ RunTime:0.018000s ]
SQL: SELECT atnewcon,atnewcom,comment FROM `think_user` WHERE ( id=5 ) LIMIT 1   [ RunTime:0.002000s ]
NOTIC: [8] Undefined index: commment D:\WWW\weibo\weibo\Home\Controller\CommonController.class.php 第 437 行.

[ 2015-01-31T21:05:12+08:00 ] ::1 /weibo/index.php/Home/Index/atuser
INFO: [ app_begin ] --START--
INFO: Run Behavior\ReadHtmlCacheBehavior [ RunTime:0.001000s ]
INFO: [ app_begin ] --END-- [ RunTime:0.003000s ]
SQL: DESCRIBE think_user [ RunTime:0.010001s ]
SQL: DESCRIBE think_friend [ RunTime:0.010000s ]
SQL: SELECT `touser` FROM `think_friend` WHERE ( fromuser=5 )  [ RunTime:0.002000s ]
SQL: SELECT `username` FROM `think_user` WHERE `id` IN ('19','8','9','7','10','13','31','28','25','24','29','17','16','15','26','14','18')  [ RunTime:0.002000s ]
NOTIC: [8] Undefined variable: json D:\WWW\weibo\weibo\Home\Controller\IndexController.class.php 第 87 行.
INFO: [ app_end ] --START--
INFO: Run Behavior\ShowPageTraceBehavior [ RunTime:0.002000s ]
INFO: [ app_end ] --END-- [ RunTime:0.002000s ]

[ 2015-01-31T21:13:11+08:00 ] ::1 /weibo/index.php/Home/Common/showusercard
INFO: [ app_begin ] --START--
INFO: Run Behavior\ReadHtmlCacheBehavior [ RunTime:0.001000s ]
INFO: [ app_begin ] --END-- [ RunTime:0.016000s ]
SQL: DESCRIBE think_user [ RunTime:0.015000s ]
SQL: SELECT `id`,`production`,`photo`,`username`,`focus`,`fans`,`contentcount` FROM `think_user` WHERE ( id=28 ) LIMIT 1   [ RunTime:0.001000s ]
NOTIC: [8] Undefined variable: json D:\WWW\weibo\weibo\Home\Controller\CommonController.class.php 第 188 行.
INFO: [ app_end ] --START--
INFO: Run Behavior\ShowPageTraceBehavior [ RunTime:0.001000s ]
INFO: [ app_end ] --END-- [ RunTime:0.001000s ]

[ 2015-01-31T21:13:14+08:00 ] ::1 /weibo/index.php/Home/Common/showusercard
INFO: [ app_begin ] --START--
INFO: Run Behavior\ReadHtmlCacheBehavior [ RunTime:0.001000s ]
INFO: [ app_begin ] --END-- [ RunTime:0.002000s ]
SQL: DESCRIBE think_user [ RunTime:0.010000s ]
SQL: SELECT `id`,`production`,`photo`,`username`,`focus`,`fans`,`contentcount` FROM `think_user` WHERE ( id=28 ) LIMIT 1   [ RunTime:0.002000s ]
NOTIC: [8] Undefined variable: json D:\WWW\weibo\weibo\Home\Controller\CommonController.class.php 第 188 行.
INFO: [ app_end ] --START--
INFO: Run Behavior\ShowPageTraceBehavior [ RunTime:0.001000s ]
INFO: [ app_end ] --END-- [ RunTime:0.001000s ]

[ 2015-01-31T21:13:15+08:00 ] ::1 /weibo/index.php/Home/Common/showusercard
INFO: [ app_begin ] --START--
INFO: Run Behavior\ReadHtmlCacheBehavior [ RunTime:0.001000s ]
INFO: [ app_begin ] --END-- [ RunTime:0.002000s ]
SQL: DESCRIBE think_user [ RunTime:0.010000s ]
SQL: SELECT `id`,`production`,`photo`,`username`,`focus`,`fans`,`contentcount` FROM `think_user` WHERE ( id=28 ) LIMIT 1   [ RunTime:0.002000s ]
NOTIC: [8] Undefined variable: json D:\WWW\weibo\weibo\Home\Controller\CommonController.class.php 第 188 行.
INFO: [ app_end ] --START--
INFO: Run Behavior\ShowPageTraceBehavior [ RunTime:0.001000s ]
INFO: [ app_end ] --END-- [ RunTime:0.002000s ]

[ 2015-01-31T21:13:23+08:00 ] ::1 /weibo/index.php/Home/Index/focus
INFO: [ app_begin ] --START--
INFO: Run Behavior\ReadHtmlCacheBehavior [ RunTime:0.001000s ]
INFO: [ app_begin ] --END-- [ RunTime:0.002000s ]
SQL: DESCRIBE think_user [ RunTime:0.011000s ]
SQL: DESCRIBE think_friend [ RunTime:0.010001s ]
SQL: SELECT `touser` FROM `think_friend` WHERE ( fromuser=5 )  [ RunTime:0.002000s ]
NOTIC: [8] Undefined variable: json D:\WWW\weibo\weibo\Home\Controller\IndexController.class.php 第 110 行.
INFO: [ app_end ] --START--
INFO: Run Behavior\ShowPageTraceBehavior [ RunTime:0.002000s ]
INFO: [ app_end ] --END-- [ RunTime:0.003000s ]

[ 2015-01-31T21:13:24+08:00 ] ::1 /weibo/index.php/Home/Index/fans
INFO: [ app_begin ] --START--
INFO: Run Behavior\ReadHtmlCacheBehavior [ RunTime:0.010001s ]
INFO: [ app_begin ] --END-- [ RunTime:0.010001s ]
SQL: DESCRIBE think_user [ RunTime:0.016000s ]
SQL: DESCRIBE think_friend [ RunTime:0.008001s ]
SQL: SELECT `fromuser` FROM `think_friend` WHERE ( touser=5 )  [ RunTime:0.001000s ]
SQL: SELECT `touser` FROM `think_friend` WHERE ( fromuser=5 )  [ RunTime:0.002000s ]
NOTIC: [8] Undefined variable: json D:\WWW\weibo\weibo\Home\Controller\IndexController.class.php 第 99 行.
INFO: [ app_end ] --START--
INFO: Run Behavior\ShowPageTraceBehavior [ RunTime:0.001000s ]
INFO: [ app_end ] --END-- [ RunTime:0.001000s ]

[ 2015-01-31T21:13:25+08:00 ] ::1 /weibo/index.php/Home/Common/askat
INFO: [ app_begin ] --START--
INFO: Run Behavior\ReadHtmlCacheBehavior [ RunTime:0.002000s ]
INFO: [ app_begin ] --END-- [ RunTime:0.075002s ]
SQL: DESCRIBE think_user [ RunTime:0.016001s ]
SQL: SELECT atnewcon,atnewcom,comment FROM `think_user` WHERE ( id=5 ) LIMIT 1   [ RunTime:0.002000s ]
NOTIC: [8] Undefined index: commment D:\WWW\weibo\weibo\Home\Controller\CommonController.class.php 第 437 行.

[ 2015-01-31T21:13:26+08:00 ] ::1 /weibo/index.php/Home/Index/atuser
INFO: [ app_begin ] --START--
INFO: Run Behavior\ReadHtmlCacheBehavior [ RunTime:0.009000s ]
INFO: [ app_begin ] --END-- [ RunTime:0.010000s ]
SQL: DESCRIBE think_user [ RunTime:0.011001s ]
SQL: DESCRIBE think_friend [ RunTime:0.008000s ]
SQL: SELECT `touser` FROM `think_friend` WHERE ( fromuser=5 )  [ RunTime:0.001000s ]
SQL: SELECT `username` FROM `think_user` WHERE `id` IN ('19','8','9','7','10','13','31','28','25','24','29','17','16','15','26','14','18')  [ RunTime:0.001000s ]
NOTIC: [8] Undefined variable: json D:\WWW\weibo\weibo\Home\Controller\IndexController.class.php 第 87 行.
INFO: [ app_end ] --START--
INFO: Run Behavior\ShowPageTraceBehavior [ RunTime:0.001000s ]
INFO: [ app_end ] --END-- [ RunTime:0.001000s ]

