[ 2015-01-06T10:42:18+08:00 ] ::1 /weibo/index.php/Home/Common//showcomment
INFO: [ app_begin ] --START--
INFO: Run Behavior\ReadHtmlCacheBehavior [ RunTime:0.002000s ]
INFO: [ app_begin ] --END-- [ RunTime:0.005000s ]
SQL: DESCRIBE think_comment [ RunTime:0.011001s ]
SQL: DESCRIBE think_user [ RunTime:0.016000s ]
SQL: SELECT comment.id AS commentid,comment.comment AS comment,comment.date AS date,comment.uid AS uid,comment.cid AS cid,user.photo AS photo,user.username AS username FROM think_comment comment LEFT JOIN think_user user ON user.id=comment.uid WHERE ( cid=325 ) ORDER BY comment.id desc LIMIT 10   [ RunTime:0.002000s ]
NOTIC: [2] Invalid argument supplied for foreach() D:\WWW\weibo\weibo\Home\Controller\CommonController.class.php 第 229 行.
NOTIC: [8] Undefined variable: json D:\WWW\weibo\weibo\Home\Controller\CommonController.class.php 第 236 行.
INFO: [ app_end ] --START--
INFO: Run Behavior\ShowPageTraceBehavior [ RunTime:0.002000s ]
INFO: [ app_end ] --END-- [ RunTime:0.003000s ]

[ 2015-01-06T10:57:31+08:00 ] ::1 /weibo/index.php/Home/Common//showcomment
INFO: [ app_begin ] --START--
INFO: Run Behavior\ReadHtmlCacheBehavior [ RunTime:0.001000s ]
INFO: [ app_begin ] --END-- [ RunTime:0.001000s ]
SQL: DESCRIBE think_comment [ RunTime:0.009000s ]
SQL: DESCRIBE think_user [ RunTime:0.010000s ]
SQL: SELECT comment.id AS commentid,comment.comment AS comment,comment.date AS date,comment.uid AS uid,comment.cid AS cid,user.photo AS photo,user.username AS username FROM think_comment comment LEFT JOIN think_user user ON user.id=comment.uid WHERE ( cid=325 ) ORDER BY comment.id desc LIMIT 10   [ RunTime:0.002000s ]
NOTIC: [2] Invalid argument supplied for foreach() D:\WWW\weibo\weibo\Home\Controller\CommonController.class.php 第 229 行.
NOTIC: [8] Undefined variable: json D:\WWW\weibo\weibo\Home\Controller\CommonController.class.php 第 236 行.
INFO: [ app_end ] --START--
INFO: Run Behavior\ShowPageTraceBehavior [ RunTime:0.001001s ]
INFO: [ app_end ] --END-- [ RunTime:0.001001s ]

[ 2015-01-06T12:08:50+08:00 ] ::1 /weibo/index.php/Home/Common//showcomment
INFO: [ app_begin ] --START--
INFO: Run Behavior\ReadHtmlCacheBehavior [ RunTime:0.001000s ]
INFO: [ app_begin ] --END-- [ RunTime:0.003000s ]
SQL: DESCRIBE think_comment [ RunTime:0.010001s ]
SQL: DESCRIBE think_user [ RunTime:0.011000s ]
SQL: SELECT comment.id AS commentid,comment.comment AS comment,comment.date AS date,comment.uid AS uid,comment.cid AS cid,user.photo AS photo,user.username AS username FROM think_comment comment LEFT JOIN think_user user ON user.id=comment.uid WHERE ( cid=289 ) ORDER BY comment.id desc LIMIT 10   [ RunTime:0.002000s ]
NOTIC: [2] Invalid argument supplied for foreach() D:\WWW\weibo\weibo\Home\Controller\CommonController.class.php 第 229 行.
NOTIC: [8] Undefined variable: json D:\WWW\weibo\weibo\Home\Controller\CommonController.class.php 第 236 行.
INFO: [ app_end ] --START--
INFO: Run Behavior\ShowPageTraceBehavior [ RunTime:0.001000s ]
INFO: [ app_end ] --END-- [ RunTime:0.001000s ]

[ 2015-01-06T13:16:08+08:00 ] ::1 /weibo/index.php/Home/Common//showcomment
INFO: [ app_begin ] --START--
INFO: Run Behavior\ReadHtmlCacheBehavior [ RunTime:0.001000s ]
INFO: [ app_begin ] --END-- [ RunTime:0.002000s ]
SQL: DESCRIBE think_comment [ RunTime:0.009000s ]
SQL: DESCRIBE think_user [ RunTime:0.011001s ]
SQL: SELECT comment.id AS commentid,comment.comment AS comment,comment.date AS date,comment.uid AS uid,comment.cid AS cid,user.photo AS photo,user.username AS username FROM think_comment comment LEFT JOIN think_user user ON user.id=comment.uid WHERE ( cid=325 ) ORDER BY comment.id desc LIMIT 10   [ RunTime:0.002000s ]
NOTIC: [2] Invalid argument supplied for foreach() D:\WWW\weibo\weibo\Home\Controller\CommonController.class.php 第 229 行.
NOTIC: [8] Undefined variable: json D:\WWW\weibo\weibo\Home\Controller\CommonController.class.php 第 236 行.
INFO: [ app_end ] --START--
INFO: Run Behavior\ShowPageTraceBehavior [ RunTime:0.002000s ]
INFO: [ app_end ] --END-- [ RunTime:0.002000s ]

[ 2015-01-06T13:16:34+08:00 ] ::1 /weibo/index.php/Home/Common//showcomment
INFO: [ app_begin ] --START--
INFO: Run Behavior\ReadHtmlCacheBehavior [ RunTime:0.001000s ]
INFO: [ app_begin ] --END-- [ RunTime:0.002000s ]
SQL: DESCRIBE think_comment [ RunTime:0.009000s ]
SQL: DESCRIBE think_user [ RunTime:0.010001s ]
SQL: SELECT comment.id AS commentid,comment.comment AS comment,comment.date AS date,comment.uid AS uid,comment.cid AS cid,user.photo AS photo,user.username AS username FROM think_comment comment LEFT JOIN think_user user ON user.id=comment.uid WHERE ( cid=244 ) ORDER BY comment.id desc LIMIT 10   [ RunTime:0.001000s ]
NOTIC: [8] Undefined variable: json D:\WWW\weibo\weibo\Home\Controller\CommonController.class.php 第 236 行.
INFO: [ app_end ] --START--
INFO: Run Behavior\ShowPageTraceBehavior [ RunTime:0.001000s ]
INFO: [ app_end ] --END-- [ RunTime:0.002000s ]

[ 2015-01-06T13:16:39+08:00 ] ::1 /weibo/index.php/Home/Common//showcomment
INFO: [ app_begin ] --START--
INFO: Run Behavior\ReadHtmlCacheBehavior [ RunTime:0.001000s ]
INFO: [ app_begin ] --END-- [ RunTime:0.002000s ]
SQL: DESCRIBE think_comment [ RunTime:0.009000s ]
SQL: DESCRIBE think_user [ RunTime:0.010000s ]
SQL: SELECT comment.id AS commentid,comment.comment AS comment,comment.date AS date,comment.uid AS uid,comment.cid AS cid,user.photo AS photo,user.username AS username FROM think_comment comment LEFT JOIN think_user user ON user.id=comment.uid WHERE ( cid=244 ) ORDER BY comment.id desc LIMIT 10   [ RunTime:0.002001s ]
NOTIC: [8] Undefined variable: json D:\WWW\weibo\weibo\Home\Controller\CommonController.class.php 第 236 行.
INFO: [ app_end ] --START--
INFO: Run Behavior\ShowPageTraceBehavior [ RunTime:0.001000s ]
INFO: [ app_end ] --END-- [ RunTime:0.002000s ]

[ 2015-01-06T14:13:16+08:00 ] ::1 /weibo/index.php/Home/Common/addfriend
INFO: [ app_begin ] --START--
INFO: Run Behavior\ReadHtmlCacheBehavior [ RunTime:0.001000s ]
INFO: [ app_begin ] --END-- [ RunTime:0.002000s ]
SQL: DESCRIBE think_friend [ RunTime:0.009000s ]
SQL: INSERT INTO `think_friend` (`fromuser`,`touser`,`date`,`state`) VALUES (18,13,'2015-01-06 14:13:15',1) [ RunTime:0.056002s ]
INFO: [ app_end ] --START--
INFO: Run Behavior\ShowPageTraceBehavior [ RunTime:0.001000s ]
INFO: [ app_end ] --END-- [ RunTime:0.001000s ]

[ 2015-01-06T14:13:18+08:00 ] ::1 /weibo/index.php/Home/Common/addfriend
INFO: [ app_begin ] --START--
INFO: Run Behavior\ReadHtmlCacheBehavior [ RunTime:0.001000s ]
INFO: [ app_begin ] --END-- [ RunTime:0.002000s ]
SQL: DESCRIBE think_friend [ RunTime:0.015001s ]
SQL: INSERT INTO `think_friend` (`fromuser`,`touser`,`date`,`state`) VALUES (18,12,'2015-01-06 14:13:17',1) [ RunTime:0.001000s ]
INFO: [ app_end ] --START--
INFO: Run Behavior\ShowPageTraceBehavior [ RunTime:0.001000s ]
INFO: [ app_end ] --END-- [ RunTime:0.002000s ]

[ 2015-01-06T14:13:19+08:00 ] ::1 /weibo/index.php/Home/Common/addfriend
INFO: [ app_begin ] --START--
INFO: Run Behavior\ReadHtmlCacheBehavior [ RunTime:0.001000s ]
INFO: [ app_begin ] --END-- [ RunTime:0.002000s ]
SQL: DESCRIBE think_friend [ RunTime:0.015600s ]
SQL: INSERT INTO `think_friend` (`fromuser`,`touser`,`date`,`state`) VALUES (18,7,'2015-01-06 14:13:18',1) [ RunTime:0.000000s ]
INFO: [ app_end ] --START--
INFO: Run Behavior\ShowPageTraceBehavior [ RunTime:0.000000s ]
INFO: [ app_end ] --END-- [ RunTime:0.000000s ]

[ 2015-01-06T14:13:21+08:00 ] ::1 /weibo/index.php/Home/Common/addfriend
INFO: [ app_begin ] --START--
INFO: Run Behavior\ReadHtmlCacheBehavior [ RunTime:0.001000s ]
INFO: [ app_begin ] --END-- [ RunTime:0.002000s ]
SQL: DESCRIBE think_friend [ RunTime:0.015000s ]
SQL: INSERT INTO `think_friend` (`fromuser`,`touser`,`date`,`state`) VALUES (18,10,'2015-01-06 14:13:20',1) [ RunTime:0.001000s ]
INFO: [ app_end ] --START--
INFO: Run Behavior\ShowPageTraceBehavior [ RunTime:0.001000s ]
INFO: [ app_end ] --END-- [ RunTime:0.001000s ]

[ 2015-01-06T14:13:22+08:00 ] ::1 /weibo/index.php/Home/Common/addfriend
INFO: [ app_begin ] --START--
INFO: Run Behavior\ReadHtmlCacheBehavior [ RunTime:0.001000s ]
INFO: [ app_begin ] --END-- [ RunTime:0.002000s ]
SQL: DESCRIBE think_friend [ RunTime:0.010000s ]
SQL: INSERT INTO `think_friend` (`fromuser`,`touser`,`date`,`state`) VALUES (18,16,'2015-01-06 14:13:21',1) [ RunTime:0.001000s ]
INFO: [ app_end ] --START--
INFO: Run Behavior\ShowPageTraceBehavior [ RunTime:0.001000s ]
INFO: [ app_end ] --END-- [ RunTime:0.001000s ]

[ 2015-01-06T14:13:25+08:00 ] ::1 /weibo/index.php/Home/Common/addfriend
INFO: [ app_begin ] --START--
INFO: Run Behavior\ReadHtmlCacheBehavior [ RunTime:0.000000s ]
INFO: [ app_begin ] --END-- [ RunTime:0.002000s ]
SQL: DESCRIBE think_friend [ RunTime:0.009000s ]
SQL: INSERT INTO `think_friend` (`fromuser`,`touser`,`date`,`state`) VALUES (18,24,'2015-01-06 14:13:24',1) [ RunTime:0.001000s ]
INFO: [ app_end ] --START--
INFO: Run Behavior\ShowPageTraceBehavior [ RunTime:0.001000s ]
INFO: [ app_end ] --END-- [ RunTime:0.001000s ]

[ 2015-01-06T14:13:31+08:00 ] ::1 /weibo/index.php/Home/Common/addfriend
INFO: [ app_begin ] --START--
INFO: Run Behavior\ReadHtmlCacheBehavior [ RunTime:0.001000s ]
INFO: [ app_begin ] --END-- [ RunTime:0.001000s ]
SQL: DESCRIBE think_friend [ RunTime:0.014000s ]
SQL: INSERT INTO `think_friend` (`fromuser`,`touser`,`date`,`state`) VALUES (18,14,'2015-01-06 14:13:30',1) [ RunTime:0.001000s ]
INFO: [ app_end ] --START--
INFO: Run Behavior\ShowPageTraceBehavior [ RunTime:0.002000s ]
INFO: [ app_end ] --END-- [ RunTime:0.002000s ]

[ 2015-01-06T14:13:35+08:00 ] ::1 /weibo/index.php/Home/Common/addfriend
INFO: [ app_begin ] --START--
INFO: Run Behavior\ReadHtmlCacheBehavior [ RunTime:0.001000s ]
INFO: [ app_begin ] --END-- [ RunTime:0.002000s ]
SQL: DESCRIBE think_friend [ RunTime:0.015000s ]
SQL: INSERT INTO `think_friend` (`fromuser`,`touser`,`date`,`state`) VALUES (18,25,'2015-01-06 14:13:34',1) [ RunTime:0.002000s ]
INFO: [ app_end ] --START--
INFO: Run Behavior\ShowPageTraceBehavior [ RunTime:0.001000s ]
INFO: [ app_end ] --END-- [ RunTime:0.001000s ]

[ 2015-01-06T14:13:37+08:00 ] ::1 /weibo/index.php/Home/Common/addfriend
INFO: [ app_begin ] --START--
INFO: Run Behavior\ReadHtmlCacheBehavior [ RunTime:0.001000s ]
INFO: [ app_begin ] --END-- [ RunTime:0.001000s ]
SQL: DESCRIBE think_friend [ RunTime:0.020000s ]
SQL: INSERT INTO `think_friend` (`fromuser`,`touser`,`date`,`state`) VALUES (18,19,'2015-01-06 14:13:36',1) [ RunTime:0.003000s ]
INFO: [ app_end ] --START--
INFO: Run Behavior\ShowPageTraceBehavior [ RunTime:0.002000s ]
INFO: [ app_end ] --END-- [ RunTime:0.002000s ]

[ 2015-01-06T16:04:48+08:00 ] ::1 /weibo/index.php/Home/Common/addfriend
INFO: [ app_begin ] --START--
INFO: Run Behavior\ReadHtmlCacheBehavior [ RunTime:0.001000s ]
INFO: [ app_begin ] --END-- [ RunTime:0.001000s ]
SQL: DESCRIBE think_friend [ RunTime:0.015000s ]
SQL: INSERT INTO `think_friend` (`fromuser`,`touser`,`date`,`state`) VALUES (18,15,'2015-01-06 16:04:47',1) [ RunTime:0.001000s ]
INFO: [ app_end ] --START--
INFO: Run Behavior\ShowPageTraceBehavior [ RunTime:0.001000s ]
INFO: [ app_end ] --END-- [ RunTime:0.002000s ]

[ 2015-01-06T16:55:12+08:00 ] ::1 /weibo/index.php/Home/Index/indexpage/4
ERR: 非法操作:indexpage

[ 2015-01-06T17:15:05+08:00 ] ::1 /weibo/index.php/Home/Index/index/page/8
ERR: XML标签语法错误 : name={$pages} 

[ 2015-01-06T18:04:31+08:00 ] ::1 /weibo/index.php/Home/Common//showcomment
INFO: [ app_begin ] --START--
INFO: Run Behavior\ReadHtmlCacheBehavior [ RunTime:0.001000s ]
INFO: [ app_begin ] --END-- [ RunTime:0.002000s ]
SQL: DESCRIBE think_comment [ RunTime:0.010000s ]
SQL: DESCRIBE think_user [ RunTime:0.010000s ]
SQL: SELECT comment.id AS commentid,comment.comment AS comment,comment.date AS date,comment.uid AS uid,comment.cid AS cid,user.photo AS photo,user.username AS username FROM think_comment comment LEFT JOIN think_user user ON user.id=comment.uid WHERE ( cid=205 ) ORDER BY comment.id desc LIMIT 10   [ RunTime:0.001000s ]
NOTIC: [2] Invalid argument supplied for foreach() D:\WWW\weibo\weibo\Home\Controller\CommonController.class.php 第 229 行.
NOTIC: [8] Undefined variable: json D:\WWW\weibo\weibo\Home\Controller\CommonController.class.php 第 236 行.
INFO: [ app_end ] --START--
INFO: Run Behavior\ShowPageTraceBehavior [ RunTime:0.001000s ]
INFO: [ app_end ] --END-- [ RunTime:0.001000s ]

[ 2015-01-06T21:56:36+08:00 ] ::1 /weibo/index.php/Home/Common/addfriend
INFO: [ app_begin ] --START--
INFO: Run Behavior\ReadHtmlCacheBehavior [ RunTime:0.001000s ]
INFO: [ app_begin ] --END-- [ RunTime:0.001000s ]
SQL: DESCRIBE think_friend [ RunTime:0.015001s ]
SQL: INSERT INTO `think_friend` (`fromuser`,`touser`,`date`,`state`) VALUES (14,18,'2015-01-06 21:56:35',1) [ RunTime:0.001000s ]
INFO: [ app_end ] --START--
INFO: Run Behavior\ShowPageTraceBehavior [ RunTime:0.001000s ]
INFO: [ app_end ] --END-- [ RunTime:0.001000s ]

[ 2015-01-06T21:56:37+08:00 ] ::1 /weibo/index.php/Home/Common/addfriend
INFO: [ app_begin ] --START--
INFO: Run Behavior\ReadHtmlCacheBehavior [ RunTime:0.001000s ]
INFO: [ app_begin ] --END-- [ RunTime:0.002000s ]
SQL: DESCRIBE think_friend [ RunTime:0.015000s ]
SQL: INSERT INTO `think_friend` (`fromuser`,`touser`,`date`,`state`) VALUES (14,19,'2015-01-06 21:56:36',1) [ RunTime:0.002000s ]
INFO: [ app_end ] --START--
INFO: Run Behavior\ShowPageTraceBehavior [ RunTime:0.002000s ]
INFO: [ app_end ] --END-- [ RunTime:0.002000s ]

[ 2015-01-06T21:56:38+08:00 ] ::1 /weibo/index.php/Home/Common/addfriend
INFO: [ app_begin ] --START--
INFO: Run Behavior\ReadHtmlCacheBehavior [ RunTime:0.002000s ]
INFO: [ app_begin ] --END-- [ RunTime:0.002000s ]
SQL: DESCRIBE think_friend [ RunTime:0.009000s ]
SQL: INSERT INTO `think_friend` (`fromuser`,`touser`,`date`,`state`) VALUES (14,7,'2015-01-06 21:56:37',1) [ RunTime:0.001000s ]
INFO: [ app_end ] --START--
INFO: Run Behavior\ShowPageTraceBehavior [ RunTime:0.002000s ]
INFO: [ app_end ] --END-- [ RunTime:0.002000s ]

[ 2015-01-06T21:56:39+08:00 ] ::1 /weibo/index.php/Home/Common/addfriend
INFO: [ app_begin ] --START--
INFO: Run Behavior\ReadHtmlCacheBehavior [ RunTime:0.001000s ]
INFO: [ app_begin ] --END-- [ RunTime:0.002000s ]
SQL: DESCRIBE think_friend [ RunTime:0.015600s ]
SQL: INSERT INTO `think_friend` (`fromuser`,`touser`,`date`,`state`) VALUES (14,5,'2015-01-06 21:56:38',1) [ RunTime:0.000000s ]
INFO: [ app_end ] --START--
INFO: Run Behavior\ShowPageTraceBehavior [ RunTime:0.000000s ]
INFO: [ app_end ] --END-- [ RunTime:0.000000s ]

[ 2015-01-06T21:56:41+08:00 ] ::1 /weibo/index.php/Home/Common/addfriend
INFO: [ app_begin ] --START--
INFO: Run Behavior\ReadHtmlCacheBehavior [ RunTime:0.001000s ]
INFO: [ app_begin ] --END-- [ RunTime:0.002000s ]
SQL: DESCRIBE think_friend [ RunTime:0.014000s ]
SQL: INSERT INTO `think_friend` (`fromuser`,`touser`,`date`,`state`) VALUES (14,9,'2015-01-06 21:56:40',1) [ RunTime:0.002000s ]
INFO: [ app_end ] --START--
INFO: Run Behavior\ShowPageTraceBehavior [ RunTime:0.002000s ]
INFO: [ app_end ] --END-- [ RunTime:0.002000s ]

[ 2015-01-06T21:56:47+08:00 ] ::1 /weibo/index.php/Home/Common/addfriend
INFO: [ app_begin ] --START--
INFO: Run Behavior\ReadHtmlCacheBehavior [ RunTime:0.001000s ]
INFO: [ app_begin ] --END-- [ RunTime:0.002000s ]
SQL: DESCRIBE think_friend [ RunTime:0.015000s ]
SQL: INSERT INTO `think_friend` (`fromuser`,`touser`,`date`,`state`) VALUES (14,8,'2015-01-06 21:56:46',1) [ RunTime:0.001000s ]
INFO: [ app_end ] --START--
INFO: Run Behavior\ShowPageTraceBehavior [ RunTime:0.001000s ]
INFO: [ app_end ] --END-- [ RunTime:0.001000s ]

[ 2015-01-06T21:56:48+08:00 ] ::1 /weibo/index.php/Home/Common/addfriend
INFO: [ app_begin ] --START--
INFO: Run Behavior\ReadHtmlCacheBehavior [ RunTime:0.001000s ]
INFO: [ app_begin ] --END-- [ RunTime:0.001000s ]
SQL: DESCRIBE think_friend [ RunTime:0.015000s ]
SQL: INSERT INTO `think_friend` (`fromuser`,`touser`,`date`,`state`) VALUES (14,12,'2015-01-06 21:56:46',1) [ RunTime:0.002000s ]
INFO: [ app_end ] --START--
INFO: Run Behavior\ShowPageTraceBehavior [ RunTime:0.002000s ]
INFO: [ app_end ] --END-- [ RunTime:0.002000s ]

[ 2015-01-06T21:56:49+08:00 ] ::1 /weibo/index.php/Home/Common/addfriend
INFO: [ app_begin ] --START--
INFO: Run Behavior\ReadHtmlCacheBehavior [ RunTime:0.001000s ]
INFO: [ app_begin ] --END-- [ RunTime:0.002000s ]
SQL: DESCRIBE think_friend [ RunTime:0.009000s ]
SQL: INSERT INTO `think_friend` (`fromuser`,`touser`,`date`,`state`) VALUES (14,13,'2015-01-06 21:56:47',1) [ RunTime:0.001000s ]
INFO: [ app_end ] --START--
INFO: Run Behavior\ShowPageTraceBehavior [ RunTime:0.001000s ]
INFO: [ app_end ] --END-- [ RunTime:0.001000s ]

[ 2015-01-06T21:56:50+08:00 ] ::1 /weibo/index.php/Home/Common/addfriend
INFO: [ app_begin ] --START--
INFO: Run Behavior\ReadHtmlCacheBehavior [ RunTime:0.002000s ]
INFO: [ app_begin ] --END-- [ RunTime:0.002000s ]
SQL: DESCRIBE think_friend [ RunTime:0.016000s ]
SQL: INSERT INTO `think_friend` (`fromuser`,`touser`,`date`,`state`) VALUES (14,10,'2015-01-06 21:56:48',1) [ RunTime:0.001000s ]
INFO: [ app_end ] --START--
INFO: Run Behavior\ShowPageTraceBehavior [ RunTime:0.001000s ]
INFO: [ app_end ] --END-- [ RunTime:0.003000s ]

[ 2015-01-06T21:56:55+08:00 ] ::1 /weibo/index.php/Home/Common/addfriend
INFO: [ app_begin ] --START--
INFO: Run Behavior\ReadHtmlCacheBehavior [ RunTime:0.001000s ]
INFO: [ app_begin ] --END-- [ RunTime:0.002000s ]
SQL: DESCRIBE think_friend [ RunTime:0.015001s ]
SQL: INSERT INTO `think_friend` (`fromuser`,`touser`,`date`,`state`) VALUES (14,15,'2015-01-06 21:56:54',1) [ RunTime:0.001000s ]
INFO: [ app_end ] --START--
INFO: Run Behavior\ShowPageTraceBehavior [ RunTime:0.001000s ]
INFO: [ app_end ] --END-- [ RunTime:0.002000s ]

[ 2015-01-06T21:56:56+08:00 ] ::1 /weibo/index.php/Home/Common/addfriend
INFO: [ app_begin ] --START--
INFO: Run Behavior\ReadHtmlCacheBehavior [ RunTime:0.001000s ]
INFO: [ app_begin ] --END-- [ RunTime:0.002000s ]
SQL: DESCRIBE think_friend [ RunTime:0.015000s ]
SQL: INSERT INTO `think_friend` (`fromuser`,`touser`,`date`,`state`) VALUES (14,17,'2015-01-06 21:56:55',1) [ RunTime:0.001000s ]
INFO: [ app_end ] --START--
INFO: Run Behavior\ShowPageTraceBehavior [ RunTime:0.001000s ]
INFO: [ app_end ] --END-- [ RunTime:0.001000s ]

[ 2015-01-06T21:57:06+08:00 ] ::1 /weibo/index.php/Home/Common/addfriend
INFO: [ app_begin ] --START--
INFO: Run Behavior\ReadHtmlCacheBehavior [ RunTime:0.001000s ]
INFO: [ app_begin ] --END-- [ RunTime:0.002000s ]
SQL: DESCRIBE think_friend [ RunTime:0.010000s ]
SQL: INSERT INTO `think_friend` (`fromuser`,`touser`,`date`,`state`) VALUES (14,16,'2015-01-06 21:57:05',1) [ RunTime:0.001001s ]
INFO: [ app_end ] --START--
INFO: Run Behavior\ShowPageTraceBehavior [ RunTime:0.001000s ]
INFO: [ app_end ] --END-- [ RunTime:0.001000s ]

