[ 2015-01-17T09:08:59+08:00 ] ::1 /weibo/index.php/Home/Common/askat
INFO: [ app_begin ] --START--
INFO: Run Behavior\ReadHtmlCacheBehavior [ RunTime:0.001000s ]
INFO: [ app_begin ] --END-- [ RunTime:0.003000s ]
SQL: DESCRIBE think_user [ RunTime:0.010000s ]
SQL: SELECT atnewcon,atnewcom,comment FROM `think_user` WHERE ( id=28 ) LIMIT 1   [ RunTime:0.004000s ]
NOTIC: [8] Undefined index: commment D:\WWW\weibo\weibo\Home\Controller\CommonController.class.php 第 345 行.

[ 2015-01-17T09:09:00+08:00 ] ::1 /weibo/index.php/Home/Index/atuser
INFO: [ app_begin ] --START--
INFO: Run Behavior\ReadHtmlCacheBehavior [ RunTime:0.001000s ]
INFO: [ app_begin ] --END-- [ RunTime:0.003000s ]
SQL: DESCRIBE think_user [ RunTime:0.010000s ]
SQL: DESCRIBE think_friend [ RunTime:0.009000s ]
SQL: SELECT `touser` FROM `think_friend` WHERE ( fromuser=28 )  [ RunTime:0.001000s ]
SQL: SELECT `username` FROM `think_user` WHERE `id` IN ('26','29','31','30','5','7','8','9')  [ RunTime:0.004001s ]
NOTIC: [8] Undefined variable: json D:\WWW\weibo\weibo\Home\Controller\IndexController.class.php 第 88 行.
INFO: [ app_end ] --START--
INFO: Run Behavior\ShowPageTraceBehavior [ RunTime:0.001000s ]
INFO: [ app_end ] --END-- [ RunTime:0.001000s ]

[ 2015-01-17T09:18:37+08:00 ] ::1 /weibo/index.php/Home/Common/askat
INFO: [ app_begin ] --START--
INFO: Run Behavior\ReadHtmlCacheBehavior [ RunTime:0.001000s ]
INFO: [ app_begin ] --END-- [ RunTime:0.002000s ]
SQL: DESCRIBE think_user [ RunTime:0.010000s ]
SQL: SELECT atnewcon,atnewcom,comment FROM `think_user` WHERE ( id=28 ) LIMIT 1   [ RunTime:0.001000s ]
NOTIC: [8] Undefined index: commment D:\WWW\weibo\weibo\Home\Controller\CommonController.class.php 第 345 行.

[ 2015-01-17T09:18:38+08:00 ] ::1 /weibo/index.php/Home/Index/atuser
INFO: [ app_begin ] --START--
INFO: Run Behavior\ReadHtmlCacheBehavior [ RunTime:0.001000s ]
INFO: [ app_begin ] --END-- [ RunTime:0.002000s ]
SQL: DESCRIBE think_user [ RunTime:0.020000s ]
SQL: DESCRIBE think_friend [ RunTime:0.019001s ]
SQL: SELECT `touser` FROM `think_friend` WHERE ( fromuser=28 )  [ RunTime:0.003000s ]
SQL: SELECT `username` FROM `think_user` WHERE `id` IN ('26','29','31','30','5','7','8','9')  [ RunTime:0.001000s ]
NOTIC: [8] Undefined variable: json D:\WWW\weibo\weibo\Home\Controller\IndexController.class.php 第 88 行.
INFO: [ app_end ] --START--
INFO: Run Behavior\ShowPageTraceBehavior [ RunTime:0.002000s ]
INFO: [ app_end ] --END-- [ RunTime:0.002000s ]

[ 2015-01-17T09:18:44+08:00 ] ::1 /weibo/index.php/Home/Common/content/
INFO: [ app_begin ] --START--
INFO: Run Behavior\ReadHtmlCacheBehavior [ RunTime:0.001000s ]
INFO: [ app_begin ] --END-- [ RunTime:0.002000s ]
SQL: DESCRIBE think_content [ RunTime:0.011000s ]
SQL: DESCRIBE think_user [ RunTime:0.016001s ]
SQL: DESCRIBE think_news [ RunTime:0.078002s ]
SQL: INSERT INTO `think_content` (`date`,`uid`,`content`,`position`) VALUES ('2015-01-17 09:18:42',28,'hello',0) [ RunTime:0.001000s ]
INFO: [ app_end ] --START--
INFO: Run Behavior\ShowPageTraceBehavior [ RunTime:0.001000s ]
INFO: [ app_end ] --END-- [ RunTime:0.001000s ]

[ 2015-01-17T09:38:53+08:00 ] ::1 /weibo/index.php/Home/Common/askat
INFO: [ app_begin ] --START--
INFO: Run Behavior\ReadHtmlCacheBehavior [ RunTime:0.001000s ]
INFO: [ app_begin ] --END-- [ RunTime:0.002001s ]
SQL: DESCRIBE think_user [ RunTime:0.011000s ]
SQL: SELECT atnewcon,atnewcom,comment FROM `think_user` WHERE ( id=28 ) LIMIT 1   [ RunTime:0.001000s ]
NOTIC: [8] Undefined index: commment D:\WWW\weibo\weibo\Home\Controller\CommonController.class.php 第 345 行.

[ 2015-01-17T09:38:54+08:00 ] ::1 /weibo/index.php/Home/Index/atuser
INFO: [ app_begin ] --START--
INFO: Run Behavior\ReadHtmlCacheBehavior [ RunTime:0.000000s ]
INFO: [ app_begin ] --END-- [ RunTime:0.000000s ]
SQL: DESCRIBE think_user [ RunTime:0.016000s ]
SQL: DESCRIBE think_friend [ RunTime:0.016001s ]
SQL: SELECT `touser` FROM `think_friend` WHERE ( fromuser=28 )  [ RunTime:0.002000s ]
SQL: SELECT `username` FROM `think_user` WHERE `id` IN ('26','29','31','30','5','7','8','9')  [ RunTime:0.001000s ]
NOTIC: [8] Undefined variable: json D:\WWW\weibo\weibo\Home\Controller\IndexController.class.php 第 88 行.
INFO: [ app_end ] --START--
INFO: Run Behavior\ShowPageTraceBehavior [ RunTime:0.002000s ]
INFO: [ app_end ] --END-- [ RunTime:0.002000s ]

[ 2015-01-17T09:39:33+08:00 ] ::1 /weibo/index.php/Home/Common/askat
INFO: [ app_begin ] --START--
INFO: Run Behavior\ReadHtmlCacheBehavior [ RunTime:0.001000s ]
INFO: [ app_begin ] --END-- [ RunTime:0.002000s ]
SQL: DESCRIBE think_user [ RunTime:0.009000s ]
SQL: SELECT atnewcon,atnewcom,comment FROM `think_user` WHERE ( id=28 ) LIMIT 1   [ RunTime:0.001000s ]
NOTIC: [8] Undefined index: commment D:\WWW\weibo\weibo\Home\Controller\CommonController.class.php 第 345 行.

[ 2015-01-17T09:39:34+08:00 ] ::1 /weibo/index.php/Home/Index/atuser
INFO: [ app_begin ] --START--
INFO: Run Behavior\ReadHtmlCacheBehavior [ RunTime:0.001000s ]
INFO: [ app_begin ] --END-- [ RunTime:0.002000s ]
SQL: DESCRIBE think_user [ RunTime:0.016000s ]
SQL: DESCRIBE think_friend [ RunTime:0.016001s ]
SQL: SELECT `touser` FROM `think_friend` WHERE ( fromuser=28 )  [ RunTime:0.001000s ]
SQL: SELECT `username` FROM `think_user` WHERE `id` IN ('26','29','31','30','5','7','8','9')  [ RunTime:0.002000s ]
NOTIC: [8] Undefined variable: json D:\WWW\weibo\weibo\Home\Controller\IndexController.class.php 第 88 行.
INFO: [ app_end ] --START--
INFO: Run Behavior\ShowPageTraceBehavior [ RunTime:0.002000s ]
INFO: [ app_end ] --END-- [ RunTime:0.002000s ]

[ 2015-01-17T09:40:17+08:00 ] ::1 /weibo/index.php/Home/Common/askat
INFO: [ app_begin ] --START--
INFO: Run Behavior\ReadHtmlCacheBehavior [ RunTime:0.001000s ]
INFO: [ app_begin ] --END-- [ RunTime:0.001000s ]
SQL: DESCRIBE think_user [ RunTime:0.011001s ]
SQL: SELECT atnewcon,atnewcom,comment FROM `think_user` WHERE ( id=28 ) LIMIT 1   [ RunTime:0.002000s ]
NOTIC: [8] Undefined index: commment D:\WWW\weibo\weibo\Home\Controller\CommonController.class.php 第 345 行.

[ 2015-01-17T09:40:18+08:00 ] ::1 /weibo/index.php/Home/Index/atuser
INFO: [ app_begin ] --START--
INFO: Run Behavior\ReadHtmlCacheBehavior [ RunTime:0.001000s ]
INFO: [ app_begin ] --END-- [ RunTime:0.002000s ]
SQL: DESCRIBE think_user [ RunTime:0.019001s ]
SQL: DESCRIBE think_friend [ RunTime:0.016000s ]
SQL: SELECT `touser` FROM `think_friend` WHERE ( fromuser=28 )  [ RunTime:0.003001s ]
SQL: SELECT `username` FROM `think_user` WHERE `id` IN ('26','29','31','30','5','7','8','9')  [ RunTime:0.003000s ]
NOTIC: [8] Undefined variable: json D:\WWW\weibo\weibo\Home\Controller\IndexController.class.php 第 88 行.
INFO: [ app_end ] --START--
INFO: Run Behavior\ShowPageTraceBehavior [ RunTime:0.002000s ]
INFO: [ app_end ] --END-- [ RunTime:0.002000s ]

[ 2015-01-17T09:40:52+08:00 ] ::1 /weibo/index.php/Home/Common/askat
INFO: [ app_begin ] --START--
INFO: Run Behavior\ReadHtmlCacheBehavior [ RunTime:0.001000s ]
INFO: [ app_begin ] --END-- [ RunTime:0.001000s ]
SQL: DESCRIBE think_user [ RunTime:0.009000s ]
SQL: SELECT atnewcon,atnewcom,comment FROM `think_user` WHERE ( id=28 ) LIMIT 1   [ RunTime:0.001000s ]
NOTIC: [8] Undefined index: commment D:\WWW\weibo\weibo\Home\Controller\CommonController.class.php 第 345 行.

[ 2015-01-17T09:40:53+08:00 ] ::1 /weibo/index.php/Home/Index/atuser
INFO: [ app_begin ] --START--
INFO: Run Behavior\ReadHtmlCacheBehavior [ RunTime:0.001000s ]
INFO: [ app_begin ] --END-- [ RunTime:0.002000s ]
SQL: DESCRIBE think_user [ RunTime:0.021001s ]
SQL: DESCRIBE think_friend [ RunTime:0.016000s ]
SQL: SELECT `touser` FROM `think_friend` WHERE ( fromuser=28 )  [ RunTime:0.002000s ]
SQL: SELECT `username` FROM `think_user` WHERE `id` IN ('26','29','31','30','5','7','8','9')  [ RunTime:0.001000s ]
NOTIC: [8] Undefined variable: json D:\WWW\weibo\weibo\Home\Controller\IndexController.class.php 第 88 行.
INFO: [ app_end ] --START--
INFO: Run Behavior\ShowPageTraceBehavior [ RunTime:0.002000s ]
INFO: [ app_end ] --END-- [ RunTime:0.002000s ]

[ 2015-01-17T09:42:53+08:00 ] ::1 /weibo/index.php/Home/Common/askat
INFO: [ app_begin ] --START--
INFO: Run Behavior\ReadHtmlCacheBehavior [ RunTime:0.001000s ]
INFO: [ app_begin ] --END-- [ RunTime:0.002000s ]
SQL: DESCRIBE think_user [ RunTime:0.010000s ]
SQL: SELECT atnewcon,atnewcom,comment FROM `think_user` WHERE ( id=28 ) LIMIT 1   [ RunTime:0.001000s ]
NOTIC: [8] Undefined index: commment D:\WWW\weibo\weibo\Home\Controller\CommonController.class.php 第 345 行.

[ 2015-01-17T09:42:55+08:00 ] ::1 /weibo/index.php/Home/Index/atuser
INFO: [ app_begin ] --START--
INFO: Run Behavior\ReadHtmlCacheBehavior [ RunTime:0.001000s ]
INFO: [ app_begin ] --END-- [ RunTime:0.002000s ]
SQL: DESCRIBE think_user [ RunTime:0.014000s ]
SQL: DESCRIBE think_friend [ RunTime:0.015000s ]
SQL: SELECT `touser` FROM `think_friend` WHERE ( fromuser=28 )  [ RunTime:0.001000s ]
SQL: SELECT `username` FROM `think_user` WHERE `id` IN ('26','29','31','30','5','7','8','9')  [ RunTime:0.001000s ]
NOTIC: [8] Undefined variable: json D:\WWW\weibo\weibo\Home\Controller\IndexController.class.php 第 88 行.
INFO: [ app_end ] --START--
INFO: Run Behavior\ShowPageTraceBehavior [ RunTime:0.001001s ]
INFO: [ app_end ] --END-- [ RunTime:0.001001s ]

[ 2015-01-17T09:44:19+08:00 ] ::1 /weibo/index.php/Home/Common/askat
INFO: [ app_begin ] --START--
INFO: Run Behavior\ReadHtmlCacheBehavior [ RunTime:0.001000s ]
INFO: [ app_begin ] --END-- [ RunTime:0.002000s ]
SQL: DESCRIBE think_user [ RunTime:0.000000s ]
SQL: SELECT atnewcon,atnewcom,comment FROM `think_user` WHERE ( id=28 ) LIMIT 1   [ RunTime:0.000000s ]
NOTIC: [8] Undefined index: commment D:\WWW\weibo\weibo\Home\Controller\CommonController.class.php 第 345 行.

[ 2015-01-17T09:44:20+08:00 ] ::1 /weibo/index.php/Home/Index/atuser
INFO: [ app_begin ] --START--
INFO: Run Behavior\ReadHtmlCacheBehavior [ RunTime:0.001000s ]
INFO: [ app_begin ] --END-- [ RunTime:0.002000s ]
SQL: DESCRIBE think_user [ RunTime:0.017001s ]
SQL: DESCRIBE think_friend [ RunTime:0.016000s ]
SQL: SELECT `touser` FROM `think_friend` WHERE ( fromuser=28 )  [ RunTime:0.004001s ]
SQL: SELECT `username` FROM `think_user` WHERE `id` IN ('26','29','31','30','5','7','8','9')  [ RunTime:0.001000s ]
NOTIC: [8] Undefined variable: json D:\WWW\weibo\weibo\Home\Controller\IndexController.class.php 第 88 行.
INFO: [ app_end ] --START--
INFO: Run Behavior\ShowPageTraceBehavior [ RunTime:0.002000s ]
INFO: [ app_end ] --END-- [ RunTime:0.002000s ]

[ 2015-01-17T09:45:55+08:00 ] ::1 /weibo/index.php/Home/Common/askat
INFO: [ app_begin ] --START--
INFO: Run Behavior\ReadHtmlCacheBehavior [ RunTime:0.001000s ]
INFO: [ app_begin ] --END-- [ RunTime:0.002000s ]
SQL: DESCRIBE think_user [ RunTime:0.010000s ]
SQL: SELECT atnewcon,atnewcom,comment FROM `think_user` WHERE ( id=28 ) LIMIT 1   [ RunTime:0.002000s ]
NOTIC: [8] Undefined index: commment D:\WWW\weibo\weibo\Home\Controller\CommonController.class.php 第 345 行.

[ 2015-01-17T09:45:56+08:00 ] ::1 /weibo/index.php/Home/Index/atuser
INFO: [ app_begin ] --START--
INFO: Run Behavior\ReadHtmlCacheBehavior [ RunTime:0.002000s ]
INFO: [ app_begin ] --END-- [ RunTime:0.002000s ]
SQL: DESCRIBE think_user [ RunTime:0.010000s ]
SQL: DESCRIBE think_friend [ RunTime:0.004000s ]
SQL: SELECT `touser` FROM `think_friend` WHERE ( fromuser=28 )  [ RunTime:0.000000s ]
SQL: SELECT `username` FROM `think_user` WHERE `id` IN ('26','29','31','30','5','7','8','9')  [ RunTime:0.000000s ]
NOTIC: [8] Undefined variable: json D:\WWW\weibo\weibo\Home\Controller\IndexController.class.php 第 88 行.
INFO: [ app_end ] --START--
INFO: Run Behavior\ShowPageTraceBehavior [ RunTime:0.000000s ]
INFO: [ app_end ] --END-- [ RunTime:0.000000s ]

[ 2015-01-17T09:46:15+08:00 ] ::1 /weibo/index.php/Home/Common/askat
INFO: [ app_begin ] --START--
INFO: Run Behavior\ReadHtmlCacheBehavior [ RunTime:0.001000s ]
INFO: [ app_begin ] --END-- [ RunTime:0.001000s ]
SQL: DESCRIBE think_user [ RunTime:0.009001s ]
SQL: SELECT atnewcon,atnewcom,comment FROM `think_user` WHERE ( id=28 ) LIMIT 1   [ RunTime:0.001000s ]
NOTIC: [8] Undefined index: commment D:\WWW\weibo\weibo\Home\Controller\CommonController.class.php 第 345 行.

[ 2015-01-17T09:46:16+08:00 ] ::1 /weibo/index.php/Home/Index/atuser
INFO: [ app_begin ] --START--
INFO: Run Behavior\ReadHtmlCacheBehavior [ RunTime:0.002000s ]
INFO: [ app_begin ] --END-- [ RunTime:0.002000s ]
SQL: DESCRIBE think_user [ RunTime:0.021001s ]
SQL: DESCRIBE think_friend [ RunTime:0.022001s ]
SQL: SELECT `touser` FROM `think_friend` WHERE ( fromuser=28 )  [ RunTime:0.002000s ]
SQL: SELECT `username` FROM `think_user` WHERE `id` IN ('26','29','31','30','5','7','8','9')  [ RunTime:0.002000s ]
NOTIC: [8] Undefined variable: json D:\WWW\weibo\weibo\Home\Controller\IndexController.class.php 第 88 行.
INFO: [ app_end ] --START--
INFO: Run Behavior\ShowPageTraceBehavior [ RunTime:0.002000s ]
INFO: [ app_end ] --END-- [ RunTime:0.002000s ]

[ 2015-01-17T09:47:09+08:00 ] ::1 /weibo/index.php/Home/Common/askat
INFO: [ app_begin ] --START--
INFO: Run Behavior\ReadHtmlCacheBehavior [ RunTime:0.001000s ]
INFO: [ app_begin ] --END-- [ RunTime:0.002000s ]
SQL: DESCRIBE think_user [ RunTime:0.009000s ]
SQL: SELECT atnewcon,atnewcom,comment FROM `think_user` WHERE ( id=28 ) LIMIT 1   [ RunTime:0.001000s ]
NOTIC: [8] Undefined index: commment D:\WWW\weibo\weibo\Home\Controller\CommonController.class.php 第 345 行.

[ 2015-01-17T09:47:10+08:00 ] ::1 /weibo/index.php/Home/Index/atuser
INFO: [ app_begin ] --START--
INFO: Run Behavior\ReadHtmlCacheBehavior [ RunTime:0.001000s ]
INFO: [ app_begin ] --END-- [ RunTime:0.002000s ]
SQL: DESCRIBE think_user [ RunTime:0.017000s ]
SQL: DESCRIBE think_friend [ RunTime:0.016001s ]
SQL: SELECT `touser` FROM `think_friend` WHERE ( fromuser=28 )  [ RunTime:0.002000s ]
SQL: SELECT `username` FROM `think_user` WHERE `id` IN ('26','29','31','30','5','7','8','9')  [ RunTime:0.002000s ]
NOTIC: [8] Undefined variable: json D:\WWW\weibo\weibo\Home\Controller\IndexController.class.php 第 88 行.
INFO: [ app_end ] --START--
INFO: Run Behavior\ShowPageTraceBehavior [ RunTime:0.002000s ]
INFO: [ app_end ] --END-- [ RunTime:0.002000s ]

[ 2015-01-17T09:47:30+08:00 ] ::1 /weibo/index.php/Home/Common/askat
INFO: [ app_begin ] --START--
INFO: Run Behavior\ReadHtmlCacheBehavior [ RunTime:0.001000s ]
INFO: [ app_begin ] --END-- [ RunTime:0.002000s ]
SQL: DESCRIBE think_user [ RunTime:0.009000s ]
SQL: SELECT atnewcon,atnewcom,comment FROM `think_user` WHERE ( id=28 ) LIMIT 1   [ RunTime:0.002000s ]
NOTIC: [8] Undefined index: commment D:\WWW\weibo\weibo\Home\Controller\CommonController.class.php 第 345 行.

[ 2015-01-17T09:47:31+08:00 ] ::1 /weibo/index.php/Home/Index/atuser
INFO: [ app_begin ] --START--
INFO: Run Behavior\ReadHtmlCacheBehavior [ RunTime:0.001000s ]
INFO: [ app_begin ] --END-- [ RunTime:0.002000s ]
SQL: DESCRIBE think_user [ RunTime:0.017000s ]
SQL: DESCRIBE think_friend [ RunTime:0.018001s ]
SQL: SELECT `touser` FROM `think_friend` WHERE ( fromuser=28 )  [ RunTime:0.002000s ]
SQL: SELECT `username` FROM `think_user` WHERE `id` IN ('26','29','31','30','5','7','8','9')  [ RunTime:0.002000s ]
NOTIC: [8] Undefined variable: json D:\WWW\weibo\weibo\Home\Controller\IndexController.class.php 第 88 行.
INFO: [ app_end ] --START--
INFO: Run Behavior\ShowPageTraceBehavior [ RunTime:0.002000s ]
INFO: [ app_end ] --END-- [ RunTime:0.002000s ]

[ 2015-01-17T09:47:38+08:00 ] ::1 /weibo/index.php/Home/Common/askat
INFO: [ app_begin ] --START--
INFO: Run Behavior\ReadHtmlCacheBehavior [ RunTime:0.001000s ]
INFO: [ app_begin ] --END-- [ RunTime:0.002000s ]
SQL: DESCRIBE think_user [ RunTime:0.013000s ]
SQL: SELECT atnewcon,atnewcom,comment FROM `think_user` WHERE ( id=28 ) LIMIT 1   [ RunTime:0.001000s ]
NOTIC: [8] Undefined index: commment D:\WWW\weibo\weibo\Home\Controller\CommonController.class.php 第 345 行.

[ 2015-01-17T09:47:39+08:00 ] ::1 /weibo/index.php/Home/Index/atuser
INFO: [ app_begin ] --START--
INFO: Run Behavior\ReadHtmlCacheBehavior [ RunTime:0.001000s ]
INFO: [ app_begin ] --END-- [ RunTime:0.002000s ]
SQL: DESCRIBE think_user [ RunTime:0.020000s ]
SQL: DESCRIBE think_friend [ RunTime:0.014000s ]
SQL: SELECT `touser` FROM `think_friend` WHERE ( fromuser=28 )  [ RunTime:0.002000s ]
SQL: SELECT `username` FROM `think_user` WHERE `id` IN ('26','29','31','30','5','7','8','9')  [ RunTime:0.002000s ]
NOTIC: [8] Undefined variable: json D:\WWW\weibo\weibo\Home\Controller\IndexController.class.php 第 88 行.
INFO: [ app_end ] --START--
INFO: Run Behavior\ShowPageTraceBehavior [ RunTime:0.001000s ]
INFO: [ app_end ] --END-- [ RunTime:0.003000s ]

[ 2015-01-17T19:28:11+08:00 ] ::1 /weibo/index.php/Home/Common/askat
INFO: [ app_begin ] --START--
INFO: Run Behavior\ReadHtmlCacheBehavior [ RunTime:0.001000s ]
INFO: [ app_begin ] --END-- [ RunTime:0.002000s ]
SQL: DESCRIBE think_user [ RunTime:0.009000s ]
SQL: SELECT atnewcon,atnewcom,comment FROM `think_user` WHERE ( id=28 ) LIMIT 1   [ RunTime:0.001000s ]
NOTIC: [8] Undefined index: commment D:\WWW\weibo\weibo\Home\Controller\CommonController.class.php 第 345 行.

[ 2015-01-17T19:28:12+08:00 ] ::1 /weibo/index.php/Home/Index/atuser
INFO: [ app_begin ] --START--
INFO: Run Behavior\ReadHtmlCacheBehavior [ RunTime:0.001000s ]
INFO: [ app_begin ] --END-- [ RunTime:0.002000s ]
SQL: DESCRIBE think_user [ RunTime:0.018001s ]
SQL: DESCRIBE think_friend [ RunTime:0.018000s ]
SQL: SELECT `touser` FROM `think_friend` WHERE ( fromuser=28 )  [ RunTime:0.002000s ]
SQL: SELECT `username` FROM `think_user` WHERE `id` IN ('26','29','31','30','5','7','8','9')  [ RunTime:0.003000s ]
NOTIC: [8] Undefined variable: json D:\WWW\weibo\weibo\Home\Controller\IndexController.class.php 第 88 行.
INFO: [ app_end ] --START--
INFO: Run Behavior\ShowPageTraceBehavior [ RunTime:0.002000s ]
INFO: [ app_end ] --END-- [ RunTime:0.002000s ]

[ 2015-01-17T19:30:48+08:00 ] ::1 /weibo/index.php/Home/Common/askat
INFO: [ app_begin ] --START--
INFO: Run Behavior\ReadHtmlCacheBehavior [ RunTime:0.001000s ]
INFO: [ app_begin ] --END-- [ RunTime:0.002000s ]
SQL: DESCRIBE think_user [ RunTime:0.016001s ]
SQL: SELECT atnewcon,atnewcom,comment FROM `think_user` WHERE ( id=28 ) LIMIT 1   [ RunTime:0.002000s ]
NOTIC: [8] Undefined index: commment D:\WWW\weibo\weibo\Home\Controller\CommonController.class.php 第 345 行.

[ 2015-01-17T19:30:49+08:00 ] ::1 /weibo/index.php/Home/Index/atuser
INFO: [ app_begin ] --START--
INFO: Run Behavior\ReadHtmlCacheBehavior [ RunTime:0.001000s ]
INFO: [ app_begin ] --END-- [ RunTime:0.002000s ]
SQL: DESCRIBE think_user [ RunTime:0.011000s ]
SQL: DESCRIBE think_friend [ RunTime:0.013000s ]
SQL: SELECT `touser` FROM `think_friend` WHERE ( fromuser=28 )  [ RunTime:0.001000s ]
SQL: SELECT `username` FROM `think_user` WHERE `id` IN ('26','29','31','30','5','7','8','9')  [ RunTime:0.001000s ]
NOTIC: [8] Undefined variable: json D:\WWW\weibo\weibo\Home\Controller\IndexController.class.php 第 88 行.
INFO: [ app_end ] --START--
INFO: Run Behavior\ShowPageTraceBehavior [ RunTime:0.001000s ]
INFO: [ app_end ] --END-- [ RunTime:0.001000s ]

[ 2015-01-17T19:31:26+08:00 ] ::1 /weibo/index.php/Home/Common/content/
INFO: [ app_begin ] --START--
INFO: Run Behavior\ReadHtmlCacheBehavior [ RunTime:0.002000s ]
INFO: [ app_begin ] --END-- [ RunTime:0.003000s ]
SQL: DESCRIBE think_content [ RunTime:0.016000s ]
SQL: DESCRIBE think_user [ RunTime:0.016001s ]
SQL: DESCRIBE think_news [ RunTime:0.016000s ]
SQL: INSERT INTO `think_content` (`date`,`uid`,`content`,`position`) VALUES ('2015-01-17 19:31:25',28,'嘿嘿',1) [ RunTime:0.003000s ]
INFO: [ app_end ] --START--
INFO: Run Behavior\ShowPageTraceBehavior [ RunTime:0.001000s ]
INFO: [ app_end ] --END-- [ RunTime:0.002000s ]

[ 2015-01-17T19:31:33+08:00 ] ::1 /weibo/index.php/Home/Common/up
INFO: [ app_begin ] --START--
INFO: Run Behavior\ReadHtmlCacheBehavior [ RunTime:0.002000s ]
INFO: [ app_begin ] --END-- [ RunTime:0.003000s ]
INFO: [ app_end ] --START--
INFO: Run Behavior\ShowPageTraceBehavior [ RunTime:0.001000s ]
INFO: [ app_end ] --END-- [ RunTime:0.001000s ]

[ 2015-01-17T19:33:04+08:00 ] ::1 /weibo/index.php/Home/Common/askat
INFO: [ app_begin ] --START--
INFO: Run Behavior\ReadHtmlCacheBehavior [ RunTime:0.001000s ]
INFO: [ app_begin ] --END-- [ RunTime:0.002000s ]
SQL: DESCRIBE think_user [ RunTime:0.010000s ]
SQL: SELECT atnewcon,atnewcom,comment FROM `think_user` WHERE ( id=28 ) LIMIT 1   [ RunTime:0.001000s ]
NOTIC: [8] Undefined index: commment D:\WWW\weibo\weibo\Home\Controller\CommonController.class.php 第 345 行.

[ 2015-01-17T19:33:05+08:00 ] ::1 /weibo/index.php/Home/Index/atuser
INFO: [ app_begin ] --START--
INFO: Run Behavior\ReadHtmlCacheBehavior [ RunTime:0.001000s ]
INFO: [ app_begin ] --END-- [ RunTime:0.003000s ]
SQL: DESCRIBE think_user [ RunTime:0.016001s ]
SQL: DESCRIBE think_friend [ RunTime:0.016000s ]
SQL: SELECT `touser` FROM `think_friend` WHERE ( fromuser=28 )  [ RunTime:0.002000s ]
SQL: SELECT `username` FROM `think_user` WHERE `id` IN ('26','29','31','30','5','7','8','9')  [ RunTime:0.002001s ]
NOTIC: [8] Undefined variable: json D:\WWW\weibo\weibo\Home\Controller\IndexController.class.php 第 88 行.
INFO: [ app_end ] --START--
INFO: Run Behavior\ShowPageTraceBehavior [ RunTime:0.002000s ]
INFO: [ app_end ] --END-- [ RunTime:0.002000s ]

[ 2015-01-17T19:33:17+08:00 ] ::1 /weibo/index.php/Home/Common/askat
INFO: [ app_begin ] --START--
INFO: Run Behavior\ReadHtmlCacheBehavior [ RunTime:0.001000s ]
INFO: [ app_begin ] --END-- [ RunTime:0.001000s ]
SQL: DESCRIBE think_user [ RunTime:0.010000s ]
SQL: SELECT atnewcon,atnewcom,comment FROM `think_user` WHERE ( id=28 ) LIMIT 1   [ RunTime:0.001000s ]
NOTIC: [8] Undefined index: commment D:\WWW\weibo\weibo\Home\Controller\CommonController.class.php 第 345 行.

[ 2015-01-17T19:33:18+08:00 ] ::1 /weibo/index.php/Home/Index/atuser
INFO: [ app_begin ] --START--
INFO: Run Behavior\ReadHtmlCacheBehavior [ RunTime:0.001000s ]
INFO: [ app_begin ] --END-- [ RunTime:0.002000s ]
SQL: DESCRIBE think_user [ RunTime:0.018001s ]
SQL: DESCRIBE think_friend [ RunTime:0.016000s ]
SQL: SELECT `touser` FROM `think_friend` WHERE ( fromuser=28 )  [ RunTime:0.002000s ]
SQL: SELECT `username` FROM `think_user` WHERE `id` IN ('26','29','31','30','5','7','8','9')  [ RunTime:0.002000s ]
NOTIC: [8] Undefined variable: json D:\WWW\weibo\weibo\Home\Controller\IndexController.class.php 第 88 行.
INFO: [ app_end ] --START--
INFO: Run Behavior\ShowPageTraceBehavior [ RunTime:0.001000s ]
INFO: [ app_end ] --END-- [ RunTime:0.002000s ]

[ 2015-01-17T19:33:30+08:00 ] ::1 /weibo/index.php/Home/Common/askat
INFO: [ app_begin ] --START--
INFO: Run Behavior\ReadHtmlCacheBehavior [ RunTime:0.003000s ]
INFO: [ app_begin ] --END-- [ RunTime:0.004000s ]
SQL: DESCRIBE think_user [ RunTime:0.010000s ]
SQL: SELECT atnewcon,atnewcom,comment FROM `think_user` WHERE ( id=28 ) LIMIT 1   [ RunTime:0.001000s ]
NOTIC: [8] Undefined index: commment D:\WWW\weibo\weibo\Home\Controller\CommonController.class.php 第 345 行.

[ 2015-01-17T19:33:31+08:00 ] ::1 /weibo/index.php/Home/Index/atuser
INFO: [ app_begin ] --START--
INFO: Run Behavior\ReadHtmlCacheBehavior [ RunTime:0.001000s ]
INFO: [ app_begin ] --END-- [ RunTime:0.002000s ]
SQL: DESCRIBE think_user [ RunTime:0.018000s ]
SQL: DESCRIBE think_friend [ RunTime:0.024001s ]
SQL: SELECT `touser` FROM `think_friend` WHERE ( fromuser=28 )  [ RunTime:0.003000s ]
SQL: SELECT `username` FROM `think_user` WHERE `id` IN ('26','29','31','30','5','7','8','9')  [ RunTime:0.003000s ]
NOTIC: [8] Undefined variable: json D:\WWW\weibo\weibo\Home\Controller\IndexController.class.php 第 88 行.
INFO: [ app_end ] --START--
INFO: Run Behavior\ShowPageTraceBehavior [ RunTime:0.002000s ]
INFO: [ app_end ] --END-- [ RunTime:0.002000s ]

[ 2015-01-17T19:35:26+08:00 ] ::1 /weibo/index.php/Home/Common/content/
INFO: [ app_begin ] --START--
INFO: Run Behavior\ReadHtmlCacheBehavior [ RunTime:0.001000s ]
INFO: [ app_begin ] --END-- [ RunTime:0.002000s ]
SQL: DESCRIBE think_content [ RunTime:0.015001s ]
SQL: DESCRIBE think_user [ RunTime:0.016000s ]
SQL: DESCRIBE think_news [ RunTime:0.018001s ]
SQL: INSERT INTO `think_content` (`date`,`uid`,`content`,`position`) VALUES ('2015-01-17 19:35:25',28,'试试[doge_org][doge_org][doge_org]',0) [ RunTime:0.001000s ]
INFO: [ app_end ] --START--
INFO: Run Behavior\ShowPageTraceBehavior [ RunTime:0.002000s ]
INFO: [ app_end ] --END-- [ RunTime:0.002000s ]

[ 2015-01-17T19:36:04+08:00 ] ::1 /weibo/index.php/Home/Common/content/
INFO: [ app_begin ] --START--
INFO: Run Behavior\ReadHtmlCacheBehavior [ RunTime:0.001000s ]
INFO: [ app_begin ] --END-- [ RunTime:0.002000s ]
SQL: DESCRIBE think_content [ RunTime:0.016001s ]
SQL: DESCRIBE think_user [ RunTime:0.017000s ]
SQL: DESCRIBE think_news [ RunTime:0.017001s ]
SQL: INSERT INTO `think_content` (`date`,`uid`,`content`,`position`) VALUES ('2015-01-17 19:36:03',28,'[sleepa_org][sleepa_org][sleepa_org][sleepa_org][sleepa_org]',0) [ RunTime:0.002000s ]
INFO: [ app_end ] --START--
INFO: Run Behavior\ShowPageTraceBehavior [ RunTime:0.002000s ]
INFO: [ app_end ] --END-- [ RunTime:0.002000s ]

[ 2015-01-17T19:37:08+08:00 ] ::1 /weibo/index.php/Home/Common/askat
INFO: [ app_begin ] --START--
INFO: Run Behavior\ReadHtmlCacheBehavior [ RunTime:0.001000s ]
INFO: [ app_begin ] --END-- [ RunTime:0.001000s ]
SQL: DESCRIBE think_user [ RunTime:0.017001s ]
SQL: SELECT atnewcon,atnewcom,comment FROM `think_user` WHERE ( id=28 ) LIMIT 1   [ RunTime:0.002000s ]
NOTIC: [8] Undefined index: commment D:\WWW\weibo\weibo\Home\Controller\CommonController.class.php 第 345 行.

[ 2015-01-17T19:37:10+08:00 ] ::1 /weibo/index.php/Home/Index/atuser
INFO: [ app_begin ] --START--
INFO: Run Behavior\ReadHtmlCacheBehavior [ RunTime:0.002000s ]
INFO: [ app_begin ] --END-- [ RunTime:0.003000s ]
SQL: DESCRIBE think_user [ RunTime:0.012000s ]
SQL: DESCRIBE think_friend [ RunTime:0.008000s ]
SQL: SELECT `touser` FROM `think_friend` WHERE ( fromuser=28 )  [ RunTime:0.002000s ]
SQL: SELECT `username` FROM `think_user` WHERE `id` IN ('26','29','31','30','5','7','8','9')  [ RunTime:0.001000s ]
NOTIC: [8] Undefined variable: json D:\WWW\weibo\weibo\Home\Controller\IndexController.class.php 第 88 行.
INFO: [ app_end ] --START--
INFO: Run Behavior\ShowPageTraceBehavior [ RunTime:0.001000s ]
INFO: [ app_end ] --END-- [ RunTime:0.002000s ]

[ 2015-01-17T19:37:26+08:00 ] ::1 /weibo/index.php/Home/Common/askat
INFO: [ app_begin ] --START--
INFO: Run Behavior\ReadHtmlCacheBehavior [ RunTime:0.001000s ]
INFO: [ app_begin ] --END-- [ RunTime:0.002000s ]
SQL: DESCRIBE think_user [ RunTime:0.011001s ]
SQL: SELECT atnewcon,atnewcom,comment FROM `think_user` WHERE ( id=28 ) LIMIT 1   [ RunTime:0.003000s ]
NOTIC: [8] Undefined index: commment D:\WWW\weibo\weibo\Home\Controller\CommonController.class.php 第 345 行.

[ 2015-01-17T19:37:28+08:00 ] ::1 /weibo/index.php/Home/Index/atuser
INFO: [ app_begin ] --START--
INFO: Run Behavior\ReadHtmlCacheBehavior [ RunTime:0.001000s ]
INFO: [ app_begin ] --END-- [ RunTime:0.002000s ]
SQL: DESCRIBE think_user [ RunTime:0.024001s ]
SQL: DESCRIBE think_friend [ RunTime:0.015000s ]
SQL: SELECT `touser` FROM `think_friend` WHERE ( fromuser=28 )  [ RunTime:0.002001s ]
SQL: SELECT `username` FROM `think_user` WHERE `id` IN ('26','29','31','30','5','7','8','9')  [ RunTime:0.002000s ]
NOTIC: [8] Undefined variable: json D:\WWW\weibo\weibo\Home\Controller\IndexController.class.php 第 88 行.
INFO: [ app_end ] --START--
INFO: Run Behavior\ShowPageTraceBehavior [ RunTime:0.002000s ]
INFO: [ app_end ] --END-- [ RunTime:0.002000s ]

[ 2015-01-17T19:48:11+08:00 ] ::1 /weibo/index.php/Home/Common/askat
INFO: [ app_begin ] --START--
INFO: Run Behavior\ReadHtmlCacheBehavior [ RunTime:0.001000s ]
INFO: [ app_begin ] --END-- [ RunTime:0.002000s ]
SQL: DESCRIBE think_user [ RunTime:0.009000s ]
SQL: SELECT atnewcon,atnewcom,comment FROM `think_user` WHERE ( id=28 ) LIMIT 1   [ RunTime:0.001000s ]
NOTIC: [8] Undefined index: commment D:\WWW\weibo\weibo\Home\Controller\CommonController.class.php 第 345 行.

[ 2015-01-17T19:48:13+08:00 ] ::1 /weibo/index.php/Home/Index/atuser
INFO: [ app_begin ] --START--
INFO: Run Behavior\ReadHtmlCacheBehavior [ RunTime:0.001000s ]
INFO: [ app_begin ] --END-- [ RunTime:0.003000s ]
SQL: DESCRIBE think_user [ RunTime:0.009000s ]
SQL: DESCRIBE think_friend [ RunTime:0.009000s ]
SQL: SELECT `touser` FROM `think_friend` WHERE ( fromuser=28 )  [ RunTime:0.001000s ]
SQL: SELECT `username` FROM `think_user` WHERE `id` IN ('26','29','31','30','5','7','8','9')  [ RunTime:0.001001s ]
NOTIC: [8] Undefined variable: json D:\WWW\weibo\weibo\Home\Controller\IndexController.class.php 第 88 行.
INFO: [ app_end ] --START--
INFO: Run Behavior\ShowPageTraceBehavior [ RunTime:0.002000s ]
INFO: [ app_end ] --END-- [ RunTime:0.002000s ]

[ 2015-01-17T19:48:50+08:00 ] ::1 /weibo/index.php/Home/Common/content/
INFO: [ app_begin ] --START--
INFO: Run Behavior\ReadHtmlCacheBehavior [ RunTime:0.002000s ]
INFO: [ app_begin ] --END-- [ RunTime:0.003000s ]
SQL: DESCRIBE think_content [ RunTime:0.009000s ]
SQL: DESCRIBE think_user [ RunTime:0.015600s ]
SQL: DESCRIBE think_news [ RunTime:0.015600s ]
SQL: SELECT `id` FROM `think_user` WHERE `username` = 'monica' LIMIT 1   [ RunTime:0.000000s ]
SQL: SELECT `id` FROM `think_user` WHERE `username` = '苏芙蕾' LIMIT 1   [ RunTime:0.000000s ]
SQL: SELECT `id` FROM `think_user` WHERE `username` = '姜葱鸡' LIMIT 1   [ RunTime:0.016600s ]
SQL: INSERT INTO `think_content` (`date`,`uid`,`content`,`position`) VALUES ('2015-01-17 19:48:49',28,'[29@monica/] [26@苏芙蕾/] [7@姜葱鸡/]',0) [ RunTime:0.002000s ]
SQL: UPDATE `think_user` SET `atnewcon`=atnewcon+1 WHERE ( id=29 ) [ RunTime:0.002000s ]
SQL: INSERT INTO `think_news` (`uid`,`conid`) VALUES (29,358) [ RunTime:0.002000s ]
SQL: UPDATE `think_user` SET `atnewcon`=atnewcon+1 WHERE ( id=26 ) [ RunTime:0.002000s ]
SQL: INSERT INTO `think_news` (`uid`,`conid`) VALUES (26,358) [ RunTime:0.001000s ]
SQL: UPDATE `think_user` SET `atnewcon`=atnewcon+1 WHERE ( id=7 ) [ RunTime:0.002000s ]
SQL: INSERT INTO `think_news` (`uid`,`conid`) VALUES (7,358) [ RunTime:0.001000s ]
INFO: [ app_end ] --START--
INFO: Run Behavior\ShowPageTraceBehavior [ RunTime:0.001000s ]
INFO: [ app_end ] --END-- [ RunTime:0.002000s ]

[ 2015-01-17T19:49:13+08:00 ] ::1 /weibo/index.php/Home/Common/content/
INFO: [ app_begin ] --START--
INFO: Run Behavior\ReadHtmlCacheBehavior [ RunTime:0.002000s ]
INFO: [ app_begin ] --END-- [ RunTime:0.003000s ]
SQL: DESCRIBE think_content [ RunTime:0.016001s ]
SQL: DESCRIBE think_user [ RunTime:0.018000s ]
SQL: DESCRIBE think_news [ RunTime:0.016001s ]
SQL: SELECT `id` FROM `think_user` WHERE `username` = '花轮同学' LIMIT 1   [ RunTime:0.002000s ]
SQL: INSERT INTO `think_content` (`date`,`uid`,`content`,`position`) VALUES ('2015-01-17 19:49:12',28,'[31@花轮同学/]',1) [ RunTime:0.001000s ]
SQL: UPDATE `think_user` SET `atnewcon`=atnewcon+1 WHERE ( id=31 ) [ RunTime:0.002000s ]
SQL: INSERT INTO `think_news` (`uid`,`conid`) VALUES (31,359) [ RunTime:0.002000s ]
INFO: [ app_end ] --START--
INFO: Run Behavior\ShowPageTraceBehavior [ RunTime:0.003000s ]
INFO: [ app_end ] --END-- [ RunTime:0.003000s ]

[ 2015-01-17T19:49:14+08:00 ] ::1 /weibo/index.php/Home/Common/up
INFO: [ app_begin ] --START--
INFO: Run Behavior\ReadHtmlCacheBehavior [ RunTime:0.002000s ]
INFO: [ app_begin ] --END-- [ RunTime:0.003000s ]
INFO: [ app_end ] --START--
INFO: Run Behavior\ShowPageTraceBehavior [ RunTime:0.002000s ]
INFO: [ app_end ] --END-- [ RunTime:0.002000s ]

[ 2015-01-17T19:49:36+08:00 ] ::1 /weibo/index.php/Home/Common/up
INFO: [ app_begin ] --START--
INFO: Run Behavior\ReadHtmlCacheBehavior [ RunTime:0.002000s ]
INFO: [ app_begin ] --END-- [ RunTime:0.004000s ]
INFO: [ app_end ] --START--
INFO: Run Behavior\ShowPageTraceBehavior [ RunTime:0.002000s ]
INFO: [ app_end ] --END-- [ RunTime:0.002000s ]

[ 2015-01-17T19:49:55+08:00 ] ::1 /weibo/index.php/Home/Common/up
INFO: [ app_begin ] --START--
INFO: Run Behavior\ReadHtmlCacheBehavior [ RunTime:0.002000s ]
INFO: [ app_begin ] --END-- [ RunTime:0.003000s ]
INFO: [ app_end ] --START--
INFO: Run Behavior\ShowPageTraceBehavior [ RunTime:0.002000s ]
INFO: [ app_end ] --END-- [ RunTime:0.002000s ]

[ 2015-01-17T19:50:02+08:00 ] ::1 /weibo/index.php/Home/Common/askat
INFO: [ app_begin ] --START--
INFO: Run Behavior\ReadHtmlCacheBehavior [ RunTime:0.001000s ]
INFO: [ app_begin ] --END-- [ RunTime:0.002000s ]
SQL: DESCRIBE think_user [ RunTime:0.009000s ]
SQL: SELECT atnewcon,atnewcom,comment FROM `think_user` WHERE ( id=28 ) LIMIT 1   [ RunTime:0.001000s ]
NOTIC: [8] Undefined index: commment D:\WWW\weibo\weibo\Home\Controller\CommonController.class.php 第 345 行.

[ 2015-01-17T19:50:03+08:00 ] ::1 /weibo/index.php/Home/Index/atuser
INFO: [ app_begin ] --START--
INFO: Run Behavior\ReadHtmlCacheBehavior [ RunTime:0.001000s ]
INFO: [ app_begin ] --END-- [ RunTime:0.002000s ]
SQL: DESCRIBE think_user [ RunTime:0.017001s ]
SQL: DESCRIBE think_friend [ RunTime:0.015000s ]
SQL: SELECT `touser` FROM `think_friend` WHERE ( fromuser=28 )  [ RunTime:0.002000s ]
SQL: SELECT `username` FROM `think_user` WHERE `id` IN ('26','29','31','30','5','7','8','9')  [ RunTime:0.002000s ]
NOTIC: [8] Undefined variable: json D:\WWW\weibo\weibo\Home\Controller\IndexController.class.php 第 88 行.
INFO: [ app_end ] --START--
INFO: Run Behavior\ShowPageTraceBehavior [ RunTime:0.002001s ]
INFO: [ app_end ] --END-- [ RunTime:0.002001s ]

[ 2015-01-17T19:50:33+08:00 ] ::1 /weibo/index.php/Home/Common/up
INFO: [ app_begin ] --START--
INFO: Run Behavior\ReadHtmlCacheBehavior [ RunTime:0.016001s ]
INFO: [ app_begin ] --END-- [ RunTime:0.017001s ]
INFO: [ app_end ] --START--
INFO: Run Behavior\ShowPageTraceBehavior [ RunTime:0.002000s ]
INFO: [ app_end ] --END-- [ RunTime:0.002000s ]

[ 2015-01-17T19:52:19+08:00 ] ::1 /weibo/index.php/Home/Common/askat
INFO: [ app_begin ] --START--
INFO: Run Behavior\ReadHtmlCacheBehavior [ RunTime:0.001000s ]
INFO: [ app_begin ] --END-- [ RunTime:0.002000s ]
SQL: DESCRIBE think_user [ RunTime:0.012000s ]
SQL: SELECT atnewcon,atnewcom,comment FROM `think_user` WHERE ( id=28 ) LIMIT 1   [ RunTime:0.001001s ]
NOTIC: [8] Undefined index: commment D:\WWW\weibo\weibo\Home\Controller\CommonController.class.php 第 345 行.

[ 2015-01-17T19:52:20+08:00 ] ::1 /weibo/index.php/Home/Index/atuser
INFO: [ app_begin ] --START--
INFO: Run Behavior\ReadHtmlCacheBehavior [ RunTime:0.004000s ]
INFO: [ app_begin ] --END-- [ RunTime:0.005000s ]
SQL: DESCRIBE think_user [ RunTime:0.017001s ]
SQL: DESCRIBE think_friend [ RunTime:0.015000s ]
SQL: SELECT `touser` FROM `think_friend` WHERE ( fromuser=28 )  [ RunTime:0.001000s ]
SQL: SELECT `username` FROM `think_user` WHERE `id` IN ('26','29','31','30','5','7','8','9')  [ RunTime:0.003000s ]
NOTIC: [8] Undefined variable: json D:\WWW\weibo\weibo\Home\Controller\IndexController.class.php 第 88 行.
INFO: [ app_end ] --START--
INFO: Run Behavior\ShowPageTraceBehavior [ RunTime:0.002000s ]
INFO: [ app_end ] --END-- [ RunTime:0.002000s ]

[ 2015-01-17T19:52:27+08:00 ] ::1 /weibo/index.php/Home/Common/up
INFO: [ app_begin ] --START--
INFO: Run Behavior\ReadHtmlCacheBehavior [ RunTime:0.002000s ]
INFO: [ app_begin ] --END-- [ RunTime:0.003001s ]
INFO: [ app_end ] --START--
INFO: Run Behavior\ShowPageTraceBehavior [ RunTime:0.002000s ]
INFO: [ app_end ] --END-- [ RunTime:0.002000s ]

[ 2015-01-17T19:53:31+08:00 ] ::1 /weibo/index.php/Home/Common/askat
INFO: [ app_begin ] --START--
INFO: Run Behavior\ReadHtmlCacheBehavior [ RunTime:0.001000s ]
INFO: [ app_begin ] --END-- [ RunTime:0.002000s ]
SQL: DESCRIBE think_user [ RunTime:0.010000s ]
SQL: SELECT atnewcon,atnewcom,comment FROM `think_user` WHERE ( id=28 ) LIMIT 1   [ RunTime:0.001000s ]
NOTIC: [8] Undefined index: commment D:\WWW\weibo\weibo\Home\Controller\CommonController.class.php 第 345 行.

[ 2015-01-17T19:53:32+08:00 ] ::1 /weibo/index.php/Home/Index/atuser
INFO: [ app_begin ] --START--
INFO: Run Behavior\ReadHtmlCacheBehavior [ RunTime:0.001000s ]
INFO: [ app_begin ] --END-- [ RunTime:0.002000s ]
SQL: DESCRIBE think_user [ RunTime:0.018000s ]
SQL: DESCRIBE think_friend [ RunTime:0.015001s ]
SQL: SELECT `touser` FROM `think_friend` WHERE ( fromuser=28 )  [ RunTime:0.001000s ]
SQL: SELECT `username` FROM `think_user` WHERE `id` IN ('26','29','31','30','5','7','8','9')  [ RunTime:0.002000s ]
NOTIC: [8] Undefined variable: json D:\WWW\weibo\weibo\Home\Controller\IndexController.class.php 第 88 行.
INFO: [ app_end ] --START--
INFO: Run Behavior\ShowPageTraceBehavior [ RunTime:0.002000s ]
INFO: [ app_end ] --END-- [ RunTime:0.002000s ]

[ 2015-01-17T19:53:38+08:00 ] ::1 /weibo/index.php/Home/Common/up
INFO: [ app_begin ] --START--
INFO: Run Behavior\ReadHtmlCacheBehavior [ RunTime:0.001000s ]
INFO: [ app_begin ] --END-- [ RunTime:0.002000s ]
INFO: [ app_end ] --START--
INFO: Run Behavior\ShowPageTraceBehavior [ RunTime:0.001000s ]
INFO: [ app_end ] --END-- [ RunTime:0.001000s ]

[ 2015-01-17T19:56:03+08:00 ] ::1 /weibo/index.php/Home/Common/up
INFO: [ app_begin ] --START--
INFO: Run Behavior\ReadHtmlCacheBehavior [ RunTime:0.001000s ]
INFO: [ app_begin ] --END-- [ RunTime:0.002000s ]
INFO: [ app_end ] --START--
INFO: Run Behavior\ShowPageTraceBehavior [ RunTime:0.001000s ]
INFO: [ app_end ] --END-- [ RunTime:0.002000s ]

[ 2015-01-17T19:57:28+08:00 ] ::1 /weibo/index.php/Home/Common/askat
INFO: [ app_begin ] --START--
INFO: Run Behavior\ReadHtmlCacheBehavior [ RunTime:0.001000s ]
INFO: [ app_begin ] --END-- [ RunTime:0.002000s ]
SQL: DESCRIBE think_user [ RunTime:0.011001s ]
SQL: SELECT atnewcon,atnewcom,comment FROM `think_user` WHERE ( id=28 ) LIMIT 1   [ RunTime:0.002000s ]
NOTIC: [8] Undefined index: commment D:\WWW\weibo\weibo\Home\Controller\CommonController.class.php 第 345 行.

[ 2015-01-17T19:57:29+08:00 ] ::1 /weibo/index.php/Home/Index/atuser
INFO: [ app_begin ] --START--
INFO: Run Behavior\ReadHtmlCacheBehavior [ RunTime:0.001000s ]
INFO: [ app_begin ] --END-- [ RunTime:0.002000s ]
SQL: DESCRIBE think_user [ RunTime:0.017000s ]
SQL: DESCRIBE think_friend [ RunTime:0.016000s ]
SQL: SELECT `touser` FROM `think_friend` WHERE ( fromuser=28 )  [ RunTime:0.002000s ]
SQL: SELECT `username` FROM `think_user` WHERE `id` IN ('26','29','31','30','5','7','8','9')  [ RunTime:0.002000s ]
NOTIC: [8] Undefined variable: json D:\WWW\weibo\weibo\Home\Controller\IndexController.class.php 第 88 行.
INFO: [ app_end ] --START--
INFO: Run Behavior\ShowPageTraceBehavior [ RunTime:0.002000s ]
INFO: [ app_end ] --END-- [ RunTime:0.002000s ]

[ 2015-01-17T19:57:36+08:00 ] ::1 /weibo/index.php/Home/Common/up
INFO: [ app_begin ] --START--
INFO: Run Behavior\ReadHtmlCacheBehavior [ RunTime:0.002000s ]
INFO: [ app_begin ] --END-- [ RunTime:0.004000s ]
NOTIC: [8] Undefined variable: file D:\WWW\weibo\weibo\Home\Controller\CommonController.class.php 第 165 行.
NOTIC: [2] call_user_func() expects parameter 1 to be a valid callback, no array or string given D:\WWW\weibo\ThinkPHP\Library\Think\Upload.class.php 第 170 行.
INFO: [ app_end ] --START--
INFO: Run Behavior\ShowPageTraceBehavior [ RunTime:0.004000s ]
INFO: [ app_end ] --END-- [ RunTime:0.005000s ]

[ 2015-01-17T19:58:50+08:00 ] ::1 /weibo/index.php/Home/Common/askat
INFO: [ app_begin ] --START--
INFO: Run Behavior\ReadHtmlCacheBehavior [ RunTime:0.001000s ]
INFO: [ app_begin ] --END-- [ RunTime:0.002000s ]
SQL: DESCRIBE think_user [ RunTime:0.010001s ]
SQL: SELECT atnewcon,atnewcom,comment FROM `think_user` WHERE ( id=28 ) LIMIT 1   [ RunTime:0.002000s ]
NOTIC: [8] Undefined index: commment D:\WWW\weibo\weibo\Home\Controller\CommonController.class.php 第 345 行.

[ 2015-01-17T19:58:51+08:00 ] ::1 /weibo/index.php/Home/Index/atuser
INFO: [ app_begin ] --START--
INFO: Run Behavior\ReadHtmlCacheBehavior [ RunTime:0.001000s ]
INFO: [ app_begin ] --END-- [ RunTime:0.002000s ]
SQL: DESCRIBE think_user [ RunTime:0.013001s ]
SQL: DESCRIBE think_friend [ RunTime:0.009000s ]
SQL: SELECT `touser` FROM `think_friend` WHERE ( fromuser=28 )  [ RunTime:0.001000s ]
SQL: SELECT `username` FROM `think_user` WHERE `id` IN ('26','29','31','30','5','7','8','9')  [ RunTime:0.002000s ]
NOTIC: [8] Undefined variable: json D:\WWW\weibo\weibo\Home\Controller\IndexController.class.php 第 88 行.
INFO: [ app_end ] --START--
INFO: Run Behavior\ShowPageTraceBehavior [ RunTime:0.001000s ]
INFO: [ app_end ] --END-- [ RunTime:0.001000s ]

[ 2015-01-17T19:59:12+08:00 ] ::1 /weibo/index.php/Home/Common/content/
INFO: [ app_begin ] --START--
INFO: Run Behavior\ReadHtmlCacheBehavior [ RunTime:0.002000s ]
INFO: [ app_begin ] --END-- [ RunTime:0.003000s ]
SQL: DESCRIBE think_content [ RunTime:0.019000s ]
SQL: DESCRIBE think_user [ RunTime:0.016000s ]
SQL: DESCRIBE think_news [ RunTime:0.017000s ]
SQL: SELECT `id` FROM `think_user` WHERE `username` = 'biubiu' LIMIT 1   [ RunTime:0.002000s ]
SQL: INSERT INTO `think_content` (`date`,`uid`,`content`,`position`) VALUES ('2015-01-17 19:59:11',28,'[28@biubiu/]',1) [ RunTime:0.002000s ]
INFO: [ app_end ] --START--
INFO: Run Behavior\ShowPageTraceBehavior [ RunTime:0.002000s ]
INFO: [ app_end ] --END-- [ RunTime:0.002000s ]

[ 2015-01-17T19:59:14+08:00 ] ::1 /weibo/index.php/Home/Common/up
INFO: [ app_begin ] --START--
INFO: Run Behavior\ReadHtmlCacheBehavior [ RunTime:0.002000s ]
INFO: [ app_begin ] --END-- [ RunTime:0.003000s ]
INFO: [ app_end ] --START--
INFO: Run Behavior\ShowPageTraceBehavior [ RunTime:0.001000s ]
INFO: [ app_end ] --END-- [ RunTime:0.001000s ]

[ 2015-01-17T20:00:41+08:00 ] ::1 /weibo/index.php/Home/Common/askat
INFO: [ app_begin ] --START--
INFO: Run Behavior\ReadHtmlCacheBehavior [ RunTime:0.000000s ]
INFO: [ app_begin ] --END-- [ RunTime:0.002001s ]
SQL: DESCRIBE think_user [ RunTime:0.009000s ]
SQL: SELECT atnewcon,atnewcom,comment FROM `think_user` WHERE ( id=28 ) LIMIT 1   [ RunTime:0.002000s ]
NOTIC: [8] Undefined index: commment D:\WWW\weibo\weibo\Home\Controller\CommonController.class.php 第 345 行.

[ 2015-01-17T20:00:42+08:00 ] ::1 /weibo/index.php/Home/Index/atuser
INFO: [ app_begin ] --START--
INFO: Run Behavior\ReadHtmlCacheBehavior [ RunTime:0.001000s ]
INFO: [ app_begin ] --END-- [ RunTime:0.001000s ]
SQL: DESCRIBE think_user [ RunTime:0.017001s ]
SQL: DESCRIBE think_friend [ RunTime:0.016000s ]
SQL: SELECT `touser` FROM `think_friend` WHERE ( fromuser=28 )  [ RunTime:0.001001s ]
SQL: SELECT `username` FROM `think_user` WHERE `id` IN ('26','29','31','30','5','7','8','9')  [ RunTime:0.002000s ]
NOTIC: [8] Undefined variable: json D:\WWW\weibo\weibo\Home\Controller\IndexController.class.php 第 88 行.
INFO: [ app_end ] --START--
INFO: Run Behavior\ShowPageTraceBehavior [ RunTime:0.002000s ]
INFO: [ app_end ] --END-- [ RunTime:0.002000s ]

[ 2015-01-17T20:02:01+08:00 ] ::1 /weibo/index.php/Home/Common/askat
INFO: [ app_begin ] --START--
INFO: Run Behavior\ReadHtmlCacheBehavior [ RunTime:0.001000s ]
INFO: [ app_begin ] --END-- [ RunTime:0.002000s ]
SQL: DESCRIBE think_user [ RunTime:0.013000s ]
SQL: SELECT atnewcon,atnewcom,comment FROM `think_user` WHERE ( id=28 ) LIMIT 1   [ RunTime:0.001000s ]
NOTIC: [8] Undefined index: commment D:\WWW\weibo\weibo\Home\Controller\CommonController.class.php 第 345 行.

[ 2015-01-17T20:02:02+08:00 ] ::1 /weibo/index.php/Home/Index/atuser
INFO: [ app_begin ] --START--
INFO: Run Behavior\ReadHtmlCacheBehavior [ RunTime:0.001000s ]
INFO: [ app_begin ] --END-- [ RunTime:0.001000s ]
SQL: DESCRIBE think_user [ RunTime:0.017000s ]
SQL: DESCRIBE think_friend [ RunTime:0.014001s ]
SQL: SELECT `touser` FROM `think_friend` WHERE ( fromuser=28 )  [ RunTime:0.002000s ]
SQL: SELECT `username` FROM `think_user` WHERE `id` IN ('26','29','31','30','5','7','8','9')  [ RunTime:0.002000s ]
NOTIC: [8] Undefined variable: json D:\WWW\weibo\weibo\Home\Controller\IndexController.class.php 第 88 行.
INFO: [ app_end ] --START--
INFO: Run Behavior\ShowPageTraceBehavior [ RunTime:0.002000s ]
INFO: [ app_end ] --END-- [ RunTime:0.002000s ]

[ 2015-01-17T20:48:37+08:00 ] ::1 /weibo/index.php/Home/Common/askat
INFO: [ app_begin ] --START--
INFO: Run Behavior\ReadHtmlCacheBehavior [ RunTime:0.002000s ]
INFO: [ app_begin ] --END-- [ RunTime:0.003000s ]
SQL: DESCRIBE think_user [ RunTime:0.011000s ]
SQL: SELECT atnewcon,atnewcom,comment FROM `think_user` WHERE ( id=28 ) LIMIT 1   [ RunTime:0.002001s ]
NOTIC: [8] Undefined index: commment D:\WWW\weibo\weibo\Home\Controller\CommonController.class.php 第 345 行.

[ 2015-01-17T20:48:39+08:00 ] ::1 /weibo/index.php/Home/Index/atuser
INFO: [ app_begin ] --START--
INFO: Run Behavior\ReadHtmlCacheBehavior [ RunTime:0.001000s ]
INFO: [ app_begin ] --END-- [ RunTime:0.002000s ]
SQL: DESCRIBE think_user [ RunTime:0.016000s ]
SQL: DESCRIBE think_friend [ RunTime:0.015001s ]
SQL: SELECT `touser` FROM `think_friend` WHERE ( fromuser=28 )  [ RunTime:0.002000s ]
SQL: SELECT `username` FROM `think_user` WHERE `id` IN ('26','29','31','30','5','7','8','9')  [ RunTime:0.001000s ]
NOTIC: [8] Undefined variable: json D:\WWW\weibo\weibo\Home\Controller\IndexController.class.php 第 88 行.
INFO: [ app_end ] --START--
INFO: Run Behavior\ShowPageTraceBehavior [ RunTime:0.002000s ]
INFO: [ app_end ] --END-- [ RunTime:0.002000s ]

[ 2015-01-17T20:49:48+08:00 ] ::1 /weibo/index.php/Home/Common/askat
INFO: [ app_begin ] --START--
INFO: Run Behavior\ReadHtmlCacheBehavior [ RunTime:0.001000s ]
INFO: [ app_begin ] --END-- [ RunTime:0.001000s ]
SQL: DESCRIBE think_user [ RunTime:0.010000s ]
SQL: SELECT atnewcon,atnewcom,comment FROM `think_user` WHERE ( id=28 ) LIMIT 1   [ RunTime:0.001000s ]
NOTIC: [8] Undefined index: commment D:\WWW\weibo\weibo\Home\Controller\CommonController.class.php 第 345 行.

[ 2015-01-17T20:49:49+08:00 ] ::1 /weibo/index.php/Home/Index/atuser
INFO: [ app_begin ] --START--
INFO: Run Behavior\ReadHtmlCacheBehavior [ RunTime:0.001000s ]
INFO: [ app_begin ] --END-- [ RunTime:0.002000s ]
SQL: DESCRIBE think_user [ RunTime:0.019001s ]
SQL: DESCRIBE think_friend [ RunTime:0.018001s ]
SQL: SELECT `touser` FROM `think_friend` WHERE ( fromuser=28 )  [ RunTime:0.007000s ]
SQL: SELECT `username` FROM `think_user` WHERE `id` IN ('26','29','31','30','5','7','8','9')  [ RunTime:0.003000s ]
NOTIC: [8] Undefined variable: json D:\WWW\weibo\weibo\Home\Controller\IndexController.class.php 第 88 行.
INFO: [ app_end ] --START--
INFO: Run Behavior\ShowPageTraceBehavior [ RunTime:0.001000s ]
INFO: [ app_end ] --END-- [ RunTime:0.002000s ]

[ 2015-01-17T20:50:13+08:00 ] ::1 /weibo/index.php/Home/Common/content/
INFO: [ app_begin ] --START--
INFO: Run Behavior\ReadHtmlCacheBehavior [ RunTime:0.001000s ]
INFO: [ app_begin ] --END-- [ RunTime:0.004000s ]
SQL: DESCRIBE think_content [ RunTime:0.015000s ]
SQL: DESCRIBE think_user [ RunTime:0.016001s ]
SQL: DESCRIBE think_news [ RunTime:0.015000s ]
SQL: INSERT INTO `think_content` (`date`,`uid`,`content`,`position`) VALUES ('2015-01-17 20:50:12',28,'[xiaoku_org[xiaoku_org][xiaoku_org][xiaoku_org][xiaoku_org]',1) [ RunTime:0.002000s ]
INFO: [ app_end ] --START--
INFO: Run Behavior\ShowPageTraceBehavior [ RunTime:0.002000s ]
INFO: [ app_end ] --END-- [ RunTime:0.002000s ]

[ 2015-01-17T20:50:15+08:00 ] ::1 /weibo/index.php/Home/Common/up
INFO: [ app_begin ] --START--
INFO: Run Behavior\ReadHtmlCacheBehavior [ RunTime:0.002000s ]
INFO: [ app_begin ] --END-- [ RunTime:0.003000s ]
INFO: [ app_end ] --START--
INFO: Run Behavior\ShowPageTraceBehavior [ RunTime:0.001000s ]
INFO: [ app_end ] --END-- [ RunTime:0.001000s ]

[ 2015-01-17T20:52:28+08:00 ] ::1 /weibo/index.php/Home/Common/askat
INFO: [ app_begin ] --START--
INFO: Run Behavior\ReadHtmlCacheBehavior [ RunTime:0.001000s ]
INFO: [ app_begin ] --END-- [ RunTime:0.002000s ]
SQL: DESCRIBE think_user [ RunTime:0.010000s ]
SQL: SELECT atnewcon,atnewcom,comment FROM `think_user` WHERE ( id=28 ) LIMIT 1   [ RunTime:0.001000s ]
NOTIC: [8] Undefined index: commment D:\WWW\weibo\weibo\Home\Controller\CommonController.class.php 第 345 行.

[ 2015-01-17T20:52:29+08:00 ] ::1 /weibo/index.php/Home/Index/atuser
INFO: [ app_begin ] --START--
INFO: Run Behavior\ReadHtmlCacheBehavior [ RunTime:0.001000s ]
INFO: [ app_begin ] --END-- [ RunTime:0.003000s ]
SQL: DESCRIBE think_user [ RunTime:0.016001s ]
SQL: DESCRIBE think_friend [ RunTime:0.016000s ]
SQL: SELECT `touser` FROM `think_friend` WHERE ( fromuser=28 )  [ RunTime:0.002000s ]
SQL: SELECT `username` FROM `think_user` WHERE `id` IN ('26','29','31','30','5','7','8','9')  [ RunTime:0.002001s ]
NOTIC: [8] Undefined variable: json D:\WWW\weibo\weibo\Home\Controller\IndexController.class.php 第 88 行.
INFO: [ app_end ] --START--
INFO: Run Behavior\ShowPageTraceBehavior [ RunTime:0.002000s ]
INFO: [ app_end ] --END-- [ RunTime:0.002000s ]

[ 2015-01-17T20:53:58+08:00 ] ::1 /weibo/index.php/Home/Common/askat
INFO: [ app_begin ] --START--
INFO: Run Behavior\ReadHtmlCacheBehavior [ RunTime:0.001000s ]
INFO: [ app_begin ] --END-- [ RunTime:0.002000s ]
SQL: DESCRIBE think_user [ RunTime:0.016001s ]
SQL: SELECT atnewcon,atnewcom,comment FROM `think_user` WHERE ( id=28 ) LIMIT 1   [ RunTime:0.001000s ]
NOTIC: [8] Undefined index: commment D:\WWW\weibo\weibo\Home\Controller\CommonController.class.php 第 345 行.

[ 2015-01-17T20:53:59+08:00 ] ::1 /weibo/index.php/Home/Index/atuser
INFO: [ app_begin ] --START--
INFO: Run Behavior\ReadHtmlCacheBehavior [ RunTime:0.001001s ]
INFO: [ app_begin ] --END-- [ RunTime:0.001001s ]
SQL: DESCRIBE think_user [ RunTime:0.011000s ]
SQL: DESCRIBE think_friend [ RunTime:0.009001s ]
SQL: SELECT `touser` FROM `think_friend` WHERE ( fromuser=28 )  [ RunTime:0.001000s ]
SQL: SELECT `username` FROM `think_user` WHERE `id` IN ('26','29','31','30','5','7','8','9')  [ RunTime:0.001000s ]
NOTIC: [8] Undefined variable: json D:\WWW\weibo\weibo\Home\Controller\IndexController.class.php 第 88 行.
INFO: [ app_end ] --START--
INFO: Run Behavior\ShowPageTraceBehavior [ RunTime:0.001000s ]
INFO: [ app_end ] --END-- [ RunTime:0.001000s ]

[ 2015-01-17T20:55:04+08:00 ] ::1 /weibo/index.php/Home/Common/content/
INFO: [ app_begin ] --START--
INFO: Run Behavior\ReadHtmlCacheBehavior [ RunTime:0.001000s ]
INFO: [ app_begin ] --END-- [ RunTime:0.002000s ]
SQL: DESCRIBE think_content [ RunTime:0.016000s ]
SQL: DESCRIBE think_user [ RunTime:0.016001s ]
SQL: DESCRIBE think_news [ RunTime:0.015000s ]
SQL: INSERT INTO `think_content` (`date`,`uid`,`content`,`position`) VALUES ('2015-01-17 20:55:03',28,'wokakak',1) [ RunTime:0.001000s ]
INFO: [ app_end ] --START--
INFO: Run Behavior\ShowPageTraceBehavior [ RunTime:0.002000s ]
INFO: [ app_end ] --END-- [ RunTime:0.003000s ]

[ 2015-01-17T20:55:05+08:00 ] ::1 /weibo/index.php/Home/Common/up
INFO: [ app_begin ] --START--
INFO: Run Behavior\ReadHtmlCacheBehavior [ RunTime:0.002000s ]
INFO: [ app_begin ] --END-- [ RunTime:0.003000s ]
INFO: [ app_end ] --START--
INFO: Run Behavior\ShowPageTraceBehavior [ RunTime:0.002000s ]
INFO: [ app_end ] --END-- [ RunTime:0.003000s ]

[ 2015-01-17T21:30:12+08:00 ] ::1 /weibo/index.php/Home/Common/askat
INFO: [ app_begin ] --START--
INFO: Run Behavior\ReadHtmlCacheBehavior [ RunTime:0.001000s ]
INFO: [ app_begin ] --END-- [ RunTime:0.002000s ]
SQL: DESCRIBE think_user [ RunTime:0.015600s ]
SQL: SELECT atnewcon,atnewcom,comment FROM `think_user` WHERE ( id=28 ) LIMIT 1   [ RunTime:0.000000s ]
NOTIC: [8] Undefined index: commment D:\WWW\weibo\weibo\Home\Controller\CommonController.class.php 第 345 行.

[ 2015-01-17T21:30:13+08:00 ] ::1 /weibo/index.php/Home/Index/atuser
INFO: [ app_begin ] --START--
INFO: Run Behavior\ReadHtmlCacheBehavior [ RunTime:0.002000s ]
INFO: [ app_begin ] --END-- [ RunTime:0.003000s ]
SQL: DESCRIBE think_user [ RunTime:0.015600s ]
SQL: DESCRIBE think_friend [ RunTime:0.026600s ]
SQL: SELECT `touser` FROM `think_friend` WHERE ( fromuser=28 )  [ RunTime:0.001000s ]
SQL: SELECT `username` FROM `think_user` WHERE `id` IN ('26','29','31','30','5','7','8','9')  [ RunTime:0.000000s ]
NOTIC: [8] Undefined variable: json D:\WWW\weibo\weibo\Home\Controller\IndexController.class.php 第 88 行.
INFO: [ app_end ] --START--
INFO: Run Behavior\ShowPageTraceBehavior [ RunTime:0.000000s ]
INFO: [ app_end ] --END-- [ RunTime:0.000000s ]

[ 2015-01-17T21:32:02+08:00 ] ::1 /weibo/index.php/Home/Common/askat
INFO: [ app_begin ] --START--
INFO: Run Behavior\ReadHtmlCacheBehavior [ RunTime:0.001000s ]
INFO: [ app_begin ] --END-- [ RunTime:0.001000s ]
SQL: DESCRIBE think_user [ RunTime:0.013001s ]
SQL: SELECT atnewcon,atnewcom,comment FROM `think_user` WHERE ( id=28 ) LIMIT 1   [ RunTime:0.002000s ]
NOTIC: [8] Undefined index: commment D:\WWW\weibo\weibo\Home\Controller\CommonController.class.php 第 345 行.

[ 2015-01-17T21:32:03+08:00 ] ::1 /weibo/index.php/Home/Index/atuser
INFO: [ app_begin ] --START--
INFO: Run Behavior\ReadHtmlCacheBehavior [ RunTime:0.001000s ]
INFO: [ app_begin ] --END-- [ RunTime:0.002000s ]
SQL: DESCRIBE think_user [ RunTime:0.020000s ]
SQL: DESCRIBE think_friend [ RunTime:0.018001s ]
SQL: SELECT `touser` FROM `think_friend` WHERE ( fromuser=28 )  [ RunTime:0.003000s ]
SQL: SELECT `username` FROM `think_user` WHERE `id` IN ('26','29','31','30','5','7','8','9')  [ RunTime:0.002000s ]
NOTIC: [8] Undefined variable: json D:\WWW\weibo\weibo\Home\Controller\IndexController.class.php 第 88 行.
INFO: [ app_end ] --START--
INFO: Run Behavior\ShowPageTraceBehavior [ RunTime:0.001000s ]
INFO: [ app_end ] --END-- [ RunTime:0.001000s ]

[ 2015-01-17T22:06:22+08:00 ] ::1 /weibo/index.php/Home/Common/askat
INFO: [ app_begin ] --START--
INFO: Run Behavior\ReadHtmlCacheBehavior [ RunTime:0.001000s ]
INFO: [ app_begin ] --END-- [ RunTime:0.002000s ]
SQL: DESCRIBE think_user [ RunTime:0.000000s ]
SQL: SELECT atnewcon,atnewcom,comment FROM `think_user` WHERE ( id=28 ) LIMIT 1   [ RunTime:0.000000s ]
NOTIC: [8] Undefined index: commment D:\WWW\weibo\weibo\Home\Controller\CommonController.class.php 第 345 行.

[ 2015-01-17T22:06:24+08:00 ] ::1 /weibo/index.php/Home/Index/atuser
INFO: [ app_begin ] --START--
INFO: Run Behavior\ReadHtmlCacheBehavior [ RunTime:0.001000s ]
INFO: [ app_begin ] --END-- [ RunTime:0.002000s ]
SQL: DESCRIBE think_user [ RunTime:0.015600s ]
SQL: DESCRIBE think_friend [ RunTime:0.015600s ]
SQL: SELECT `touser` FROM `think_friend` WHERE ( fromuser=28 )  [ RunTime:0.000000s ]
SQL: SELECT `username` FROM `think_user` WHERE `id` IN ('26','29','31','30','5','7','8','9')  [ RunTime:0.000000s ]
NOTIC: [8] Undefined variable: json D:\WWW\weibo\weibo\Home\Controller\IndexController.class.php 第 88 行.
INFO: [ app_end ] --START--
INFO: Run Behavior\ShowPageTraceBehavior [ RunTime:0.000000s ]
INFO: [ app_end ] --END-- [ RunTime:0.000000s ]

[ 2015-01-17T22:06:32+08:00 ] ::1 /weibo/index.php/Home/Common/up
INFO: [ app_begin ] --START--
INFO: Run Behavior\ReadHtmlCacheBehavior [ RunTime:0.003000s ]
INFO: [ app_begin ] --END-- [ RunTime:0.004000s ]
INFO: [ app_end ] --START--
INFO: Run Behavior\ShowPageTraceBehavior [ RunTime:0.001000s ]
INFO: [ app_end ] --END-- [ RunTime:0.002000s ]

[ 2015-01-17T22:07:19+08:00 ] ::1 /weibo/index.php/Home/Common/askat
INFO: [ app_begin ] --START--
INFO: Run Behavior\ReadHtmlCacheBehavior [ RunTime:0.001000s ]
INFO: [ app_begin ] --END-- [ RunTime:0.002000s ]
SQL: DESCRIBE think_user [ RunTime:0.009001s ]
SQL: SELECT atnewcon,atnewcom,comment FROM `think_user` WHERE ( id=28 ) LIMIT 1   [ RunTime:0.001000s ]
NOTIC: [8] Undefined index: commment D:\WWW\weibo\weibo\Home\Controller\CommonController.class.php 第 345 行.

[ 2015-01-17T22:07:20+08:00 ] ::1 /weibo/index.php/Home/Index/atuser
INFO: [ app_begin ] --START--
INFO: Run Behavior\ReadHtmlCacheBehavior [ RunTime:0.001000s ]
INFO: [ app_begin ] --END-- [ RunTime:0.002000s ]
SQL: DESCRIBE think_user [ RunTime:0.017000s ]
SQL: DESCRIBE think_friend [ RunTime:0.014001s ]
SQL: SELECT `touser` FROM `think_friend` WHERE ( fromuser=28 )  [ RunTime:0.001000s ]
SQL: SELECT `username` FROM `think_user` WHERE `id` IN ('26','29','31','30','5','7','8','9')  [ RunTime:0.001000s ]
NOTIC: [8] Undefined variable: json D:\WWW\weibo\weibo\Home\Controller\IndexController.class.php 第 88 行.
INFO: [ app_end ] --START--
INFO: Run Behavior\ShowPageTraceBehavior [ RunTime:0.001000s ]
INFO: [ app_end ] --END-- [ RunTime:0.001000s ]

[ 2015-01-17T22:08:16+08:00 ] ::1 /weibo/index.php/Home/Common/up
INFO: [ app_begin ] --START--
INFO: Run Behavior\ReadHtmlCacheBehavior [ RunTime:0.002000s ]
INFO: [ app_begin ] --END-- [ RunTime:0.003000s ]
INFO: [ app_end ] --START--
INFO: Run Behavior\ShowPageTraceBehavior [ RunTime:0.002000s ]
INFO: [ app_end ] --END-- [ RunTime:0.002000s ]

[ 2015-01-17T22:09:02+08:00 ] ::1 /weibo/index.php/Home/Common/askat
INFO: [ app_begin ] --START--
INFO: Run Behavior\ReadHtmlCacheBehavior [ RunTime:0.001000s ]
INFO: [ app_begin ] --END-- [ RunTime:0.002000s ]
SQL: DESCRIBE think_user [ RunTime:0.017600s ]
SQL: SELECT atnewcon,atnewcom,comment FROM `think_user` WHERE ( id=28 ) LIMIT 1   [ RunTime:0.002000s ]
NOTIC: [8] Undefined index: commment D:\WWW\weibo\weibo\Home\Controller\CommonController.class.php 第 345 行.

[ 2015-01-17T22:09:03+08:00 ] ::1 /weibo/index.php/Home/Index/atuser
INFO: [ app_begin ] --START--
INFO: Run Behavior\ReadHtmlCacheBehavior [ RunTime:0.001000s ]
INFO: [ app_begin ] --END-- [ RunTime:0.002000s ]
SQL: DESCRIBE think_user [ RunTime:0.015600s ]
SQL: DESCRIBE think_friend [ RunTime:0.015600s ]
SQL: SELECT `touser` FROM `think_friend` WHERE ( fromuser=28 )  [ RunTime:0.000000s ]
SQL: SELECT `username` FROM `think_user` WHERE `id` IN ('26','29','31','30','5','7','8','9')  [ RunTime:0.000000s ]
NOTIC: [8] Undefined variable: json D:\WWW\weibo\weibo\Home\Controller\IndexController.class.php 第 88 行.
INFO: [ app_end ] --START--
INFO: Run Behavior\ShowPageTraceBehavior [ RunTime:0.000000s ]
INFO: [ app_end ] --END-- [ RunTime:0.000000s ]

[ 2015-01-17T22:09:11+08:00 ] ::1 /weibo/index.php/Home/Common/up
INFO: [ app_begin ] --START--
INFO: Run Behavior\ReadHtmlCacheBehavior [ RunTime:0.001000s ]
INFO: [ app_begin ] --END-- [ RunTime:0.003000s ]
INFO: [ app_end ] --START--
INFO: Run Behavior\ShowPageTraceBehavior [ RunTime:0.002000s ]
INFO: [ app_end ] --END-- [ RunTime:0.002000s ]

[ 2015-01-17T22:15:53+08:00 ] ::1 /weibo/index.php/Home/Common/askat
INFO: [ app_begin ] --START--
INFO: Run Behavior\ReadHtmlCacheBehavior [ RunTime:0.001000s ]
INFO: [ app_begin ] --END-- [ RunTime:0.002000s ]
SQL: DESCRIBE think_user [ RunTime:0.000000s ]
SQL: SELECT atnewcon,atnewcom,comment FROM `think_user` WHERE ( id=28 ) LIMIT 1   [ RunTime:0.000000s ]
NOTIC: [8] Undefined index: commment D:\WWW\weibo\weibo\Home\Controller\CommonController.class.php 第 345 行.

[ 2015-01-17T22:15:54+08:00 ] ::1 /weibo/index.php/Home/Index/atuser
INFO: [ app_begin ] --START--
INFO: Run Behavior\ReadHtmlCacheBehavior [ RunTime:0.000000s ]
INFO: [ app_begin ] --END-- [ RunTime:0.000000s ]
SQL: DESCRIBE think_user [ RunTime:0.000000s ]
SQL: DESCRIBE think_friend [ RunTime:0.015600s ]
SQL: SELECT `touser` FROM `think_friend` WHERE ( fromuser=28 )  [ RunTime:0.000000s ]
SQL: SELECT `username` FROM `think_user` WHERE `id` IN ('26','29','31','30','5','7','8','9')  [ RunTime:0.000000s ]
NOTIC: [8] Undefined variable: json D:\WWW\weibo\weibo\Home\Controller\IndexController.class.php 第 88 行.
INFO: [ app_end ] --START--
INFO: Run Behavior\ShowPageTraceBehavior [ RunTime:0.000000s ]
INFO: [ app_end ] --END-- [ RunTime:0.000000s ]

[ 2015-01-17T22:19:12+08:00 ] ::1 /weibo/index.php/Home/Common/askat
INFO: [ app_begin ] --START--
INFO: Run Behavior\ReadHtmlCacheBehavior [ RunTime:0.002001s ]
INFO: [ app_begin ] --END-- [ RunTime:0.004001s ]
SQL: DESCRIBE think_user [ RunTime:0.000000s ]
SQL: SELECT atnewcon,atnewcom,comment FROM `think_user` WHERE ( id=28 ) LIMIT 1   [ RunTime:0.000000s ]
NOTIC: [8] Undefined index: commment D:\WWW\weibo\weibo\Home\Controller\CommonController.class.php 第 345 行.

[ 2015-01-17T22:19:14+08:00 ] ::1 /weibo/index.php/Home/Index/atuser
INFO: [ app_begin ] --START--
INFO: Run Behavior\ReadHtmlCacheBehavior [ RunTime:0.001000s ]
INFO: [ app_begin ] --END-- [ RunTime:0.003000s ]
SQL: DESCRIBE think_user [ RunTime:0.015600s ]
SQL: DESCRIBE think_friend [ RunTime:0.015600s ]
SQL: SELECT `touser` FROM `think_friend` WHERE ( fromuser=28 )  [ RunTime:0.000000s ]
SQL: SELECT `username` FROM `think_user` WHERE `id` IN ('26','29','31','30','5','7','8','9')  [ RunTime:0.000000s ]
NOTIC: [8] Undefined variable: json D:\WWW\weibo\weibo\Home\Controller\IndexController.class.php 第 88 行.
INFO: [ app_end ] --START--
INFO: Run Behavior\ShowPageTraceBehavior [ RunTime:0.000000s ]
INFO: [ app_end ] --END-- [ RunTime:0.000000s ]

[ 2015-01-17T22:19:26+08:00 ] ::1 /weibo/index.php/Home/Common/content/
INFO: [ app_begin ] --START--
INFO: Run Behavior\ReadHtmlCacheBehavior [ RunTime:0.001000s ]
INFO: [ app_begin ] --END-- [ RunTime:0.003000s ]
SQL: DESCRIBE think_content [ RunTime:0.018600s ]
SQL: DESCRIBE think_user [ RunTime:0.009000s ]
SQL: DESCRIBE think_news [ RunTime:0.015600s ]
SQL: SELECT `id` FROM `think_user` WHERE `username` = '苏芙蕾' LIMIT 1   [ RunTime:0.000000s ]
SQL: INSERT INTO `think_content` (`date`,`uid`,`content`,`position`) VALUES ('2015-01-17 22:19:25',28,'[26@苏芙蕾/]',1) [ RunTime:0.000000s ]
SQL: UPDATE `think_user` SET `atnewcon`=atnewcon+1 WHERE ( id=26 ) [ RunTime:0.000000s ]
SQL: INSERT INTO `think_news` (`uid`,`conid`) VALUES (26,363) [ RunTime:0.000000s ]
INFO: [ app_end ] --START--
INFO: Run Behavior\ShowPageTraceBehavior [ RunTime:0.000000s ]
INFO: [ app_end ] --END-- [ RunTime:0.000000s ]

[ 2015-01-17T22:19:28+08:00 ] ::1 /weibo/index.php/Home/Common/up
INFO: [ app_begin ] --START--
INFO: Run Behavior\ReadHtmlCacheBehavior [ RunTime:0.002000s ]
INFO: [ app_begin ] --END-- [ RunTime:0.003000s ]
INFO: [ app_end ] --START--
INFO: Run Behavior\ShowPageTraceBehavior [ RunTime:0.004000s ]
INFO: [ app_end ] --END-- [ RunTime:0.004000s ]

[ 2015-01-17T22:21:43+08:00 ] ::1 /weibo/index.php/Home/Common/askat
INFO: [ app_begin ] --START--
INFO: Run Behavior\ReadHtmlCacheBehavior [ RunTime:0.001000s ]
INFO: [ app_begin ] --END-- [ RunTime:0.002000s ]
SQL: DESCRIBE think_user [ RunTime:0.010000s ]
SQL: SELECT atnewcon,atnewcom,comment FROM `think_user` WHERE ( id=28 ) LIMIT 1   [ RunTime:0.005001s ]
NOTIC: [8] Undefined index: commment D:\WWW\weibo\weibo\Home\Controller\CommonController.class.php 第 346 行.

[ 2015-01-17T22:21:45+08:00 ] ::1 /weibo/index.php/Home/Index/atuser
INFO: [ app_begin ] --START--
INFO: Run Behavior\ReadHtmlCacheBehavior [ RunTime:0.001000s ]
INFO: [ app_begin ] --END-- [ RunTime:0.002000s ]
SQL: DESCRIBE think_user [ RunTime:0.009001s ]
SQL: DESCRIBE think_friend [ RunTime:0.009000s ]
SQL: SELECT `touser` FROM `think_friend` WHERE ( fromuser=28 )  [ RunTime:0.001000s ]
SQL: SELECT `username` FROM `think_user` WHERE `id` IN ('26','29','31','30','5','7','8','9')  [ RunTime:0.001000s ]
NOTIC: [8] Undefined variable: json D:\WWW\weibo\weibo\Home\Controller\IndexController.class.php 第 88 行.
INFO: [ app_end ] --START--
INFO: Run Behavior\ShowPageTraceBehavior [ RunTime:0.002000s ]
INFO: [ app_end ] --END-- [ RunTime:0.002000s ]

[ 2015-01-17T22:21:58+08:00 ] ::1 /weibo/index.php/Home/Common/content/
INFO: [ app_begin ] --START--
INFO: Run Behavior\ReadHtmlCacheBehavior [ RunTime:0.002000s ]
INFO: [ app_begin ] --END-- [ RunTime:0.005000s ]
SQL: DESCRIBE think_content [ RunTime:0.015600s ]
SQL: DESCRIBE think_user [ RunTime:0.015600s ]
SQL: DESCRIBE think_news [ RunTime:0.015600s ]
SQL: SELECT `id` FROM `think_user` WHERE `username` = '姜葱鸡' LIMIT 1   [ RunTime:0.000000s ]
SQL: INSERT INTO `think_content` (`date`,`uid`,`content`,`position`) VALUES ('2015-01-17 22:21:57',28,'[7@姜葱鸡/]',1) [ RunTime:0.000000s ]
SQL: UPDATE `think_user` SET `atnewcon`=atnewcon+1 WHERE ( id=7 ) [ RunTime:0.015600s ]
SQL: INSERT INTO `think_news` (`uid`,`conid`) VALUES (7,364) [ RunTime:0.000000s ]
INFO: [ app_end ] --START--
INFO: Run Behavior\ShowPageTraceBehavior [ RunTime:0.000000s ]
INFO: [ app_end ] --END-- [ RunTime:0.000000s ]

[ 2015-01-17T22:21:59+08:00 ] ::1 /weibo/index.php/Home/Common/up
INFO: [ app_begin ] --START--
INFO: Run Behavior\ReadHtmlCacheBehavior [ RunTime:0.001000s ]
INFO: [ app_begin ] --END-- [ RunTime:0.002000s ]
INFO: [ app_end ] --START--
INFO: Run Behavior\ShowPageTraceBehavior [ RunTime:0.001000s ]
INFO: [ app_end ] --END-- [ RunTime:0.001000s ]

[ 2015-01-17T22:24:05+08:00 ] ::1 /weibo/index.php/Home/Common/askat
INFO: [ app_begin ] --START--
INFO: Run Behavior\ReadHtmlCacheBehavior [ RunTime:0.001000s ]
INFO: [ app_begin ] --END-- [ RunTime:0.002000s ]
SQL: DESCRIBE think_user [ RunTime:0.009001s ]
SQL: SELECT atnewcon,atnewcom,comment FROM `think_user` WHERE ( id=28 ) LIMIT 1   [ RunTime:0.001000s ]
NOTIC: [8] Undefined index: commment D:\WWW\weibo\weibo\Home\Controller\CommonController.class.php 第 346 行.

[ 2015-01-17T22:24:06+08:00 ] ::1 /weibo/index.php/Home/Index/atuser
INFO: [ app_begin ] --START--
INFO: Run Behavior\ReadHtmlCacheBehavior [ RunTime:0.002000s ]
INFO: [ app_begin ] --END-- [ RunTime:0.003000s ]
SQL: DESCRIBE think_user [ RunTime:0.016001s ]
SQL: DESCRIBE think_friend [ RunTime:0.014000s ]
SQL: SELECT `touser` FROM `think_friend` WHERE ( fromuser=28 )  [ RunTime:0.001000s ]
SQL: SELECT `username` FROM `think_user` WHERE `id` IN ('26','29','31','30','5','7','8','9')  [ RunTime:0.002000s ]
NOTIC: [8] Undefined variable: json D:\WWW\weibo\weibo\Home\Controller\IndexController.class.php 第 88 行.
INFO: [ app_end ] --START--
INFO: Run Behavior\ShowPageTraceBehavior [ RunTime:0.001000s ]
INFO: [ app_end ] --END-- [ RunTime:0.002000s ]

[ 2015-01-17T22:24:09+08:00 ] ::1 /weibo/index.php/Home/Common/content/
INFO: [ app_begin ] --START--
INFO: Run Behavior\ReadHtmlCacheBehavior [ RunTime:0.002000s ]
INFO: [ app_begin ] --END-- [ RunTime:0.004000s ]
SQL: DESCRIBE think_content [ RunTime:0.015600s ]
SQL: DESCRIBE think_user [ RunTime:0.015600s ]
SQL: DESCRIBE think_news [ RunTime:0.031200s ]
SQL: SELECT `id` FROM `think_user` WHERE `username` = '苏芙蕾' LIMIT 1   [ RunTime:0.000000s ]
SQL: INSERT INTO `think_content` (`date`,`uid`,`content`,`position`) VALUES ('2015-01-17 22:24:08',28,'[26@苏芙蕾/]',0) [ RunTime:0.000000s ]
SQL: UPDATE `think_user` SET `atnewcon`=atnewcon+1 WHERE ( id=26 ) [ RunTime:0.000000s ]
SQL: INSERT INTO `think_news` (`uid`,`conid`) VALUES (26,365) [ RunTime:0.000000s ]
INFO: [ app_end ] --START--
INFO: Run Behavior\ShowPageTraceBehavior [ RunTime:0.000000s ]
INFO: [ app_end ] --END-- [ RunTime:0.000000s ]

[ 2015-01-17T22:24:24+08:00 ] ::1 /weibo/index.php/Home/Common/content/
INFO: [ app_begin ] --START--
INFO: Run Behavior\ReadHtmlCacheBehavior [ RunTime:0.002000s ]
INFO: [ app_begin ] --END-- [ RunTime:0.003000s ]
SQL: DESCRIBE think_content [ RunTime:0.015600s ]
SQL: DESCRIBE think_user [ RunTime:0.015600s ]
SQL: DESCRIBE think_news [ RunTime:0.015600s ]
SQL: SELECT `id` FROM `think_user` WHERE `username` = '么么哒' LIMIT 1   [ RunTime:0.000000s ]
SQL: INSERT INTO `think_content` (`date`,`uid`,`content`,`position`) VALUES ('2015-01-17 22:24:23',28,'[30@么么哒/]',1) [ RunTime:0.000000s ]
SQL: UPDATE `think_user` SET `atnewcon`=atnewcon+1 WHERE ( id=30 ) [ RunTime:0.000000s ]
SQL: INSERT INTO `think_news` (`uid`,`conid`) VALUES (30,366) [ RunTime:0.000000s ]
INFO: [ app_end ] --START--
INFO: Run Behavior\ShowPageTraceBehavior [ RunTime:0.000000s ]
INFO: [ app_end ] --END-- [ RunTime:0.000000s ]

[ 2015-01-17T22:24:25+08:00 ] ::1 /weibo/index.php/Home/Common/up
INFO: [ app_begin ] --START--
INFO: Run Behavior\ReadHtmlCacheBehavior [ RunTime:0.009001s ]
INFO: [ app_begin ] --END-- [ RunTime:0.010001s ]
INFO: [ app_end ] --START--
INFO: Run Behavior\ShowPageTraceBehavior [ RunTime:0.001000s ]
INFO: [ app_end ] --END-- [ RunTime:0.001000s ]

[ 2015-01-17T22:25:27+08:00 ] ::1 /weibo/index.php/Home/Common/askat
INFO: [ app_begin ] --START--
INFO: Run Behavior\ReadHtmlCacheBehavior [ RunTime:0.001000s ]
INFO: [ app_begin ] --END-- [ RunTime:0.002000s ]
SQL: DESCRIBE think_user [ RunTime:0.000000s ]
SQL: SELECT atnewcon,atnewcom,comment FROM `think_user` WHERE ( id=28 ) LIMIT 1   [ RunTime:0.000000s ]
NOTIC: [8] Undefined index: commment D:\WWW\weibo\weibo\Home\Controller\CommonController.class.php 第 346 行.

[ 2015-01-17T22:25:29+08:00 ] ::1 /weibo/index.php/Home/Index/atuser
INFO: [ app_begin ] --START--
INFO: Run Behavior\ReadHtmlCacheBehavior [ RunTime:0.001000s ]
INFO: [ app_begin ] --END-- [ RunTime:0.002000s ]
SQL: DESCRIBE think_user [ RunTime:0.016000s ]
SQL: DESCRIBE think_friend [ RunTime:0.018001s ]
SQL: SELECT `touser` FROM `think_friend` WHERE ( fromuser=28 )  [ RunTime:0.001000s ]
SQL: SELECT `username` FROM `think_user` WHERE `id` IN ('26','29','31','30','5','7','8','9')  [ RunTime:0.002000s ]
NOTIC: [8] Undefined variable: json D:\WWW\weibo\weibo\Home\Controller\IndexController.class.php 第 88 行.
INFO: [ app_end ] --START--
INFO: Run Behavior\ShowPageTraceBehavior [ RunTime:0.001000s ]
INFO: [ app_end ] --END-- [ RunTime:0.002000s ]

[ 2015-01-17T22:25:41+08:00 ] ::1 /weibo/index.php/Home/Common/content/
INFO: [ app_begin ] --START--
INFO: Run Behavior\ReadHtmlCacheBehavior [ RunTime:0.002000s ]
INFO: [ app_begin ] --END-- [ RunTime:0.003000s ]
SQL: DESCRIBE think_content [ RunTime:0.015600s ]
SQL: DESCRIBE think_user [ RunTime:0.015600s ]
SQL: DESCRIBE think_news [ RunTime:0.015600s ]
SQL: SELECT `id` FROM `think_user` WHERE `username` = '么么哒' LIMIT 1   [ RunTime:0.000000s ]
SQL: INSERT INTO `think_content` (`date`,`uid`,`content`,`position`) VALUES ('2015-01-17 22:25:40',28,'[30@么么哒/]',1) [ RunTime:0.000000s ]
SQL: UPDATE `think_user` SET `atnewcon`=atnewcon+1 WHERE ( id=30 ) [ RunTime:0.000000s ]
SQL: INSERT INTO `think_news` (`uid`,`conid`) VALUES (30,367) [ RunTime:0.000000s ]
INFO: [ app_end ] --START--
INFO: Run Behavior\ShowPageTraceBehavior [ RunTime:0.015600s ]
INFO: [ app_end ] --END-- [ RunTime:0.015600s ]

[ 2015-01-17T22:25:42+08:00 ] ::1 /weibo/index.php/Home/Common/up
INFO: [ app_begin ] --START--
INFO: Run Behavior\ReadHtmlCacheBehavior [ RunTime:0.002000s ]
INFO: [ app_begin ] --END-- [ RunTime:0.004000s ]
NOTIC: [8] Undefined variable: file D:\WWW\weibo\weibo\Home\Controller\CommonController.class.php 第 166 行.
NOTIC: [2] call_user_func() expects parameter 1 to be a valid callback, no array or string given D:\WWW\weibo\ThinkPHP\Library\Think\Upload.class.php 第 170 行.
INFO: [ app_end ] --START--
INFO: Run Behavior\ShowPageTraceBehavior [ RunTime:0.003000s ]
INFO: [ app_end ] --END-- [ RunTime:0.003000s ]

[ 2015-01-17T22:27:04+08:00 ] ::1 /weibo/index.php/Home/Common/askat
INFO: [ app_begin ] --START--
INFO: Run Behavior\ReadHtmlCacheBehavior [ RunTime:0.001000s ]
INFO: [ app_begin ] --END-- [ RunTime:0.002000s ]
SQL: DESCRIBE think_user [ RunTime:0.010000s ]
SQL: SELECT atnewcon,atnewcom,comment FROM `think_user` WHERE ( id=28 ) LIMIT 1   [ RunTime:0.002000s ]
NOTIC: [8] Undefined index: commment D:\WWW\weibo\weibo\Home\Controller\CommonController.class.php 第 346 行.

[ 2015-01-17T22:27:05+08:00 ] ::1 /weibo/index.php/Home/Index/atuser
INFO: [ app_begin ] --START--
INFO: Run Behavior\ReadHtmlCacheBehavior [ RunTime:0.001000s ]
INFO: [ app_begin ] --END-- [ RunTime:0.002000s ]
SQL: DESCRIBE think_user [ RunTime:0.021001s ]
SQL: DESCRIBE think_friend [ RunTime:0.015000s ]
SQL: SELECT `touser` FROM `think_friend` WHERE ( fromuser=28 )  [ RunTime:0.002000s ]
SQL: SELECT `username` FROM `think_user` WHERE `id` IN ('26','29','31','30','5','7','8','9')  [ RunTime:0.002000s ]
NOTIC: [8] Undefined variable: json D:\WWW\weibo\weibo\Home\Controller\IndexController.class.php 第 88 行.
INFO: [ app_end ] --START--
INFO: Run Behavior\ShowPageTraceBehavior [ RunTime:0.002000s ]
INFO: [ app_end ] --END-- [ RunTime:0.002000s ]

[ 2015-01-17T22:27:24+08:00 ] ::1 /weibo/index.php/Home/Common/content/
INFO: [ app_begin ] --START--
INFO: Run Behavior\ReadHtmlCacheBehavior [ RunTime:0.002000s ]
INFO: [ app_begin ] --END-- [ RunTime:0.003000s ]
SQL: DESCRIBE think_content [ RunTime:0.016000s ]
SQL: DESCRIBE think_user [ RunTime:0.020001s ]
SQL: DESCRIBE think_news [ RunTime:0.015000s ]
SQL: SELECT `id` FROM `think_user` WHERE `username` = '红烧鲤鱼' LIMIT 1   [ RunTime:0.001000s ]
SQL: INSERT INTO `think_content` (`date`,`uid`,`content`,`position`) VALUES ('2015-01-17 22:27:22',28,'[8@红烧鲤鱼/]',1) [ RunTime:0.002000s ]
SQL: UPDATE `think_user` SET `atnewcon`=atnewcon+1 WHERE ( id=8 ) [ RunTime:0.001001s ]
SQL: INSERT INTO `think_news` (`uid`,`conid`) VALUES (8,368) [ RunTime:0.001000s ]
INFO: [ app_end ] --START--
INFO: Run Behavior\ShowPageTraceBehavior [ RunTime:0.001000s ]
INFO: [ app_end ] --END-- [ RunTime:0.002000s ]

[ 2015-01-17T22:27:25+08:00 ] ::1 /weibo/index.php/Home/Common/up
INFO: [ app_begin ] --START--
INFO: Run Behavior\ReadHtmlCacheBehavior [ RunTime:0.001000s ]
INFO: [ app_begin ] --END-- [ RunTime:0.002000s ]
NOTIC: [8] Undefined variable: file D:\WWW\weibo\weibo\Home\Controller\CommonController.class.php 第 166 行.
NOTIC: [2] call_user_func() expects parameter 1 to be a valid callback, no array or string given D:\WWW\weibo\ThinkPHP\Library\Think\Upload.class.php 第 170 行.
INFO: [ app_end ] --START--
INFO: Run Behavior\ShowPageTraceBehavior [ RunTime:0.002000s ]
INFO: [ app_end ] --END-- [ RunTime:0.002000s ]

[ 2015-01-17T22:27:51+08:00 ] ::1 /weibo/index.php/Home/Common/askat
INFO: [ app_begin ] --START--
INFO: Run Behavior\ReadHtmlCacheBehavior [ RunTime:0.001000s ]
INFO: [ app_begin ] --END-- [ RunTime:0.002000s ]
SQL: DESCRIBE think_user [ RunTime:0.009000s ]
SQL: SELECT atnewcon,atnewcom,comment FROM `think_user` WHERE ( id=28 ) LIMIT 1   [ RunTime:0.001000s ]
NOTIC: [8] Undefined index: commment D:\WWW\weibo\weibo\Home\Controller\CommonController.class.php 第 346 行.

[ 2015-01-17T22:27:52+08:00 ] ::1 /weibo/index.php/Home/Index/atuser
INFO: [ app_begin ] --START--
INFO: Run Behavior\ReadHtmlCacheBehavior [ RunTime:0.001000s ]
INFO: [ app_begin ] --END-- [ RunTime:0.002000s ]
SQL: DESCRIBE think_user [ RunTime:0.017001s ]
SQL: DESCRIBE think_friend [ RunTime:0.015000s ]
SQL: SELECT `touser` FROM `think_friend` WHERE ( fromuser=28 )  [ RunTime:0.003000s ]
SQL: SELECT `username` FROM `think_user` WHERE `id` IN ('26','29','31','30','5','7','8','9')  [ RunTime:0.002000s ]
NOTIC: [8] Undefined variable: json D:\WWW\weibo\weibo\Home\Controller\IndexController.class.php 第 88 行.
INFO: [ app_end ] --START--
INFO: Run Behavior\ShowPageTraceBehavior [ RunTime:0.002000s ]
INFO: [ app_end ] --END-- [ RunTime:0.002000s ]

[ 2015-01-17T22:28:04+08:00 ] ::1 /weibo/index.php/Home/Common/content/
INFO: [ app_begin ] --START--
INFO: Run Behavior\ReadHtmlCacheBehavior [ RunTime:0.002000s ]
INFO: [ app_begin ] --END-- [ RunTime:0.004000s ]
SQL: DESCRIBE think_content [ RunTime:0.017001s ]
SQL: DESCRIBE think_user [ RunTime:0.016000s ]
SQL: DESCRIBE think_news [ RunTime:0.014001s ]
SQL: SELECT `id` FROM `think_user` WHERE `username` = '红烧鲤鱼' LIMIT 1   [ RunTime:0.001000s ]
SQL: INSERT INTO `think_content` (`date`,`uid`,`content`,`position`) VALUES ('2015-01-17 22:28:03',28,'[8@红烧鲤鱼/]',1) [ RunTime:0.002000s ]
SQL: UPDATE `think_user` SET `atnewcon`=atnewcon+1 WHERE ( id=8 ) [ RunTime:0.002000s ]
SQL: INSERT INTO `think_news` (`uid`,`conid`) VALUES (8,369) [ RunTime:0.002000s ]
INFO: [ app_end ] --START--
INFO: Run Behavior\ShowPageTraceBehavior [ RunTime:0.002000s ]
INFO: [ app_end ] --END-- [ RunTime:0.002000s ]

[ 2015-01-17T22:28:06+08:00 ] ::1 /weibo/index.php/Home/Common/up
INFO: [ app_begin ] --START--
INFO: Run Behavior\ReadHtmlCacheBehavior [ RunTime:0.002000s ]
INFO: [ app_begin ] --END-- [ RunTime:0.004000s ]
NOTIC: [8] Undefined variable: file D:\WWW\weibo\weibo\Home\Controller\CommonController.class.php 第 166 行.
NOTIC: [2] call_user_func() expects parameter 1 to be a valid callback, no array or string given D:\WWW\weibo\ThinkPHP\Library\Think\Upload.class.php 第 170 行.
INFO: [ app_end ] --START--
INFO: Run Behavior\ShowPageTraceBehavior [ RunTime:0.001000s ]
INFO: [ app_end ] --END-- [ RunTime:0.001000s ]

[ 2015-01-17T22:28:57+08:00 ] ::1 /weibo/index.php/Home/Common/askat
INFO: [ app_begin ] --START--
INFO: Run Behavior\ReadHtmlCacheBehavior [ RunTime:0.001000s ]
INFO: [ app_begin ] --END-- [ RunTime:0.002000s ]
SQL: DESCRIBE think_user [ RunTime:0.020001s ]
SQL: SELECT atnewcon,atnewcom,comment FROM `think_user` WHERE ( id=28 ) LIMIT 1   [ RunTime:0.002000s ]
NOTIC: [8] Undefined index: commment D:\WWW\weibo\weibo\Home\Controller\CommonController.class.php 第 346 行.

[ 2015-01-17T22:28:58+08:00 ] ::1 /weibo/index.php/Home/Index/atuser
INFO: [ app_begin ] --START--
INFO: Run Behavior\ReadHtmlCacheBehavior [ RunTime:0.001001s ]
INFO: [ app_begin ] --END-- [ RunTime:0.002001s ]
SQL: DESCRIBE think_user [ RunTime:0.018001s ]
SQL: DESCRIBE think_friend [ RunTime:0.014000s ]
SQL: SELECT `touser` FROM `think_friend` WHERE ( fromuser=28 )  [ RunTime:0.002000s ]
SQL: SELECT `username` FROM `think_user` WHERE `id` IN ('26','29','31','30','5','7','8','9')  [ RunTime:0.002000s ]
NOTIC: [8] Undefined variable: json D:\WWW\weibo\weibo\Home\Controller\IndexController.class.php 第 88 行.
INFO: [ app_end ] --START--
INFO: Run Behavior\ShowPageTraceBehavior [ RunTime:0.002000s ]
INFO: [ app_end ] --END-- [ RunTime:0.002000s ]

[ 2015-01-17T22:29:10+08:00 ] ::1 /weibo/index.php/Home/Common/content/
INFO: [ app_begin ] --START--
INFO: Run Behavior\ReadHtmlCacheBehavior [ RunTime:0.001000s ]
INFO: [ app_begin ] --END-- [ RunTime:0.002000s ]
SQL: DESCRIBE think_content [ RunTime:0.016001s ]
SQL: DESCRIBE think_user [ RunTime:0.016000s ]
SQL: DESCRIBE think_news [ RunTime:0.015001s ]
SQL: SELECT `id` FROM `think_user` WHERE `username` = 'root' LIMIT 1   [ RunTime:0.001000s ]
SQL: INSERT INTO `think_content` (`date`,`uid`,`content`,`position`) VALUES ('2015-01-17 22:29:09',28,'[5@root/]',1) [ RunTime:0.002000s ]
SQL: UPDATE `think_user` SET `atnewcon`=atnewcon+1 WHERE ( id=5 ) [ RunTime:0.002000s ]
SQL: INSERT INTO `think_news` (`uid`,`conid`) VALUES (5,370) [ RunTime:0.001000s ]
INFO: [ app_end ] --START--
INFO: Run Behavior\ShowPageTraceBehavior [ RunTime:0.002000s ]
INFO: [ app_end ] --END-- [ RunTime:0.003000s ]

[ 2015-01-17T22:29:11+08:00 ] ::1 /weibo/index.php/Home/Common/up
INFO: [ app_begin ] --START--
INFO: Run Behavior\ReadHtmlCacheBehavior [ RunTime:0.006000s ]
INFO: [ app_begin ] --END-- [ RunTime:0.007000s ]
NOTIC: [8] Undefined variable: file D:\WWW\weibo\weibo\Home\Controller\CommonController.class.php 第 166 行.
NOTIC: [2] call_user_func() expects parameter 1 to be a valid callback, no array or string given D:\WWW\weibo\ThinkPHP\Library\Think\Upload.class.php 第 170 行.
INFO: [ app_end ] --START--
INFO: Run Behavior\ShowPageTraceBehavior [ RunTime:0.001000s ]
INFO: [ app_end ] --END-- [ RunTime:0.001000s ]

[ 2015-01-17T22:41:20+08:00 ] ::1 /weibo/index.php/Home/Common/content/
INFO: [ app_begin ] --START--
INFO: Run Behavior\ReadHtmlCacheBehavior [ RunTime:0.002000s ]
INFO: [ app_begin ] --END-- [ RunTime:0.004000s ]
SQL: DESCRIBE think_content [ RunTime:0.016000s ]
SQL: DESCRIBE think_user [ RunTime:0.019001s ]
SQL: DESCRIBE think_news [ RunTime:0.017000s ]
SQL: INSERT INTO `think_content` (`date`,`uid`,`content`,`position`) VALUES ('2015-01-17 22:41:18',28,'士大夫',1) [ RunTime:0.001000s ]
INFO: [ app_end ] --START--
INFO: Run Behavior\ShowPageTraceBehavior [ RunTime:0.004000s ]
INFO: [ app_end ] --END-- [ RunTime:0.004000s ]

[ 2015-01-17T22:41:21+08:00 ] ::1 /weibo/index.php/Home/Common/up
INFO: [ app_begin ] --START--
INFO: Run Behavior\ReadHtmlCacheBehavior [ RunTime:0.001000s ]
INFO: [ app_begin ] --END-- [ RunTime:0.003000s ]
NOTIC: [8] Undefined variable: file D:\WWW\weibo\weibo\Home\Controller\CommonController.class.php 第 166 行.
NOTIC: [2] call_user_func() expects parameter 1 to be a valid callback, no array or string given D:\WWW\weibo\ThinkPHP\Library\Think\Upload.class.php 第 170 行.
INFO: [ app_end ] --START--
INFO: Run Behavior\ShowPageTraceBehavior [ RunTime:0.002000s ]
INFO: [ app_end ] --END-- [ RunTime:0.004000s ]

[ 2015-01-17T22:43:35+08:00 ] ::1 /weibo/index.php/Home/Common/content/
INFO: [ app_begin ] --START--
INFO: Run Behavior\ReadHtmlCacheBehavior [ RunTime:0.002000s ]
INFO: [ app_begin ] --END-- [ RunTime:0.004000s ]
SQL: DESCRIBE think_content [ RunTime:0.015000s ]
SQL: DESCRIBE think_user [ RunTime:0.020001s ]
SQL: DESCRIBE think_news [ RunTime:0.015000s ]
SQL: INSERT INTO `think_content` (`date`,`uid`,`content`,`position`) VALUES ('2015-01-17 22:43:34',28,'回家',1) [ RunTime:0.002000s ]
INFO: [ app_end ] --START--
INFO: Run Behavior\ShowPageTraceBehavior [ RunTime:0.003000s ]
INFO: [ app_end ] --END-- [ RunTime:0.003000s ]

[ 2015-01-17T22:43:36+08:00 ] ::1 /weibo/index.php/Home/Common/up
INFO: [ app_begin ] --START--
INFO: Run Behavior\ReadHtmlCacheBehavior [ RunTime:0.001000s ]
INFO: [ app_begin ] --END-- [ RunTime:0.002000s ]
NOTIC: [8] Undefined variable: file D:\WWW\weibo\weibo\Home\Controller\CommonController.class.php 第 166 行.
NOTIC: [2] call_user_func() expects parameter 1 to be a valid callback, no array or string given D:\WWW\weibo\ThinkPHP\Library\Think\Upload.class.php 第 170 行.
INFO: [ app_end ] --START--
INFO: Run Behavior\ShowPageTraceBehavior [ RunTime:0.001000s ]
INFO: [ app_end ] --END-- [ RunTime:0.001000s ]

