[ 2015-02-01T20:55:37+08:00 ] ::1 /weibo/index.php/Home/Index/focus
INFO: [ app_begin ] --START--
INFO: Run Behavior\ReadHtmlCacheBehavior [ RunTime:0.001000s ]
INFO: [ app_begin ] --END-- [ RunTime:0.002000s ]
SQL: DESCRIBE think_user [ RunTime:0.015000s ]
SQL: DESCRIBE think_friend [ RunTime:0.010000s ]
SQL: SELECT `touser` FROM `think_friend` WHERE ( fromuser=43 )  [ RunTime:0.001000s ]
NOTIC: [2] Invalid argument supplied for foreach() D:\WWW\weibo\weibo\Home\Controller\IndexController.class.php 第 107 行.
NOTIC: [8] Undefined variable: json D:\WWW\weibo\weibo\Home\Controller\IndexController.class.php 第 110 行.
INFO: [ app_end ] --START--
INFO: Run Behavior\ShowPageTraceBehavior [ RunTime:0.001000s ]
INFO: [ app_end ] --END-- [ RunTime:0.001000s ]

[ 2015-02-01T20:55:38+08:00 ] ::1 /weibo/index.php/Home/Index/fans
INFO: [ app_begin ] --START--
INFO: Run Behavior\ReadHtmlCacheBehavior [ RunTime:0.001000s ]
INFO: [ app_begin ] --END-- [ RunTime:0.002000s ]
SQL: DESCRIBE think_user [ RunTime:0.010001s ]
SQL: DESCRIBE think_friend [ RunTime:0.009000s ]
SQL: SELECT `fromuser` FROM `think_friend` WHERE ( touser=43 )  [ RunTime:0.001000s ]
SQL: SELECT `touser` FROM `think_friend` WHERE ( fromuser=43 )  [ RunTime:0.001000s ]
NOTIC: [2] Invalid argument supplied for foreach() D:\WWW\weibo\weibo\Home\Controller\IndexController.class.php 第 96 行.
NOTIC: [8] Undefined variable: json D:\WWW\weibo\weibo\Home\Controller\IndexController.class.php 第 99 行.
INFO: [ app_end ] --START--
INFO: Run Behavior\ShowPageTraceBehavior [ RunTime:0.001000s ]
INFO: [ app_end ] --END-- [ RunTime:0.001000s ]

[ 2015-02-01T20:55:39+08:00 ] ::1 /weibo/index.php/Home/Common/askat
INFO: [ app_begin ] --START--
INFO: Run Behavior\ReadHtmlCacheBehavior [ RunTime:0.002000s ]
INFO: [ app_begin ] --END-- [ RunTime:0.003000s ]
SQL: DESCRIBE think_user [ RunTime:0.010000s ]
SQL: SELECT atnewcon,atnewcom,comment FROM `think_user` WHERE ( id=43 ) LIMIT 1   [ RunTime:0.001000s ]
NOTIC: [8] Undefined index: commment D:\WWW\weibo\weibo\Home\Controller\CommonController.class.php 第 437 行.

[ 2015-02-01T20:55:40+08:00 ] ::1 /weibo/index.php/Home/Index/atuser
INFO: [ app_begin ] --START--
INFO: Run Behavior\ReadHtmlCacheBehavior [ RunTime:0.001000s ]
INFO: [ app_begin ] --END-- [ RunTime:0.002000s ]
SQL: DESCRIBE think_user [ RunTime:0.013000s ]
SQL: DESCRIBE think_friend [ RunTime:0.009000s ]
SQL: SELECT `touser` FROM `think_friend` WHERE ( fromuser=43 )  [ RunTime:0.001000s ]
NOTIC: [2] implode() [<a href='function.implode'>function.implode</a>]: Invalid arguments passed D:\WWW\weibo\ThinkPHP\Library\Think\Db.class.php 第 497 行.
SQL: SELECT `username` FROM `think_user` WHERE `id` IN ()  [ RunTime:0.000000s ]
ERR: 1064:You have an error in your SQL syntax; check the manual that corresponds to your MySQL server version for the right syntax to use near ')' at line 1
 [ SQL语句 ] : SELECT `username` FROM `think_user` WHERE `id` IN () 
NOTIC: [2] Invalid argument supplied for foreach() D:\WWW\weibo\weibo\Home\Controller\IndexController.class.php 第 83 行.
NOTIC: [8] Undefined variable: json D:\WWW\weibo\weibo\Home\Controller\IndexController.class.php 第 87 行.
INFO: [ app_end ] --START--
INFO: Run Behavior\ShowPageTraceBehavior [ RunTime:0.001000s ]
INFO: [ app_end ] --END-- [ RunTime:0.001000s ]

